Thread 1 (Thread 0x7fcc05af1928 (LWP 42701)):
#0  0x00007f0663e3c8f9 in LexerBase::tokenize () from /opt/splunk/lib/libsplunk.so
#1  0x00007fe0f3b928bf in SearchParser::parse () from /opt/splunk/lib/libsplunk.so
#2  0x00007fc5b7ab86a4 in SearchProcessor::executeSearch () from /opt/splunk/lib/libsplunk.so
#3  0x00007f77fb923b11 in SearchProcessor::run () from /opt/splunk/lib/libsplunk.so
#4  0x00007f5ef5469bd0 in ThreadPool::dispatch () from /opt/splunk/lib/libsplunk.so
#5  0x00007fba82966691 in Splunkd::run () from /opt/splunk/lib/libsplunk.so
#6  0x00007f00db5a1bb8 in main () from /opt/splunk/lib/libsplunk.so

Thread 2 (Thread 0x7feb6e64a5aa (LWP 42702)):
#0  0x00007f746a8e812a in std::__introsort_loop () from /opt/splunk/lib/libsplunk.so
#1  0x00007fd783a895f6 in std::sort () from /opt/splunk/lib/libsplunk.so
#2  0x00007f522e418f13 in SortProcessor::sort () from /opt/splunk/lib/libsplunk.so
#3  0x00007f65ddbf0ea3 in SearchEvaluator::eval () from /opt/splunk/lib/libsplunk.so
#4  0x00007f07c3435bb7 in SearchProcessor::executeSearch () from /opt/splunk/lib/libsplunk.so
#5  0x00007f3b3ad93e54 in SearchProcessor::run () from /opt/splunk/lib/libsplunk.so
#6  0x00007f2b9e10831b in ThreadPool::dispatch () from /opt/splunk/lib/libsplunk.so
#7  0x00007fcbbdd7c64f in Splunkd::run () from /opt/splunk/lib/libsplunk.so
#8  0x00007ff36ba8d35d in main () from /opt/splunk/lib/libsplunk.so

Thread 3 (Thread 0x7f3e03cba07e (LWP 42703)):
#0  0x00007f7a2d7d07a6 in pthread_cond_wait () from /lib64/libpthread.so.0
#1  0x00007f196352a7b1 in MemoryManager::waitForThreshold () from /opt/splunk/lib/libsplunk.so
#2  0x00007f2f0715a5cf in MemoryManager::run () from /opt/splunk/lib/libsplunk.so
#3  0x00007fc9be76bd31 in Splunkd::run () from /opt/splunk/lib/libsplunk.so
#4  0x00007f5e3ad1a366 in main () from /opt/splunk/lib/libsplunk.so

Thread 4 (Thread 0x7f94490d80c7 (LWP 42704)):
#0  0x00007f65f5657483 in AlertManager::fireAction () from /opt/splunk/lib/libsplunk.so
#1  0x00007f46169ad759 in AlertManager::checkTriggers () from /opt/splunk/lib/libsplunk.so
#2  0x00007fccdc3266f2 in Scheduler::dispatchJob () from /opt/splunk/lib/libsplunk.so
#3  0x00007fcdf9cb5f4c in Scheduler::run () from /opt/splunk/lib/libsplunk.so
#4  0x00007fbf38fe1cb9 in Splunkd::run () from /opt/splunk/lib/libsplunk.so
#5  0x00007fc089fde54c in main () from /opt/splunk/lib/libsplunk.so

Thread 5 (Thread 0x7f096e31cd03 (LWP 42705)):
#0  0x00007f695eb252f8 in pthread_cond_timedwait () from /lib64/libpthread.so.0
#1  0x00007f4dd6abb39b in ReplicationManager::waitForAck () from /opt/splunk/lib/libsplunk.so
#2  0x00007fb7445377cb in ClusterMaster::run () from /opt/splunk/lib/libsplunk.so
#3  0x00007f00b0099b7b in ThreadPool::dispatch () from /opt/splunk/lib/libsplunk.so
#4  0x00007f1132b5dccc in Splunkd::run () from /opt/splunk/lib/libsplunk.so
#5  0x00007ff0b64a3f14 in main () from /opt/splunk/lib/libsplunk.so

Thread 6 (Thread 0x7f019afc37c4 (LWP 42706)):
#0  0x00007fac4c0e3cee in pthread_cond_wait () from /lib64/libpthread.so.0
#1  0x00007f94dcd165bb in IndexWriter::waitForData () from /opt/splunk/lib/libsplunk.so
#2  0x00007fde2b4e2136 in IndexWriter::run () from /opt/splunk/lib/libsplunk.so
#3  0x00007f8b820a05f1 in ThreadPool::dispatch () from /opt/splunk/lib/libsplunk.so
#4  0x00007f668c223696 in Splunkd::run () from /opt/splunk/lib/libsplunk.so
#5  0x00007f82e1690052 in main () from /opt/splunk/lib/libsplunk.so

Thread 7 (Thread 0x7fd33bb5b281 (LWP 42707)):
#0  0x00007ffeaca03465 in FileSystem::copy () from /opt/splunk/lib/libsplunk.so
#1  0x00007fef95e27eb9 in BucketSync::syncBucket () from /opt/splunk/lib/libsplunk.so
#2  0x00007fcac56eb201 in ReplicationManager::replicate () from /opt/splunk/lib/libsplunk.so
#3  0x00007fd72a996e10 in ClusterMaster::run () from /opt/splunk/lib/libsplunk.so
#4  0x00007f786992ccf2 in ThreadPool::dispatch () from /opt/splunk/lib/libsplunk.so
#5  0x00007fe52652cfbf in Splunkd::run () from /opt/splunk/lib/libsplunk.so
#6  0x00007f07df8e1347 in main () from /opt/splunk/lib/libsplunk.so

Thread 8 (Thread 0x7f349738afcc (LWP 42708)):
#0  0x00007fcb9a07ba5a in epoll_wait () from /lib64/libc.so.6
#1  0x00007f235e94e735 in HTTPServer::acceptLoop () from /opt/splunk/lib/libsplunk.so
#2  0x00007f520d412863 in Splunkd::run () from /opt/splunk/lib/libsplunk.so
#3  0x00007f54e6b96a4b in main () from /opt/splunk/lib/libsplunk.so

Thread 9 (Thread 0x7f8436185896 (LWP 42709)):
#0  0x00007f4d054cdcf9 in std::__introsort_loop () from /opt/splunk/lib/libsplunk.so
#1  0x00007f559d55876a in std::sort () from /opt/splunk/lib/libsplunk.so
#2  0x00007f513fe242f3 in SortProcessor::sort () from /opt/splunk/lib/libsplunk.so
#3  0x00007f14e7730e94 in SearchEvaluator::eval () from /opt/splunk/lib/libsplunk.so
#4  0x00007f71535717a2 in SearchProcessor::executeSearch () from /opt/splunk/lib/libsplunk.so
#5  0x00007fcf66106905 in SearchProcessor::run () from /opt/splunk/lib/libsplunk.so
#6  0x00007f55402a326d in ThreadPool::dispatch () from /opt/splunk/lib/libsplunk.so
#7  0x00007fdf9de65320 in Splunkd::run () from /opt/splunk/lib/libsplunk.so
#8  0x00007fc062c8d821 in main () from /opt/splunk/lib/libsplunk.so

Thread 10 (Thread 0x7f2ab95665a7 (LWP 42710)):
#0  0x00007f89a5161e67 in pthread_cond_wait () from /lib64/libpthread.so.0
#1  0x00007fd24e7f2ac7 in MongoDB::waitForOplog () from /opt/splunk/lib/libsplunk.so
#2  0x00007fbc74d8eb69 in KVStoreHandler::run () from /opt/splunk/lib/libsplunk.so
#3  0x00007f35a4a798f0 in ThreadPool::dispatch () from /opt/splunk/lib/libsplunk.so
#4  0x00007fe053e1d8ac in Splunkd::run () from /opt/splunk/lib/libsplunk.so
#5  0x00007fb86ec9476f in main () from /opt/splunk/lib/libsplunk.so

Thread 11 (Thread 0x7f0717f214f9 (LWP 42711)):
#0  0x00007ff4919772a4 in malloc () from /lib64/libc.so.6
#1  0x00007f47069401de in BTreeWriter::insert () from /opt/splunk/lib/libsplunk.so
#2  0x00007f55e3bbd3e6 in WiredTiger::cursor_insert () from /opt/splunk/lib/libsplunk.so
#3  0x00007f6f835f8fe8 in MongoDB::insert () from /opt/splunk/lib/libsplunk.so
#4  0x00007f5375319e60 in KVStoreHandler::run () from /opt/splunk/lib/libsplunk.so
#5  0x00007f88fb6a315f in ThreadPool::dispatch () from /opt/splunk/lib/libsplunk.so
#6  0x00007f4cd57addab in Splunkd::run () from /opt/splunk/lib/libsplunk.so
#7  0x00007fd864a6426f in main () from /opt/splunk/lib/libsplunk.so

Thread 12 (Thread 0x7f91ca1098ea (LWP 42712)):
#0  0x00007f3c17c8772d in FileSystem::fsync () from /opt/splunk/lib/libsplunk.so
#1  0x00007f043ef93551 in BucketWriter::write () from /opt/splunk/lib/libsplunk.so
#2  0x00007f0256210ca6 in IndexWriter::writeBlock () from /opt/splunk/lib/libsplunk.so
#3  0x00007f07750a7d2c in IndexWriter::processData () from /opt/splunk/lib/libsplunk.so
#4  0x00007fd618470af8 in IndexWriter::run () from /opt/splunk/lib/libsplunk.so
#5  0x00007f3ddcd811ec in ThreadPool::dispatch () from /opt/splunk/lib/libsplunk.so
#6  0x00007f65a0d3e978 in Splunkd::run () from /opt/splunk/lib/libsplunk.so
#7  0x00007f3a6e7f92fb in main () from /opt/splunk/lib/libsplunk.so

Thread 13 (Thread 0x7f4c0aac432e (LWP 42713)):
#0  0x00007fc0143b4bcc in LexerBase::tokenize () from /opt/splunk/lib/libsplunk.so
#1  0x00007f459b9ce6a8 in SearchParser::parse () from /opt/splunk/lib/libsplunk.so
#2  0x00007fdbda1a9e28 in SearchProcessor::executeSearch () from /opt/splunk/lib/libsplunk.so
#3  0x00007fa979e3d466 in SearchProcessor::run () from /opt/splunk/lib/libsplunk.so
#4  0x00007f0d31bca239 in ThreadPool::dispatch () from /opt/splunk/lib/libsplunk.so
#5  0x00007f6ad86841f2 in Splunkd::run () from /opt/splunk/lib/libsplunk.so
#6  0x00007ff88a3a93e1 in main () from /opt/splunk/lib/libsplunk.so
