Thread 1 (Thread 0x7fb1f3e753f6 (LWP 21401)):
#0  0x00007f7dc1af8dd5 in HashTable::insert () from /opt/splunk/lib/libsplunk.so
#1  0x00007fd629dd4f81 in StatsProcessor::aggregate () from /opt/splunk/lib/libsplunk.so
#2  0x00007f206d7f50aa in SearchEvaluator::eval () from /opt/splunk/lib/libsplunk.so
#3  0x00007ff987e5e23c in SearchProcessor::executeSearch () from /opt/splunk/lib/libsplunk.so
#4  0x00007f2af61a4336 in SearchProcessor::run () from /opt/splunk/lib/libsplunk.so
#5  0x00007f6b958fbf24 in ThreadPool::dispatch () from /opt/splunk/lib/libsplunk.so
#6  0x00007f42ab970be8 in Splunkd::run () from /opt/splunk/lib/libsplunk.so
#7  0x00007f1af7b10ee7 in main () from /opt/splunk/lib/libsplunk.so

Thread 2 (Thread 0x7fd3b41f314f (LWP 21402)):
#0  0x00007f2190917a5a in recvfrom () from /lib64/libc.so.6
#1  0x00007fdae950ed13 in UDPInputProcessor::readData () from /opt/splunk/lib/libsplunk.so
#2  0x00007f5024c66845 in UDPInputProcessor::run () from /opt/splunk/lib/libsplunk.so
#3  0x00007fec5c95bdae in ThreadPool::dispatch () from /opt/splunk/lib/libsplunk.so
#4  0x00007f02aae67e3d in Splunkd::run () from /opt/splunk/lib/libsplunk.so
#5  0x00007fc9c3c86fa7 in main () from /opt/splunk/lib/libsplunk.so

Thread 3 (Thread 0x7f089705bada (LWP 21403)):
#0  0x00007f52b9eb5d8c in FileSystem::unlink () from /opt/splunk/lib/libsplunk.so
#1  0x00007fcbcaea1a7c in BucketManager::evictBucket () from /opt/splunk/lib/libsplunk.so
#2  0x00007f3c9a281b3d in MemoryManager::garbageCollect () from /opt/splunk/lib/libsplunk.so
#3  0x00007f6e83990006 in MemoryManager::run () from /opt/splunk/lib/libsplunk.so
#4  0x00007fa5f3f7f777 in Splunkd::run () from /opt/splunk/lib/libsplunk.so
#5  0x00007fc27a856359 in main () from /opt/splunk/lib/libsplunk.so

Thread 4 (Thread 0x7f76e1d6735b (LWP 21404)):
#0  0x00007f3d67e2485c in PCRE::match () from /opt/splunk/lib/libsplunk.so
#1  0x00007f3c4cab9e0b in FieldExtractor::extract () from /opt/splunk/lib/libsplunk.so
#2  0x00007f21816784c8 in SearchEvaluator::eval () from /opt/splunk/lib/libsplunk.so
#3  0x00007fa451dafeef in SearchProcessor::executeSearch () from /opt/splunk/lib/libsplunk.so
#4  0x00007f7f9f620f58 in SearchProcessor::run () from /opt/splunk/lib/libsplunk.so
#5  0x00007fb8cc1a6127 in ThreadPool::dispatch () from /opt/splunk/lib/libsplunk.so
#6  0x00007fa47c1a0500 in Splunkd::run () from /opt/splunk/lib/libsplunk.so
#7  0x00007feed35d5714 in main () from /opt/splunk/lib/libsplunk.so

Thread 5 (Thread 0x7f9232e51ee3 (LWP 21405)):
#0  0x00007f176b94a04d in DateParser::parse () from /opt/splunk/lib/libsplunk.so
#1  0x00007fae81f04e39 in TimestampExtractor::extract () from /opt/splunk/lib/libsplunk.so
#2  0x00007f0401fd3e22 in IndexWriter::processData () from /opt/splunk/lib/libsplunk.so
#3  0x00007f444659cceb in IndexWriter::run () from /opt/splunk/lib/libsplunk.so
#4  0x00007f44714a2bc2 in ThreadPool::dispatch () from /opt/splunk/lib/libsplunk.so
#5  0x00007fbfebb03b68 in Splunkd::run () from /opt/splunk/lib/libsplunk.so
#6  0x00007fef5d4f523a in main () from /opt/splunk/lib/libsplunk.so

Thread 6 (Thread 0x7f939d345c43 (LWP 21406)):
#0  0x00007f5674ed73a2 in PCRE::match () from /opt/splunk/lib/libsplunk.so
#1  0x00007f12837ffa30 in FieldExtractor::extract () from /opt/splunk/lib/libsplunk.so
#2  0x00007fba1bcc4e30 in SearchEvaluator::eval () from /opt/splunk/lib/libsplunk.so
#3  0x00007fe44e2150ff in SearchProcessor::executeSearch () from /opt/splunk/lib/libsplunk.so
#4  0x00007fd8c20b563e in SearchProcessor::run () from /opt/splunk/lib/libsplunk.so
#5  0x00007f9f4cf5bbd7 in ThreadPool::dispatch () from /opt/splunk/lib/libsplunk.so
#6  0x00007f393115f6a6 in Splunkd::run () from /opt/splunk/lib/libsplunk.so
#7  0x00007f8b0aa39bdf in main () from /opt/splunk/lib/libsplunk.so

Thread 7 (Thread 0x7fbcb8517d4c (LWP 21407)):
#0  0x00007f940f7fbb83 in epoll_wait () from /lib64/libc.so.6
#1  0x00007f72ac3f6e1b in HTTPServer::acceptLoop () from /opt/splunk/lib/libsplunk.so
#2  0x00007fb48fba127b in Splunkd::run () from /opt/splunk/lib/libsplunk.so
#3  0x00007ff602c1efea in main () from /opt/splunk/lib/libsplunk.so

Thread 8 (Thread 0x7f584485c2c9 (LWP 21408)):
#0  0x00007f3cb25132c4 in pthread_cond_wait () from /lib64/libpthread.so.0
#1  0x00007f41e04b5137 in IndexWriter::waitForData () from /opt/splunk/lib/libsplunk.so
#2  0x00007f3c120685ee in IndexWriter::run () from /opt/splunk/lib/libsplunk.so
#3  0x00007feed2444a19 in ThreadPool::dispatch () from /opt/splunk/lib/libsplunk.so
#4  0x00007f2fbfe3d1c0 in Splunkd::run () from /opt/splunk/lib/libsplunk.so
#5  0x00007fcf82655159 in main () from /opt/splunk/lib/libsplunk.so

Thread 9 (Thread 0x7ff3f41d48f4 (LWP 21409)):
#0  0x00007ff23b6c166c in zlib::compress () from /opt/splunk/lib/libsplunk.so
#1  0x00007fc2a51486e1 in BucketWriter::write () from /opt/splunk/lib/libsplunk.so
#2  0x00007fba33c2aee2 in IndexWriter::writeBlock () from /opt/splunk/lib/libsplunk.so
#3  0x00007f4c2bce7a9c in IndexWriter::processData () from /opt/splunk/lib/libsplunk.so
#4  0x00007f342893d3c3 in IndexWriter::run () from /opt/splunk/lib/libsplunk.so
#5  0x00007f28904ef09c in ThreadPool::dispatch () from /opt/splunk/lib/libsplunk.so
#6  0x00007f0443bcd4e9 in Splunkd::run () from /opt/splunk/lib/libsplunk.so
#7  0x00007fba19f2777d in main () from /opt/splunk/lib/libsplunk.so

Thread 10 (Thread 0x7f2f7e3fe694 (LWP 21410)):
#0  0x00007ff21caa9665 in pthread_cond_timedwait () from /lib64/libpthread.so.0
#1  0x00007fc91594c1a1 in ReplicationManager::waitForAck () from /opt/splunk/lib/libsplunk.so
#2  0x00007fce3a28d16e in ClusterMaster::run () from /opt/splunk/lib/libsplunk.so
#3  0x00007f6785562c95 in ThreadPool::dispatch () from /opt/splunk/lib/libsplunk.so
#4  0x00007f0caa01ed4b in Splunkd::run () from /opt/splunk/lib/libsplunk.so
#5  0x00007f08cb625339 in main () from /opt/splunk/lib/libsplunk.so

Thread 11 (Thread 0x7ff7dea5b70f (LWP 21411)):
#0  0x00007f91e92deb08 in FileSystem::copy () from /opt/splunk/lib/libsplunk.so
#1  0x00007f8a16aa1e82 in BucketSync::syncBucket () from /opt/splunk/lib/libsplunk.so
#2  0x00007f86f5ebf47d in ReplicationManager::replicate () from /opt/splunk/lib/libsplunk.so
#3  0x00007f6b87bc6cde in ClusterMaster::run () from /opt/splunk/lib/libsplunk.so
#4  0x00007f6bc763e598 in ThreadPool::dispatch () from /opt/splunk/lib/libsplunk.so
#5  0x00007f7ce3fb66e7 in Splunkd::run () from /opt/splunk/lib/libsplunk.so
#6  0x00007f729629dc26 in main () from /opt/splunk/lib/libsplunk.so

Thread 12 (Thread 0x7f35185063dd (LWP 21412)):
#0  0x00007fe2e66be560 in SAML::validateToken () from /opt/splunk/lib/libsplunk.so
#1  0x00007fcecb4a6bee in AuthManager::authenticate () from /opt/splunk/lib/libsplunk.so
#2  0x00007ffc383ae3dc in RESTHandler::handlePOST () from /opt/splunk/lib/libsplunk.so
#3  0x00007f90a911df11 in RESTHandler::dispatch () from /opt/splunk/lib/libsplunk.so
#4  0x00007fda10e71830 in HTTPServer::handleRequest () from /opt/splunk/lib/libsplunk.so
#5  0x00007fcdc5e0de27 in HTTPServer::acceptLoop () from /opt/splunk/lib/libsplunk.so
#6  0x00007fdba6347435 in Splunkd::run () from /opt/splunk/lib/libsplunk.so
#7  0x00007f8200dce60b in main () from /opt/splunk/lib/libsplunk.so

Thread 13 (Thread 0x7fed526c0752 (LWP 21413)):
#0  0x00007ffa9648a188 in AlertManager::fireAction () from /opt/splunk/lib/libsplunk.so
#1  0x00007fb1d39f1892 in AlertManager::checkTriggers () from /opt/splunk/lib/libsplunk.so
#2  0x00007ff2afac6d83 in Scheduler::dispatchJob () from /opt/splunk/lib/libsplunk.so
#3  0x00007f9caaa9f61e in Scheduler::run () from /opt/splunk/lib/libsplunk.so
#4  0x00007fc6dc82c394 in Splunkd::run () from /opt/splunk/lib/libsplunk.so
#5  0x00007fb1d555fa8f in main () from /opt/splunk/lib/libsplunk.so
