Thread 1 (Thread 0x7f19fd23a7c4 (LWP 31401)):
#0  0x00007f0c87658dc5 in pthread_cond_wait () from /lib64/libpthread.so.0
#1  0x00007fdca4a1e417 in SearchProcessor::waitForWork () from /opt/splunk/lib/libsplunk.so
#2  0x00007fa37ba841f6 in SearchProcessor::run () from /opt/splunk/lib/libsplunk.so
#3  0x00007f5bb6670223 in ThreadPool::dispatch () from /opt/splunk/lib/libsplunk.so
#4  0x00007f2eef07d521 in Splunkd::run () from /opt/splunk/lib/libsplunk.so
#5  0x00007fef086964b8 in main () from /opt/splunk/lib/libsplunk.so

Thread 2 (Thread 0x7ffe88a5fddd (LWP 31402)):
#0  0x00007fd016fbf5fd in DateParser::parse () from /opt/splunk/lib/libsplunk.so
#1  0x00007fa915d9b8c7 in TimestampExtractor::extract () from /opt/splunk/lib/libsplunk.so
#2  0x00007f4a8180b76d in IndexWriter::processData () from /opt/splunk/lib/libsplunk.so
#3  0x00007f5c204b5a52 in IndexWriter::run () from /opt/splunk/lib/libsplunk.so
#4  0x00007f7b4ce24f92 in ThreadPool::dispatch () from /opt/splunk/lib/libsplunk.so
#5  0x00007f44cbcc170d in Splunkd::run () from /opt/splunk/lib/libsplunk.so
#6  0x00007fbcc9be8615 in main () from /opt/splunk/lib/libsplunk.so

Thread 3 (Thread 0x7ff33efc7629 (LWP 31403)):
#0  0x00007f460ecbd292 in zlib::compress () from /opt/splunk/lib/libsplunk.so
#1  0x00007f93c8c28ad3 in BucketWriter::write () from /opt/splunk/lib/libsplunk.so
#2  0x00007f8b9ab623fa in IndexWriter::writeBlock () from /opt/splunk/lib/libsplunk.so
#3  0x00007ff36412c7f7 in IndexWriter::processData () from /opt/splunk/lib/libsplunk.so
#4  0x00007f77ef769a68 in IndexWriter::run () from /opt/splunk/lib/libsplunk.so
#5  0x00007f97581b6fb0 in ThreadPool::dispatch () from /opt/splunk/lib/libsplunk.so
#6  0x00007f3209c16e8d in Splunkd::run () from /opt/splunk/lib/libsplunk.so
#7  0x00007f59cfdf6cbd in main () from /opt/splunk/lib/libsplunk.so

Thread 4 (Thread 0x7f47ceb2fe0f (LWP 31404)):
#0  0x00007ff2f495a0e4 in zlib::compress () from /opt/splunk/lib/libsplunk.so
#1  0x00007f622c016cf1 in BucketWriter::write () from /opt/splunk/lib/libsplunk.so
#2  0x00007fd2732432d0 in IndexWriter::writeBlock () from /opt/splunk/lib/libsplunk.so
#3  0x00007f0bd94d9b6d in IndexWriter::processData () from /opt/splunk/lib/libsplunk.so
#4  0x00007f4944a7674d in IndexWriter::run () from /opt/splunk/lib/libsplunk.so
#5  0x00007fd58907ce4e in ThreadPool::dispatch () from /opt/splunk/lib/libsplunk.so
#6  0x00007f08e90f58e9 in Splunkd::run () from /opt/splunk/lib/libsplunk.so
#7  0x00007f2678484bb4 in main () from /opt/splunk/lib/libsplunk.so

Thread 5 (Thread 0x7f60879b93c6 (LWP 31405)):
#0  0x00007fbd2bca1514 in malloc () from /lib64/libc.so.6
#1  0x00007fe0a9487a5d in BTreeWriter::insert () from /opt/splunk/lib/libsplunk.so
#2  0x00007fda4c85c640 in WiredTiger::cursor_insert () from /opt/splunk/lib/libsplunk.so
#3  0x00007fee6dc5afbe in MongoDB::insert () from /opt/splunk/lib/libsplunk.so
#4  0x00007fb5e028a0f6 in KVStoreHandler::run () from /opt/splunk/lib/libsplunk.so
#5  0x00007f61db4000ac in ThreadPool::dispatch () from /opt/splunk/lib/libsplunk.so
#6  0x00007fd551f70a88 in Splunkd::run () from /opt/splunk/lib/libsplunk.so
#7  0x00007f5efadc3666 in main () from /opt/splunk/lib/libsplunk.so

Thread 6 (Thread 0x7f8d6d195b33 (LWP 31406)):
#0  0x00007fec02721d89 in DateParser::parse () from /opt/splunk/lib/libsplunk.so
#1  0x00007f1eda459c5b in TimestampExtractor::extract () from /opt/splunk/lib/libsplunk.so
#2  0x00007f9f5d3ad6a6 in IndexWriter::processData () from /opt/splunk/lib/libsplunk.so
#3  0x00007f0dcd8bf9fd in IndexWriter::run () from /opt/splunk/lib/libsplunk.so
#4  0x00007f2b46b9f438 in ThreadPool::dispatch () from /opt/splunk/lib/libsplunk.so
#5  0x00007f4c775c5d48 in Splunkd::run () from /opt/splunk/lib/libsplunk.so
#6  0x00007f703a00cf13 in main () from /opt/splunk/lib/libsplunk.so

Thread 7 (Thread 0x7f2122142111 (LWP 31407)):
#0  0x00007f1251456dc9 in pthread_cond_timedwait () from /lib64/libpthread.so.0
#1  0x00007fd3d2d85735 in ReplicationManager::waitForAck () from /opt/splunk/lib/libsplunk.so
#2  0x00007f0cf2eb5797 in ClusterMaster::run () from /opt/splunk/lib/libsplunk.so
#3  0x00007f1197b9769c in ThreadPool::dispatch () from /opt/splunk/lib/libsplunk.so
#4  0x00007f24b2bfb5b6 in Splunkd::run () from /opt/splunk/lib/libsplunk.so
#5  0x00007fb425f3cc00 in main () from /opt/splunk/lib/libsplunk.so

Thread 8 (Thread 0x7f57f7812533 (LWP 31408)):
#0  0x00007faa507802ca in recv () from /lib64/libc.so.6
#1  0x00007f0be618c7f1 in TcpInputProcessor::readData () from /opt/splunk/lib/libsplunk.so
#2  0x00007f4b38c30eea in TcpInputProcessor::run () from /opt/splunk/lib/libsplunk.so
#3  0x00007f8ec946f5dd in ThreadPool::dispatch () from /opt/splunk/lib/libsplunk.so
#4  0x00007fdf87e0ed08 in Splunkd::run () from /opt/splunk/lib/libsplunk.so
#5  0x00007fed7939d58f in main () from /opt/splunk/lib/libsplunk.so

Thread 9 (Thread 0x7fc834ebce9e (LWP 31409)):
#0  0x00007f1260d86c62 in write () from /lib64/libc.so.6
#1  0x00007fd2547eed4c in TCPClient::send () from /opt/splunk/lib/libsplunk.so
#2  0x00007f5593882185 in ReplicationManager::replicate () from /opt/splunk/lib/libsplunk.so
#3  0x00007fd0af00fdf7 in ClusterMaster::run () from /opt/splunk/lib/libsplunk.so
#4  0x00007f30dd76bd52 in ThreadPool::dispatch () from /opt/splunk/lib/libsplunk.so
#5  0x00007f356d55656a in Splunkd::run () from /opt/splunk/lib/libsplunk.so
#6  0x00007f14eefaeb29 in main () from /opt/splunk/lib/libsplunk.so

Thread 10 (Thread 0x7fd4baa23b8c (LWP 31410)):
#0  0x00007fee94578340 in LexerBase::tokenize () from /opt/splunk/lib/libsplunk.so
#1  0x00007f9ee06decde in SearchParser::parse () from /opt/splunk/lib/libsplunk.so
#2  0x00007f97c8c2c4f9 in SearchProcessor::executeSearch () from /opt/splunk/lib/libsplunk.so
#3  0x00007f65cb0463b5 in SearchProcessor::run () from /opt/splunk/lib/libsplunk.so
#4  0x00007fed205d509f in ThreadPool::dispatch () from /opt/splunk/lib/libsplunk.so
#5  0x00007fb3be286914 in Splunkd::run () from /opt/splunk/lib/libsplunk.so
#6  0x00007fba53d2780e in main () from /opt/splunk/lib/libsplunk.so

Thread 11 (Thread 0x7f25eda5a454 (LWP 31411)):
#0  0x00007fa662169a96 in FileSystem::fsync () from /opt/splunk/lib/libsplunk.so
#1  0x00007f823be12aab in BucketWriter::write () from /opt/splunk/lib/libsplunk.so
#2  0x00007f0c5de22c99 in IndexWriter::writeBlock () from /opt/splunk/lib/libsplunk.so
#3  0x00007fc78c01ffec in IndexWriter::processData () from /opt/splunk/lib/libsplunk.so
#4  0x00007fdb82f6b9c9 in IndexWriter::run () from /opt/splunk/lib/libsplunk.so
#5  0x00007f86060cf4ac in ThreadPool::dispatch () from /opt/splunk/lib/libsplunk.so
#6  0x00007fda031c06b8 in Splunkd::run () from /opt/splunk/lib/libsplunk.so
#7  0x00007ff4ed5bf7be in main () from /opt/splunk/lib/libsplunk.so

Thread 12 (Thread 0x7f63f6a983a3 (LWP 31412)):
#0  0x00007fe130e44562 in zlib::compress () from /opt/splunk/lib/libsplunk.so
#1  0x00007fe466b625fa in BucketWriter::write () from /opt/splunk/lib/libsplunk.so
#2  0x00007f43a4c92524 in IndexWriter::writeBlock () from /opt/splunk/lib/libsplunk.so
#3  0x00007fb8a9386421 in IndexWriter::processData () from /opt/splunk/lib/libsplunk.so
#4  0x00007fcf97aee7f8 in IndexWriter::run () from /opt/splunk/lib/libsplunk.so
#5  0x00007f610ac2a451 in ThreadPool::dispatch () from /opt/splunk/lib/libsplunk.so
#6  0x00007fe4eb7ad301 in Splunkd::run () from /opt/splunk/lib/libsplunk.so
#7  0x00007f61ec606c60 in main () from /opt/splunk/lib/libsplunk.so

Thread 13 (Thread 0x7f880594dfe8 (LWP 31413)):
#0  0x00007f64762ca8a1 in RegexMatcher::match () from /opt/splunk/lib/libsplunk.so
#1  0x00007f32d18d97c8 in LineBreaker::split () from /opt/splunk/lib/libsplunk.so
#2  0x00007f51c8610d24 in IndexWriter::processData () from /opt/splunk/lib/libsplunk.so
#3  0x00007f5b187af83d in IndexWriter::run () from /opt/splunk/lib/libsplunk.so
#4  0x00007f0a84e935ef in ThreadPool::dispatch () from /opt/splunk/lib/libsplunk.so
#5  0x00007f1bc02d4a0d in Splunkd::run () from /opt/splunk/lib/libsplunk.so
#6  0x00007ffa5cb0be9d in main () from /opt/splunk/lib/libsplunk.so

Thread 14 (Thread 0x7fa4e46e367f (LWP 31414)):
#0  0x00007fd3a519f121 in HashTable::insert () from /opt/splunk/lib/libsplunk.so
#1  0x00007fb1fe04c482 in StatsProcessor::aggregate () from /opt/splunk/lib/libsplunk.so
#2  0x00007f89aa76a87f in SearchEvaluator::eval () from /opt/splunk/lib/libsplunk.so
#3  0x00007f13af141d99 in SearchProcessor::executeSearch () from /opt/splunk/lib/libsplunk.so
#4  0x00007fde84d72b89 in SearchProcessor::run () from /opt/splunk/lib/libsplunk.so
#5  0x00007f562ab71f0c in ThreadPool::dispatch () from /opt/splunk/lib/libsplunk.so
#6  0x00007f806d7f3433 in Splunkd::run () from /opt/splunk/lib/libsplunk.so
#7  0x00007ff22557d216 in main () from /opt/splunk/lib/libsplunk.so

Thread 15 (Thread 0x7f019a8da66c (LWP 31415)):
#0  0x00007f98ac9dd286 in recvfrom () from /lib64/libc.so.6
#1  0x00007f0ab8423e61 in UDPInputProcessor::readData () from /opt/splunk/lib/libsplunk.so
#2  0x00007f060f41885e in UDPInputProcessor::run () from /opt/splunk/lib/libsplunk.so
#3  0x00007f028b6cd1ca in ThreadPool::dispatch () from /opt/splunk/lib/libsplunk.so
#4  0x00007f11a00b87cb in Splunkd::run () from /opt/splunk/lib/libsplunk.so
#5  0x00007fd08bb928af in main () from /opt/splunk/lib/libsplunk.so

Thread 16 (Thread 0x7ff20369cc0b (LWP 31416)):
#0  0x00007f2664eca09c in std::__introsort_loop () from /opt/splunk/lib/libsplunk.so
#1  0x00007ff1923c2ebb in std::sort () from /opt/splunk/lib/libsplunk.so
#2  0x00007ffae89c8f60 in SortProcessor::sort () from /opt/splunk/lib/libsplunk.so
#3  0x00007f1f41c8314f in SearchEvaluator::eval () from /opt/splunk/lib/libsplunk.so
#4  0x00007f2a51dd449f in SearchProcessor::executeSearch () from /opt/splunk/lib/libsplunk.so
#5  0x00007f4d4d783058 in SearchProcessor::run () from /opt/splunk/lib/libsplunk.so
#6  0x00007f5a3e5001d4 in ThreadPool::dispatch () from /opt/splunk/lib/libsplunk.so
#7  0x00007ffb7364061d in Splunkd::run () from /opt/splunk/lib/libsplunk.so
#8  0x00007f7c72a96ada in main () from /opt/splunk/lib/libsplunk.so

Thread 17 (Thread 0x7fb0010f714a (LWP 31417)):
#0  0x00007fe43acec7ea in pthread_cond_wait () from /lib64/libpthread.so.0
#1  0x00007ff865784dc8 in SearchProcessor::waitForWork () from /opt/splunk/lib/libsplunk.so
#2  0x00007ff8e816221a in SearchProcessor::run () from /opt/splunk/lib/libsplunk.so
#3  0x00007f6a6cd069c5 in ThreadPool::dispatch () from /opt/splunk/lib/libsplunk.so
#4  0x00007fc9691f0715 in Splunkd::run () from /opt/splunk/lib/libsplunk.so
#5  0x00007fdfde2d3293 in main () from /opt/splunk/lib/libsplunk.so
