Thread 1 (Thread 0x7f3c0922c918 (LWP 46601)):
#0  0x00007f86f66b7bcd in pthread_cond_timedwait () from /lib64/libpthread.so.0
#1  0x00007fa4897ba7a3 in ReplicationManager::waitForAck () from /opt/splunk/lib/libsplunk.so
#2  0x00007fc76191bfdd in ClusterMaster::run () from /opt/splunk/lib/libsplunk.so
#3  0x00007f57ea5dc57a in ThreadPool::dispatch () from /opt/splunk/lib/libsplunk.so
#4  0x00007f4bf02a52c1 in Splunkd::run () from /opt/splunk/lib/libsplunk.so
#5  0x00007f8ecb01ac98 in main () from /opt/splunk/lib/libsplunk.so

Thread 2 (Thread 0x7fc552b7a147 (LWP 46602)):
#0  0x00007f16da730769 in AlertManager::fireAction () from /opt/splunk/lib/libsplunk.so
#1  0x00007f7bf4a17d34 in AlertManager::checkTriggers () from /opt/splunk/lib/libsplunk.so
#2  0x00007f9a4c8ac4a7 in Scheduler::dispatchJob () from /opt/splunk/lib/libsplunk.so
#3  0x00007f7d101d3974 in Scheduler::run () from /opt/splunk/lib/libsplunk.so
#4  0x00007f4f12d964c4 in Splunkd::run () from /opt/splunk/lib/libsplunk.so
#5  0x00007f1bea2ec9de in main () from /opt/splunk/lib/libsplunk.so

Thread 3 (Thread 0x7fcb1a1d9f3a (LWP 46603)):
#0  0x00007fe6e1496b90 in DateParser::parse () from /opt/splunk/lib/libsplunk.so
#1  0x00007fbc7cb0a0c4 in TimestampExtractor::extract () from /opt/splunk/lib/libsplunk.so
#2  0x00007f403f6c62c5 in IndexWriter::processData () from /opt/splunk/lib/libsplunk.so
#3  0x00007f47ac776949 in IndexWriter::run () from /opt/splunk/lib/libsplunk.so
#4  0x00007f4227941558 in ThreadPool::dispatch () from /opt/splunk/lib/libsplunk.so
#5  0x00007f4ececc72cc in Splunkd::run () from /opt/splunk/lib/libsplunk.so
#6  0x00007ff4de0ab285 in main () from /opt/splunk/lib/libsplunk.so

Thread 4 (Thread 0x7f90129fd0a2 (LWP 46604)):
#0  0x00007f3ce1af747c in PCRE::match () from /opt/splunk/lib/libsplunk.so
#1  0x00007f7c988813cb in FieldExtractor::extract () from /opt/splunk/lib/libsplunk.so
#2  0x00007f2e8d1366ed in SearchEvaluator::eval () from /opt/splunk/lib/libsplunk.so
#3  0x00007f5b8c8ea9ee in SearchProcessor::executeSearch () from /opt/splunk/lib/libsplunk.so
#4  0x00007ff27baea67c in SearchProcessor::run () from /opt/splunk/lib/libsplunk.so
#5  0x00007f6c159bd7a4 in ThreadPool::dispatch () from /opt/splunk/lib/libsplunk.so
#6  0x00007f40c68b0a7b in Splunkd::run () from /opt/splunk/lib/libsplunk.so
#7  0x00007ff8d8e59e34 in main () from /opt/splunk/lib/libsplunk.so

Thread 5 (Thread 0x7f9186db89f7 (LWP 46605)):
#0  0x00007f15281bf3c9 in FileSystem::fsync () from /opt/splunk/lib/libsplunk.so
#1  0x00007f694b26c574 in BucketWriter::write () from /opt/splunk/lib/libsplunk.so
#2  0x00007f987c4eba57 in IndexWriter::writeBlock () from /opt/splunk/lib/libsplunk.so
#3  0x00007fcad6e2fa22 in IndexWriter::processData () from /opt/splunk/lib/libsplunk.so
#4  0x00007f1512899d0a in IndexWriter::run () from /opt/splunk/lib/libsplunk.so
#5  0x00007f20b0d22b45 in ThreadPool::dispatch () from /opt/splunk/lib/libsplunk.so
#6  0x00007fc1a6b68a1f in Splunkd::run () from /opt/splunk/lib/libsplunk.so
#7  0x00007f5dd5c30de8 in main () from /opt/splunk/lib/libsplunk.so

Thread 6 (Thread 0x7f421f8f4092 (LWP 46606)):
#0  0x00007ff9f65dc49a in epoll_wait () from /lib64/libc.so.6
#1  0x00007f38456828df in HTTPServer::acceptLoop () from /opt/splunk/lib/libsplunk.so
#2  0x00007fcbcf1708b5 in Splunkd::run () from /opt/splunk/lib/libsplunk.so
#3  0x00007fe4f1e34c05 in main () from /opt/splunk/lib/libsplunk.so

Thread 7 (Thread 0x7f70cbd784fe (LWP 46607)):
#0  0x00007f8edeb0dbc7 in LDAP::bind () from /opt/splunk/lib/libsplunk.so
#1  0x00007fe745bd7104 in AuthManager::authenticate () from /opt/splunk/lib/libsplunk.so
#2  0x00007f0af7690bb4 in RESTHandler::handlePOST () from /opt/splunk/lib/libsplunk.so
#3  0x00007ff739002d64 in RESTHandler::dispatch () from /opt/splunk/lib/libsplunk.so
#4  0x00007fc477c41030 in HTTPServer::handleRequest () from /opt/splunk/lib/libsplunk.so
#5  0x00007fbf892162cc in HTTPServer::acceptLoop () from /opt/splunk/lib/libsplunk.so
#6  0x00007f28251bb762 in Splunkd::run () from /opt/splunk/lib/libsplunk.so
#7  0x00007f2885e0310f in main () from /opt/splunk/lib/libsplunk.so

Thread 8 (Thread 0x7f50d220561a (LWP 46608)):
#0  0x00007fbaf9a60c62 in LDAP::bind () from /opt/splunk/lib/libsplunk.so
#1  0x00007fcaedadaacd in AuthManager::authenticate () from /opt/splunk/lib/libsplunk.so
#2  0x00007f39b193878f in RESTHandler::handlePOST () from /opt/splunk/lib/libsplunk.so
#3  0x00007f232817fe32 in RESTHandler::dispatch () from /opt/splunk/lib/libsplunk.so
#4  0x00007f815ce54ded in HTTPServer::handleRequest () from /opt/splunk/lib/libsplunk.so
#5  0x00007f89ac240c5a in HTTPServer::acceptLoop () from /opt/splunk/lib/libsplunk.so
#6  0x00007f4a1f74f41a in Splunkd::run () from /opt/splunk/lib/libsplunk.so
#7  0x00007f5bfa9d2e04 in main () from /opt/splunk/lib/libsplunk.so

Thread 9 (Thread 0x7f467f9795a1 (LWP 46609)):
#0  0x00007f86b5c6bbd5 in pthread_cond_timedwait () from /lib64/libpthread.so.0
#1  0x00007f5394bb964b in ReplicationManager::waitForAck () from /opt/splunk/lib/libsplunk.so
#2  0x00007f03e84771cc in ClusterMaster::run () from /opt/splunk/lib/libsplunk.so
#3  0x00007f405dede11e in ThreadPool::dispatch () from /opt/splunk/lib/libsplunk.so
#4  0x00007f771bef60e7 in Splunkd::run () from /opt/splunk/lib/libsplunk.so
#5  0x00007fe834f50cc8 in main () from /opt/splunk/lib/libsplunk.so

Thread 10 (Thread 0x7f5544681872 (LWP 46610)):
#0  0x00007f541361950f in HashTable::insert () from /opt/splunk/lib/libsplunk.so
#1  0x00007fe63754cdc1 in StatsProcessor::aggregate () from /opt/splunk/lib/libsplunk.so
#2  0x00007fa405f3a5b2 in SearchEvaluator::eval () from /opt/splunk/lib/libsplunk.so
#3  0x00007f6018d04ef2 in SearchProcessor::executeSearch () from /opt/splunk/lib/libsplunk.so
#4  0x00007f7b721bf13d in SearchProcessor::run () from /opt/splunk/lib/libsplunk.so
#5  0x00007fb14f80a922 in ThreadPool::dispatch () from /opt/splunk/lib/libsplunk.so
#6  0x00007faa323b3320 in Splunkd::run () from /opt/splunk/lib/libsplunk.so
#7  0x00007f546e14eb4b in main () from /opt/splunk/lib/libsplunk.so

Thread 11 (Thread 0x7f947b9d5bfe (LWP 46611)):
#0  0x00007fc64fc74ba1 in LexerBase::tokenize () from /opt/splunk/lib/libsplunk.so
#1  0x00007fa526d5775b in SearchParser::parse () from /opt/splunk/lib/libsplunk.so
#2  0x00007f0109116a55 in SearchProcessor::executeSearch () from /opt/splunk/lib/libsplunk.so
#3  0x00007f2eb843406a in SearchProcessor::run () from /opt/splunk/lib/libsplunk.so
#4  0x00007fb37707e2a9 in ThreadPool::dispatch () from /opt/splunk/lib/libsplunk.so
#5  0x00007f1b2c63c929 in Splunkd::run () from /opt/splunk/lib/libsplunk.so
#6  0x00007fa43501c7c2 in main () from /opt/splunk/lib/libsplunk.so

Thread 12 (Thread 0x7f320f082775 (LWP 46612)):
#0  0x00007f3e2ffbc034 in PCRE::match () from /opt/splunk/lib/libsplunk.so
#1  0x00007f20dc384e47 in FieldExtractor::extract () from /opt/splunk/lib/libsplunk.so
#2  0x00007f2f12f27c39 in SearchEvaluator::eval () from /opt/splunk/lib/libsplunk.so
#3  0x00007f3dcafb27e3 in SearchProcessor::executeSearch () from /opt/splunk/lib/libsplunk.so
#4  0x00007f5b8d2b5c8c in SearchProcessor::run () from /opt/splunk/lib/libsplunk.so
#5  0x00007f021a3ed73e in ThreadPool::dispatch () from /opt/splunk/lib/libsplunk.so
#6  0x00007f83d6ba2396 in Splunkd::run () from /opt/splunk/lib/libsplunk.so
#7  0x00007f64fda0382f in main () from /opt/splunk/lib/libsplunk.so

Thread 13 (Thread 0x7fc0964b2b55 (LWP 46613)):
#0  0x00007ffa9c6a880d in inotify_read () from /lib64/libc.so.6
#1  0x00007f64b756df81 in FileMonitor::waitForChange () from /opt/splunk/lib/libsplunk.so
#2  0x00007f24b2e4c48c in FileMonitor::run () from /opt/splunk/lib/libsplunk.so
#3  0x00007f20158e2fda in ThreadPool::dispatch () from /opt/splunk/lib/libsplunk.so
#4  0x00007fd65d1a779b in Splunkd::run () from /opt/splunk/lib/libsplunk.so
#5  0x00007f70b5b95751 in main () from /opt/splunk/lib/libsplunk.so

Thread 14 (Thread 0x7fc8502da6c4 (LWP 46614)):
#0  0x00007f0ea726ac47 in recv () from /lib64/libc.so.6
#1  0x00007fdd97d90761 in TcpInputProcessor::readData () from /opt/splunk/lib/libsplunk.so
#2  0x00007fbb35fdd362 in TcpInputProcessor::run () from /opt/splunk/lib/libsplunk.so
#3  0x00007fc093c15654 in ThreadPool::dispatch () from /opt/splunk/lib/libsplunk.so
#4  0x00007f3c1003452e in Splunkd::run () from /opt/splunk/lib/libsplunk.so
#5  0x00007fce6c5022d3 in main () from /opt/splunk/lib/libsplunk.so

Thread 15 (Thread 0x7fec2a6d7ed4 (LWP 46615)):
#0  0x00007f2c8486cd5d in WiredTiger::cursor_update () from /opt/splunk/lib/libsplunk.so
#1  0x00007f806906403f in MongoDB::update () from /opt/splunk/lib/libsplunk.so
#2  0x00007f40bd1dee05 in KVStoreHandler::run () from /opt/splunk/lib/libsplunk.so
#3  0x00007ff1a8ee685c in ThreadPool::dispatch () from /opt/splunk/lib/libsplunk.so
#4  0x00007f54f7d58669 in Splunkd::run () from /opt/splunk/lib/libsplunk.so
#5  0x00007fed4379e759 in main () from /opt/splunk/lib/libsplunk.so

Thread 16 (Thread 0x7fb33a5ff17d (LWP 46616)):
#0  0x00007f77cb2308b0 in pthread_cond_timedwait () from /lib64/libpthread.so.0
#1  0x00007f508e46e710 in ReplicationManager::waitForAck () from /opt/splunk/lib/libsplunk.so
#2  0x00007fd54ec4f095 in ClusterMaster::run () from /opt/splunk/lib/libsplunk.so
#3  0x00007f90c6bdb242 in ThreadPool::dispatch () from /opt/splunk/lib/libsplunk.so
#4  0x00007f2785698970 in Splunkd::run () from /opt/splunk/lib/libsplunk.so
#5  0x00007f9bab1ce66e in main () from /opt/splunk/lib/libsplunk.so

Thread 17 (Thread 0x7f1bfbef2ac4 (LWP 46617)):
#0  0x00007fffd11c8aed in recvfrom () from /lib64/libc.so.6
#1  0x00007f9cc10758f1 in UDPInputProcessor::readData () from /opt/splunk/lib/libsplunk.so
#2  0x00007f570e00b7b1 in UDPInputProcessor::run () from /opt/splunk/lib/libsplunk.so
#3  0x00007f5e00013a1a in ThreadPool::dispatch () from /opt/splunk/lib/libsplunk.so
#4  0x00007fbe9982142a in Splunkd::run () from /opt/splunk/lib/libsplunk.so
#5  0x00007f9fa6acbcd8 in main () from /opt/splunk/lib/libsplunk.so

Thread 18 (Thread 0x7f35d969ef2d (LWP 46618)):
#0  0x00007f786a893edb in RegexMatcher::match () from /opt/splunk/lib/libsplunk.so
#1  0x00007fe2bdfbe434 in LineBreaker::split () from /opt/splunk/lib/libsplunk.so
#2  0x00007fbbdefd9fa8 in IndexWriter::processData () from /opt/splunk/lib/libsplunk.so
#3  0x00007f44d444b87f in IndexWriter::run () from /opt/splunk/lib/libsplunk.so
#4  0x00007fdc3a6eab77 in ThreadPool::dispatch () from /opt/splunk/lib/libsplunk.so
#5  0x00007f375be3c754 in Splunkd::run () from /opt/splunk/lib/libsplunk.so
#6  0x00007fc5ce74e5b6 in main () from /opt/splunk/lib/libsplunk.so

Thread 19 (Thread 0x7fe202d54d21 (LWP 46619)):
#0  0x00007f061b91286c in malloc () from /lib64/libc.so.6
#1  0x00007fb6aca56069 in BTreeWriter::insert () from /opt/splunk/lib/libsplunk.so
#2  0x00007f038d05726d in WiredTiger::cursor_insert () from /opt/splunk/lib/libsplunk.so
#3  0x00007f146dcce1ed in MongoDB::insert () from /opt/splunk/lib/libsplunk.so
#4  0x00007f751725a01b in KVStoreHandler::run () from /opt/splunk/lib/libsplunk.so
#5  0x00007ff62830b2c8 in ThreadPool::dispatch () from /opt/splunk/lib/libsplunk.so
#6  0x00007f1df070e108 in Splunkd::run () from /opt/splunk/lib/libsplunk.so
#7  0x00007f9661074c21 in main () from /opt/splunk/lib/libsplunk.so
