Thread 1 (Thread 0x7f211ca6abcd (LWP 32301)):
#0  0x00007f569052fa1c in pthread_cond_wait () from /lib64/libpthread.so.0
#1  0x00007f38fd4fe9b6 in MongoDB::waitForOplog () from /opt/splunk/lib/libsplunk.so
#2  0x00007f7008b8f3b3 in KVStoreHandler::run () from /opt/splunk/lib/libsplunk.so
#3  0x00007f17179f8a6e in ThreadPool::dispatch () from /opt/splunk/lib/libsplunk.so
#4  0x00007f8c279e9103 in Splunkd::run () from /opt/splunk/lib/libsplunk.so
#5  0x00007f3f5d42935c in main () from /opt/splunk/lib/libsplunk.so

Thread 2 (Thread 0x7f39842a0da5 (LWP 32302)):
#0  0x00007f50c9c3cf5d in inotify_read () from /lib64/libc.so.6
#1  0x00007f6735f0ce9c in FileMonitor::waitForChange () from /opt/splunk/lib/libsplunk.so
#2  0x00007f186db0077e in FileMonitor::run () from /opt/splunk/lib/libsplunk.so
#3  0x00007f8af62cbbb7 in ThreadPool::dispatch () from /opt/splunk/lib/libsplunk.so
#4  0x00007f2d8f3e7c9f in Splunkd::run () from /opt/splunk/lib/libsplunk.so
#5  0x00007f046b8b5ca9 in main () from /opt/splunk/lib/libsplunk.so

Thread 3 (Thread 0x7f94d9f5744c (LWP 32303)):
#0  0x00007f13bf7ac0a7 in read () from /lib64/libc.so.6
#1  0x00007f09569f80b7 in FileReader::read () from /opt/splunk/lib/libsplunk.so
#2  0x00007fbcb77d9f0e in FileMonitor::checkFiles () from /opt/splunk/lib/libsplunk.so
#3  0x00007f98c5d90b8d in FileMonitor::run () from /opt/splunk/lib/libsplunk.so
#4  0x00007f149f301920 in ThreadPool::dispatch () from /opt/splunk/lib/libsplunk.so
#5  0x00007f73b8cd6963 in Splunkd::run () from /opt/splunk/lib/libsplunk.so
#6  0x00007f4b5f44b8ca in main () from /opt/splunk/lib/libsplunk.so

Thread 4 (Thread 0x7fb2aeca7659 (LWP 32304)):
#0  0x00007f5ef6098d83 in recvfrom () from /lib64/libc.so.6
#1  0x00007fb960d755cc in UDPInputProcessor::readData () from /opt/splunk/lib/libsplunk.so
#2  0x00007f9432cf8a1f in UDPInputProcessor::run () from /opt/splunk/lib/libsplunk.so
#3  0x00007f9ef7303d7e in ThreadPool::dispatch () from /opt/splunk/lib/libsplunk.so
#4  0x00007f3db60f524d in Splunkd::run () from /opt/splunk/lib/libsplunk.so
#5  0x00007f5f813185f4 in main () from /opt/splunk/lib/libsplunk.so

Thread 5 (Thread 0x7fe849d7beb0 (LWP 32305)):
#0  0x00007f915d4dfb7f in pthread_cond_wait () from /lib64/libpthread.so.0
#1  0x00007f1920068277 in SearchProcessor::waitForWork () from /opt/splunk/lib/libsplunk.so
#2  0x00007fe8889fce94 in SearchProcessor::run () from /opt/splunk/lib/libsplunk.so
#3  0x00007f981299020c in ThreadPool::dispatch () from /opt/splunk/lib/libsplunk.so
#4  0x00007f38e1751afd in Splunkd::run () from /opt/splunk/lib/libsplunk.so
#5  0x00007f6cd04095c2 in main () from /opt/splunk/lib/libsplunk.so

Thread 6 (Thread 0x7ff39dde3151 (LWP 32306)):
#0  0x00007fda430e8ece in LDAP::bind () from /opt/splunk/lib/libsplunk.so
#1  0x00007f161fc0fcb8 in AuthManager::authenticate () from /opt/splunk/lib/libsplunk.so
#2  0x00007f17928e1674 in RESTHandler::handlePOST () from /opt/splunk/lib/libsplunk.so
#3  0x00007f9420a8b803 in RESTHandler::dispatch () from /opt/splunk/lib/libsplunk.so
#4  0x00007fe25660930d in HTTPServer::handleRequest () from /opt/splunk/lib/libsplunk.so
#5  0x00007fdd2455ab59 in HTTPServer::acceptLoop () from /opt/splunk/lib/libsplunk.so
#6  0x00007f36539f2d77 in Splunkd::run () from /opt/splunk/lib/libsplunk.so
#7  0x00007f2f4bd57d1e in main () from /opt/splunk/lib/libsplunk.so

Thread 7 (Thread 0x7f43db73d512 (LWP 32307)):
#0  0x00007fe75c820b33 in recvfrom () from /lib64/libc.so.6
#1  0x00007f6c9248d05c in UDPInputProcessor::readData () from /opt/splunk/lib/libsplunk.so
#2  0x00007fbe7378086a in UDPInputProcessor::run () from /opt/splunk/lib/libsplunk.so
#3  0x00007f637d883584 in ThreadPool::dispatch () from /opt/splunk/lib/libsplunk.so
#4  0x00007f72fbab14a7 in Splunkd::run () from /opt/splunk/lib/libsplunk.so
#5  0x00007f7696606cb8 in main () from /opt/splunk/lib/libsplunk.so

Thread 8 (Thread 0x7f4f3ea73ea2 (LWP 32308)):
#0  0x00007ffb8e766178 in read () from /lib64/libc.so.6
#1  0x00007f52c5487bb6 in FileReader::read () from /opt/splunk/lib/libsplunk.so
#2  0x00007f9c6fca33bf in FileMonitor::checkFiles () from /opt/splunk/lib/libsplunk.so
#3  0x00007f134318e42f in FileMonitor::run () from /opt/splunk/lib/libsplunk.so
#4  0x00007fb842076146 in ThreadPool::dispatch () from /opt/splunk/lib/libsplunk.so
#5  0x00007f1f2232bb2d in Splunkd::run () from /opt/splunk/lib/libsplunk.so
#6  0x00007f19a255131b in main () from /opt/splunk/lib/libsplunk.so

Thread 9 (Thread 0x7f805f6686e8 (LWP 32309)):
#0  0x00007fb952156802 in PCRE::match () from /opt/splunk/lib/libsplunk.so
#1  0x00007f94b633c6f9 in FieldExtractor::extract () from /opt/splunk/lib/libsplunk.so
#2  0x00007f8a3503353d in SearchEvaluator::eval () from /opt/splunk/lib/libsplunk.so
#3  0x00007f6e92c0549f in SearchProcessor::executeSearch () from /opt/splunk/lib/libsplunk.so
#4  0x00007f5ea330335d in SearchProcessor::run () from /opt/splunk/lib/libsplunk.so
#5  0x00007fe488d121ee in ThreadPool::dispatch () from /opt/splunk/lib/libsplunk.so
#6  0x00007f075fa15e7f in Splunkd::run () from /opt/splunk/lib/libsplunk.so
#7  0x00007fef46f5c113 in main () from /opt/splunk/lib/libsplunk.so

Thread 10 (Thread 0x7f2de7591aee (LWP 32310)):
#0  0x00007f2c2739b2be in malloc () from /lib64/libc.so.6
#1  0x00007f7b13019863 in SearchProcessor::createSearch () from /opt/splunk/lib/libsplunk.so
#2  0x00007f60dc800a97 in Scheduler::dispatchJob () from /opt/splunk/lib/libsplunk.so
#3  0x00007f95b6b099e9 in Scheduler::run () from /opt/splunk/lib/libsplunk.so
#4  0x00007ff359f93bcf in Splunkd::run () from /opt/splunk/lib/libsplunk.so
#5  0x00007feba67e3fb4 in main () from /opt/splunk/lib/libsplunk.so

Thread 11 (Thread 0x7f3e677b245d (LWP 32311)):
#0  0x00007f4e0d4ca5d8 in poll () from /lib64/libc.so.6
#1  0x00007f89b564824e in TCPClient::connect () from /opt/splunk/lib/libsplunk.so
#2  0x00007fc1d70543ae in ReplicationManager::checkHealth () from /opt/splunk/lib/libsplunk.so
#3  0x00007f92d8e421bc in ClusterMaster::run () from /opt/splunk/lib/libsplunk.so
#4  0x00007fc7024f2e38 in ThreadPool::dispatch () from /opt/splunk/lib/libsplunk.so
#5  0x00007fa765a0143a in Splunkd::run () from /opt/splunk/lib/libsplunk.so
#6  0x00007f80752e815c in main () from /opt/splunk/lib/libsplunk.so

Thread 12 (Thread 0x7f2d82f6b6f3 (LWP 32312)):
#0  0x00007f1b2feec532 in inotify_read () from /lib64/libc.so.6
#1  0x00007f865b1a7e6d in FileMonitor::waitForChange () from /opt/splunk/lib/libsplunk.so
#2  0x00007f2082966596 in FileMonitor::run () from /opt/splunk/lib/libsplunk.so
#3  0x00007f78f73eaccf in ThreadPool::dispatch () from /opt/splunk/lib/libsplunk.so
#4  0x00007f177d6807e4 in Splunkd::run () from /opt/splunk/lib/libsplunk.so
#5  0x00007f153cb4bad7 in main () from /opt/splunk/lib/libsplunk.so

Thread 13 (Thread 0x7f625f6a83f2 (LWP 32313)):
#0  0x00007f985c977b36 in HashTable::insert () from /opt/splunk/lib/libsplunk.so
#1  0x00007f0a09f2b47f in StatsProcessor::aggregate () from /opt/splunk/lib/libsplunk.so
#2  0x00007f847a59daed in SearchEvaluator::eval () from /opt/splunk/lib/libsplunk.so
#3  0x00007f2a182561ae in SearchProcessor::executeSearch () from /opt/splunk/lib/libsplunk.so
#4  0x00007f2db79c87fa in SearchProcessor::run () from /opt/splunk/lib/libsplunk.so
#5  0x00007fb39f439b3d in ThreadPool::dispatch () from /opt/splunk/lib/libsplunk.so
#6  0x00007f933516c93e in Splunkd::run () from /opt/splunk/lib/libsplunk.so
#7  0x00007f853b33a432 in main () from /opt/splunk/lib/libsplunk.so
