Thread 1 (Thread 0x7fd0aada0fbf (LWP 51901)):
#0  0x00007f5fc5fbb42f in LDAP::bind () from /opt/splunk/lib/libsplunk.so
#1  0x00007f31fd48eb26 in AuthManager::authenticate () from /opt/splunk/lib/libsplunk.so
#2  0x00007f56a25e5bc8 in RESTHandler::handlePOST () from /opt/splunk/lib/libsplunk.so
#3  0x00007fd1d1077ed8 in RESTHandler::dispatch () from /opt/splunk/lib/libsplunk.so
#4  0x00007f8e6c42a596 in HTTPServer::handleRequest () from /opt/splunk/lib/libsplunk.so
#5  0x00007ff210012ccf in HTTPServer::acceptLoop () from /opt/splunk/lib/libsplunk.so
#6  0x00007f51271bc5c6 in Splunkd::run () from /opt/splunk/lib/libsplunk.so
#7  0x00007fd478716704 in main () from /opt/splunk/lib/libsplunk.so

Thread 2 (Thread 0x7f91265cc9ba (LWP 51902)):
#0  0x00007f41b0bb99ed in poll () from /lib64/libc.so.6
#1  0x00007f127d2dcebb in TCPClient::connect () from /opt/splunk/lib/libsplunk.so
#2  0x00007f25f37307af in ReplicationManager::checkHealth () from /opt/splunk/lib/libsplunk.so
#3  0x00007f23685d0557 in ClusterMaster::run () from /opt/splunk/lib/libsplunk.so
#4  0x00007fb867312818 in ThreadPool::dispatch () from /opt/splunk/lib/libsplunk.so
#5  0x00007faa14eedb1a in Splunkd::run () from /opt/splunk/lib/libsplunk.so
#6  0x00007f31c6bd7bd3 in main () from /opt/splunk/lib/libsplunk.so

Thread 3 (Thread 0x7f638aaccfda (LWP 51903)):
#0  0x00007f9a0c293106 in std::__introsort_loop () from /opt/splunk/lib/libsplunk.so
#1  0x00007fc0965322c1 in std::sort () from /opt/splunk/lib/libsplunk.so
#2  0x00007f464f0ea48c in SortProcessor::sort () from /opt/splunk/lib/libsplunk.so
#3  0x00007fafdbf4a9bf in SearchEvaluator::eval () from /opt/splunk/lib/libsplunk.so
#4  0x00007f5c1cf77048 in SearchProcessor::executeSearch () from /opt/splunk/lib/libsplunk.so
#5  0x00007fc6f49c46c0 in SearchProcessor::run () from /opt/splunk/lib/libsplunk.so
#6  0x00007fcb0b6089a5 in ThreadPool::dispatch () from /opt/splunk/lib/libsplunk.so
#7  0x00007f2adef5aa0f in Splunkd::run () from /opt/splunk/lib/libsplunk.so
#8  0x00007fd03cd703e1 in main () from /opt/splunk/lib/libsplunk.so

Thread 4 (Thread 0x7ffd437416d7 (LWP 51904)):
#0  0x00007f2414a815f7 in recvfrom () from /lib64/libc.so.6
#1  0x00007f53bf8b5aae in UDPInputProcessor::readData () from /opt/splunk/lib/libsplunk.so
#2  0x00007f0e9e0a2a69 in UDPInputProcessor::run () from /opt/splunk/lib/libsplunk.so
#3  0x00007f057e011d60 in ThreadPool::dispatch () from /opt/splunk/lib/libsplunk.so
#4  0x00007f9166f782bd in Splunkd::run () from /opt/splunk/lib/libsplunk.so
#5  0x00007f53cc8232a6 in main () from /opt/splunk/lib/libsplunk.so

Thread 5 (Thread 0x7f8e06851721 (LWP 51905)):
#0  0x00007ffaf4511fab in malloc () from /lib64/libc.so.6
#1  0x00007faa00da76ba in SearchProcessor::createSearch () from /opt/splunk/lib/libsplunk.so
#2  0x00007fc92f79d2e0 in Scheduler::dispatchJob () from /opt/splunk/lib/libsplunk.so
#3  0x00007f330f977d2d in Scheduler::run () from /opt/splunk/lib/libsplunk.so
#4  0x00007fd4a60685b5 in Splunkd::run () from /opt/splunk/lib/libsplunk.so
#5  0x00007f4ab7def29b in main () from /opt/splunk/lib/libsplunk.so

Thread 6 (Thread 0x7fda87f18966 (LWP 51906)):
#0  0x00007fa5cf5e73df in malloc () from /lib64/libc.so.6
#1  0x00007f90a24c0382 in BTreeWriter::insert () from /opt/splunk/lib/libsplunk.so
#2  0x00007f7bb12d2657 in WiredTiger::cursor_insert () from /opt/splunk/lib/libsplunk.so
#3  0x00007f3ed85855e7 in MongoDB::insert () from /opt/splunk/lib/libsplunk.so
#4  0x00007f7d71690301 in KVStoreHandler::run () from /opt/splunk/lib/libsplunk.so
#5  0x00007fca24d237fb in ThreadPool::dispatch () from /opt/splunk/lib/libsplunk.so
#6  0x00007fcc5b4107dc in Splunkd::run () from /opt/splunk/lib/libsplunk.so
#7  0x00007f8d6415e00f in main () from /opt/splunk/lib/libsplunk.so

Thread 7 (Thread 0x7f1dad4d22f0 (LWP 51907)):
#0  0x00007f448dff6b8d in HashTable::insert () from /opt/splunk/lib/libsplunk.so
#1  0x00007f8f986baa50 in StatsProcessor::aggregate () from /opt/splunk/lib/libsplunk.so
#2  0x00007f93b661f2e7 in SearchEvaluator::eval () from /opt/splunk/lib/libsplunk.so
#3  0x00007f1f9bbe55fc in SearchProcessor::executeSearch () from /opt/splunk/lib/libsplunk.so
#4  0x00007f06795376f6 in SearchProcessor::run () from /opt/splunk/lib/libsplunk.so
#5  0x00007f13b4f4df04 in ThreadPool::dispatch () from /opt/splunk/lib/libsplunk.so
#6  0x00007f0f3ce5e54d in Splunkd::run () from /opt/splunk/lib/libsplunk.so
#7  0x00007f67498c440a in main () from /opt/splunk/lib/libsplunk.so

Thread 8 (Thread 0x7f668e0f4104 (LWP 51908)):
#0  0x00007f0fc2526483 in DateParser::parse () from /opt/splunk/lib/libsplunk.so
#1  0x00007f1366ca09cb in TimestampExtractor::extract () from /opt/splunk/lib/libsplunk.so
#2  0x00007fef4ba3ba72 in IndexWriter::processData () from /opt/splunk/lib/libsplunk.so
#3  0x00007fa8eac80fea in IndexWriter::run () from /opt/splunk/lib/libsplunk.so
#4  0x00007fe71cd15bf4 in ThreadPool::dispatch () from /opt/splunk/lib/libsplunk.so
#5  0x00007f8310376f92 in Splunkd::run () from /opt/splunk/lib/libsplunk.so
#6  0x00007ffb22975692 in main () from /opt/splunk/lib/libsplunk.so

Thread 9 (Thread 0x7f5b37d0b9d0 (LWP 51909)):
#0  0x00007f8eb85bb4fd in HashTable::insert () from /opt/splunk/lib/libsplunk.so
#1  0x00007f5316d2d7bc in StatsProcessor::aggregate () from /opt/splunk/lib/libsplunk.so
#2  0x00007f952d052bc5 in SearchEvaluator::eval () from /opt/splunk/lib/libsplunk.so
#3  0x00007f8c023fff7e in SearchProcessor::executeSearch () from /opt/splunk/lib/libsplunk.so
#4  0x00007f0577d9406e in SearchProcessor::run () from /opt/splunk/lib/libsplunk.so
#5  0x00007f7e28d7abdb in ThreadPool::dispatch () from /opt/splunk/lib/libsplunk.so
#6  0x00007fa102e43a29 in Splunkd::run () from /opt/splunk/lib/libsplunk.so
#7  0x00007f2e11536585 in main () from /opt/splunk/lib/libsplunk.so

Thread 10 (Thread 0x7ff7d9298d12 (LWP 51910)):
#0  0x00007fade18628c4 in malloc_trim () from /lib64/libc.so.6
#1  0x00007f2b50723738 in MemoryManager::compactHeap () from /opt/splunk/lib/libsplunk.so
#2  0x00007f204223e71a in MemoryManager::run () from /opt/splunk/lib/libsplunk.so
#3  0x00007fe88e340c5e in Splunkd::run () from /opt/splunk/lib/libsplunk.so
#4  0x00007ffe140505ed in main () from /opt/splunk/lib/libsplunk.so

Thread 11 (Thread 0x7fe93cc01f6a (LWP 51911)):
#0  0x00007f1df91326d7 in zlib::compress () from /opt/splunk/lib/libsplunk.so
#1  0x00007fd95b6cd7fc in BucketWriter::write () from /opt/splunk/lib/libsplunk.so
#2  0x00007fef957358e8 in IndexWriter::writeBlock () from /opt/splunk/lib/libsplunk.so
#3  0x00007ff654774e49 in IndexWriter::processData () from /opt/splunk/lib/libsplunk.so
#4  0x00007f8bf4447488 in IndexWriter::run () from /opt/splunk/lib/libsplunk.so
#5  0x00007f19c94d8e8d in ThreadPool::dispatch () from /opt/splunk/lib/libsplunk.so
#6  0x00007f801da3de2c in Splunkd::run () from /opt/splunk/lib/libsplunk.so
#7  0x00007f545272687c in main () from /opt/splunk/lib/libsplunk.so

Thread 12 (Thread 0x7f189391b8ec (LWP 51912)):
#0  0x00007f32d9257fb3 in pthread_cond_wait () from /lib64/libpthread.so.0
#1  0x00007faf0c4f4a68 in IndexWriter::waitForData () from /opt/splunk/lib/libsplunk.so
#2  0x00007f6816b304e5 in IndexWriter::run () from /opt/splunk/lib/libsplunk.so
#3  0x00007fc1b981f4aa in ThreadPool::dispatch () from /opt/splunk/lib/libsplunk.so
#4  0x00007fb3202c8b90 in Splunkd::run () from /opt/splunk/lib/libsplunk.so
#5  0x00007f2ba4564560 in main () from /opt/splunk/lib/libsplunk.so

Thread 13 (Thread 0x7f0e894dd95d (LWP 51913)):
#0  0x00007fb4cbefa964 in inotify_read () from /lib64/libc.so.6
#1  0x00007fb0775d60ac in FileMonitor::waitForChange () from /opt/splunk/lib/libsplunk.so
#2  0x00007fcf52de7817 in FileMonitor::run () from /opt/splunk/lib/libsplunk.so
#3  0x00007f62d734f112 in ThreadPool::dispatch () from /opt/splunk/lib/libsplunk.so
#4  0x00007f17d9275bea in Splunkd::run () from /opt/splunk/lib/libsplunk.so
#5  0x00007fc0eae3c283 in main () from /opt/splunk/lib/libsplunk.so

Thread 14 (Thread 0x7ffe559e722f (LWP 51914)):
#0  0x00007f378fa987b4 in JSONSerializer::serialize () from /opt/splunk/lib/libsplunk.so
#1  0x00007fa17bc41ba7 in RESTHandler::handleGET () from /opt/splunk/lib/libsplunk.so
#2  0x00007f77997fe37b in RESTHandler::dispatch () from /opt/splunk/lib/libsplunk.so
#3  0x00007f76285db96d in HTTPServer::handleRequest () from /opt/splunk/lib/libsplunk.so
#4  0x00007fff547d7f83 in HTTPServer::acceptLoop () from /opt/splunk/lib/libsplunk.so
#5  0x00007f14a1ffff8b in Splunkd::run () from /opt/splunk/lib/libsplunk.so
#6  0x00007f6cc8de7158 in main () from /opt/splunk/lib/libsplunk.so

Thread 15 (Thread 0x7f6e4766b372 (LWP 51915)):
#0  0x00007fcca49e0597 in pthread_cond_wait () from /lib64/libpthread.so.0
#1  0x00007f4c3bd28666 in MemoryManager::waitForThreshold () from /opt/splunk/lib/libsplunk.so
#2  0x00007fe3509f776d in MemoryManager::run () from /opt/splunk/lib/libsplunk.so
#3  0x00007ff5fd77e3cd in Splunkd::run () from /opt/splunk/lib/libsplunk.so
#4  0x00007f1f9dc9e28f in main () from /opt/splunk/lib/libsplunk.so
