Thread 1 (Thread 0x7fcb85543baf (LWP 22001)):
#0  0x00007f6cc582fccf in pthread_cond_wait () from /lib64/libpthread.so.0
#1  0x00007f6d531aae77 in SearchProcessor::waitForWork () from /opt/splunk/lib/libsplunk.so
#2  0x00007f784124d365 in SearchProcessor::run () from /opt/splunk/lib/libsplunk.so
#3  0x00007f7298648774 in ThreadPool::dispatch () from /opt/splunk/lib/libsplunk.so
#4  0x00007f0f61e25aa1 in Splunkd::run () from /opt/splunk/lib/libsplunk.so
#5  0x00007f02fa85bb86 in main () from /opt/splunk/lib/libsplunk.so

Thread 2 (Thread 0x7f6f56b51f25 (LWP 22002)):
#0  0x00007f54d51b4483 in PCRE::match () from /opt/splunk/lib/libsplunk.so
#1  0x00007fdbc7003d65 in FieldExtractor::extract () from /opt/splunk/lib/libsplunk.so
#2  0x00007f9a0a161943 in SearchEvaluator::eval () from /opt/splunk/lib/libsplunk.so
#3  0x00007f0cd83c3ddb in SearchProcessor::executeSearch () from /opt/splunk/lib/libsplunk.so
#4  0x00007f51e434841e in SearchProcessor::run () from /opt/splunk/lib/libsplunk.so
#5  0x00007fe47795d39c in ThreadPool::dispatch () from /opt/splunk/lib/libsplunk.so
#6  0x00007f84de4a6764 in Splunkd::run () from /opt/splunk/lib/libsplunk.so
#7  0x00007f887890d549 in main () from /opt/splunk/lib/libsplunk.so

Thread 3 (Thread 0x7fa18cbbe8a3 (LWP 22003)):
#0  0x00007f74ada78ae6 in poll () from /lib64/libc.so.6
#1  0x00007f36b086d82e in TCPClient::connect () from /opt/splunk/lib/libsplunk.so
#2  0x00007feb7f77078c in ReplicationManager::checkHealth () from /opt/splunk/lib/libsplunk.so
#3  0x00007f5a8bd394a0 in ClusterMaster::run () from /opt/splunk/lib/libsplunk.so
#4  0x00007f28bd34e0e1 in ThreadPool::dispatch () from /opt/splunk/lib/libsplunk.so
#5  0x00007f4fcc4cf11b in Splunkd::run () from /opt/splunk/lib/libsplunk.so
#6  0x00007f72321349cb in main () from /opt/splunk/lib/libsplunk.so

Thread 4 (Thread 0x7fa9f1197c01 (LWP 22004)):
#0  0x00007f85b68a5410 in epoll_wait () from /lib64/libc.so.6
#1  0x00007fa982db599b in HTTPServer::acceptLoop () from /opt/splunk/lib/libsplunk.so
#2  0x00007f2deb6a8264 in Splunkd::run () from /opt/splunk/lib/libsplunk.so
#3  0x00007f5c1c475a1b in main () from /opt/splunk/lib/libsplunk.so

Thread 5 (Thread 0x7fa9a2793347 (LWP 22005)):
#0  0x00007f4d7806b25f in OpenSSL::SSL_read () from /opt/splunk/lib/libsplunk.so
#1  0x00007f257aa9738f in SSLEngine::read () from /opt/splunk/lib/libsplunk.so
#2  0x00007fc47f5d45b9 in HTTPServer::handleRequest () from /opt/splunk/lib/libsplunk.so
#3  0x00007fbcc8e964b9 in HTTPServer::acceptLoop () from /opt/splunk/lib/libsplunk.so
#4  0x00007f24797df10f in Splunkd::run () from /opt/splunk/lib/libsplunk.so
#5  0x00007f42f80a2f15 in main () from /opt/splunk/lib/libsplunk.so

Thread 6 (Thread 0x7f17fcd2c861 (LWP 22006)):
#0  0x00007f1b94428bef in zlib::compress () from /opt/splunk/lib/libsplunk.so
#1  0x00007f384bfc610e in BucketWriter::write () from /opt/splunk/lib/libsplunk.so
#2  0x00007f731d70cebd in IndexWriter::writeBlock () from /opt/splunk/lib/libsplunk.so
#3  0x00007f3dad9e580c in IndexWriter::processData () from /opt/splunk/lib/libsplunk.so
#4  0x00007fdb0bb72626 in IndexWriter::run () from /opt/splunk/lib/libsplunk.so
#5  0x00007f82ea0c73f1 in ThreadPool::dispatch () from /opt/splunk/lib/libsplunk.so
#6  0x00007fb077dacbd0 in Splunkd::run () from /opt/splunk/lib/libsplunk.so
#7  0x00007f2975935fef in main () from /opt/splunk/lib/libsplunk.so

Thread 7 (Thread 0x7f77ef6327d4 (LWP 22007)):
#0  0x00007fb409bc14a8 in read () from /lib64/libc.so.6
#1  0x00007f460ea94631 in OpenSSL::SSL_read () from /opt/splunk/lib/libsplunk.so
#2  0x00007f983bc20479 in SSLEngine::read () from /opt/splunk/lib/libsplunk.so
#3  0x00007f7918bfb734 in TcpInputProcessor::readData () from /opt/splunk/lib/libsplunk.so
#4  0x00007fce2261e32f in TcpInputProcessor::run () from /opt/splunk/lib/libsplunk.so
#5  0x00007fdb3eba5bc5 in ThreadPool::dispatch () from /opt/splunk/lib/libsplunk.so
#6  0x00007ffb8ae1d3ec in Splunkd::run () from /opt/splunk/lib/libsplunk.so
#7  0x00007f14f990dd6f in main () from /opt/splunk/lib/libsplunk.so

Thread 8 (Thread 0x7f23848b9b32 (LWP 22008)):
#0  0x00007f5f003d2233 in RegexMatcher::match () from /opt/splunk/lib/libsplunk.so
#1  0x00007f6c9d923987 in LineBreaker::split () from /opt/splunk/lib/libsplunk.so
#2  0x00007ff311a27cfc in IndexWriter::processData () from /opt/splunk/lib/libsplunk.so
#3  0x00007fd6804f6b36 in IndexWriter::run () from /opt/splunk/lib/libsplunk.so
#4  0x00007fbc4984b3d1 in ThreadPool::dispatch () from /opt/splunk/lib/libsplunk.so
#5  0x00007f1692611762 in Splunkd::run () from /opt/splunk/lib/libsplunk.so
#6  0x00007f23d00c2d50 in main () from /opt/splunk/lib/libsplunk.so

Thread 9 (Thread 0x7f431aa55d42 (LWP 22009)):
#0  0x00007fb7db588729 in malloc () from /lib64/libc.so.6
#1  0x00007fbae5ee53c3 in SearchProcessor::createSearch () from /opt/splunk/lib/libsplunk.so
#2  0x00007fa92d79fb13 in Scheduler::dispatchJob () from /opt/splunk/lib/libsplunk.so
#3  0x00007fa9f96b4008 in Scheduler::run () from /opt/splunk/lib/libsplunk.so
#4  0x00007f4635d2f5ec in Splunkd::run () from /opt/splunk/lib/libsplunk.so
#5  0x00007f80265e2e6f in main () from /opt/splunk/lib/libsplunk.so

Thread 10 (Thread 0x7f6f43ba6cd4 (LWP 22010)):
#0  0x00007fbca84893ec in pthread_cond_wait () from /lib64/libpthread.so.0
#1  0x00007f1c17ca6ede in SearchProcessor::waitForWork () from /opt/splunk/lib/libsplunk.so
#2  0x00007f31b54693eb in SearchProcessor::run () from /opt/splunk/lib/libsplunk.so
#3  0x00007f4dc148adb3 in ThreadPool::dispatch () from /opt/splunk/lib/libsplunk.so
#4  0x00007fc727c57ffd in Splunkd::run () from /opt/splunk/lib/libsplunk.so
#5  0x00007fde69acaf46 in main () from /opt/splunk/lib/libsplunk.so

Thread 11 (Thread 0x7fd29cd52db7 (LWP 22011)):
#0  0x00007f55c3a57712 in write () from /lib64/libc.so.6
#1  0x00007face4207aae in TCPClient::send () from /opt/splunk/lib/libsplunk.so
#2  0x00007f8096eec70f in ReplicationManager::replicate () from /opt/splunk/lib/libsplunk.so
#3  0x00007fee2d9d5cdd in ClusterMaster::run () from /opt/splunk/lib/libsplunk.so
#4  0x00007f85305810b3 in ThreadPool::dispatch () from /opt/splunk/lib/libsplunk.so
#5  0x00007fd57b5bf8ad in Splunkd::run () from /opt/splunk/lib/libsplunk.so
#6  0x00007f06cd528efd in main () from /opt/splunk/lib/libsplunk.so

Thread 12 (Thread 0x7f2bae628440 (LWP 22012)):
#0  0x00007f276b349633 in PCRE::match () from /opt/splunk/lib/libsplunk.so
#1  0x00007f6d297f7d33 in FieldExtractor::extract () from /opt/splunk/lib/libsplunk.so
#2  0x00007f6d1e57428a in SearchEvaluator::eval () from /opt/splunk/lib/libsplunk.so
#3  0x00007fb655c4051a in SearchProcessor::executeSearch () from /opt/splunk/lib/libsplunk.so
#4  0x00007fa7fa46e1ef in SearchProcessor::run () from /opt/splunk/lib/libsplunk.so
#5  0x00007faf6f3d0227 in ThreadPool::dispatch () from /opt/splunk/lib/libsplunk.so
#6  0x00007f64eeb20f61 in Splunkd::run () from /opt/splunk/lib/libsplunk.so
#7  0x00007f4a4d7f38a5 in main () from /opt/splunk/lib/libsplunk.so

Thread 13 (Thread 0x7fcaf32c256e (LWP 22013)):
#0  0x00007f5869730594 in recvfrom () from /lib64/libc.so.6
#1  0x00007fe637af89ae in UDPInputProcessor::readData () from /opt/splunk/lib/libsplunk.so
#2  0x00007f1d3e579d13 in UDPInputProcessor::run () from /opt/splunk/lib/libsplunk.so
#3  0x00007f294ee7bf71 in ThreadPool::dispatch () from /opt/splunk/lib/libsplunk.so
#4  0x00007f4397640633 in Splunkd::run () from /opt/splunk/lib/libsplunk.so
#5  0x00007f009580eb0f in main () from /opt/splunk/lib/libsplunk.so

Thread 14 (Thread 0x7f355abfe8f1 (LWP 22014)):
#0  0x00007fb2ff3c04cd in poll () from /lib64/libc.so.6
#1  0x00007f74caee0b7c in TCPClient::connect () from /opt/splunk/lib/libsplunk.so
#2  0x00007f37a584c98a in ReplicationManager::checkHealth () from /opt/splunk/lib/libsplunk.so
#3  0x00007f53d5c47e5e in ClusterMaster::run () from /opt/splunk/lib/libsplunk.so
#4  0x00007f6be67248f3 in ThreadPool::dispatch () from /opt/splunk/lib/libsplunk.so
#5  0x00007fd17c5ac169 in Splunkd::run () from /opt/splunk/lib/libsplunk.so
#6  0x00007fd489f074be in main () from /opt/splunk/lib/libsplunk.so

Thread 15 (Thread 0x7fd1b8293b29 (LWP 22015)):
#0  0x00007ff5676579e8 in inotify_read () from /lib64/libc.so.6
#1  0x00007fa773c9e67c in FileMonitor::waitForChange () from /opt/splunk/lib/libsplunk.so
#2  0x00007f2a93b6818b in FileMonitor::run () from /opt/splunk/lib/libsplunk.so
#3  0x00007f5d5a86ec95 in ThreadPool::dispatch () from /opt/splunk/lib/libsplunk.so
#4  0x00007f4caaa1086d in Splunkd::run () from /opt/splunk/lib/libsplunk.so
#5  0x00007f3309d8f448 in main () from /opt/splunk/lib/libsplunk.so

Thread 16 (Thread 0x7f2ad0a58d81 (LWP 22016)):
#0  0x00007f1009225cff in AlertManager::fireAction () from /opt/splunk/lib/libsplunk.so
#1  0x00007f78d3f0f427 in AlertManager::checkTriggers () from /opt/splunk/lib/libsplunk.so
#2  0x00007f35d4a5e648 in Scheduler::dispatchJob () from /opt/splunk/lib/libsplunk.so
#3  0x00007f4050938061 in Scheduler::run () from /opt/splunk/lib/libsplunk.so
#4  0x00007f1d0cd1ea52 in Splunkd::run () from /opt/splunk/lib/libsplunk.so
#5  0x00007f60942bd283 in main () from /opt/splunk/lib/libsplunk.so

Thread 17 (Thread 0x7feb57c59754 (LWP 22017)):
#0  0x00007fd6baeaaeda in zlib::compress () from /opt/splunk/lib/libsplunk.so
#1  0x00007f2015e144b1 in BucketWriter::write () from /opt/splunk/lib/libsplunk.so
#2  0x00007fda272d699d in IndexWriter::writeBlock () from /opt/splunk/lib/libsplunk.so
#3  0x00007f4ae95d9a01 in IndexWriter::processData () from /opt/splunk/lib/libsplunk.so
#4  0x00007ff3c076d418 in IndexWriter::run () from /opt/splunk/lib/libsplunk.so
#5  0x00007f0bf58ecc37 in ThreadPool::dispatch () from /opt/splunk/lib/libsplunk.so
#6  0x00007f2296af85a6 in Splunkd::run () from /opt/splunk/lib/libsplunk.so
#7  0x00007f1e579e135f in main () from /opt/splunk/lib/libsplunk.so
