Thread 1 (Thread 0x7f80c9bca15a (LWP 41201)):
#0  0x00007f94f7e834e2 in LDAP::bind () from /opt/splunk/lib/libsplunk.so
#1  0x00007f37f049d766 in AuthManager::authenticate () from /opt/splunk/lib/libsplunk.so
#2  0x00007f3911463191 in RESTHandler::handlePOST () from /opt/splunk/lib/libsplunk.so
#3  0x00007fec7130029a in RESTHandler::dispatch () from /opt/splunk/lib/libsplunk.so
#4  0x00007f9b16df37ff in HTTPServer::handleRequest () from /opt/splunk/lib/libsplunk.so
#5  0x00007f0950b159ac in HTTPServer::acceptLoop () from /opt/splunk/lib/libsplunk.so
#6  0x00007fa34755012d in Splunkd::run () from /opt/splunk/lib/libsplunk.so
#7  0x00007f02a91fe3e6 in main () from /opt/splunk/lib/libsplunk.so

Thread 2 (Thread 0x7fa4acdd0f38 (LWP 41202)):
#0  0x00007ff38c3e722b in epoll_wait () from /lib64/libc.so.6
#1  0x00007fd9540c1674 in HTTPServer::acceptLoop () from /opt/splunk/lib/libsplunk.so
#2  0x00007fea535cadb7 in Splunkd::run () from /opt/splunk/lib/libsplunk.so
#3  0x00007fd16b1de409 in main () from /opt/splunk/lib/libsplunk.so

Thread 3 (Thread 0x7fce0f9255ae (LWP 41203)):
#0  0x00007f06b8d61e69 in pthread_cond_wait () from /lib64/libpthread.so.0
#1  0x00007fa3a309ada1 in MongoDB::waitForOplog () from /opt/splunk/lib/libsplunk.so
#2  0x00007f605c1274b5 in KVStoreHandler::run () from /opt/splunk/lib/libsplunk.so
#3  0x00007fb021829c82 in ThreadPool::dispatch () from /opt/splunk/lib/libsplunk.so
#4  0x00007fe526fd84bb in Splunkd::run () from /opt/splunk/lib/libsplunk.so
#5  0x00007f95adb0fbb0 in main () from /opt/splunk/lib/libsplunk.so

Thread 4 (Thread 0x7ffe8dd20fa7 (LWP 41204)):
#0  0x00007f1672934de7 in recv () from /lib64/libc.so.6
#1  0x00007ffa9519df96 in TcpInputProcessor::readData () from /opt/splunk/lib/libsplunk.so
#2  0x00007f634306e073 in TcpInputProcessor::run () from /opt/splunk/lib/libsplunk.so
#3  0x00007f080fc039c9 in ThreadPool::dispatch () from /opt/splunk/lib/libsplunk.so
#4  0x00007f71f1bf0856 in Splunkd::run () from /opt/splunk/lib/libsplunk.so
#5  0x00007f06fbe0a7b5 in main () from /opt/splunk/lib/libsplunk.so

Thread 5 (Thread 0x7fe2c34c27ee (LWP 41205)):
#0  0x00007f453553f4df in FileSystem::copy () from /opt/splunk/lib/libsplunk.so
#1  0x00007fca9566bc89 in BucketSync::syncBucket () from /opt/splunk/lib/libsplunk.so
#2  0x00007f8e71060650 in ReplicationManager::replicate () from /opt/splunk/lib/libsplunk.so
#3  0x00007ffea1ce2654 in ClusterMaster::run () from /opt/splunk/lib/libsplunk.so
#4  0x00007f9fe02a1f6f in ThreadPool::dispatch () from /opt/splunk/lib/libsplunk.so
#5  0x00007f911a258d65 in Splunkd::run () from /opt/splunk/lib/libsplunk.so
#6  0x00007f7ac5c1ca79 in main () from /opt/splunk/lib/libsplunk.so

Thread 6 (Thread 0x7f22f443acd3 (LWP 41206)):
#0  0x00007fa1555e2768 in FileSystem::fsync () from /opt/splunk/lib/libsplunk.so
#1  0x00007f17cd31108f in BucketWriter::write () from /opt/splunk/lib/libsplunk.so
#2  0x00007f4d516df208 in IndexWriter::writeBlock () from /opt/splunk/lib/libsplunk.so
#3  0x00007ff7446907e7 in IndexWriter::processData () from /opt/splunk/lib/libsplunk.so
#4  0x00007ffc70376ef2 in IndexWriter::run () from /opt/splunk/lib/libsplunk.so
#5  0x00007fc8f7190003 in ThreadPool::dispatch () from /opt/splunk/lib/libsplunk.so
#6  0x00007f9e464ad600 in Splunkd::run () from /opt/splunk/lib/libsplunk.so
#7  0x00007f5ec96ac5ec in main () from /opt/splunk/lib/libsplunk.so

Thread 7 (Thread 0x7f6487f0a7ae (LWP 41207)):
#0  0x00007fed643e1b1a in RegexMatcher::match () from /opt/splunk/lib/libsplunk.so
#1  0x00007fd82da8e2c7 in LineBreaker::split () from /opt/splunk/lib/libsplunk.so
#2  0x00007ffc0fa2049a in IndexWriter::processData () from /opt/splunk/lib/libsplunk.so
#3  0x00007f8eada74498 in IndexWriter::run () from /opt/splunk/lib/libsplunk.so
#4  0x00007f0b9411f963 in ThreadPool::dispatch () from /opt/splunk/lib/libsplunk.so
#5  0x00007fb23ea1a6b2 in Splunkd::run () from /opt/splunk/lib/libsplunk.so
#6  0x00007f52410a16f1 in main () from /opt/splunk/lib/libsplunk.so

Thread 8 (Thread 0x7f531bcd0976 (LWP 41208)):
#0  0x00007feb67e4d83a in pthread_cond_timedwait () from /lib64/libpthread.so.0
#1  0x00007f908bf3feb4 in Scheduler::waitForNextJob () from /opt/splunk/lib/libsplunk.so
#2  0x00007f723bba89e0 in Scheduler::run () from /opt/splunk/lib/libsplunk.so
#3  0x00007ffc989ce3fe in Splunkd::run () from /opt/splunk/lib/libsplunk.so
#4  0x00007f5acda7d31f in main () from /opt/splunk/lib/libsplunk.so

Thread 9 (Thread 0x7f612e3e5990 (LWP 41209)):
#0  0x00007fbf96f8bdef in JSONSerializer::serialize () from /opt/splunk/lib/libsplunk.so
#1  0x00007fb1c997f271 in RESTHandler::handleGET () from /opt/splunk/lib/libsplunk.so
#2  0x00007f065dd3190a in RESTHandler::dispatch () from /opt/splunk/lib/libsplunk.so
#3  0x00007f4644e84301 in HTTPServer::handleRequest () from /opt/splunk/lib/libsplunk.so
#4  0x00007f6447397715 in HTTPServer::acceptLoop () from /opt/splunk/lib/libsplunk.so
#5  0x00007fbee618bdf8 in Splunkd::run () from /opt/splunk/lib/libsplunk.so
#6  0x00007ffac7f17d1d in main () from /opt/splunk/lib/libsplunk.so

Thread 10 (Thread 0x7f35793c81d7 (LWP 41210)):
#0  0x00007ff8095af705 in read () from /lib64/libc.so.6
#1  0x00007f6fcfd638a7 in OpenSSL::SSL_read () from /opt/splunk/lib/libsplunk.so
#2  0x00007f7d90541d44 in SSLEngine::read () from /opt/splunk/lib/libsplunk.so
#3  0x00007f25a34690c8 in TcpInputProcessor::readData () from /opt/splunk/lib/libsplunk.so
#4  0x00007fc4a5bf5198 in TcpInputProcessor::run () from /opt/splunk/lib/libsplunk.so
#5  0x00007f017b082c8a in ThreadPool::dispatch () from /opt/splunk/lib/libsplunk.so
#6  0x00007f1b40dd796c in Splunkd::run () from /opt/splunk/lib/libsplunk.so
#7  0x00007f93a0b3d3f7 in main () from /opt/splunk/lib/libsplunk.so

Thread 11 (Thread 0x7f183d27ddb1 (LWP 41211)):
#0  0x00007f061af46048 in pthread_cond_wait () from /lib64/libpthread.so.0
#1  0x00007fce04e09cc7 in SearchProcessor::waitForWork () from /opt/splunk/lib/libsplunk.so
#2  0x00007f3a3362fc28 in SearchProcessor::run () from /opt/splunk/lib/libsplunk.so
#3  0x00007f6f8e0d1da8 in ThreadPool::dispatch () from /opt/splunk/lib/libsplunk.so
#4  0x00007f93ca97340a in Splunkd::run () from /opt/splunk/lib/libsplunk.so
#5  0x00007fffec599384 in main () from /opt/splunk/lib/libsplunk.so

Thread 12 (Thread 0x7fe4ab534e72 (LWP 41212)):
#0  0x00007fc6a08c2121 in recvfrom () from /lib64/libc.so.6
#1  0x00007f9e813c5e2f in UDPInputProcessor::readData () from /opt/splunk/lib/libsplunk.so
#2  0x00007f2a5ba3a9c6 in UDPInputProcessor::run () from /opt/splunk/lib/libsplunk.so
#3  0x00007f04336e647f in ThreadPool::dispatch () from /opt/splunk/lib/libsplunk.so
#4  0x00007f554beb76bf in Splunkd::run () from /opt/splunk/lib/libsplunk.so
#5  0x00007fe353a2b375 in main () from /opt/splunk/lib/libsplunk.so

Thread 13 (Thread 0x7f2e268b6e4a (LWP 41213)):
#0  0x00007f6e97062745 in FileSystem::copy () from /opt/splunk/lib/libsplunk.so
#1  0x00007f4babe42134 in BucketSync::syncBucket () from /opt/splunk/lib/libsplunk.so
#2  0x00007f7684bf3a18 in ReplicationManager::replicate () from /opt/splunk/lib/libsplunk.so
#3  0x00007f23eb890396 in ClusterMaster::run () from /opt/splunk/lib/libsplunk.so
#4  0x00007f2d1b168988 in ThreadPool::dispatch () from /opt/splunk/lib/libsplunk.so
#5  0x00007facd667a956 in Splunkd::run () from /opt/splunk/lib/libsplunk.so
#6  0x00007f907bfc78f0 in main () from /opt/splunk/lib/libsplunk.so

Thread 14 (Thread 0x7f16e10856a2 (LWP 41214)):
#0  0x00007fc1c9c8ab8b in pthread_cond_wait () from /lib64/libpthread.so.0
#1  0x00007f566ef39fbc in SearchProcessor::waitForWork () from /opt/splunk/lib/libsplunk.so
#2  0x00007f2d2b5fc543 in SearchProcessor::run () from /opt/splunk/lib/libsplunk.so
#3  0x00007fb69d6ed02b in ThreadPool::dispatch () from /opt/splunk/lib/libsplunk.so
#4  0x00007f33c256f2a5 in Splunkd::run () from /opt/splunk/lib/libsplunk.so
#5  0x00007f9f8ebd7053 in main () from /opt/splunk/lib/libsplunk.so

Thread 15 (Thread 0x7f0155ff1989 (LWP 41215)):
#0  0x00007fc3d53afe73 in pthread_cond_timedwait () from /lib64/libpthread.so.0
#1  0x00007fcf7d742774 in Scheduler::waitForNextJob () from /opt/splunk/lib/libsplunk.so
#2  0x00007f441e8db738 in Scheduler::run () from /opt/splunk/lib/libsplunk.so
#3  0x00007f6c89999ec0 in Splunkd::run () from /opt/splunk/lib/libsplunk.so
#4  0x00007f2fc3a51bd5 in main () from /opt/splunk/lib/libsplunk.so

Thread 16 (Thread 0x7f161577cc11 (LWP 41216)):
#0  0x00007fffc437b0e2 in FileSystem::unlink () from /opt/splunk/lib/libsplunk.so
#1  0x00007f59685709b3 in BucketManager::evictBucket () from /opt/splunk/lib/libsplunk.so
#2  0x00007fa5b90fe421 in MemoryManager::garbageCollect () from /opt/splunk/lib/libsplunk.so
#3  0x00007fe152e77136 in MemoryManager::run () from /opt/splunk/lib/libsplunk.so
#4  0x00007f2f50e36f41 in Splunkd::run () from /opt/splunk/lib/libsplunk.so
#5  0x00007fac80fafc81 in main () from /opt/splunk/lib/libsplunk.so

Thread 17 (Thread 0x7f50dd04bb6f (LWP 41217)):
#0  0x00007fa1e8fa2527 in WiredTiger::cursor_update () from /opt/splunk/lib/libsplunk.so
#1  0x00007f490992005f in MongoDB::update () from /opt/splunk/lib/libsplunk.so
#2  0x00007fd14b38d684 in KVStoreHandler::run () from /opt/splunk/lib/libsplunk.so
#3  0x00007fa7e474d5c9 in ThreadPool::dispatch () from /opt/splunk/lib/libsplunk.so
#4  0x00007f7266678fbc in Splunkd::run () from /opt/splunk/lib/libsplunk.so
#5  0x00007f7bb3c32585 in main () from /opt/splunk/lib/libsplunk.so
