Thread 1 (Thread 0x7f1334023a81 (LWP 51601)):
#0  0x00007f06c5d722b6 in RegexMatcher::match () from /opt/splunk/lib/libsplunk.so
#1  0x00007f63ecf08f95 in LineBreaker::split () from /opt/splunk/lib/libsplunk.so
#2  0x00007fcfbdfc58c7 in IndexWriter::processData () from /opt/splunk/lib/libsplunk.so
#3  0x00007fa6870ddcf9 in IndexWriter::run () from /opt/splunk/lib/libsplunk.so
#4  0x00007f19d6b7d01b in ThreadPool::dispatch () from /opt/splunk/lib/libsplunk.so
#5  0x00007f806c656fa8 in Splunkd::run () from /opt/splunk/lib/libsplunk.so
#6  0x00007f18cd165c38 in main () from /opt/splunk/lib/libsplunk.so

Thread 2 (Thread 0x7f31dc0a2e7f (LWP 51602)):
#0  0x00007f9f1cd59631 in LDAP::bind () from /opt/splunk/lib/libsplunk.so
#1  0x00007f5d1df09a4e in AuthManager::authenticate () from /opt/splunk/lib/libsplunk.so
#2  0x00007f230859d9f1 in RESTHandler::handlePOST () from /opt/splunk/lib/libsplunk.so
#3  0x00007fba5f7dfcec in RESTHandler::dispatch () from /opt/splunk/lib/libsplunk.so
#4  0x00007ffcc67b91f3 in HTTPServer::handleRequest () from /opt/splunk/lib/libsplunk.so
#5  0x00007f06d898cf21 in HTTPServer::acceptLoop () from /opt/splunk/lib/libsplunk.so
#6  0x00007f72f961cfd8 in Splunkd::run () from /opt/splunk/lib/libsplunk.so
#7  0x00007faee4713042 in main () from /opt/splunk/lib/libsplunk.so

Thread 3 (Thread 0x7f93b0444ad4 (LWP 51603)):
#0  0x00007fc73cfaeb12 in malloc_trim () from /lib64/libc.so.6
#1  0x00007fded92008e5 in MemoryManager::compactHeap () from /opt/splunk/lib/libsplunk.so
#2  0x00007f487dfb407d in MemoryManager::run () from /opt/splunk/lib/libsplunk.so
#3  0x00007fabbefe09d0 in Splunkd::run () from /opt/splunk/lib/libsplunk.so
#4  0x00007f0fb4d7cfa7 in main () from /opt/splunk/lib/libsplunk.so

Thread 4 (Thread 0x7f358b5676f9 (LWP 51604)):
#0  0x00007f791ea9c2e3 in epoll_wait () from /lib64/libc.so.6
#1  0x00007f0dcc370770 in HTTPServer::acceptLoop () from /opt/splunk/lib/libsplunk.so
#2  0x00007f1ef0bf6d86 in Splunkd::run () from /opt/splunk/lib/libsplunk.so
#3  0x00007fe6831a68cb in main () from /opt/splunk/lib/libsplunk.so

Thread 5 (Thread 0x7f1322d05662 (LWP 51605)):
#0  0x00007f1aacc4227a in pthread_cond_timedwait () from /lib64/libpthread.so.0
#1  0x00007f03b149dcf7 in Scheduler::waitForNextJob () from /opt/splunk/lib/libsplunk.so
#2  0x00007febd9a83e6a in Scheduler::run () from /opt/splunk/lib/libsplunk.so
#3  0x00007fa66cd5f934 in Splunkd::run () from /opt/splunk/lib/libsplunk.so
#4  0x00007f86a7a0b148 in main () from /opt/splunk/lib/libsplunk.so

Thread 6 (Thread 0x7ff4601b756b (LWP 51606)):
#0  0x00007f420232b115 in epoll_wait () from /lib64/libc.so.6
#1  0x00007fa486948def in HTTPServer::acceptLoop () from /opt/splunk/lib/libsplunk.so
#2  0x00007ff533cbfce8 in Splunkd::run () from /opt/splunk/lib/libsplunk.so
#3  0x00007f90a35d2518 in main () from /opt/splunk/lib/libsplunk.so

Thread 7 (Thread 0x7f8b0d4bfdb4 (LWP 51607)):
#0  0x00007f3089ec343f in pthread_cond_wait () from /lib64/libpthread.so.0
#1  0x00007f29e2aca7a1 in IndexWriter::waitForData () from /opt/splunk/lib/libsplunk.so
#2  0x00007f401c9b94be in IndexWriter::run () from /opt/splunk/lib/libsplunk.so
#3  0x00007ffd7823d514 in ThreadPool::dispatch () from /opt/splunk/lib/libsplunk.so
#4  0x00007f411c28a3c5 in Splunkd::run () from /opt/splunk/lib/libsplunk.so
#5  0x00007f78a2b97e2a in main () from /opt/splunk/lib/libsplunk.so

Thread 8 (Thread 0x7f645db9b119 (LWP 51608)):
#0  0x00007f686bb2fdbd in zlib::compress () from /opt/splunk/lib/libsplunk.so
#1  0x00007f0ffa059350 in BucketWriter::write () from /opt/splunk/lib/libsplunk.so
#2  0x00007f5375e3164b in IndexWriter::writeBlock () from /opt/splunk/lib/libsplunk.so
#3  0x00007f1e97a9928e in IndexWriter::processData () from /opt/splunk/lib/libsplunk.so
#4  0x00007f854adf735a in IndexWriter::run () from /opt/splunk/lib/libsplunk.so
#5  0x00007f5dd85fea0c in ThreadPool::dispatch () from /opt/splunk/lib/libsplunk.so
#6  0x00007fcdeda5c0ed in Splunkd::run () from /opt/splunk/lib/libsplunk.so
#7  0x00007fe992a370f4 in main () from /opt/splunk/lib/libsplunk.so

Thread 9 (Thread 0x7f5860fdc9ec (LWP 51609)):
#0  0x00007f4a3ea4838c in pthread_cond_wait () from /lib64/libpthread.so.0
#1  0x00007f0221bdf6ea in MongoDB::waitForOplog () from /opt/splunk/lib/libsplunk.so
#2  0x00007f7ce9072ab7 in KVStoreHandler::run () from /opt/splunk/lib/libsplunk.so
#3  0x00007f58b63193fc in ThreadPool::dispatch () from /opt/splunk/lib/libsplunk.so
#4  0x00007f98e5d66fb4 in Splunkd::run () from /opt/splunk/lib/libsplunk.so
#5  0x00007f71f566f5d9 in main () from /opt/splunk/lib/libsplunk.so

Thread 10 (Thread 0x7f9e744d80c1 (LWP 51610)):
#0  0x00007f83288b3c2c in poll () from /lib64/libc.so.6
#1  0x00007fee54f71bd0 in TCPClient::connect () from /opt/splunk/lib/libsplunk.so
#2  0x00007f720c6cd790 in ReplicationManager::checkHealth () from /opt/splunk/lib/libsplunk.so
#3  0x00007fdcb8acc35a in ClusterMaster::run () from /opt/splunk/lib/libsplunk.so
#4  0x00007fd957652b2e in ThreadPool::dispatch () from /opt/splunk/lib/libsplunk.so
#5  0x00007f695fcb11b4 in Splunkd::run () from /opt/splunk/lib/libsplunk.so
#6  0x00007f163f52ccd0 in main () from /opt/splunk/lib/libsplunk.so

Thread 11 (Thread 0x7f7a63856056 (LWP 51611)):
#0  0x00007fcfc8361424 in DateParser::parse () from /opt/splunk/lib/libsplunk.so
#1  0x00007f64b68405cb in TimestampExtractor::extract () from /opt/splunk/lib/libsplunk.so
#2  0x00007f28dfd502c8 in IndexWriter::processData () from /opt/splunk/lib/libsplunk.so
#3  0x00007f9d1d38153d in IndexWriter::run () from /opt/splunk/lib/libsplunk.so
#4  0x00007f225ed72aca in ThreadPool::dispatch () from /opt/splunk/lib/libsplunk.so
#5  0x00007f1a5a810ee5 in Splunkd::run () from /opt/splunk/lib/libsplunk.so
#6  0x00007fd30811e949 in main () from /opt/splunk/lib/libsplunk.so

Thread 12 (Thread 0x7f0e015e2631 (LWP 51612)):
#0  0x00007fb441ca1e73 in pthread_cond_wait () from /lib64/libpthread.so.0
#1  0x00007f4ba2fd728a in MemoryManager::waitForThreshold () from /opt/splunk/lib/libsplunk.so
#2  0x00007f88fe41eafb in MemoryManager::run () from /opt/splunk/lib/libsplunk.so
#3  0x00007f0ee868a301 in Splunkd::run () from /opt/splunk/lib/libsplunk.so
#4  0x00007fffd2eabbdb in main () from /opt/splunk/lib/libsplunk.so

Thread 13 (Thread 0x7f23c8d8807c (LWP 51613)):
#0  0x00007fdbc9a712a8 in BTreeReader::search () from /opt/splunk/lib/libsplunk.so
#1  0x00007ff73ee048d3 in WiredTiger::cursor_search () from /opt/splunk/lib/libsplunk.so
#2  0x00007f21a181b475 in MongoDB::find () from /opt/splunk/lib/libsplunk.so
#3  0x00007f2522140135 in KVStoreHandler::run () from /opt/splunk/lib/libsplunk.so
#4  0x00007f286922c5f3 in ThreadPool::dispatch () from /opt/splunk/lib/libsplunk.so
#5  0x00007fe57ba553a5 in Splunkd::run () from /opt/splunk/lib/libsplunk.so
#6  0x00007f422ca52d75 in main () from /opt/splunk/lib/libsplunk.so

Thread 14 (Thread 0x7f91e1a75fe8 (LWP 51614)):
#0  0x00007fb57cabfdf3 in OpenSSL::SSL_read () from /opt/splunk/lib/libsplunk.so
#1  0x00007f13ab105300 in SSLEngine::read () from /opt/splunk/lib/libsplunk.so
#2  0x00007f76cf78a03e in HTTPServer::handleRequest () from /opt/splunk/lib/libsplunk.so
#3  0x00007f63485b4d34 in HTTPServer::acceptLoop () from /opt/splunk/lib/libsplunk.so
#4  0x00007fcb4d34e7d8 in Splunkd::run () from /opt/splunk/lib/libsplunk.so
#5  0x00007fd4b7a5f640 in main () from /opt/splunk/lib/libsplunk.so

Thread 15 (Thread 0x7fbfa7037684 (LWP 51615)):
#0  0x00007f5ceac9b92f in pthread_cond_wait () from /lib64/libpthread.so.0
#1  0x00007fe5c79777f9 in SearchProcessor::waitForWork () from /opt/splunk/lib/libsplunk.so
#2  0x00007f01c312a339 in SearchProcessor::run () from /opt/splunk/lib/libsplunk.so
#3  0x00007f7b5283ed24 in ThreadPool::dispatch () from /opt/splunk/lib/libsplunk.so
#4  0x00007f9beb8f9e72 in Splunkd::run () from /opt/splunk/lib/libsplunk.so
#5  0x00007fd1d7c9818d in main () from /opt/splunk/lib/libsplunk.so

Thread 16 (Thread 0x7f04f2de8d84 (LWP 51616)):
#0  0x00007f4236389b7d in FileSystem::unlink () from /opt/splunk/lib/libsplunk.so
#1  0x00007f2f52bb772f in BucketManager::evictBucket () from /opt/splunk/lib/libsplunk.so
#2  0x00007fb1ecf16632 in MemoryManager::garbageCollect () from /opt/splunk/lib/libsplunk.so
#3  0x00007f0b8bc784d2 in MemoryManager::run () from /opt/splunk/lib/libsplunk.so
#4  0x00007f5d50f0c356 in Splunkd::run () from /opt/splunk/lib/libsplunk.so
#5  0x00007fb383079468 in main () from /opt/splunk/lib/libsplunk.so

Thread 17 (Thread 0x7f9e8458e3b4 (LWP 51617)):
#0  0x00007f8a10fcc367 in epoll_wait () from /lib64/libc.so.6
#1  0x00007f000c4f96ec in HTTPServer::acceptLoop () from /opt/splunk/lib/libsplunk.so
#2  0x00007fa2918fdb07 in Splunkd::run () from /opt/splunk/lib/libsplunk.so
#3  0x00007f972b2a21c8 in main () from /opt/splunk/lib/libsplunk.so

Thread 18 (Thread 0x7f4253d5f57c (LWP 51618)):
#0  0x00007f8994cdd1b4 in JSONSerializer::serialize () from /opt/splunk/lib/libsplunk.so
#1  0x00007f9792e6bf32 in RESTHandler::handleGET () from /opt/splunk/lib/libsplunk.so
#2  0x00007fe22430a222 in RESTHandler::dispatch () from /opt/splunk/lib/libsplunk.so
#3  0x00007f2466777db0 in HTTPServer::handleRequest () from /opt/splunk/lib/libsplunk.so
#4  0x00007fbb58eb77d4 in HTTPServer::acceptLoop () from /opt/splunk/lib/libsplunk.so
#5  0x00007f1e27355979 in Splunkd::run () from /opt/splunk/lib/libsplunk.so
#6  0x00007f09bb30bee4 in main () from /opt/splunk/lib/libsplunk.so

Thread 19 (Thread 0x7f62558ec200 (LWP 51619)):
#0  0x00007fc4f3e58fad in write () from /lib64/libc.so.6
#1  0x00007f6a4c4c6c4b in TCPClient::send () from /opt/splunk/lib/libsplunk.so
#2  0x00007f61e891d9fb in ReplicationManager::replicate () from /opt/splunk/lib/libsplunk.so
#3  0x00007f6b70417db5 in ClusterMaster::run () from /opt/splunk/lib/libsplunk.so
#4  0x00007ff9f7824145 in ThreadPool::dispatch () from /opt/splunk/lib/libsplunk.so
#5  0x00007f46eeee3c3a in Splunkd::run () from /opt/splunk/lib/libsplunk.so
#6  0x00007fccecb323ed in main () from /opt/splunk/lib/libsplunk.so

Thread 20 (Thread 0x7ff6e1a50b2e (LWP 51620)):
#0  0x00007fff16a81b28 in read () from /lib64/libc.so.6
#1  0x00007fed3acb992b in FileReader::read () from /opt/splunk/lib/libsplunk.so
#2  0x00007fcd24f938e0 in FileMonitor::checkFiles () from /opt/splunk/lib/libsplunk.so
#3  0x00007f37aad34cd3 in FileMonitor::run () from /opt/splunk/lib/libsplunk.so
#4  0x00007f813dd3b7e0 in ThreadPool::dispatch () from /opt/splunk/lib/libsplunk.so
#5  0x00007f76a634a243 in Splunkd::run () from /opt/splunk/lib/libsplunk.so
#6  0x00007f3b7943c217 in main () from /opt/splunk/lib/libsplunk.so
