Thread 1 (Thread 0x7f08aa554f3d (LWP 42301)):
#0  0x00007f2f2d8f9cb7 in malloc () from /lib64/libc.so.6
#1  0x00007f4fdcace87f in SearchProcessor::createSearch () from /opt/splunk/lib/libsplunk.so
#2  0x00007f703494199e in Scheduler::dispatchJob () from /opt/splunk/lib/libsplunk.so
#3  0x00007f3cec3ca00d in Scheduler::run () from /opt/splunk/lib/libsplunk.so
#4  0x00007f6b8aa70279 in Splunkd::run () from /opt/splunk/lib/libsplunk.so
#5  0x00007fc24b44245d in main () from /opt/splunk/lib/libsplunk.so

Thread 2 (Thread 0x7fd41cd2889f (LWP 42302)):
#0  0x00007fe7e194314b in RegexMatcher::match () from /opt/splunk/lib/libsplunk.so
#1  0x00007f5d0cf700a1 in LineBreaker::split () from /opt/splunk/lib/libsplunk.so
#2  0x00007f109d0e7c08 in IndexWriter::processData () from /opt/splunk/lib/libsplunk.so
#3  0x00007fe52d16507d in IndexWriter::run () from /opt/splunk/lib/libsplunk.so
#4  0x00007fdd652771af in ThreadPool::dispatch () from /opt/splunk/lib/libsplunk.so
#5  0x00007f05fd9a70cb in Splunkd::run () from /opt/splunk/lib/libsplunk.so
#6  0x00007f3bb9d72d82 in main () from /opt/splunk/lib/libsplunk.so

Thread 3 (Thread 0x7f1d53bb5d0c (LWP 42303)):
#0  0x00007f689a41a355 in pthread_cond_wait () from /lib64/libpthread.so.0
#1  0x00007f8e93a64a67 in SearchProcessor::waitForWork () from /opt/splunk/lib/libsplunk.so
#2  0x00007f633172613f in SearchProcessor::run () from /opt/splunk/lib/libsplunk.so
#3  0x00007f788958606e in ThreadPool::dispatch () from /opt/splunk/lib/libsplunk.so
#4  0x00007f30f6f6eaaa in Splunkd::run () from /opt/splunk/lib/libsplunk.so
#5  0x00007f2f05d2ea5f in main () from /opt/splunk/lib/libsplunk.so

Thread 4 (Thread 0x7f3e23c9ae94 (LWP 42304)):
#0  0x00007f6cfe19a4b2 in std::__introsort_loop () from /opt/splunk/lib/libsplunk.so
#1  0x00007f12fb6849d7 in std::sort () from /opt/splunk/lib/libsplunk.so
#2  0x00007f50e0080a5c in SortProcessor::sort () from /opt/splunk/lib/libsplunk.so
#3  0x00007fd8819749cf in SearchEvaluator::eval () from /opt/splunk/lib/libsplunk.so
#4  0x00007fe95eec07d2 in SearchProcessor::executeSearch () from /opt/splunk/lib/libsplunk.so
#5  0x00007fc92d490699 in SearchProcessor::run () from /opt/splunk/lib/libsplunk.so
#6  0x00007fdec79da244 in ThreadPool::dispatch () from /opt/splunk/lib/libsplunk.so
#7  0x00007f274b1c9bd6 in Splunkd::run () from /opt/splunk/lib/libsplunk.so
#8  0x00007f0e3f7f4670 in main () from /opt/splunk/lib/libsplunk.so

Thread 5 (Thread 0x7f4fb0fbfca4 (LWP 42305)):
#0  0x00007f799014e62d in epoll_wait () from /lib64/libc.so.6
#1  0x00007f8e59cf4030 in HTTPServer::acceptLoop () from /opt/splunk/lib/libsplunk.so
#2  0x00007fc9ffe23b7c in Splunkd::run () from /opt/splunk/lib/libsplunk.so
#3  0x00007fc59049c474 in main () from /opt/splunk/lib/libsplunk.so

Thread 6 (Thread 0x7f6eaa016f08 (LWP 42306)):
#0  0x00007fb2e78119df in FileSystem::unlink () from /opt/splunk/lib/libsplunk.so
#1  0x00007f556f301318 in BucketManager::evictBucket () from /opt/splunk/lib/libsplunk.so
#2  0x00007fbc58b3ab72 in MemoryManager::garbageCollect () from /opt/splunk/lib/libsplunk.so
#3  0x00007fb256a7d77f in MemoryManager::run () from /opt/splunk/lib/libsplunk.so
#4  0x00007f018125aa47 in Splunkd::run () from /opt/splunk/lib/libsplunk.so
#5  0x00007f9240d1122a in main () from /opt/splunk/lib/libsplunk.so

Thread 7 (Thread 0x7f9469b25acf (LWP 42307)):
#0  0x00007fc4c55b5fc0 in LexerBase::tokenize () from /opt/splunk/lib/libsplunk.so
#1  0x00007f46bef0323d in SearchParser::parse () from /opt/splunk/lib/libsplunk.so
#2  0x00007f1463c1b5b1 in SearchProcessor::executeSearch () from /opt/splunk/lib/libsplunk.so
#3  0x00007f9f9e714767 in SearchProcessor::run () from /opt/splunk/lib/libsplunk.so
#4  0x00007f3880b052bd in ThreadPool::dispatch () from /opt/splunk/lib/libsplunk.so
#5  0x00007fe743ec2626 in Splunkd::run () from /opt/splunk/lib/libsplunk.so
#6  0x00007f294a326246 in main () from /opt/splunk/lib/libsplunk.so

Thread 8 (Thread 0x7fbff51e8acf (LWP 42308)):
#0  0x00007f0f223bd860 in HashTable::insert () from /opt/splunk/lib/libsplunk.so
#1  0x00007f4368580fba in StatsProcessor::aggregate () from /opt/splunk/lib/libsplunk.so
#2  0x00007f471d975eb0 in SearchEvaluator::eval () from /opt/splunk/lib/libsplunk.so
#3  0x00007f71fb91c5da in SearchProcessor::executeSearch () from /opt/splunk/lib/libsplunk.so
#4  0x00007f35c5c35ccd in SearchProcessor::run () from /opt/splunk/lib/libsplunk.so
#5  0x00007f0b088380ec in ThreadPool::dispatch () from /opt/splunk/lib/libsplunk.so
#6  0x00007f629f000c73 in Splunkd::run () from /opt/splunk/lib/libsplunk.so
#7  0x00007f1dca12920c in main () from /opt/splunk/lib/libsplunk.so

Thread 9 (Thread 0x7fc77c551865 (LWP 42309)):
#0  0x00007f78f9e6c98b in JSONSerializer::serialize () from /opt/splunk/lib/libsplunk.so
#1  0x00007ff006b57329 in RESTHandler::handleGET () from /opt/splunk/lib/libsplunk.so
#2  0x00007ffb883510c5 in RESTHandler::dispatch () from /opt/splunk/lib/libsplunk.so
#3  0x00007f5670352a73 in HTTPServer::handleRequest () from /opt/splunk/lib/libsplunk.so
#4  0x00007f19cfe0d070 in HTTPServer::acceptLoop () from /opt/splunk/lib/libsplunk.so
#5  0x00007f94859d6543 in Splunkd::run () from /opt/splunk/lib/libsplunk.so
#6  0x00007f27a2ecd942 in main () from /opt/splunk/lib/libsplunk.so

Thread 10 (Thread 0x7fa98c50cfb4 (LWP 42310)):
#0  0x00007f323ffcaaea in OpenSSL::SSL_read () from /opt/splunk/lib/libsplunk.so
#1  0x00007f5b7ba95a54 in SSLEngine::read () from /opt/splunk/lib/libsplunk.so
#2  0x00007f7240c82e17 in HTTPServer::handleRequest () from /opt/splunk/lib/libsplunk.so
#3  0x00007f6681ab7337 in HTTPServer::acceptLoop () from /opt/splunk/lib/libsplunk.so
#4  0x00007f47dcd07066 in Splunkd::run () from /opt/splunk/lib/libsplunk.so
#5  0x00007f328ab9ea40 in main () from /opt/splunk/lib/libsplunk.so

Thread 11 (Thread 0x7f9c7c9e92b1 (LWP 42311)):
#0  0x00007f9f6c357537 in write () from /lib64/libc.so.6
#1  0x00007f226dcc1407 in TCPClient::send () from /opt/splunk/lib/libsplunk.so
#2  0x00007f2c4d56042d in ReplicationManager::replicate () from /opt/splunk/lib/libsplunk.so
#3  0x00007f00c8d07933 in ClusterMaster::run () from /opt/splunk/lib/libsplunk.so
#4  0x00007f968cbb3907 in ThreadPool::dispatch () from /opt/splunk/lib/libsplunk.so
#5  0x00007f009f04ef05 in Splunkd::run () from /opt/splunk/lib/libsplunk.so
#6  0x00007f11992df2b4 in main () from /opt/splunk/lib/libsplunk.so

Thread 12 (Thread 0x7f05841d1220 (LWP 42312)):
#0  0x00007f095fba41bf in SAML::validateToken () from /opt/splunk/lib/libsplunk.so
#1  0x00007feed9a867db in AuthManager::authenticate () from /opt/splunk/lib/libsplunk.so
#2  0x00007f914ae9b51a in RESTHandler::handlePOST () from /opt/splunk/lib/libsplunk.so
#3  0x00007f1c1d248f26 in RESTHandler::dispatch () from /opt/splunk/lib/libsplunk.so
#4  0x00007f42ae91e516 in HTTPServer::handleRequest () from /opt/splunk/lib/libsplunk.so
#5  0x00007f2b4ae6fcd7 in HTTPServer::acceptLoop () from /opt/splunk/lib/libsplunk.so
#6  0x00007f7f6e224e8d in Splunkd::run () from /opt/splunk/lib/libsplunk.so
#7  0x00007fabe13623cc in main () from /opt/splunk/lib/libsplunk.so

Thread 13 (Thread 0x7fff0bcffbdb (LWP 42313)):
#0  0x00007f07579f6dfa in std::__introsort_loop () from /opt/splunk/lib/libsplunk.so
#1  0x00007fb8126678f0 in std::sort () from /opt/splunk/lib/libsplunk.so
#2  0x00007fe5fecc16f6 in SortProcessor::sort () from /opt/splunk/lib/libsplunk.so
#3  0x00007fb86a190c15 in SearchEvaluator::eval () from /opt/splunk/lib/libsplunk.so
#4  0x00007fcb11e9fe6d in SearchProcessor::executeSearch () from /opt/splunk/lib/libsplunk.so
#5  0x00007f465665aefb in SearchProcessor::run () from /opt/splunk/lib/libsplunk.so
#6  0x00007fa45d07790f in ThreadPool::dispatch () from /opt/splunk/lib/libsplunk.so
#7  0x00007fffa0768d5e in Splunkd::run () from /opt/splunk/lib/libsplunk.so
#8  0x00007feebe1f3389 in main () from /opt/splunk/lib/libsplunk.so

Thread 14 (Thread 0x7f03e4d9cc0d (LWP 42314)):
#0  0x00007f8bd3e01df7 in pthread_cond_timedwait () from /lib64/libpthread.so.0
#1  0x00007f0601db94dc in Scheduler::waitForNextJob () from /opt/splunk/lib/libsplunk.so
#2  0x00007f974be73e75 in Scheduler::run () from /opt/splunk/lib/libsplunk.so
#3  0x00007f8df849cf97 in Splunkd::run () from /opt/splunk/lib/libsplunk.so
#4  0x00007f4ba080c01c in main () from /opt/splunk/lib/libsplunk.so

Thread 15 (Thread 0x7f3ce0f6d15d (LWP 42315)):
#0  0x00007f3ab948ce37 in zlib::compress () from /opt/splunk/lib/libsplunk.so
#1  0x00007f49b5fb8de2 in BucketWriter::write () from /opt/splunk/lib/libsplunk.so
#2  0x00007f689db31205 in IndexWriter::writeBlock () from /opt/splunk/lib/libsplunk.so
#3  0x00007fa95a449a72 in IndexWriter::processData () from /opt/splunk/lib/libsplunk.so
#4  0x00007fbb5fe8e68b in IndexWriter::run () from /opt/splunk/lib/libsplunk.so
#5  0x00007ff35c2c6ecb in ThreadPool::dispatch () from /opt/splunk/lib/libsplunk.so
#6  0x00007f459eb2259e in Splunkd::run () from /opt/splunk/lib/libsplunk.so
#7  0x00007f744f2fccfa in main () from /opt/splunk/lib/libsplunk.so
