Thread 1 (Thread 0x7f53db873454 (LWP 18301)):
#0  0x00007f4c2fae879c in pthread_cond_wait () from /lib64/libpthread.so.0
#1  0x00007f46d18377d8 in MongoDB::waitForOplog () from /opt/splunk/lib/libsplunk.so
#2  0x00007f916dd8f727 in KVStoreHandler::run () from /opt/splunk/lib/libsplunk.so
#3  0x00007f1e2e56b164 in ThreadPool::dispatch () from /opt/splunk/lib/libsplunk.so
#4  0x00007f86d7f58db8 in Splunkd::run () from /opt/splunk/lib/libsplunk.so
#5  0x00007f37f6f06858 in main () from /opt/splunk/lib/libsplunk.so

Thread 2 (Thread 0x7f75b7701b14 (LWP 18302)):
#0  0x00007f9bd5573716 in epoll_wait () from /lib64/libc.so.6
#1  0x00007f6c77e9c11f in HTTPServer::acceptLoop () from /opt/splunk/lib/libsplunk.so
#2  0x00007f4f52fc1b3f in Splunkd::run () from /opt/splunk/lib/libsplunk.so
#3  0x00007fd4eb3d8ecf in main () from /opt/splunk/lib/libsplunk.so

Thread 3 (Thread 0x7f93e25be586 (LWP 18303)):
#0  0x00007f66771459d1 in WiredTiger::cursor_update () from /opt/splunk/lib/libsplunk.so
#1  0x00007fccdaee0424 in MongoDB::update () from /opt/splunk/lib/libsplunk.so
#2  0x00007fbafca3955b in KVStoreHandler::run () from /opt/splunk/lib/libsplunk.so
#3  0x00007ff07fa4e160 in ThreadPool::dispatch () from /opt/splunk/lib/libsplunk.so
#4  0x00007fb01fadfd79 in Splunkd::run () from /opt/splunk/lib/libsplunk.so
#5  0x00007f174a486d33 in main () from /opt/splunk/lib/libsplunk.so

Thread 4 (Thread 0x7f291d1b1f1b (LWP 18304)):
#0  0x00007f074fa80a10 in pthread_cond_wait () from /lib64/libpthread.so.0
#1  0x00007f71c4a72fc4 in SearchProcessor::waitForWork () from /opt/splunk/lib/libsplunk.so
#2  0x00007f785b381922 in SearchProcessor::run () from /opt/splunk/lib/libsplunk.so
#3  0x00007f05835575d3 in ThreadPool::dispatch () from /opt/splunk/lib/libsplunk.so
#4  0x00007fb0b3845aeb in Splunkd::run () from /opt/splunk/lib/libsplunk.so
#5  0x00007fdf7241ea32 in main () from /opt/splunk/lib/libsplunk.so

Thread 5 (Thread 0x7fc3059a5661 (LWP 18305)):
#0  0x00007f4b42da11f9 in pthread_cond_wait () from /lib64/libpthread.so.0
#1  0x00007fa7e609ee2d in IndexWriter::waitForData () from /opt/splunk/lib/libsplunk.so
#2  0x00007f4500834ed7 in IndexWriter::run () from /opt/splunk/lib/libsplunk.so
#3  0x00007f89d97ec41b in ThreadPool::dispatch () from /opt/splunk/lib/libsplunk.so
#4  0x00007f997febf3b2 in Splunkd::run () from /opt/splunk/lib/libsplunk.so
#5  0x00007f431698d88e in main () from /opt/splunk/lib/libsplunk.so

Thread 6 (Thread 0x7f34f27bdb27 (LWP 18306)):
#0  0x00007f1f70bbb339 in zlib::compress () from /opt/splunk/lib/libsplunk.so
#1  0x00007f34950b742b in BucketWriter::write () from /opt/splunk/lib/libsplunk.so
#2  0x00007fba68c8c225 in IndexWriter::writeBlock () from /opt/splunk/lib/libsplunk.so
#3  0x00007f261221d403 in IndexWriter::processData () from /opt/splunk/lib/libsplunk.so
#4  0x00007fd6473f3e56 in IndexWriter::run () from /opt/splunk/lib/libsplunk.so
#5  0x00007f252ad5f987 in ThreadPool::dispatch () from /opt/splunk/lib/libsplunk.so
#6  0x00007fcd69836f85 in Splunkd::run () from /opt/splunk/lib/libsplunk.so
#7  0x00007f5296347bac in main () from /opt/splunk/lib/libsplunk.so

Thread 7 (Thread 0x7f0bc90f8d0a (LWP 18307)):
#0  0x00007f961b6710de in epoll_wait () from /lib64/libc.so.6
#1  0x00007fc15db16a70 in HTTPServer::acceptLoop () from /opt/splunk/lib/libsplunk.so
#2  0x00007f4d0c7db8c7 in Splunkd::run () from /opt/splunk/lib/libsplunk.so
#3  0x00007f99dadb227f in main () from /opt/splunk/lib/libsplunk.so

Thread 8 (Thread 0x7f0d825f9cb9 (LWP 18308)):
#0  0x00007f2547f1a3cc in DateParser::parse () from /opt/splunk/lib/libsplunk.so
#1  0x00007f446b5f5f81 in TimestampExtractor::extract () from /opt/splunk/lib/libsplunk.so
#2  0x00007f0b7c2e2259 in IndexWriter::processData () from /opt/splunk/lib/libsplunk.so
#3  0x00007fa6bcf80b3d in IndexWriter::run () from /opt/splunk/lib/libsplunk.so
#4  0x00007fcc48df94ea in ThreadPool::dispatch () from /opt/splunk/lib/libsplunk.so
#5  0x00007f38b7f55014 in Splunkd::run () from /opt/splunk/lib/libsplunk.so
#6  0x00007f7a16c483c8 in main () from /opt/splunk/lib/libsplunk.so

Thread 9 (Thread 0x7f3a991922d1 (LWP 18309)):
#0  0x00007f371fa12116 in DateParser::parse () from /opt/splunk/lib/libsplunk.so
#1  0x00007f6ed254d2cb in TimestampExtractor::extract () from /opt/splunk/lib/libsplunk.so
#2  0x00007fcadb478f1a in IndexWriter::processData () from /opt/splunk/lib/libsplunk.so
#3  0x00007f097b5ab94c in IndexWriter::run () from /opt/splunk/lib/libsplunk.so
#4  0x00007fba7346a8de in ThreadPool::dispatch () from /opt/splunk/lib/libsplunk.so
#5  0x00007f6103fcb9a2 in Splunkd::run () from /opt/splunk/lib/libsplunk.so
#6  0x00007fdcaa54a460 in main () from /opt/splunk/lib/libsplunk.so

Thread 10 (Thread 0x7f5937ed8c76 (LWP 18310)):
#0  0x00007f3ae7fff3e0 in SAML::validateToken () from /opt/splunk/lib/libsplunk.so
#1  0x00007f20ea17ecc5 in AuthManager::authenticate () from /opt/splunk/lib/libsplunk.so
#2  0x00007f7d31caa9a7 in RESTHandler::handlePOST () from /opt/splunk/lib/libsplunk.so
#3  0x00007f756fa1940b in RESTHandler::dispatch () from /opt/splunk/lib/libsplunk.so
#4  0x00007f6e5b66217a in HTTPServer::handleRequest () from /opt/splunk/lib/libsplunk.so
#5  0x00007fd70c4fc90a in HTTPServer::acceptLoop () from /opt/splunk/lib/libsplunk.so
#6  0x00007f4f28361ed6 in Splunkd::run () from /opt/splunk/lib/libsplunk.so
#7  0x00007f40dd34425e in main () from /opt/splunk/lib/libsplunk.so

Thread 11 (Thread 0x7fb0d8e3b8d6 (LWP 18311)):
#0  0x00007f14917c5d8b in epoll_wait () from /lib64/libc.so.6
#1  0x00007f2990ba8e7f in HTTPServer::acceptLoop () from /opt/splunk/lib/libsplunk.so
#2  0x00007f75dddbd684 in Splunkd::run () from /opt/splunk/lib/libsplunk.so
#3  0x00007f64317e18eb in main () from /opt/splunk/lib/libsplunk.so

Thread 12 (Thread 0x7f1eacb44032 (LWP 18312)):
#0  0x00007f7c77769071 in pthread_cond_timedwait () from /lib64/libpthread.so.0
#1  0x00007f750cfe2306 in Scheduler::waitForNextJob () from /opt/splunk/lib/libsplunk.so
#2  0x00007fd46d6b1975 in Scheduler::run () from /opt/splunk/lib/libsplunk.so
#3  0x00007f6743ea007c in Splunkd::run () from /opt/splunk/lib/libsplunk.so
#4  0x00007f3f4bcaaaa3 in main () from /opt/splunk/lib/libsplunk.so

Thread 13 (Thread 0x7f836d9c7e09 (LWP 18313)):
#0  0x00007f6b8b1dc63e in poll () from /lib64/libc.so.6
#1  0x00007fdf56dd94d8 in TCPClient::connect () from /opt/splunk/lib/libsplunk.so
#2  0x00007fd63af282a1 in ReplicationManager::checkHealth () from /opt/splunk/lib/libsplunk.so
#3  0x00007f481e6ed1c6 in ClusterMaster::run () from /opt/splunk/lib/libsplunk.so
#4  0x00007f0d7ddb25cd in ThreadPool::dispatch () from /opt/splunk/lib/libsplunk.so
#5  0x00007f621d5d40ee in Splunkd::run () from /opt/splunk/lib/libsplunk.so
#6  0x00007fdba234c739 in main () from /opt/splunk/lib/libsplunk.so
