Thread 1 (Thread 0x7f32459eaa21 (LWP 43201)):
#0  0x00007f3bcf07443d in poll () from /lib64/libc.so.6
#1  0x00007f0f4b0965a4 in TCPClient::connect () from /opt/splunk/lib/libsplunk.so
#2  0x00007f89f9c581fc in ReplicationManager::checkHealth () from /opt/splunk/lib/libsplunk.so
#3  0x00007f192421ee07 in ClusterMaster::run () from /opt/splunk/lib/libsplunk.so
#4  0x00007f5b1e281941 in ThreadPool::dispatch () from /opt/splunk/lib/libsplunk.so
#5  0x00007fb154b5b6c0 in Splunkd::run () from /opt/splunk/lib/libsplunk.so
#6  0x00007fc02b6cec32 in main () from /opt/splunk/lib/libsplunk.so

Thread 2 (Thread 0x7f2c5cd539db (LWP 43202)):
#0  0x00007f2332d39bc7 in zlib::compress () from /opt/splunk/lib/libsplunk.so
#1  0x00007fd8b7456a4d in BucketWriter::write () from /opt/splunk/lib/libsplunk.so
#2  0x00007fbd005e996f in IndexWriter::writeBlock () from /opt/splunk/lib/libsplunk.so
#3  0x00007f9498cdc7ba in IndexWriter::processData () from /opt/splunk/lib/libsplunk.so
#4  0x00007fadafd5040a in IndexWriter::run () from /opt/splunk/lib/libsplunk.so
#5  0x00007ffc5822fbb4 in ThreadPool::dispatch () from /opt/splunk/lib/libsplunk.so
#6  0x00007f641f680114 in Splunkd::run () from /opt/splunk/lib/libsplunk.so
#7  0x00007fad8e06b7fb in main () from /opt/splunk/lib/libsplunk.so

Thread 3 (Thread 0x7fcb96a8e3e2 (LWP 43203)):
#0  0x00007fc58ea0fce5 in recvfrom () from /lib64/libc.so.6
#1  0x00007f187948498e in UDPInputProcessor::readData () from /opt/splunk/lib/libsplunk.so
#2  0x00007f5e643516f0 in UDPInputProcessor::run () from /opt/splunk/lib/libsplunk.so
#3  0x00007f56ee0ed9c8 in ThreadPool::dispatch () from /opt/splunk/lib/libsplunk.so
#4  0x00007f34948c2fe5 in Splunkd::run () from /opt/splunk/lib/libsplunk.so
#5  0x00007fbe7c827875 in main () from /opt/splunk/lib/libsplunk.so

Thread 4 (Thread 0x7f491fb470e6 (LWP 43204)):
#0  0x00007fd38ee5238b in epoll_wait () from /lib64/libc.so.6
#1  0x00007fec7fc0bf9b in HTTPServer::acceptLoop () from /opt/splunk/lib/libsplunk.so
#2  0x00007f51b8e2f51c in Splunkd::run () from /opt/splunk/lib/libsplunk.so
#3  0x00007fa8026ece06 in main () from /opt/splunk/lib/libsplunk.so

Thread 5 (Thread 0x7f1699976495 (LWP 43205)):
#0  0x00007f8a2d781d15 in SAML::validateToken () from /opt/splunk/lib/libsplunk.so
#1  0x00007ff794bb0dcf in AuthManager::authenticate () from /opt/splunk/lib/libsplunk.so
#2  0x00007fb55b9238fe in RESTHandler::handlePOST () from /opt/splunk/lib/libsplunk.so
#3  0x00007f18d53ab69c in RESTHandler::dispatch () from /opt/splunk/lib/libsplunk.so
#4  0x00007ff0ca1f6a7f in HTTPServer::handleRequest () from /opt/splunk/lib/libsplunk.so
#5  0x00007fea9d2ff649 in HTTPServer::acceptLoop () from /opt/splunk/lib/libsplunk.so
#6  0x00007f3465136621 in Splunkd::run () from /opt/splunk/lib/libsplunk.so
#7  0x00007f1992b694cf in main () from /opt/splunk/lib/libsplunk.so

Thread 6 (Thread 0x7ff90231bbbe (LWP 43206)):
#0  0x00007fa762fac414 in RegexMatcher::match () from /opt/splunk/lib/libsplunk.so
#1  0x00007f931d25a4bd in LineBreaker::split () from /opt/splunk/lib/libsplunk.so
#2  0x00007fd3f894c7e7 in IndexWriter::processData () from /opt/splunk/lib/libsplunk.so
#3  0x00007f04f783e98b in IndexWriter::run () from /opt/splunk/lib/libsplunk.so
#4  0x00007f009282aff4 in ThreadPool::dispatch () from /opt/splunk/lib/libsplunk.so
#5  0x00007f9c98c6b0a2 in Splunkd::run () from /opt/splunk/lib/libsplunk.so
#6  0x00007fb4e4462929 in main () from /opt/splunk/lib/libsplunk.so

Thread 7 (Thread 0x7f6f7d1785a9 (LWP 43207)):
#0  0x00007f1a4276a187 in RegexMatcher::match () from /opt/splunk/lib/libsplunk.so
#1  0x00007f6e6f24f4e1 in LineBreaker::split () from /opt/splunk/lib/libsplunk.so
#2  0x00007fe991224925 in IndexWriter::processData () from /opt/splunk/lib/libsplunk.so
#3  0x00007fbb0a873bfb in IndexWriter::run () from /opt/splunk/lib/libsplunk.so
#4  0x00007f5a4ca3763d in ThreadPool::dispatch () from /opt/splunk/lib/libsplunk.so
#5  0x00007fae7018d59f in Splunkd::run () from /opt/splunk/lib/libsplunk.so
#6  0x00007f58c462c36a in main () from /opt/splunk/lib/libsplunk.so

Thread 8 (Thread 0x7f2c0b120267 (LWP 43208)):
#0  0x00007feb1c414c5d in LexerBase::tokenize () from /opt/splunk/lib/libsplunk.so
#1  0x00007f96098a6d70 in SearchParser::parse () from /opt/splunk/lib/libsplunk.so
#2  0x00007f613528570e in SearchProcessor::executeSearch () from /opt/splunk/lib/libsplunk.so
#3  0x00007f4d8d80c87b in SearchProcessor::run () from /opt/splunk/lib/libsplunk.so
#4  0x00007f0cae78f332 in ThreadPool::dispatch () from /opt/splunk/lib/libsplunk.so
#5  0x00007f69098570b2 in Splunkd::run () from /opt/splunk/lib/libsplunk.so
#6  0x00007f03157caad2 in main () from /opt/splunk/lib/libsplunk.so

Thread 9 (Thread 0x7f899444a473 (LWP 43209)):
#0  0x00007fef7f6ad341 in zlib::compress () from /opt/splunk/lib/libsplunk.so
#1  0x00007fc7b0cb52d6 in BucketWriter::write () from /opt/splunk/lib/libsplunk.so
#2  0x00007f0f9f926171 in IndexWriter::writeBlock () from /opt/splunk/lib/libsplunk.so
#3  0x00007f41c62c803f in IndexWriter::processData () from /opt/splunk/lib/libsplunk.so
#4  0x00007fefa488bbf7 in IndexWriter::run () from /opt/splunk/lib/libsplunk.so
#5  0x00007f8b6bbce16f in ThreadPool::dispatch () from /opt/splunk/lib/libsplunk.so
#6  0x00007f3343a3fe37 in Splunkd::run () from /opt/splunk/lib/libsplunk.so
#7  0x00007fa7d7ff48dd in main () from /opt/splunk/lib/libsplunk.so

Thread 10 (Thread 0x7f37190b05c0 (LWP 43210)):
#0  0x00007fd8cce4e3c9 in FileSystem::copy () from /opt/splunk/lib/libsplunk.so
#1  0x00007f1ffdee6155 in BucketSync::syncBucket () from /opt/splunk/lib/libsplunk.so
#2  0x00007f1c4564980e in ReplicationManager::replicate () from /opt/splunk/lib/libsplunk.so
#3  0x00007fce2e181fd5 in ClusterMaster::run () from /opt/splunk/lib/libsplunk.so
#4  0x00007fa2989fb4c2 in ThreadPool::dispatch () from /opt/splunk/lib/libsplunk.so
#5  0x00007fb4bf1983cb in Splunkd::run () from /opt/splunk/lib/libsplunk.so
#6  0x00007f3372060655 in main () from /opt/splunk/lib/libsplunk.so

Thread 11 (Thread 0x7f53c1d6b925 (LWP 43211)):
#0  0x00007f56feb372f5 in DateParser::parse () from /opt/splunk/lib/libsplunk.so
#1  0x00007fb91a8b6095 in TimestampExtractor::extract () from /opt/splunk/lib/libsplunk.so
#2  0x00007fbb8780a84c in IndexWriter::processData () from /opt/splunk/lib/libsplunk.so
#3  0x00007f2015a5e610 in IndexWriter::run () from /opt/splunk/lib/libsplunk.so
#4  0x00007fd778cebf2e in ThreadPool::dispatch () from /opt/splunk/lib/libsplunk.so
#5  0x00007fba25de3dae in Splunkd::run () from /opt/splunk/lib/libsplunk.so
#6  0x00007fd9d33b1122 in main () from /opt/splunk/lib/libsplunk.so

Thread 12 (Thread 0x7f4c9783121c (LWP 43212)):
#0  0x00007fd83afd0205 in JSONSerializer::serialize () from /opt/splunk/lib/libsplunk.so
#1  0x00007f85ae281779 in RESTHandler::handleGET () from /opt/splunk/lib/libsplunk.so
#2  0x00007fc5362362e4 in RESTHandler::dispatch () from /opt/splunk/lib/libsplunk.so
#3  0x00007f4827af5d84 in HTTPServer::handleRequest () from /opt/splunk/lib/libsplunk.so
#4  0x00007f419666ec01 in HTTPServer::acceptLoop () from /opt/splunk/lib/libsplunk.so
#5  0x00007ff89cbf5149 in Splunkd::run () from /opt/splunk/lib/libsplunk.so
#6  0x00007f053fcfad7a in main () from /opt/splunk/lib/libsplunk.so

Thread 13 (Thread 0x7f1f7d846491 (LWP 43213)):
#0  0x00007fbcf48c1c77 in write () from /lib64/libc.so.6
#1  0x00007f3dc54cd1a8 in TCPClient::send () from /opt/splunk/lib/libsplunk.so
#2  0x00007fcb523203cf in ReplicationManager::replicate () from /opt/splunk/lib/libsplunk.so
#3  0x00007f9a297fb250 in ClusterMaster::run () from /opt/splunk/lib/libsplunk.so
#4  0x00007f953cf1f0e1 in ThreadPool::dispatch () from /opt/splunk/lib/libsplunk.so
#5  0x00007f6a45943382 in Splunkd::run () from /opt/splunk/lib/libsplunk.so
#6  0x00007f0869a33907 in main () from /opt/splunk/lib/libsplunk.so

Thread 14 (Thread 0x7f0d50544c69 (LWP 43214)):
#0  0x00007f0f6b4c134b in malloc () from /lib64/libc.so.6
#1  0x00007f274b3294f7 in BTreeWriter::insert () from /opt/splunk/lib/libsplunk.so
#2  0x00007fba3ee4ab5e in WiredTiger::cursor_insert () from /opt/splunk/lib/libsplunk.so
#3  0x00007f2df64be5bf in MongoDB::insert () from /opt/splunk/lib/libsplunk.so
#4  0x00007f1ea46cd3ec in KVStoreHandler::run () from /opt/splunk/lib/libsplunk.so
#5  0x00007fca3bcdb9c6 in ThreadPool::dispatch () from /opt/splunk/lib/libsplunk.so
#6  0x00007fb097f9bb93 in Splunkd::run () from /opt/splunk/lib/libsplunk.so
#7  0x00007fe863701279 in main () from /opt/splunk/lib/libsplunk.so

Thread 15 (Thread 0x7fc240a68120 (LWP 43215)):
#0  0x00007f707e35e9d2 in std::__introsort_loop () from /opt/splunk/lib/libsplunk.so
#1  0x00007f0408c799e5 in std::sort () from /opt/splunk/lib/libsplunk.so
#2  0x00007f4b686c3767 in SortProcessor::sort () from /opt/splunk/lib/libsplunk.so
#3  0x00007f4536932f7d in SearchEvaluator::eval () from /opt/splunk/lib/libsplunk.so
#4  0x00007fd08128977f in SearchProcessor::executeSearch () from /opt/splunk/lib/libsplunk.so
#5  0x00007f62fa502b12 in SearchProcessor::run () from /opt/splunk/lib/libsplunk.so
#6  0x00007f7b06d307f8 in ThreadPool::dispatch () from /opt/splunk/lib/libsplunk.so
#7  0x00007f26db8bcc6b in Splunkd::run () from /opt/splunk/lib/libsplunk.so
#8  0x00007f79c3716d85 in main () from /opt/splunk/lib/libsplunk.so

Thread 16 (Thread 0x7fe3d16ef107 (LWP 43216)):
#0  0x00007f0c433b74b7 in RegexMatcher::match () from /opt/splunk/lib/libsplunk.so
#1  0x00007f55b0bc0f32 in LineBreaker::split () from /opt/splunk/lib/libsplunk.so
#2  0x00007fa6ac85214e in IndexWriter::processData () from /opt/splunk/lib/libsplunk.so
#3  0x00007f5c3479eb5d in IndexWriter::run () from /opt/splunk/lib/libsplunk.so
#4  0x00007f81cfc9de5d in ThreadPool::dispatch () from /opt/splunk/lib/libsplunk.so
#5  0x00007f13485b0c79 in Splunkd::run () from /opt/splunk/lib/libsplunk.so
#6  0x00007f948ec433a5 in main () from /opt/splunk/lib/libsplunk.so

Thread 17 (Thread 0x7f32b2ee63b6 (LWP 43217)):
#0  0x00007fd439fa1bc5 in PCRE::match () from /opt/splunk/lib/libsplunk.so
#1  0x00007f5ab2c25199 in FieldExtractor::extract () from /opt/splunk/lib/libsplunk.so
#2  0x00007fc12d18f6af in SearchEvaluator::eval () from /opt/splunk/lib/libsplunk.so
#3  0x00007fa1ab17ba7d in SearchProcessor::executeSearch () from /opt/splunk/lib/libsplunk.so
#4  0x00007f49b771bbc1 in SearchProcessor::run () from /opt/splunk/lib/libsplunk.so
#5  0x00007f80b83852a9 in ThreadPool::dispatch () from /opt/splunk/lib/libsplunk.so
#6  0x00007ffb8c0f9068 in Splunkd::run () from /opt/splunk/lib/libsplunk.so
#7  0x00007ff6e88955af in main () from /opt/splunk/lib/libsplunk.so
