Thread 1 (Thread 0x7f78d83318c3 (LWP 53601)):
#0  0x00007f8d4ca88e69 in pthread_cond_wait () from /lib64/libpthread.so.0
#1  0x00007f840d609135 in SearchProcessor::waitForWork () from /opt/splunk/lib/libsplunk.so
#2  0x00007fd52c575bed in SearchProcessor::run () from /opt/splunk/lib/libsplunk.so
#3  0x00007f7263686eea in ThreadPool::dispatch () from /opt/splunk/lib/libsplunk.so
#4  0x00007f6f95ede700 in Splunkd::run () from /opt/splunk/lib/libsplunk.so
#5  0x00007ff81daf8da4 in main () from /opt/splunk/lib/libsplunk.so

Thread 2 (Thread 0x7f0067241d59 (LWP 53602)):
#0  0x00007fc4bdff72a4 in malloc () from /lib64/libc.so.6
#1  0x00007f7426952646 in SearchProcessor::createSearch () from /opt/splunk/lib/libsplunk.so
#2  0x00007fd27ce0a776 in Scheduler::dispatchJob () from /opt/splunk/lib/libsplunk.so
#3  0x00007f852e8ee260 in Scheduler::run () from /opt/splunk/lib/libsplunk.so
#4  0x00007f269621fdff in Splunkd::run () from /opt/splunk/lib/libsplunk.so
#5  0x00007f44283c5cd8 in main () from /opt/splunk/lib/libsplunk.so

Thread 3 (Thread 0x7fe3523703f3 (LWP 53603)):
#0  0x00007f070a04b351 in zlib::compress () from /opt/splunk/lib/libsplunk.so
#1  0x00007fdf2a505454 in BucketWriter::write () from /opt/splunk/lib/libsplunk.so
#2  0x00007fe1f10a4da6 in IndexWriter::writeBlock () from /opt/splunk/lib/libsplunk.so
#3  0x00007f5c4d1330cc in IndexWriter::processData () from /opt/splunk/lib/libsplunk.so
#4  0x00007f90169fd835 in IndexWriter::run () from /opt/splunk/lib/libsplunk.so
#5  0x00007fbf4d911346 in ThreadPool::dispatch () from /opt/splunk/lib/libsplunk.so
#6  0x00007f52a7c546e0 in Splunkd::run () from /opt/splunk/lib/libsplunk.so
#7  0x00007ffd4ef9033a in main () from /opt/splunk/lib/libsplunk.so

Thread 4 (Thread 0x7f74579a5209 (LWP 53604)):
#0  0x00007fbb81eb19c7 in zlib::compress () from /opt/splunk/lib/libsplunk.so
#1  0x00007f1f65ecc9cc in BucketWriter::write () from /opt/splunk/lib/libsplunk.so
#2  0x00007f7fbf5888e2 in IndexWriter::writeBlock () from /opt/splunk/lib/libsplunk.so
#3  0x00007f656d102e05 in IndexWriter::processData () from /opt/splunk/lib/libsplunk.so
#4  0x00007f86acdf6a07 in IndexWriter::run () from /opt/splunk/lib/libsplunk.so
#5  0x00007f5ee661c767 in ThreadPool::dispatch () from /opt/splunk/lib/libsplunk.so
#6  0x00007f881fb84f46 in Splunkd::run () from /opt/splunk/lib/libsplunk.so
#7  0x00007fc4aa0ec287 in main () from /opt/splunk/lib/libsplunk.so

Thread 5 (Thread 0x7f8574e78fb8 (LWP 53605)):
#0  0x00007f38b507aab7 in FileSystem::fsync () from /opt/splunk/lib/libsplunk.so
#1  0x00007fc4ac280fef in BucketWriter::write () from /opt/splunk/lib/libsplunk.so
#2  0x00007f6f9dd33fcc in IndexWriter::writeBlock () from /opt/splunk/lib/libsplunk.so
#3  0x00007fa163076ec8 in IndexWriter::processData () from /opt/splunk/lib/libsplunk.so
#4  0x00007f0b05baf394 in IndexWriter::run () from /opt/splunk/lib/libsplunk.so
#5  0x00007f78cf64a287 in ThreadPool::dispatch () from /opt/splunk/lib/libsplunk.so
#6  0x00007f384addd77b in Splunkd::run () from /opt/splunk/lib/libsplunk.so
#7  0x00007fba4be28d23 in main () from /opt/splunk/lib/libsplunk.so

Thread 6 (Thread 0x7f3d8234ec85 (LWP 53606)):
#0  0x00007f1be59f8f6a in malloc_trim () from /lib64/libc.so.6
#1  0x00007f51ce0aca05 in MemoryManager::compactHeap () from /opt/splunk/lib/libsplunk.so
#2  0x00007f4cb105b5ec in MemoryManager::run () from /opt/splunk/lib/libsplunk.so
#3  0x00007f926b44a742 in Splunkd::run () from /opt/splunk/lib/libsplunk.so
#4  0x00007f12ee13aa00 in main () from /opt/splunk/lib/libsplunk.so

Thread 7 (Thread 0x7fd9af65eb71 (LWP 53607)):
#0  0x00007f13e11449d1 in AlertManager::fireAction () from /opt/splunk/lib/libsplunk.so
#1  0x00007ffb1f19c4d7 in AlertManager::checkTriggers () from /opt/splunk/lib/libsplunk.so
#2  0x00007f9ba6e2a032 in Scheduler::dispatchJob () from /opt/splunk/lib/libsplunk.so
#3  0x00007fcc21404196 in Scheduler::run () from /opt/splunk/lib/libsplunk.so
#4  0x00007f36d1048187 in Splunkd::run () from /opt/splunk/lib/libsplunk.so
#5  0x00007f405a0f29c8 in main () from /opt/splunk/lib/libsplunk.so

Thread 8 (Thread 0x7f52017c9cf7 (LWP 53608)):
#0  0x00007fd9ca61690a in LDAP::bind () from /opt/splunk/lib/libsplunk.so
#1  0x00007fb76d23c322 in AuthManager::authenticate () from /opt/splunk/lib/libsplunk.so
#2  0x00007fec975c117f in RESTHandler::handlePOST () from /opt/splunk/lib/libsplunk.so
#3  0x00007faf2837f3c9 in RESTHandler::dispatch () from /opt/splunk/lib/libsplunk.so
#4  0x00007fe2c1bcda51 in HTTPServer::handleRequest () from /opt/splunk/lib/libsplunk.so
#5  0x00007f3793947748 in HTTPServer::acceptLoop () from /opt/splunk/lib/libsplunk.so
#6  0x00007f5d90ee098d in Splunkd::run () from /opt/splunk/lib/libsplunk.so
#7  0x00007f942ae97dc8 in main () from /opt/splunk/lib/libsplunk.so

Thread 9 (Thread 0x7f6638de8979 (LWP 53609)):
#0  0x00007f3536e73815 in recv () from /lib64/libc.so.6
#1  0x00007f9e7911acde in TcpInputProcessor::readData () from /opt/splunk/lib/libsplunk.so
#2  0x00007fb9ab57d08a in TcpInputProcessor::run () from /opt/splunk/lib/libsplunk.so
#3  0x00007fa749264c29 in ThreadPool::dispatch () from /opt/splunk/lib/libsplunk.so
#4  0x00007f1545a913d4 in Splunkd::run () from /opt/splunk/lib/libsplunk.so
#5  0x00007f78956d52ff in main () from /opt/splunk/lib/libsplunk.so

Thread 10 (Thread 0x7f3e47772286 (LWP 53610)):
#0  0x00007f0613c4ef24 in FileSystem::copy () from /opt/splunk/lib/libsplunk.so
#1  0x00007f0a25a02d9e in BucketSync::syncBucket () from /opt/splunk/lib/libsplunk.so
#2  0x00007fd4df4b5f50 in ReplicationManager::replicate () from /opt/splunk/lib/libsplunk.so
#3  0x00007fea5368a78f in ClusterMaster::run () from /opt/splunk/lib/libsplunk.so
#4  0x00007f9c75b80e8a in ThreadPool::dispatch () from /opt/splunk/lib/libsplunk.so
#5  0x00007f155528bd04 in Splunkd::run () from /opt/splunk/lib/libsplunk.so
#6  0x00007ff1831c6034 in main () from /opt/splunk/lib/libsplunk.so

Thread 11 (Thread 0x7f871b2141b7 (LWP 53611)):
#0  0x00007fd46948be9b in recv () from /lib64/libc.so.6
#1  0x00007f98dc55b1b7 in TcpInputProcessor::readData () from /opt/splunk/lib/libsplunk.so
#2  0x00007fc694e250fe in TcpInputProcessor::run () from /opt/splunk/lib/libsplunk.so
#3  0x00007f4d27b011b9 in ThreadPool::dispatch () from /opt/splunk/lib/libsplunk.so
#4  0x00007f9d7d2aea43 in Splunkd::run () from /opt/splunk/lib/libsplunk.so
#5  0x00007f248229ba1c in main () from /opt/splunk/lib/libsplunk.so

Thread 12 (Thread 0x7fedf8827511 (LWP 53612)):
#0  0x00007f2fcbf759de in pthread_cond_wait () from /lib64/libpthread.so.0
#1  0x00007f01a11ad5b6 in SearchProcessor::waitForWork () from /opt/splunk/lib/libsplunk.so
#2  0x00007fe2bcda8b04 in SearchProcessor::run () from /opt/splunk/lib/libsplunk.so
#3  0x00007f37f03bd491 in ThreadPool::dispatch () from /opt/splunk/lib/libsplunk.so
#4  0x00007fcb2de1444f in Splunkd::run () from /opt/splunk/lib/libsplunk.so
#5  0x00007f10da0f1200 in main () from /opt/splunk/lib/libsplunk.so

Thread 13 (Thread 0x7fedba0723de (LWP 53613)):
#0  0x00007f5b50e680d6 in FileSystem::fsync () from /opt/splunk/lib/libsplunk.so
#1  0x00007f54b58a8621 in BucketWriter::write () from /opt/splunk/lib/libsplunk.so
#2  0x00007fdf509c8939 in IndexWriter::writeBlock () from /opt/splunk/lib/libsplunk.so
#3  0x00007f5053bad008 in IndexWriter::processData () from /opt/splunk/lib/libsplunk.so
#4  0x00007f2c14f99ca0 in IndexWriter::run () from /opt/splunk/lib/libsplunk.so
#5  0x00007f69c49a654b in ThreadPool::dispatch () from /opt/splunk/lib/libsplunk.so
#6  0x00007f0570360347 in Splunkd::run () from /opt/splunk/lib/libsplunk.so
#7  0x00007feb4b6fab68 in main () from /opt/splunk/lib/libsplunk.so

Thread 14 (Thread 0x7f834090123a (LWP 53614)):
#0  0x00007f691332c2e0 in HashTable::insert () from /opt/splunk/lib/libsplunk.so
#1  0x00007f6ef129d8fd in StatsProcessor::aggregate () from /opt/splunk/lib/libsplunk.so
#2  0x00007f0e708e6edb in SearchEvaluator::eval () from /opt/splunk/lib/libsplunk.so
#3  0x00007ff5e2624c85 in SearchProcessor::executeSearch () from /opt/splunk/lib/libsplunk.so
#4  0x00007fa66e57a9eb in SearchProcessor::run () from /opt/splunk/lib/libsplunk.so
#5  0x00007ff659ade644 in ThreadPool::dispatch () from /opt/splunk/lib/libsplunk.so
#6  0x00007f940185af14 in Splunkd::run () from /opt/splunk/lib/libsplunk.so
#7  0x00007f4402b00788 in main () from /opt/splunk/lib/libsplunk.so

Thread 15 (Thread 0x7f723a7a2d86 (LWP 53615)):
#0  0x00007f02b33516e6 in std::__introsort_loop () from /opt/splunk/lib/libsplunk.so
#1  0x00007f47a4b5473f in std::sort () from /opt/splunk/lib/libsplunk.so
#2  0x00007ff435ecf205 in SortProcessor::sort () from /opt/splunk/lib/libsplunk.so
#3  0x00007fa2ce3b1b43 in SearchEvaluator::eval () from /opt/splunk/lib/libsplunk.so
#4  0x00007ff1f55fcdb0 in SearchProcessor::executeSearch () from /opt/splunk/lib/libsplunk.so
#5  0x00007fd7b0ef9235 in SearchProcessor::run () from /opt/splunk/lib/libsplunk.so
#6  0x00007f58add51c9c in ThreadPool::dispatch () from /opt/splunk/lib/libsplunk.so
#7  0x00007f169868001a in Splunkd::run () from /opt/splunk/lib/libsplunk.so
#8  0x00007f227ed1c65d in main () from /opt/splunk/lib/libsplunk.so

Thread 16 (Thread 0x7f71108219b3 (LWP 53616)):
#0  0x00007fe6920db816 in SAML::validateToken () from /opt/splunk/lib/libsplunk.so
#1  0x00007fabfac15236 in AuthManager::authenticate () from /opt/splunk/lib/libsplunk.so
#2  0x00007f478ebc62f7 in RESTHandler::handlePOST () from /opt/splunk/lib/libsplunk.so
#3  0x00007f0e5956dbc7 in RESTHandler::dispatch () from /opt/splunk/lib/libsplunk.so
#4  0x00007fbbe8cb6016 in HTTPServer::handleRequest () from /opt/splunk/lib/libsplunk.so
#5  0x00007f503d12fc58 in HTTPServer::acceptLoop () from /opt/splunk/lib/libsplunk.so
#6  0x00007fbdae73a78d in Splunkd::run () from /opt/splunk/lib/libsplunk.so
#7  0x00007f39b0a7260e in main () from /opt/splunk/lib/libsplunk.so
