Thread 1 (Thread 0x7f3efe270384 (LWP 25901)):
#0  0x00007f7bc705d407 in LexerBase::tokenize () from /opt/splunk/lib/libsplunk.so
#1  0x00007f7d6a672807 in SearchParser::parse () from /opt/splunk/lib/libsplunk.so
#2  0x00007ff37f41ce06 in SearchProcessor::executeSearch () from /opt/splunk/lib/libsplunk.so
#3  0x00007fa0a9826a8d in SearchProcessor::run () from /opt/splunk/lib/libsplunk.so
#4  0x00007f3ed4f4c900 in ThreadPool::dispatch () from /opt/splunk/lib/libsplunk.so
#5  0x00007f12585929a8 in Splunkd::run () from /opt/splunk/lib/libsplunk.so
#6  0x00007f8d156caa89 in main () from /opt/splunk/lib/libsplunk.so

Thread 2 (Thread 0x7fe6ffbc738f (LWP 25902)):
#0  0x00007f47d76375bc in OpenSSL::SSL_read () from /opt/splunk/lib/libsplunk.so
#1  0x00007fca6775a7fc in SSLEngine::read () from /opt/splunk/lib/libsplunk.so
#2  0x00007f760fe7408e in HTTPServer::handleRequest () from /opt/splunk/lib/libsplunk.so
#3  0x00007f9f8beba8f6 in HTTPServer::acceptLoop () from /opt/splunk/lib/libsplunk.so
#4  0x00007f4edaa5317e in Splunkd::run () from /opt/splunk/lib/libsplunk.so
#5  0x00007fe92a19a504 in main () from /opt/splunk/lib/libsplunk.so

Thread 3 (Thread 0x7f53b57af048 (LWP 25903)):
#0  0x00007fc511df2036 in FileSystem::fsync () from /opt/splunk/lib/libsplunk.so
#1  0x00007f3cbd6bb236 in BucketWriter::write () from /opt/splunk/lib/libsplunk.so
#2  0x00007fc27b505622 in IndexWriter::writeBlock () from /opt/splunk/lib/libsplunk.so
#3  0x00007f11c26d99ab in IndexWriter::processData () from /opt/splunk/lib/libsplunk.so
#4  0x00007fd8b35d1b22 in IndexWriter::run () from /opt/splunk/lib/libsplunk.so
#5  0x00007f6b95727d8e in ThreadPool::dispatch () from /opt/splunk/lib/libsplunk.so
#6  0x00007f6a0fb5d1d6 in Splunkd::run () from /opt/splunk/lib/libsplunk.so
#7  0x00007f8982b43020 in main () from /opt/splunk/lib/libsplunk.so

Thread 4 (Thread 0x7fa654884eaf (LWP 25904)):
#0  0x00007fb692c92de9 in HashTable::insert () from /opt/splunk/lib/libsplunk.so
#1  0x00007f0f92af3e6b in StatsProcessor::aggregate () from /opt/splunk/lib/libsplunk.so
#2  0x00007fdf6a17e526 in SearchEvaluator::eval () from /opt/splunk/lib/libsplunk.so
#3  0x00007fe0371b6212 in SearchProcessor::executeSearch () from /opt/splunk/lib/libsplunk.so
#4  0x00007f247a027e49 in SearchProcessor::run () from /opt/splunk/lib/libsplunk.so
#5  0x00007ffb38898afa in ThreadPool::dispatch () from /opt/splunk/lib/libsplunk.so
#6  0x00007fd55763a621 in Splunkd::run () from /opt/splunk/lib/libsplunk.so
#7  0x00007f736078044c in main () from /opt/splunk/lib/libsplunk.so

Thread 5 (Thread 0x7f8a3734ceed (LWP 25905)):
#0  0x00007f8b0ced2196 in FileSystem::fsync () from /opt/splunk/lib/libsplunk.so
#1  0x00007fb803b44f53 in BucketWriter::write () from /opt/splunk/lib/libsplunk.so
#2  0x00007f65ecc1905c in IndexWriter::writeBlock () from /opt/splunk/lib/libsplunk.so
#3  0x00007fc764e3b6ec in IndexWriter::processData () from /opt/splunk/lib/libsplunk.so
#4  0x00007f8d0c82e3ce in IndexWriter::run () from /opt/splunk/lib/libsplunk.so
#5  0x00007fc25480eb97 in ThreadPool::dispatch () from /opt/splunk/lib/libsplunk.so
#6  0x00007f69f3ecaf75 in Splunkd::run () from /opt/splunk/lib/libsplunk.so
#7  0x00007f573ebd04e8 in main () from /opt/splunk/lib/libsplunk.so

Thread 6 (Thread 0x7f2e8c170531 (LWP 25906)):
#0  0x00007fc9bffa43b7 in LexerBase::tokenize () from /opt/splunk/lib/libsplunk.so
#1  0x00007ff8e788ac08 in SearchParser::parse () from /opt/splunk/lib/libsplunk.so
#2  0x00007fff7580064f in SearchProcessor::executeSearch () from /opt/splunk/lib/libsplunk.so
#3  0x00007f0ea89873b5 in SearchProcessor::run () from /opt/splunk/lib/libsplunk.so
#4  0x00007f39e5f8da67 in ThreadPool::dispatch () from /opt/splunk/lib/libsplunk.so
#5  0x00007fb13eb4bddb in Splunkd::run () from /opt/splunk/lib/libsplunk.so
#6  0x00007f2bead2d7f8 in main () from /opt/splunk/lib/libsplunk.so

Thread 7 (Thread 0x7ff8f5781a82 (LWP 25907)):
#0  0x00007fb99909a422 in pthread_cond_wait () from /lib64/libpthread.so.0
#1  0x00007fb843cc7c78 in SearchProcessor::waitForWork () from /opt/splunk/lib/libsplunk.so
#2  0x00007faec47870c9 in SearchProcessor::run () from /opt/splunk/lib/libsplunk.so
#3  0x00007fa40407c983 in ThreadPool::dispatch () from /opt/splunk/lib/libsplunk.so
#4  0x00007f25b5ce676e in Splunkd::run () from /opt/splunk/lib/libsplunk.so
#5  0x00007f2fb5c0b146 in main () from /opt/splunk/lib/libsplunk.so

Thread 8 (Thread 0x7f5f9c49822c (LWP 25908)):
#0  0x00007f89bf1f9438 in malloc () from /lib64/libc.so.6
#1  0x00007f9fc78076b9 in BTreeWriter::insert () from /opt/splunk/lib/libsplunk.so
#2  0x00007fc3ff928c31 in WiredTiger::cursor_insert () from /opt/splunk/lib/libsplunk.so
#3  0x00007f5565e8a26c in MongoDB::insert () from /opt/splunk/lib/libsplunk.so
#4  0x00007f46806e88d3 in KVStoreHandler::run () from /opt/splunk/lib/libsplunk.so
#5  0x00007fea37dd6b54 in ThreadPool::dispatch () from /opt/splunk/lib/libsplunk.so
#6  0x00007fd645407e35 in Splunkd::run () from /opt/splunk/lib/libsplunk.so
#7  0x00007fc4d5daff2b in main () from /opt/splunk/lib/libsplunk.so

Thread 9 (Thread 0x7f95c6da8e2d (LWP 25909)):
#0  0x00007f035b7c86a7 in poll () from /lib64/libc.so.6
#1  0x00007fc82a47d385 in TCPClient::connect () from /opt/splunk/lib/libsplunk.so
#2  0x00007f3c5f856746 in ReplicationManager::checkHealth () from /opt/splunk/lib/libsplunk.so
#3  0x00007f32cf56e607 in ClusterMaster::run () from /opt/splunk/lib/libsplunk.so
#4  0x00007f505a5cdd25 in ThreadPool::dispatch () from /opt/splunk/lib/libsplunk.so
#5  0x00007f5a2ebbff08 in Splunkd::run () from /opt/splunk/lib/libsplunk.so
#6  0x00007f183292fea4 in main () from /opt/splunk/lib/libsplunk.so

Thread 10 (Thread 0x7f95f56404a2 (LWP 25910)):
#0  0x00007f1074485534 in pthread_cond_wait () from /lib64/libpthread.so.0
#1  0x00007f5ef4780603 in IndexWriter::waitForData () from /opt/splunk/lib/libsplunk.so
#2  0x00007f01d0e12982 in IndexWriter::run () from /opt/splunk/lib/libsplunk.so
#3  0x00007f7ce99f2a06 in ThreadPool::dispatch () from /opt/splunk/lib/libsplunk.so
#4  0x00007f08f0aa1add in Splunkd::run () from /opt/splunk/lib/libsplunk.so
#5  0x00007f7c256199f1 in main () from /opt/splunk/lib/libsplunk.so

Thread 11 (Thread 0x7f8328fc0617 (LWP 25911)):
#0  0x00007fca7f7a87ac in FileSystem::unlink () from /opt/splunk/lib/libsplunk.so
#1  0x00007fc6a989c4a1 in BucketManager::evictBucket () from /opt/splunk/lib/libsplunk.so
#2  0x00007f6ca827f384 in MemoryManager::garbageCollect () from /opt/splunk/lib/libsplunk.so
#3  0x00007f323549b1c8 in MemoryManager::run () from /opt/splunk/lib/libsplunk.so
#4  0x00007f3f206e766e in Splunkd::run () from /opt/splunk/lib/libsplunk.so
#5  0x00007f62ecd54f23 in main () from /opt/splunk/lib/libsplunk.so

Thread 12 (Thread 0x7feda7474e3f (LWP 25912)):
#0  0x00007fd9f79df946 in HashTable::insert () from /opt/splunk/lib/libsplunk.so
#1  0x00007fe6ef734272 in StatsProcessor::aggregate () from /opt/splunk/lib/libsplunk.so
#2  0x00007fa02d0eaf43 in SearchEvaluator::eval () from /opt/splunk/lib/libsplunk.so
#3  0x00007f1120350659 in SearchProcessor::executeSearch () from /opt/splunk/lib/libsplunk.so
#4  0x00007fe90aa39f68 in SearchProcessor::run () from /opt/splunk/lib/libsplunk.so
#5  0x00007f256cfaccf8 in ThreadPool::dispatch () from /opt/splunk/lib/libsplunk.so
#6  0x00007f033b2c0667 in Splunkd::run () from /opt/splunk/lib/libsplunk.so
#7  0x00007f2cb6cd3b66 in main () from /opt/splunk/lib/libsplunk.so

Thread 13 (Thread 0x7f8d74d25494 (LWP 25913)):
#0  0x00007f5820fefa04 in zlib::compress () from /opt/splunk/lib/libsplunk.so
#1  0x00007fd5b4b100b1 in BucketWriter::write () from /opt/splunk/lib/libsplunk.so
#2  0x00007f07ff6940bc in IndexWriter::writeBlock () from /opt/splunk/lib/libsplunk.so
#3  0x00007ff49e6e9122 in IndexWriter::processData () from /opt/splunk/lib/libsplunk.so
#4  0x00007fb4fadeec88 in IndexWriter::run () from /opt/splunk/lib/libsplunk.so
#5  0x00007fef6419ee85 in ThreadPool::dispatch () from /opt/splunk/lib/libsplunk.so
#6  0x00007f7c6b9d7735 in Splunkd::run () from /opt/splunk/lib/libsplunk.so
#7  0x00007fec60038936 in main () from /opt/splunk/lib/libsplunk.so
