Thread 1 (Thread 0x7f76e9ac4130 (LWP 51501)):
#0  0x00007f9bd2687b9c in std::__introsort_loop () from /opt/splunk/lib/libsplunk.so
#1  0x00007fdca151d0ee in std::sort () from /opt/splunk/lib/libsplunk.so
#2  0x00007fc6dbec8e7b in SortProcessor::sort () from /opt/splunk/lib/libsplunk.so
#3  0x00007f23b94cd340 in SearchEvaluator::eval () from /opt/splunk/lib/libsplunk.so
#4  0x00007f857523d990 in SearchProcessor::executeSearch () from /opt/splunk/lib/libsplunk.so
#5  0x00007fc8061884c0 in SearchProcessor::run () from /opt/splunk/lib/libsplunk.so
#6  0x00007f4cb3bb7f84 in ThreadPool::dispatch () from /opt/splunk/lib/libsplunk.so
#7  0x00007f536ff3608a in Splunkd::run () from /opt/splunk/lib/libsplunk.so
#8  0x00007fbd934b3f1b in main () from /opt/splunk/lib/libsplunk.so

Thread 2 (Thread 0x7fef087565ca (LWP 51502)):
#0  0x00007ffa43881267 in FileSystem::copy () from /opt/splunk/lib/libsplunk.so
#1  0x00007f7234620588 in BucketSync::syncBucket () from /opt/splunk/lib/libsplunk.so
#2  0x00007f816aabcc37 in ReplicationManager::replicate () from /opt/splunk/lib/libsplunk.so
#3  0x00007f316dc63539 in ClusterMaster::run () from /opt/splunk/lib/libsplunk.so
#4  0x00007f012cd28ccc in ThreadPool::dispatch () from /opt/splunk/lib/libsplunk.so
#5  0x00007fcc87d298b7 in Splunkd::run () from /opt/splunk/lib/libsplunk.so
#6  0x00007f4734774b44 in main () from /opt/splunk/lib/libsplunk.so

Thread 3 (Thread 0x7f188c93c491 (LWP 51503)):
#0  0x00007f2375e03200 in recvfrom () from /lib64/libc.so.6
#1  0x00007fede47d2ffa in UDPInputProcessor::readData () from /opt/splunk/lib/libsplunk.so
#2  0x00007f877b6b52c2 in UDPInputProcessor::run () from /opt/splunk/lib/libsplunk.so
#3  0x00007f9459db9e80 in ThreadPool::dispatch () from /opt/splunk/lib/libsplunk.so
#4  0x00007f9ef7370382 in Splunkd::run () from /opt/splunk/lib/libsplunk.so
#5  0x00007f264521df2d in main () from /opt/splunk/lib/libsplunk.so

Thread 4 (Thread 0x7f1dda0dcc78 (LWP 51504)):
#0  0x00007f38f3035e45 in poll () from /lib64/libc.so.6
#1  0x00007f380894dc3f in TCPClient::connect () from /opt/splunk/lib/libsplunk.so
#2  0x00007f242fea4ea1 in ReplicationManager::checkHealth () from /opt/splunk/lib/libsplunk.so
#3  0x00007fc1d23bee35 in ClusterMaster::run () from /opt/splunk/lib/libsplunk.so
#4  0x00007ffe5de6297b in ThreadPool::dispatch () from /opt/splunk/lib/libsplunk.so
#5  0x00007fb7d3f99d38 in Splunkd::run () from /opt/splunk/lib/libsplunk.so
#6  0x00007f0b147038d3 in main () from /opt/splunk/lib/libsplunk.so

Thread 5 (Thread 0x7fa479c882b1 (LWP 51505)):
#0  0x00007f36a921f41c in pthread_cond_timedwait () from /lib64/libpthread.so.0
#1  0x00007f66bd72505c in Scheduler::waitForNextJob () from /opt/splunk/lib/libsplunk.so
#2  0x00007f99f74953bb in Scheduler::run () from /opt/splunk/lib/libsplunk.so
#3  0x00007f99ef7c2193 in Splunkd::run () from /opt/splunk/lib/libsplunk.so
#4  0x00007fd24d506148 in main () from /opt/splunk/lib/libsplunk.so

Thread 6 (Thread 0x7f405df6d27a (LWP 51506)):
#0  0x00007f02fcd7c7a8 in DateParser::parse () from /opt/splunk/lib/libsplunk.so
#1  0x00007fd33d8524f2 in TimestampExtractor::extract () from /opt/splunk/lib/libsplunk.so
#2  0x00007f5c20f10207 in IndexWriter::processData () from /opt/splunk/lib/libsplunk.so
#3  0x00007f9dbbe0d9b9 in IndexWriter::run () from /opt/splunk/lib/libsplunk.so
#4  0x00007fcc2e7f8941 in ThreadPool::dispatch () from /opt/splunk/lib/libsplunk.so
#5  0x00007fd73498f457 in Splunkd::run () from /opt/splunk/lib/libsplunk.so
#6  0x00007f2a269bc099 in main () from /opt/splunk/lib/libsplunk.so

Thread 7 (Thread 0x7f3212abff77 (LWP 51507)):
#0  0x00007f8cfd019f10 in FileSystem::unlink () from /opt/splunk/lib/libsplunk.so
#1  0x00007fb36ebe7a36 in BucketManager::evictBucket () from /opt/splunk/lib/libsplunk.so
#2  0x00007ff409a2d34c in MemoryManager::garbageCollect () from /opt/splunk/lib/libsplunk.so
#3  0x00007f2f24820cf0 in MemoryManager::run () from /opt/splunk/lib/libsplunk.so
#4  0x00007f344fc86e86 in Splunkd::run () from /opt/splunk/lib/libsplunk.so
#5  0x00007fc9d8ff3a12 in main () from /opt/splunk/lib/libsplunk.so

Thread 8 (Thread 0x7f80890482b0 (LWP 51508)):
#0  0x00007fffab5e22ae in std::__introsort_loop () from /opt/splunk/lib/libsplunk.so
#1  0x00007fa9b31bfff2 in std::sort () from /opt/splunk/lib/libsplunk.so
#2  0x00007f06ac82d6ae in SortProcessor::sort () from /opt/splunk/lib/libsplunk.so
#3  0x00007fdcfd1ff748 in SearchEvaluator::eval () from /opt/splunk/lib/libsplunk.so
#4  0x00007fb8aa3ae3dc in SearchProcessor::executeSearch () from /opt/splunk/lib/libsplunk.so
#5  0x00007f5d7623d6d0 in SearchProcessor::run () from /opt/splunk/lib/libsplunk.so
#6  0x00007f9d439a78fc in ThreadPool::dispatch () from /opt/splunk/lib/libsplunk.so
#7  0x00007f7c3f38bf60 in Splunkd::run () from /opt/splunk/lib/libsplunk.so
#8  0x00007fba5335caec in main () from /opt/splunk/lib/libsplunk.so

Thread 9 (Thread 0x7ffaebf28401 (LWP 51509)):
#0  0x00007fc45018c607 in FileSystem::copy () from /opt/splunk/lib/libsplunk.so
#1  0x00007f6c15a867d8 in BucketSync::syncBucket () from /opt/splunk/lib/libsplunk.so
#2  0x00007f8672767f5f in ReplicationManager::replicate () from /opt/splunk/lib/libsplunk.so
#3  0x00007f7e69015ce4 in ClusterMaster::run () from /opt/splunk/lib/libsplunk.so
#4  0x00007feac6693fcc in ThreadPool::dispatch () from /opt/splunk/lib/libsplunk.so
#5  0x00007f0357c40564 in Splunkd::run () from /opt/splunk/lib/libsplunk.so
#6  0x00007f0812c4e1bd in main () from /opt/splunk/lib/libsplunk.so

Thread 10 (Thread 0x7f3627203490 (LWP 51510)):
#0  0x00007fb0d87c87f8 in SAML::validateToken () from /opt/splunk/lib/libsplunk.so
#1  0x00007f47139a6fce in AuthManager::authenticate () from /opt/splunk/lib/libsplunk.so
#2  0x00007f528e6b7c08 in RESTHandler::handlePOST () from /opt/splunk/lib/libsplunk.so
#3  0x00007f9348436856 in RESTHandler::dispatch () from /opt/splunk/lib/libsplunk.so
#4  0x00007fb386d4ff18 in HTTPServer::handleRequest () from /opt/splunk/lib/libsplunk.so
#5  0x00007f19d7a357a9 in HTTPServer::acceptLoop () from /opt/splunk/lib/libsplunk.so
#6  0x00007fe91c1136b2 in Splunkd::run () from /opt/splunk/lib/libsplunk.so
#7  0x00007fb7abb85a2c in main () from /opt/splunk/lib/libsplunk.so

Thread 11 (Thread 0x7fad08a73b84 (LWP 51511)):
#0  0x00007f50969b5c86 in pthread_cond_wait () from /lib64/libpthread.so.0
#1  0x00007f90f6d1bc2c in IndexWriter::waitForData () from /opt/splunk/lib/libsplunk.so
#2  0x00007f607beaa2c4 in IndexWriter::run () from /opt/splunk/lib/libsplunk.so
#3  0x00007f00d85f1b93 in ThreadPool::dispatch () from /opt/splunk/lib/libsplunk.so
#4  0x00007f904f2e384b in Splunkd::run () from /opt/splunk/lib/libsplunk.so
#5  0x00007f60a25550ff in main () from /opt/splunk/lib/libsplunk.so

Thread 12 (Thread 0x7fd14b9f185c (LWP 51512)):
#0  0x00007f9ac9944357 in LDAP::bind () from /opt/splunk/lib/libsplunk.so
#1  0x00007f2e99846397 in AuthManager::authenticate () from /opt/splunk/lib/libsplunk.so
#2  0x00007fc15331bf33 in RESTHandler::handlePOST () from /opt/splunk/lib/libsplunk.so
#3  0x00007f6afee9586b in RESTHandler::dispatch () from /opt/splunk/lib/libsplunk.so
#4  0x00007f35d241a360 in HTTPServer::handleRequest () from /opt/splunk/lib/libsplunk.so
#5  0x00007ff5f764441b in HTTPServer::acceptLoop () from /opt/splunk/lib/libsplunk.so
#6  0x00007ff0bef1c3fa in Splunkd::run () from /opt/splunk/lib/libsplunk.so
#7  0x00007fa3df52701d in main () from /opt/splunk/lib/libsplunk.so

Thread 13 (Thread 0x7f86976e163b (LWP 51513)):
#0  0x00007ffce6fcf224 in HashTable::insert () from /opt/splunk/lib/libsplunk.so
#1  0x00007f6d870c804a in StatsProcessor::aggregate () from /opt/splunk/lib/libsplunk.so
#2  0x00007f825c64b980 in SearchEvaluator::eval () from /opt/splunk/lib/libsplunk.so
#3  0x00007f50637e3880 in SearchProcessor::executeSearch () from /opt/splunk/lib/libsplunk.so
#4  0x00007f985720c02b in SearchProcessor::run () from /opt/splunk/lib/libsplunk.so
#5  0x00007f16315d8eb4 in ThreadPool::dispatch () from /opt/splunk/lib/libsplunk.so
#6  0x00007f30a0fd8c3c in Splunkd::run () from /opt/splunk/lib/libsplunk.so
#7  0x00007f8bb2f1406e in main () from /opt/splunk/lib/libsplunk.so

Thread 14 (Thread 0x7fa50135c0dc (LWP 51514)):
#0  0x00007f50e816a899 in RegexMatcher::match () from /opt/splunk/lib/libsplunk.so
#1  0x00007f213d116f15 in LineBreaker::split () from /opt/splunk/lib/libsplunk.so
#2  0x00007fe76398f901 in IndexWriter::processData () from /opt/splunk/lib/libsplunk.so
#3  0x00007ff631b5eb7a in IndexWriter::run () from /opt/splunk/lib/libsplunk.so
#4  0x00007f725e3dde86 in ThreadPool::dispatch () from /opt/splunk/lib/libsplunk.so
#5  0x00007f5bc2efae80 in Splunkd::run () from /opt/splunk/lib/libsplunk.so
#6  0x00007f60a73f5f37 in main () from /opt/splunk/lib/libsplunk.so

Thread 15 (Thread 0x7f7f487efa9f (LWP 51515)):
#0  0x00007fd339b349a9 in LDAP::bind () from /opt/splunk/lib/libsplunk.so
#1  0x00007f7d69d986be in AuthManager::authenticate () from /opt/splunk/lib/libsplunk.so
#2  0x00007fbdf76f84f1 in RESTHandler::handlePOST () from /opt/splunk/lib/libsplunk.so
#3  0x00007ff224dfcadd in RESTHandler::dispatch () from /opt/splunk/lib/libsplunk.so
#4  0x00007f129f2b5831 in HTTPServer::handleRequest () from /opt/splunk/lib/libsplunk.so
#5  0x00007f1875f60a4a in HTTPServer::acceptLoop () from /opt/splunk/lib/libsplunk.so
#6  0x00007fd1f7f64edf in Splunkd::run () from /opt/splunk/lib/libsplunk.so
#7  0x00007fe38637ac15 in main () from /opt/splunk/lib/libsplunk.so
