Thread 1 (Thread 0x7f6e4d73232f (LWP 29701)):
#0  0x00007fc7129dfea7 in OpenSSL::SSL_read () from /opt/splunk/lib/libsplunk.so
#1  0x00007f678ba18fa6 in SSLEngine::read () from /opt/splunk/lib/libsplunk.so
#2  0x00007f909529765a in HTTPServer::handleRequest () from /opt/splunk/lib/libsplunk.so
#3  0x00007f45e51286b1 in HTTPServer::acceptLoop () from /opt/splunk/lib/libsplunk.so
#4  0x00007f2658884a7e in Splunkd::run () from /opt/splunk/lib/libsplunk.so
#5  0x00007f1c3fa803d4 in main () from /opt/splunk/lib/libsplunk.so

Thread 2 (Thread 0x7f5951c09a59 (LWP 29702)):
#0  0x00007fc58df07b1f in std::__introsort_loop () from /opt/splunk/lib/libsplunk.so
#1  0x00007f1c54e05677 in std::sort () from /opt/splunk/lib/libsplunk.so
#2  0x00007f13f87bec3a in SortProcessor::sort () from /opt/splunk/lib/libsplunk.so
#3  0x00007f51a101266e in SearchEvaluator::eval () from /opt/splunk/lib/libsplunk.so
#4  0x00007f8fb4a4de67 in SearchProcessor::executeSearch () from /opt/splunk/lib/libsplunk.so
#5  0x00007f818a2483fb in SearchProcessor::run () from /opt/splunk/lib/libsplunk.so
#6  0x00007f25c4ac345e in ThreadPool::dispatch () from /opt/splunk/lib/libsplunk.so
#7  0x00007f6bb2d58657 in Splunkd::run () from /opt/splunk/lib/libsplunk.so
#8  0x00007f0f6a73bd7a in main () from /opt/splunk/lib/libsplunk.so

Thread 3 (Thread 0x7f70ed891394 (LWP 29703)):
#0  0x00007f040d4f4b3f in std::__introsort_loop () from /opt/splunk/lib/libsplunk.so
#1  0x00007f639963483e in std::sort () from /opt/splunk/lib/libsplunk.so
#2  0x00007fc332e4f716 in SortProcessor::sort () from /opt/splunk/lib/libsplunk.so
#3  0x00007f6f15f436e2 in SearchEvaluator::eval () from /opt/splunk/lib/libsplunk.so
#4  0x00007fc958ca6ab9 in SearchProcessor::executeSearch () from /opt/splunk/lib/libsplunk.so
#5  0x00007f26eb5918be in SearchProcessor::run () from /opt/splunk/lib/libsplunk.so
#6  0x00007fc3c634af6b in ThreadPool::dispatch () from /opt/splunk/lib/libsplunk.so
#7  0x00007f80e64315a6 in Splunkd::run () from /opt/splunk/lib/libsplunk.so
#8  0x00007f62faf65bde in main () from /opt/splunk/lib/libsplunk.so

Thread 4 (Thread 0x7fe94cdac23f (LWP 29704)):
#0  0x00007fb356280f57 in pthread_cond_wait () from /lib64/libpthread.so.0
#1  0x00007f59736030f4 in SearchProcessor::waitForWork () from /opt/splunk/lib/libsplunk.so
#2  0x00007f06727922fe in SearchProcessor::run () from /opt/splunk/lib/libsplunk.so
#3  0x00007f82be161b36 in ThreadPool::dispatch () from /opt/splunk/lib/libsplunk.so
#4  0x00007f2572181960 in Splunkd::run () from /opt/splunk/lib/libsplunk.so
#5  0x00007f8facbcc1b2 in main () from /opt/splunk/lib/libsplunk.so

Thread 5 (Thread 0x7f4f9c609073 (LWP 29705)):
#0  0x00007f584425586f in FileSystem::unlink () from /opt/splunk/lib/libsplunk.so
#1  0x00007f3ec43bfa48 in BucketManager::evictBucket () from /opt/splunk/lib/libsplunk.so
#2  0x00007f25c212ca57 in MemoryManager::garbageCollect () from /opt/splunk/lib/libsplunk.so
#3  0x00007fa6d6f30ebb in MemoryManager::run () from /opt/splunk/lib/libsplunk.so
#4  0x00007f766ab295cd in Splunkd::run () from /opt/splunk/lib/libsplunk.so
#5  0x00007faa084db788 in main () from /opt/splunk/lib/libsplunk.so

Thread 6 (Thread 0x7f30f155319e (LWP 29706)):
#0  0x00007f4ccb2ed7c4 in JSONSerializer::serialize () from /opt/splunk/lib/libsplunk.so
#1  0x00007ff76ec5ff92 in RESTHandler::handleGET () from /opt/splunk/lib/libsplunk.so
#2  0x00007f826d43722b in RESTHandler::dispatch () from /opt/splunk/lib/libsplunk.so
#3  0x00007f122b54f1ac in HTTPServer::handleRequest () from /opt/splunk/lib/libsplunk.so
#4  0x00007fa3d9fe744a in HTTPServer::acceptLoop () from /opt/splunk/lib/libsplunk.so
#5  0x00007f9d41a5e90f in Splunkd::run () from /opt/splunk/lib/libsplunk.so
#6  0x00007f143dc326a2 in main () from /opt/splunk/lib/libsplunk.so

Thread 7 (Thread 0x7f090bd25c78 (LWP 29707)):
#0  0x00007f915f959c4c in inotify_read () from /lib64/libc.so.6
#1  0x00007f59cc6ea0b4 in FileMonitor::waitForChange () from /opt/splunk/lib/libsplunk.so
#2  0x00007f431eb7c5ec in FileMonitor::run () from /opt/splunk/lib/libsplunk.so
#3  0x00007f6fe39731e2 in ThreadPool::dispatch () from /opt/splunk/lib/libsplunk.so
#4  0x00007fb1ab7eaa14 in Splunkd::run () from /opt/splunk/lib/libsplunk.so
#5  0x00007f0d5ec18465 in main () from /opt/splunk/lib/libsplunk.so

Thread 8 (Thread 0x7fa8e24c4223 (LWP 29708)):
#0  0x00007f676d510c2a in PCRE::match () from /opt/splunk/lib/libsplunk.so
#1  0x00007fe12099f4d6 in FieldExtractor::extract () from /opt/splunk/lib/libsplunk.so
#2  0x00007fa706581713 in SearchEvaluator::eval () from /opt/splunk/lib/libsplunk.so
#3  0x00007f075f95d75e in SearchProcessor::executeSearch () from /opt/splunk/lib/libsplunk.so
#4  0x00007f86e4be5e5f in SearchProcessor::run () from /opt/splunk/lib/libsplunk.so
#5  0x00007fd66c54cfed in ThreadPool::dispatch () from /opt/splunk/lib/libsplunk.so
#6  0x00007f0c45e731e6 in Splunkd::run () from /opt/splunk/lib/libsplunk.so
#7  0x00007f45b0b9ea59 in main () from /opt/splunk/lib/libsplunk.so

Thread 9 (Thread 0x7ffcc3658baf (LWP 29709)):
#0  0x00007fa0b3948dbf in poll () from /lib64/libc.so.6
#1  0x00007fc9e5a1d266 in TCPClient::connect () from /opt/splunk/lib/libsplunk.so
#2  0x00007ff97d85d09f in ReplicationManager::checkHealth () from /opt/splunk/lib/libsplunk.so
#3  0x00007ffbb286c0de in ClusterMaster::run () from /opt/splunk/lib/libsplunk.so
#4  0x00007fe30f24a447 in ThreadPool::dispatch () from /opt/splunk/lib/libsplunk.so
#5  0x00007fe153ab19fe in Splunkd::run () from /opt/splunk/lib/libsplunk.so
#6  0x00007fc98c8a44dd in main () from /opt/splunk/lib/libsplunk.so

Thread 10 (Thread 0x7f30c4aff0ae (LWP 29710)):
#0  0x00007f2e7dc503b1 in AlertManager::fireAction () from /opt/splunk/lib/libsplunk.so
#1  0x00007f8f2938430a in AlertManager::checkTriggers () from /opt/splunk/lib/libsplunk.so
#2  0x00007fdcfb07b0af in Scheduler::dispatchJob () from /opt/splunk/lib/libsplunk.so
#3  0x00007f2548f43489 in Scheduler::run () from /opt/splunk/lib/libsplunk.so
#4  0x00007f8d3fb77291 in Splunkd::run () from /opt/splunk/lib/libsplunk.so
#5  0x00007f4bf897abd9 in main () from /opt/splunk/lib/libsplunk.so

Thread 11 (Thread 0x7f49ca417f47 (LWP 29711)):
#0  0x00007fd141f3f518 in read () from /lib64/libc.so.6
#1  0x00007fb990341290 in FileReader::read () from /opt/splunk/lib/libsplunk.so
#2  0x00007f1e93aa8c42 in FileMonitor::checkFiles () from /opt/splunk/lib/libsplunk.so
#3  0x00007ff0dd74598b in FileMonitor::run () from /opt/splunk/lib/libsplunk.so
#4  0x00007f209f165414 in ThreadPool::dispatch () from /opt/splunk/lib/libsplunk.so
#5  0x00007f945a49d51f in Splunkd::run () from /opt/splunk/lib/libsplunk.so
#6  0x00007f222181d582 in main () from /opt/splunk/lib/libsplunk.so

Thread 12 (Thread 0x7f91c3c3e3d1 (LWP 29712)):
#0  0x00007f51cc2d5305 in pthread_cond_timedwait () from /lib64/libpthread.so.0
#1  0x00007fd42a54b83e in ReplicationManager::waitForAck () from /opt/splunk/lib/libsplunk.so
#2  0x00007fd10e9c2062 in ClusterMaster::run () from /opt/splunk/lib/libsplunk.so
#3  0x00007feec23ca7b8 in ThreadPool::dispatch () from /opt/splunk/lib/libsplunk.so
#4  0x00007f3583c384ca in Splunkd::run () from /opt/splunk/lib/libsplunk.so
#5  0x00007f4a146d9fd3 in main () from /opt/splunk/lib/libsplunk.so

Thread 13 (Thread 0x7faa398f595c (LWP 29713)):
#0  0x00007f85dfd7aeed in pthread_cond_wait () from /lib64/libpthread.so.0
#1  0x00007f1ad4f0e9cf in IndexWriter::waitForData () from /opt/splunk/lib/libsplunk.so
#2  0x00007f08ff3c9857 in IndexWriter::run () from /opt/splunk/lib/libsplunk.so
#3  0x00007f58e146de5a in ThreadPool::dispatch () from /opt/splunk/lib/libsplunk.so
#4  0x00007f018523e6b9 in Splunkd::run () from /opt/splunk/lib/libsplunk.so
#5  0x00007fb4a1614028 in main () from /opt/splunk/lib/libsplunk.so

Thread 14 (Thread 0x7f107ca2ea33 (LWP 29714)):
#0  0x00007f2c05c1b7b6 in LDAP::bind () from /opt/splunk/lib/libsplunk.so
#1  0x00007fdd506a8515 in AuthManager::authenticate () from /opt/splunk/lib/libsplunk.so
#2  0x00007fb0936d372c in RESTHandler::handlePOST () from /opt/splunk/lib/libsplunk.so
#3  0x00007f03f350d438 in RESTHandler::dispatch () from /opt/splunk/lib/libsplunk.so
#4  0x00007f07a4d3f143 in HTTPServer::handleRequest () from /opt/splunk/lib/libsplunk.so
#5  0x00007f39abeae5cf in HTTPServer::acceptLoop () from /opt/splunk/lib/libsplunk.so
#6  0x00007ff242a6c55f in Splunkd::run () from /opt/splunk/lib/libsplunk.so
#7  0x00007f57c68e2848 in main () from /opt/splunk/lib/libsplunk.so

Thread 15 (Thread 0x7fa991ad7db3 (LWP 29715)):
#0  0x00007fac7eade0f8 in BTreeReader::search () from /opt/splunk/lib/libsplunk.so
#1  0x00007f475f6f6f81 in WiredTiger::cursor_search () from /opt/splunk/lib/libsplunk.so
#2  0x00007f019b6130d5 in MongoDB::find () from /opt/splunk/lib/libsplunk.so
#3  0x00007f8fe6d1a957 in KVStoreHandler::run () from /opt/splunk/lib/libsplunk.so
#4  0x00007f486e11cce3 in ThreadPool::dispatch () from /opt/splunk/lib/libsplunk.so
#5  0x00007fda3e8c79cc in Splunkd::run () from /opt/splunk/lib/libsplunk.so
#6  0x00007f6b7f2aad7c in main () from /opt/splunk/lib/libsplunk.so

Thread 16 (Thread 0x7f644a2b6a90 (LWP 29716)):
#0  0x00007f826ce7ed63 in epoll_wait () from /lib64/libc.so.6
#1  0x00007fee1de02518 in HTTPServer::acceptLoop () from /opt/splunk/lib/libsplunk.so
#2  0x00007f26447a59f5 in Splunkd::run () from /opt/splunk/lib/libsplunk.so
#3  0x00007f67805cc535 in main () from /opt/splunk/lib/libsplunk.so

Thread 17 (Thread 0x7f524a3b81f3 (LWP 29717)):
#0  0x00007ff1e248dbb6 in poll () from /lib64/libc.so.6
#1  0x00007fb527658963 in TCPClient::connect () from /opt/splunk/lib/libsplunk.so
#2  0x00007f960749a20a in ReplicationManager::checkHealth () from /opt/splunk/lib/libsplunk.so
#3  0x00007f01ac4bae3f in ClusterMaster::run () from /opt/splunk/lib/libsplunk.so
#4  0x00007fedba29123b in ThreadPool::dispatch () from /opt/splunk/lib/libsplunk.so
#5  0x00007f826efc7ad3 in Splunkd::run () from /opt/splunk/lib/libsplunk.so
#6  0x00007f52b8615420 in main () from /opt/splunk/lib/libsplunk.so
