Thread 1 (Thread 0x7f865e0859cd (LWP 18101)):
#0  0x00007ff5f9b41c43 in pthread_cond_wait () from /lib64/libpthread.so.0
#1  0x00007f1d5999c86f in MemoryManager::waitForThreshold () from /opt/splunk/lib/libsplunk.so
#2  0x00007f6e1137522f in MemoryManager::run () from /opt/splunk/lib/libsplunk.so
#3  0x00007ff8fc640217 in Splunkd::run () from /opt/splunk/lib/libsplunk.so
#4  0x00007f9f2b5b4241 in main () from /opt/splunk/lib/libsplunk.so

Thread 2 (Thread 0x7fd752497cc1 (LWP 18102)):
#0  0x00007f4d661f987e in FileSystem::copy () from /opt/splunk/lib/libsplunk.so
#1  0x00007faa81fa6f4d in BucketSync::syncBucket () from /opt/splunk/lib/libsplunk.so
#2  0x00007f5e70fadeec in ReplicationManager::replicate () from /opt/splunk/lib/libsplunk.so
#3  0x00007fc0407d1380 in ClusterMaster::run () from /opt/splunk/lib/libsplunk.so
#4  0x00007fd61a9ac0d9 in ThreadPool::dispatch () from /opt/splunk/lib/libsplunk.so
#5  0x00007fe4116a42ee in Splunkd::run () from /opt/splunk/lib/libsplunk.so
#6  0x00007fa57aa9eea7 in main () from /opt/splunk/lib/libsplunk.so

Thread 3 (Thread 0x7f1a4d7700eb (LWP 18103)):
#0  0x00007f33a33ddadf in WiredTiger::cursor_update () from /opt/splunk/lib/libsplunk.so
#1  0x00007f721a595c37 in MongoDB::update () from /opt/splunk/lib/libsplunk.so
#2  0x00007f1988ca11e1 in KVStoreHandler::run () from /opt/splunk/lib/libsplunk.so
#3  0x00007f8cfe338947 in ThreadPool::dispatch () from /opt/splunk/lib/libsplunk.so
#4  0x00007f8bd74a94b6 in Splunkd::run () from /opt/splunk/lib/libsplunk.so
#5  0x00007f5e27618d0a in main () from /opt/splunk/lib/libsplunk.so

Thread 4 (Thread 0x7f88d400e279 (LWP 18104)):
#0  0x00007fd84a69cdd5 in pthread_cond_wait () from /lib64/libpthread.so.0
#1  0x00007f1e5c19d177 in MongoDB::waitForOplog () from /opt/splunk/lib/libsplunk.so
#2  0x00007fe3564be9bd in KVStoreHandler::run () from /opt/splunk/lib/libsplunk.so
#3  0x00007fcabfe1043f in ThreadPool::dispatch () from /opt/splunk/lib/libsplunk.so
#4  0x00007f8fa8373955 in Splunkd::run () from /opt/splunk/lib/libsplunk.so
#5  0x00007f36ec579482 in main () from /opt/splunk/lib/libsplunk.so

Thread 5 (Thread 0x7ffa6e5f604b (LWP 18105)):
#0  0x00007fdf382209fb in HashTable::insert () from /opt/splunk/lib/libsplunk.so
#1  0x00007f81e563ad84 in StatsProcessor::aggregate () from /opt/splunk/lib/libsplunk.so
#2  0x00007f477818b93d in SearchEvaluator::eval () from /opt/splunk/lib/libsplunk.so
#3  0x00007fca3e7c4e64 in SearchProcessor::executeSearch () from /opt/splunk/lib/libsplunk.so
#4  0x00007f66bd177c51 in SearchProcessor::run () from /opt/splunk/lib/libsplunk.so
#5  0x00007f7deddcb962 in ThreadPool::dispatch () from /opt/splunk/lib/libsplunk.so
#6  0x00007f020803cfb4 in Splunkd::run () from /opt/splunk/lib/libsplunk.so
#7  0x00007f2d56f7828e in main () from /opt/splunk/lib/libsplunk.so

Thread 6 (Thread 0x7fda6af6c8b9 (LWP 18106)):
#0  0x00007f13ebc40dbc in LexerBase::tokenize () from /opt/splunk/lib/libsplunk.so
#1  0x00007f40683e514c in SearchParser::parse () from /opt/splunk/lib/libsplunk.so
#2  0x00007fcc44a5604f in SearchProcessor::executeSearch () from /opt/splunk/lib/libsplunk.so
#3  0x00007f2f191d08e1 in SearchProcessor::run () from /opt/splunk/lib/libsplunk.so
#4  0x00007fa17132f90f in ThreadPool::dispatch () from /opt/splunk/lib/libsplunk.so
#5  0x00007fb94784b84e in Splunkd::run () from /opt/splunk/lib/libsplunk.so
#6  0x00007f23c0833cbd in main () from /opt/splunk/lib/libsplunk.so

Thread 7 (Thread 0x7f8caafa1cfa (LWP 18107)):
#0  0x00007f704c75cec3 in HashTable::insert () from /opt/splunk/lib/libsplunk.so
#1  0x00007f9cb674f760 in StatsProcessor::aggregate () from /opt/splunk/lib/libsplunk.so
#2  0x00007f2816389285 in SearchEvaluator::eval () from /opt/splunk/lib/libsplunk.so
#3  0x00007f8ae5178ce7 in SearchProcessor::executeSearch () from /opt/splunk/lib/libsplunk.so
#4  0x00007f2a2efcd336 in SearchProcessor::run () from /opt/splunk/lib/libsplunk.so
#5  0x00007f25572c15f6 in ThreadPool::dispatch () from /opt/splunk/lib/libsplunk.so
#6  0x00007f51c109ce7f in Splunkd::run () from /opt/splunk/lib/libsplunk.so
#7  0x00007f1015db0d55 in main () from /opt/splunk/lib/libsplunk.so

Thread 8 (Thread 0x7f1685a25760 (LWP 18108)):
#0  0x00007f83fde7e09c in malloc () from /lib64/libc.so.6
#1  0x00007f60dd7ef186 in SearchProcessor::createSearch () from /opt/splunk/lib/libsplunk.so
#2  0x00007fa408947fe7 in Scheduler::dispatchJob () from /opt/splunk/lib/libsplunk.so
#3  0x00007fc8c0af4e47 in Scheduler::run () from /opt/splunk/lib/libsplunk.so
#4  0x00007f83d810f42c in Splunkd::run () from /opt/splunk/lib/libsplunk.so
#5  0x00007f31cea4e55e in main () from /opt/splunk/lib/libsplunk.so

Thread 9 (Thread 0x7f828f1bf04c (LWP 18109)):
#0  0x00007fe8f84fca18 in HashTable::insert () from /opt/splunk/lib/libsplunk.so
#1  0x00007f5b51f727d2 in StatsProcessor::aggregate () from /opt/splunk/lib/libsplunk.so
#2  0x00007f78eb92b14f in SearchEvaluator::eval () from /opt/splunk/lib/libsplunk.so
#3  0x00007fe12be16b18 in SearchProcessor::executeSearch () from /opt/splunk/lib/libsplunk.so
#4  0x00007f42ceadcc14 in SearchProcessor::run () from /opt/splunk/lib/libsplunk.so
#5  0x00007f9f1ced7785 in ThreadPool::dispatch () from /opt/splunk/lib/libsplunk.so
#6  0x00007fdee1b32c84 in Splunkd::run () from /opt/splunk/lib/libsplunk.so
#7  0x00007f1f1f6f6fa7 in main () from /opt/splunk/lib/libsplunk.so

Thread 10 (Thread 0x7fd8ca8e53f8 (LWP 18110)):
#0  0x00007f0df1fb08c5 in inotify_read () from /lib64/libc.so.6
#1  0x00007ffa4676a84d in FileMonitor::waitForChange () from /opt/splunk/lib/libsplunk.so
#2  0x00007f31f88fb63f in FileMonitor::run () from /opt/splunk/lib/libsplunk.so
#3  0x00007f98898e0aed in ThreadPool::dispatch () from /opt/splunk/lib/libsplunk.so
#4  0x00007fe7098e3990 in Splunkd::run () from /opt/splunk/lib/libsplunk.so
#5  0x00007fdcb0045032 in main () from /opt/splunk/lib/libsplunk.so

Thread 11 (Thread 0x7f1ce51e582e (LWP 18111)):
#0  0x00007f62ab5c518c in HashTable::insert () from /opt/splunk/lib/libsplunk.so
#1  0x00007f4b501674ab in StatsProcessor::aggregate () from /opt/splunk/lib/libsplunk.so
#2  0x00007f6a930e2d78 in SearchEvaluator::eval () from /opt/splunk/lib/libsplunk.so
#3  0x00007fc4b21201a2 in SearchProcessor::executeSearch () from /opt/splunk/lib/libsplunk.so
#4  0x00007f28c5200871 in SearchProcessor::run () from /opt/splunk/lib/libsplunk.so
#5  0x00007f7f8244bdf7 in ThreadPool::dispatch () from /opt/splunk/lib/libsplunk.so
#6  0x00007fa72ab8a3d0 in Splunkd::run () from /opt/splunk/lib/libsplunk.so
#7  0x00007f7fb188f805 in main () from /opt/splunk/lib/libsplunk.so

Thread 12 (Thread 0x7fefeb8e1d6a (LWP 18112)):
#0  0x00007f0263ce3ad3 in LexerBase::tokenize () from /opt/splunk/lib/libsplunk.so
#1  0x00007f8f15ce845f in SearchParser::parse () from /opt/splunk/lib/libsplunk.so
#2  0x00007f0a34450620 in SearchProcessor::executeSearch () from /opt/splunk/lib/libsplunk.so
#3  0x00007f6b448679cc in SearchProcessor::run () from /opt/splunk/lib/libsplunk.so
#4  0x00007f7ea0054fcf in ThreadPool::dispatch () from /opt/splunk/lib/libsplunk.so
#5  0x00007f0f9d90ec62 in Splunkd::run () from /opt/splunk/lib/libsplunk.so
#6  0x00007fa10bb85af8 in main () from /opt/splunk/lib/libsplunk.so

Thread 13 (Thread 0x7f4665258c4b (LWP 18113)):
#0  0x00007fbf19ff6dda in AlertManager::fireAction () from /opt/splunk/lib/libsplunk.so
#1  0x00007fc625c47444 in AlertManager::checkTriggers () from /opt/splunk/lib/libsplunk.so
#2  0x00007f4364fee4cb in Scheduler::dispatchJob () from /opt/splunk/lib/libsplunk.so
#3  0x00007f1927d0e8ef in Scheduler::run () from /opt/splunk/lib/libsplunk.so
#4  0x00007f8b7408f371 in Splunkd::run () from /opt/splunk/lib/libsplunk.so
#5  0x00007fcc5cd23f77 in main () from /opt/splunk/lib/libsplunk.so

Thread 14 (Thread 0x7fe78b881053 (LWP 18114)):
#0  0x00007f56893681b0 in OpenSSL::SSL_read () from /opt/splunk/lib/libsplunk.so
#1  0x00007f7566f0d030 in SSLEngine::read () from /opt/splunk/lib/libsplunk.so
#2  0x00007f09e637d810 in HTTPServer::handleRequest () from /opt/splunk/lib/libsplunk.so
#3  0x00007f67a64c04ee in HTTPServer::acceptLoop () from /opt/splunk/lib/libsplunk.so
#4  0x00007f4be9716b55 in Splunkd::run () from /opt/splunk/lib/libsplunk.so
#5  0x00007f257ca76863 in main () from /opt/splunk/lib/libsplunk.so

Thread 15 (Thread 0x7ff9eacd3edb (LWP 18115)):
#0  0x00007f0b2e19daba in recvfrom () from /lib64/libc.so.6
#1  0x00007f51052b8dba in UDPInputProcessor::readData () from /opt/splunk/lib/libsplunk.so
#2  0x00007fa9ad8fca42 in UDPInputProcessor::run () from /opt/splunk/lib/libsplunk.so
#3  0x00007fc33afc2d6b in ThreadPool::dispatch () from /opt/splunk/lib/libsplunk.so
#4  0x00007fe081c5078b in Splunkd::run () from /opt/splunk/lib/libsplunk.so
#5  0x00007f88508042c3 in main () from /opt/splunk/lib/libsplunk.so
