Thread 1 (Thread 0x7f6eac977443 (LWP 54601)):
#0  0x00007f92c41368d9 in pthread_cond_wait () from /lib64/libpthread.so.0
#1  0x00007f2999fa2a64 in IndexWriter::waitForData () from /opt/splunk/lib/libsplunk.so
#2  0x00007fe9f0136072 in IndexWriter::run () from /opt/splunk/lib/libsplunk.so
#3  0x00007fdc6ac640ad in ThreadPool::dispatch () from /opt/splunk/lib/libsplunk.so
#4  0x00007f52968b04a9 in Splunkd::run () from /opt/splunk/lib/libsplunk.so
#5  0x00007f512f8d1fd1 in main () from /opt/splunk/lib/libsplunk.so

Thread 2 (Thread 0x7f6b4aa55d21 (LWP 54602)):
#0  0x00007fb440174c3b in epoll_wait () from /lib64/libc.so.6
#1  0x00007fa6f10f91e0 in HTTPServer::acceptLoop () from /opt/splunk/lib/libsplunk.so
#2  0x00007fafc2199915 in Splunkd::run () from /opt/splunk/lib/libsplunk.so
#3  0x00007f3e8a16e1fc in main () from /opt/splunk/lib/libsplunk.so

Thread 3 (Thread 0x7f9e32abba33 (LWP 54603)):
#0  0x00007ff3172658e3 in FileSystem::copy () from /opt/splunk/lib/libsplunk.so
#1  0x00007f1f0095b2ca in BucketSync::syncBucket () from /opt/splunk/lib/libsplunk.so
#2  0x00007f9f0c28faf3 in ReplicationManager::replicate () from /opt/splunk/lib/libsplunk.so
#3  0x00007f6074d11731 in ClusterMaster::run () from /opt/splunk/lib/libsplunk.so
#4  0x00007f93d6353e34 in ThreadPool::dispatch () from /opt/splunk/lib/libsplunk.so
#5  0x00007f521e2beffd in Splunkd::run () from /opt/splunk/lib/libsplunk.so
#6  0x00007fdb2d8f7f5c in main () from /opt/splunk/lib/libsplunk.so

Thread 4 (Thread 0x7f2736732d61 (LWP 54604)):
#0  0x00007fd18adb56fc in epoll_wait () from /lib64/libc.so.6
#1  0x00007fcf4a3212c9 in HTTPServer::acceptLoop () from /opt/splunk/lib/libsplunk.so
#2  0x00007f2bc5381699 in Splunkd::run () from /opt/splunk/lib/libsplunk.so
#3  0x00007f1e034209c4 in main () from /opt/splunk/lib/libsplunk.so

Thread 5 (Thread 0x7f65d4f97143 (LWP 54605)):
#0  0x00007f97ce0c2c50 in pthread_cond_wait () from /lib64/libpthread.so.0
#1  0x00007f0cfbeb5041 in SearchProcessor::waitForWork () from /opt/splunk/lib/libsplunk.so
#2  0x00007fcf858d0999 in SearchProcessor::run () from /opt/splunk/lib/libsplunk.so
#3  0x00007fca6ac47979 in ThreadPool::dispatch () from /opt/splunk/lib/libsplunk.so
#4  0x00007f887b4c00c2 in Splunkd::run () from /opt/splunk/lib/libsplunk.so
#5  0x00007f7401c68651 in main () from /opt/splunk/lib/libsplunk.so

Thread 6 (Thread 0x7f9b662e9f41 (LWP 54606)):
#0  0x00007f46a8c64803 in PCRE::match () from /opt/splunk/lib/libsplunk.so
#1  0x00007fa7ab1e7408 in FieldExtractor::extract () from /opt/splunk/lib/libsplunk.so
#2  0x00007f40e8bae33c in SearchEvaluator::eval () from /opt/splunk/lib/libsplunk.so
#3  0x00007f89079058fe in SearchProcessor::executeSearch () from /opt/splunk/lib/libsplunk.so
#4  0x00007f6f536c707c in SearchProcessor::run () from /opt/splunk/lib/libsplunk.so
#5  0x00007f073368522b in ThreadPool::dispatch () from /opt/splunk/lib/libsplunk.so
#6  0x00007f8d2529ae6f in Splunkd::run () from /opt/splunk/lib/libsplunk.so
#7  0x00007f83041f8533 in main () from /opt/splunk/lib/libsplunk.so

Thread 7 (Thread 0x7f3b2d6fabb0 (LWP 54607)):
#0  0x00007f7d0ceb0839 in recv () from /lib64/libc.so.6
#1  0x00007f5557ecbd26 in TcpInputProcessor::readData () from /opt/splunk/lib/libsplunk.so
#2  0x00007f04e4ba3b46 in TcpInputProcessor::run () from /opt/splunk/lib/libsplunk.so
#3  0x00007f193c08961e in ThreadPool::dispatch () from /opt/splunk/lib/libsplunk.so
#4  0x00007fcf83dbf808 in Splunkd::run () from /opt/splunk/lib/libsplunk.so
#5  0x00007fbdd9ccac39 in main () from /opt/splunk/lib/libsplunk.so

Thread 8 (Thread 0x7f0b51a351cf (LWP 54608)):
#0  0x00007face99a9204 in pthread_cond_timedwait () from /lib64/libpthread.so.0
#1  0x00007fc461fdd4fd in ReplicationManager::waitForAck () from /opt/splunk/lib/libsplunk.so
#2  0x00007f066bb1db28 in ClusterMaster::run () from /opt/splunk/lib/libsplunk.so
#3  0x00007f666ebb8d5e in ThreadPool::dispatch () from /opt/splunk/lib/libsplunk.so
#4  0x00007f2ed5b41735 in Splunkd::run () from /opt/splunk/lib/libsplunk.so
#5  0x00007f7fec96d41f in main () from /opt/splunk/lib/libsplunk.so

Thread 9 (Thread 0x7fbcab9207d1 (LWP 54609)):
#0  0x00007f016446fced in pthread_cond_wait () from /lib64/libpthread.so.0
#1  0x00007fa97605472e in SearchProcessor::waitForWork () from /opt/splunk/lib/libsplunk.so
#2  0x00007fba2e9153c8 in SearchProcessor::run () from /opt/splunk/lib/libsplunk.so
#3  0x00007fe4891c4d9d in ThreadPool::dispatch () from /opt/splunk/lib/libsplunk.so
#4  0x00007f3dde58e8d8 in Splunkd::run () from /opt/splunk/lib/libsplunk.so
#5  0x00007fd7d4990bde in main () from /opt/splunk/lib/libsplunk.so

Thread 10 (Thread 0x7fb4e24a3e77 (LWP 54610)):
#0  0x00007fd8cc478a35 in zlib::compress () from /opt/splunk/lib/libsplunk.so
#1  0x00007f9d2f7a3bcc in BucketWriter::write () from /opt/splunk/lib/libsplunk.so
#2  0x00007fde865007d4 in IndexWriter::writeBlock () from /opt/splunk/lib/libsplunk.so
#3  0x00007f3bd4420b2d in IndexWriter::processData () from /opt/splunk/lib/libsplunk.so
#4  0x00007f3053d7028d in IndexWriter::run () from /opt/splunk/lib/libsplunk.so
#5  0x00007fa6b0355fb0 in ThreadPool::dispatch () from /opt/splunk/lib/libsplunk.so
#6  0x00007f9b905367e8 in Splunkd::run () from /opt/splunk/lib/libsplunk.so
#7  0x00007f49b41e4fef in main () from /opt/splunk/lib/libsplunk.so

Thread 11 (Thread 0x7f9b76ebfbe6 (LWP 54611)):
#0  0x00007fe663198a6d in zlib::compress () from /opt/splunk/lib/libsplunk.so
#1  0x00007fcfe9a195b0 in BucketWriter::write () from /opt/splunk/lib/libsplunk.so
#2  0x00007f2591c122bf in IndexWriter::writeBlock () from /opt/splunk/lib/libsplunk.so
#3  0x00007fe55c9d4ccc in IndexWriter::processData () from /opt/splunk/lib/libsplunk.so
#4  0x00007ff5e6ca7833 in IndexWriter::run () from /opt/splunk/lib/libsplunk.so
#5  0x00007f52acd2c106 in ThreadPool::dispatch () from /opt/splunk/lib/libsplunk.so
#6  0x00007f8c1013722c in Splunkd::run () from /opt/splunk/lib/libsplunk.so
#7  0x00007fbfb1ad7a8a in main () from /opt/splunk/lib/libsplunk.so

Thread 12 (Thread 0x7f5826141c87 (LWP 54612)):
#0  0x00007f5cb876978f in pthread_cond_timedwait () from /lib64/libpthread.so.0
#1  0x00007f96ca5191d3 in ReplicationManager::waitForAck () from /opt/splunk/lib/libsplunk.so
#2  0x00007fdd695232c1 in ClusterMaster::run () from /opt/splunk/lib/libsplunk.so
#3  0x00007f871ac8cc05 in ThreadPool::dispatch () from /opt/splunk/lib/libsplunk.so
#4  0x00007f7d64721d6d in Splunkd::run () from /opt/splunk/lib/libsplunk.so
#5  0x00007f02f516fd80 in main () from /opt/splunk/lib/libsplunk.so

Thread 13 (Thread 0x7f4cd87f54c8 (LWP 54613)):
#0  0x00007ff242b1e8e6 in zlib::compress () from /opt/splunk/lib/libsplunk.so
#1  0x00007f40a5b3533b in BucketWriter::write () from /opt/splunk/lib/libsplunk.so
#2  0x00007fbfeb5de59c in IndexWriter::writeBlock () from /opt/splunk/lib/libsplunk.so
#3  0x00007f7682aac883 in IndexWriter::processData () from /opt/splunk/lib/libsplunk.so
#4  0x00007f70cf7b9953 in IndexWriter::run () from /opt/splunk/lib/libsplunk.so
#5  0x00007f6257a0cec9 in ThreadPool::dispatch () from /opt/splunk/lib/libsplunk.so
#6  0x00007f810d539471 in Splunkd::run () from /opt/splunk/lib/libsplunk.so
#7  0x00007fb72beb5116 in main () from /opt/splunk/lib/libsplunk.so

Thread 14 (Thread 0x7f2cdebfbb6e (LWP 54614)):
#0  0x00007fdce450ec81 in PCRE::match () from /opt/splunk/lib/libsplunk.so
#1  0x00007f2445f38f21 in FieldExtractor::extract () from /opt/splunk/lib/libsplunk.so
#2  0x00007ff1c70a851d in SearchEvaluator::eval () from /opt/splunk/lib/libsplunk.so
#3  0x00007ff3a4617ec2 in SearchProcessor::executeSearch () from /opt/splunk/lib/libsplunk.so
#4  0x00007fa139d8a902 in SearchProcessor::run () from /opt/splunk/lib/libsplunk.so
#5  0x00007ff6e4b157a0 in ThreadPool::dispatch () from /opt/splunk/lib/libsplunk.so
#6  0x00007f4f2857c7e6 in Splunkd::run () from /opt/splunk/lib/libsplunk.so
#7  0x00007f1c8c0fd9d8 in main () from /opt/splunk/lib/libsplunk.so

Thread 15 (Thread 0x7f08e19e2028 (LWP 54615)):
#0  0x00007f983c4b8b8d in pthread_cond_wait () from /lib64/libpthread.so.0
#1  0x00007fd06a1ad68e in MemoryManager::waitForThreshold () from /opt/splunk/lib/libsplunk.so
#2  0x00007f13c44edf46 in MemoryManager::run () from /opt/splunk/lib/libsplunk.so
#3  0x00007f797b6b7429 in Splunkd::run () from /opt/splunk/lib/libsplunk.so
#4  0x00007f65da2ebdff in main () from /opt/splunk/lib/libsplunk.so

Thread 16 (Thread 0x7f731bd23c92 (LWP 54616)):
#0  0x00007f0511544a25 in PCRE::match () from /opt/splunk/lib/libsplunk.so
#1  0x00007ff777807e47 in FieldExtractor::extract () from /opt/splunk/lib/libsplunk.so
#2  0x00007f4ad9fa5877 in SearchEvaluator::eval () from /opt/splunk/lib/libsplunk.so
#3  0x00007fad313cbec0 in SearchProcessor::executeSearch () from /opt/splunk/lib/libsplunk.so
#4  0x00007fe4349b7b92 in SearchProcessor::run () from /opt/splunk/lib/libsplunk.so
#5  0x00007fc3bbcbaa72 in ThreadPool::dispatch () from /opt/splunk/lib/libsplunk.so
#6  0x00007f3fc13fb71d in Splunkd::run () from /opt/splunk/lib/libsplunk.so
#7  0x00007f213b804aa5 in main () from /opt/splunk/lib/libsplunk.so

Thread 17 (Thread 0x7f581af64fbc (LWP 54617)):
#0  0x00007f4feb49e92e in pthread_cond_wait () from /lib64/libpthread.so.0
#1  0x00007f2a3edcf1d0 in IndexWriter::waitForData () from /opt/splunk/lib/libsplunk.so
#2  0x00007fb577bc21c9 in IndexWriter::run () from /opt/splunk/lib/libsplunk.so
#3  0x00007f095499fe9b in ThreadPool::dispatch () from /opt/splunk/lib/libsplunk.so
#4  0x00007fa1103ca527 in Splunkd::run () from /opt/splunk/lib/libsplunk.so
#5  0x00007f143651307e in main () from /opt/splunk/lib/libsplunk.so

Thread 18 (Thread 0x7fdc30cbce4e (LWP 54618)):
#0  0x00007fccb9ba4d19 in pthread_cond_wait () from /lib64/libpthread.so.0
#1  0x00007f5513c65704 in MongoDB::waitForOplog () from /opt/splunk/lib/libsplunk.so
#2  0x00007f90312226ca in KVStoreHandler::run () from /opt/splunk/lib/libsplunk.so
#3  0x00007fd9b1ab6b15 in ThreadPool::dispatch () from /opt/splunk/lib/libsplunk.so
#4  0x00007ff99fd74af2 in Splunkd::run () from /opt/splunk/lib/libsplunk.so
#5  0x00007f717eb66ec9 in main () from /opt/splunk/lib/libsplunk.so
