Thread 1 (Thread 0x7f69992f9011 (LWP 24501)):
#0  0x00007fc018b408f6 in read () from /lib64/libc.so.6
#1  0x00007fec4bad4f6b in FileReader::read () from /opt/splunk/lib/libsplunk.so
#2  0x00007fa50adf2ea6 in FileMonitor::checkFiles () from /opt/splunk/lib/libsplunk.so
#3  0x00007f83b3b12957 in FileMonitor::run () from /opt/splunk/lib/libsplunk.so
#4  0x00007fadee75c52f in ThreadPool::dispatch () from /opt/splunk/lib/libsplunk.so
#5  0x00007fd19f26ba1e in Splunkd::run () from /opt/splunk/lib/libsplunk.so
#6  0x00007fe9b92d3f1a in main () from /opt/splunk/lib/libsplunk.so

Thread 2 (Thread 0x7fb824046de8 (LWP 24502)):
#0  0x00007f0a94fa64de in recvfrom () from /lib64/libc.so.6
#1  0x00007fb2c39050c0 in UDPInputProcessor::readData () from /opt/splunk/lib/libsplunk.so
#2  0x00007f16c163c633 in UDPInputProcessor::run () from /opt/splunk/lib/libsplunk.so
#3  0x00007f0f14a0141d in ThreadPool::dispatch () from /opt/splunk/lib/libsplunk.so
#4  0x00007fdc4f3db5ab in Splunkd::run () from /opt/splunk/lib/libsplunk.so
#5  0x00007f2c6cea3f3a in main () from /opt/splunk/lib/libsplunk.so

Thread 3 (Thread 0x7fb264536ee2 (LWP 24503)):
#0  0x00007f5d599a3df5 in DateParser::parse () from /opt/splunk/lib/libsplunk.so
#1  0x00007fe24c582922 in TimestampExtractor::extract () from /opt/splunk/lib/libsplunk.so
#2  0x00007fa1b41ac0f9 in IndexWriter::processData () from /opt/splunk/lib/libsplunk.so
#3  0x00007fd9a13d2c17 in IndexWriter::run () from /opt/splunk/lib/libsplunk.so
#4  0x00007ff1d9b5b0c9 in ThreadPool::dispatch () from /opt/splunk/lib/libsplunk.so
#5  0x00007f5977196270 in Splunkd::run () from /opt/splunk/lib/libsplunk.so
#6  0x00007f60ce2412f6 in main () from /opt/splunk/lib/libsplunk.so

Thread 4 (Thread 0x7fce37be9108 (LWP 24504)):
#0  0x00007fd4c86da064 in pthread_cond_wait () from /lib64/libpthread.so.0
#1  0x00007f2b52343821 in SearchProcessor::waitForWork () from /opt/splunk/lib/libsplunk.so
#2  0x00007f271a0206a3 in SearchProcessor::run () from /opt/splunk/lib/libsplunk.so
#3  0x00007fe884007e2a in ThreadPool::dispatch () from /opt/splunk/lib/libsplunk.so
#4  0x00007fddbbf10f82 in Splunkd::run () from /opt/splunk/lib/libsplunk.so
#5  0x00007f9c08078b2c in main () from /opt/splunk/lib/libsplunk.so

Thread 5 (Thread 0x7f5939c08d2f (LWP 24505)):
#0  0x00007fd17d972d1f in poll () from /lib64/libc.so.6
#1  0x00007fb0c8c8484f in TCPClient::connect () from /opt/splunk/lib/libsplunk.so
#2  0x00007f6452320780 in ReplicationManager::checkHealth () from /opt/splunk/lib/libsplunk.so
#3  0x00007f23a8c23a3d in ClusterMaster::run () from /opt/splunk/lib/libsplunk.so
#4  0x00007f900ea834c5 in ThreadPool::dispatch () from /opt/splunk/lib/libsplunk.so
#5  0x00007f8ac4aa46d2 in Splunkd::run () from /opt/splunk/lib/libsplunk.so
#6  0x00007f2500498249 in main () from /opt/splunk/lib/libsplunk.so

Thread 6 (Thread 0x7f8df8210bdf (LWP 24506)):
#0  0x00007f276570eef5 in malloc () from /lib64/libc.so.6
#1  0x00007f6676b7b81d in BTreeWriter::insert () from /opt/splunk/lib/libsplunk.so
#2  0x00007f0e0b9dfb9e in WiredTiger::cursor_insert () from /opt/splunk/lib/libsplunk.so
#3  0x00007fb743ada08c in MongoDB::insert () from /opt/splunk/lib/libsplunk.so
#4  0x00007f84b1888bd5 in KVStoreHandler::run () from /opt/splunk/lib/libsplunk.so
#5  0x00007fb353152c24 in ThreadPool::dispatch () from /opt/splunk/lib/libsplunk.so
#6  0x00007fa719163494 in Splunkd::run () from /opt/splunk/lib/libsplunk.so
#7  0x00007ffcd76a31d2 in main () from /opt/splunk/lib/libsplunk.so

Thread 7 (Thread 0x7f15b7b7a52e (LWP 24507)):
#0  0x00007ffbcbd49694 in epoll_wait () from /lib64/libc.so.6
#1  0x00007f0675a1d43a in HTTPServer::acceptLoop () from /opt/splunk/lib/libsplunk.so
#2  0x00007fcd052fdc46 in Splunkd::run () from /opt/splunk/lib/libsplunk.so
#3  0x00007fbab7eb701f in main () from /opt/splunk/lib/libsplunk.so

Thread 8 (Thread 0x7ffbb45c0ca8 (LWP 24508)):
#0  0x00007f2430aaeb24 in DateParser::parse () from /opt/splunk/lib/libsplunk.so
#1  0x00007ff9c0664315 in TimestampExtractor::extract () from /opt/splunk/lib/libsplunk.so
#2  0x00007f642c7bc330 in IndexWriter::processData () from /opt/splunk/lib/libsplunk.so
#3  0x00007f70c6b99f86 in IndexWriter::run () from /opt/splunk/lib/libsplunk.so
#4  0x00007fc9484ac4c6 in ThreadPool::dispatch () from /opt/splunk/lib/libsplunk.so
#5  0x00007f27c3ca8850 in Splunkd::run () from /opt/splunk/lib/libsplunk.so
#6  0x00007f4b6ccc4bb1 in main () from /opt/splunk/lib/libsplunk.so

Thread 9 (Thread 0x7f1291cdbc3c (LWP 24509)):
#0  0x00007f9aff19a44f in pthread_cond_wait () from /lib64/libpthread.so.0
#1  0x00007f0654956cc5 in SearchProcessor::waitForWork () from /opt/splunk/lib/libsplunk.so
#2  0x00007f04a3848123 in SearchProcessor::run () from /opt/splunk/lib/libsplunk.so
#3  0x00007ff83dfcef1d in ThreadPool::dispatch () from /opt/splunk/lib/libsplunk.so
#4  0x00007f98c0d03db6 in Splunkd::run () from /opt/splunk/lib/libsplunk.so
#5  0x00007f79f4fe702d in main () from /opt/splunk/lib/libsplunk.so

Thread 10 (Thread 0x7ffc91b04bdb (LWP 24510)):
#0  0x00007f38a55a37d7 in BTreeReader::search () from /opt/splunk/lib/libsplunk.so
#1  0x00007fdfdd37bea1 in WiredTiger::cursor_search () from /opt/splunk/lib/libsplunk.so
#2  0x00007f7f51064d1a in MongoDB::find () from /opt/splunk/lib/libsplunk.so
#3  0x00007f1bdff3331a in KVStoreHandler::run () from /opt/splunk/lib/libsplunk.so
#4  0x00007f90516420fd in ThreadPool::dispatch () from /opt/splunk/lib/libsplunk.so
#5  0x00007f07f0e7cc34 in Splunkd::run () from /opt/splunk/lib/libsplunk.so
#6  0x00007fa52f192840 in main () from /opt/splunk/lib/libsplunk.so

Thread 11 (Thread 0x7fe8ed8b4294 (LWP 24511)):
#0  0x00007f399600653f in recv () from /lib64/libc.so.6
#1  0x00007fc284ceb382 in TcpInputProcessor::readData () from /opt/splunk/lib/libsplunk.so
#2  0x00007f5013214caa in TcpInputProcessor::run () from /opt/splunk/lib/libsplunk.so
#3  0x00007f4bf41b8375 in ThreadPool::dispatch () from /opt/splunk/lib/libsplunk.so
#4  0x00007f80fa7ccbf7 in Splunkd::run () from /opt/splunk/lib/libsplunk.so
#5  0x00007f056032eb70 in main () from /opt/splunk/lib/libsplunk.so

Thread 12 (Thread 0x7faa7b5fe5ba (LWP 24512)):
#0  0x00007f8189571ba6 in RegexMatcher::match () from /opt/splunk/lib/libsplunk.so
#1  0x00007f0a9903e9b2 in LineBreaker::split () from /opt/splunk/lib/libsplunk.so
#2  0x00007f4f91a09eba in IndexWriter::processData () from /opt/splunk/lib/libsplunk.so
#3  0x00007f4e9072f756 in IndexWriter::run () from /opt/splunk/lib/libsplunk.so
#4  0x00007fbc0a57f31c in ThreadPool::dispatch () from /opt/splunk/lib/libsplunk.so
#5  0x00007ff7483fe3db in Splunkd::run () from /opt/splunk/lib/libsplunk.so
#6  0x00007fde59174f44 in main () from /opt/splunk/lib/libsplunk.so

Thread 13 (Thread 0x7ffea9de054d (LWP 24513)):
#0  0x00007ff3255aa2ea in std::__introsort_loop () from /opt/splunk/lib/libsplunk.so
#1  0x00007f53b363d573 in std::sort () from /opt/splunk/lib/libsplunk.so
#2  0x00007fa187fdabb9 in SortProcessor::sort () from /opt/splunk/lib/libsplunk.so
#3  0x00007fbcfab712ba in SearchEvaluator::eval () from /opt/splunk/lib/libsplunk.so
#4  0x00007fc216e114f3 in SearchProcessor::executeSearch () from /opt/splunk/lib/libsplunk.so
#5  0x00007f175e12036f in SearchProcessor::run () from /opt/splunk/lib/libsplunk.so
#6  0x00007f703a562486 in ThreadPool::dispatch () from /opt/splunk/lib/libsplunk.so
#7  0x00007fc927c48a38 in Splunkd::run () from /opt/splunk/lib/libsplunk.so
#8  0x00007faf70a43fda in main () from /opt/splunk/lib/libsplunk.so
