Thread 1 (Thread 0x7f01aa0ed8fe (LWP 11301)):
#0  0x00007fcf0f842236 in malloc () from /lib64/libc.so.6
#1  0x00007feaf9bd4266 in SearchProcessor::createSearch () from /opt/splunk/lib/libsplunk.so
#2  0x00007f6bc3054381 in Scheduler::dispatchJob () from /opt/splunk/lib/libsplunk.so
#3  0x00007f5b62bff860 in Scheduler::run () from /opt/splunk/lib/libsplunk.so
#4  0x00007fe6fabbfddf in Splunkd::run () from /opt/splunk/lib/libsplunk.so
#5  0x00007fa982044123 in main () from /opt/splunk/lib/libsplunk.so

Thread 2 (Thread 0x7f40437bcf07 (LWP 11302)):
#0  0x00007f62f89369fd in WiredTiger::cursor_update () from /opt/splunk/lib/libsplunk.so
#1  0x00007f3fda6ddfac in MongoDB::update () from /opt/splunk/lib/libsplunk.so
#2  0x00007fb51dd327d2 in KVStoreHandler::run () from /opt/splunk/lib/libsplunk.so
#3  0x00007fb97180f0c0 in ThreadPool::dispatch () from /opt/splunk/lib/libsplunk.so
#4  0x00007f9aee8b793d in Splunkd::run () from /opt/splunk/lib/libsplunk.so
#5  0x00007f47f7d945cc in main () from /opt/splunk/lib/libsplunk.so

Thread 3 (Thread 0x7fbf307ad10f (LWP 11303)):
#0  0x00007fe626f056e1 in OpenSSL::SSL_read () from /opt/splunk/lib/libsplunk.so
#1  0x00007fe766a723fa in SSLEngine::read () from /opt/splunk/lib/libsplunk.so
#2  0x00007fbf57136466 in HTTPServer::handleRequest () from /opt/splunk/lib/libsplunk.so
#3  0x00007f3bd642cd16 in HTTPServer::acceptLoop () from /opt/splunk/lib/libsplunk.so
#4  0x00007fc406a2bb27 in Splunkd::run () from /opt/splunk/lib/libsplunk.so
#5  0x00007f94c25cc84d in main () from /opt/splunk/lib/libsplunk.so

Thread 4 (Thread 0x7fda2567080e (LWP 11304)):
#0  0x00007fbbd6ae951d in LDAP::bind () from /opt/splunk/lib/libsplunk.so
#1  0x00007fd3b5793e68 in AuthManager::authenticate () from /opt/splunk/lib/libsplunk.so
#2  0x00007fbda3de671a in RESTHandler::handlePOST () from /opt/splunk/lib/libsplunk.so
#3  0x00007fdc303dfd6e in RESTHandler::dispatch () from /opt/splunk/lib/libsplunk.so
#4  0x00007fb663f56aab in HTTPServer::handleRequest () from /opt/splunk/lib/libsplunk.so
#5  0x00007f61b1e783e3 in HTTPServer::acceptLoop () from /opt/splunk/lib/libsplunk.so
#6  0x00007f4668179436 in Splunkd::run () from /opt/splunk/lib/libsplunk.so
#7  0x00007fb9e7e588d7 in main () from /opt/splunk/lib/libsplunk.so

Thread 5 (Thread 0x7f20293c7c4a (LWP 11305)):
#0  0x00007fc28010d5a0 in pthread_cond_wait () from /lib64/libpthread.so.0
#1  0x00007fd6bfa2e2c3 in SearchProcessor::waitForWork () from /opt/splunk/lib/libsplunk.so
#2  0x00007f93b7222e4d in SearchProcessor::run () from /opt/splunk/lib/libsplunk.so
#3  0x00007f9edf6420ae in ThreadPool::dispatch () from /opt/splunk/lib/libsplunk.so
#4  0x00007f499ef408d0 in Splunkd::run () from /opt/splunk/lib/libsplunk.so
#5  0x00007f959055b26f in main () from /opt/splunk/lib/libsplunk.so

Thread 6 (Thread 0x7fcce6e1538e (LWP 11306)):
#0  0x00007fa202e53830 in recvfrom () from /lib64/libc.so.6
#1  0x00007fc106850dd6 in UDPInputProcessor::readData () from /opt/splunk/lib/libsplunk.so
#2  0x00007f4b7eb95d1f in UDPInputProcessor::run () from /opt/splunk/lib/libsplunk.so
#3  0x00007f625dfbed90 in ThreadPool::dispatch () from /opt/splunk/lib/libsplunk.so
#4  0x00007f2c2804deb7 in Splunkd::run () from /opt/splunk/lib/libsplunk.so
#5  0x00007fef57b74aa7 in main () from /opt/splunk/lib/libsplunk.so

Thread 7 (Thread 0x7fad9c0b24e3 (LWP 11307)):
#0  0x00007f449a8dfc13 in read () from /lib64/libc.so.6
#1  0x00007f58951ed112 in OpenSSL::SSL_read () from /opt/splunk/lib/libsplunk.so
#2  0x00007f60f2279982 in SSLEngine::read () from /opt/splunk/lib/libsplunk.so
#3  0x00007f0f0f04e046 in TcpInputProcessor::readData () from /opt/splunk/lib/libsplunk.so
#4  0x00007f9027866805 in TcpInputProcessor::run () from /opt/splunk/lib/libsplunk.so
#5  0x00007fb86c76f24b in ThreadPool::dispatch () from /opt/splunk/lib/libsplunk.so
#6  0x00007f9566d15811 in Splunkd::run () from /opt/splunk/lib/libsplunk.so
#7  0x00007f346336a314 in main () from /opt/splunk/lib/libsplunk.so

Thread 8 (Thread 0x7f4621ef00bc (LWP 11308)):
#0  0x00007fb46dd8c1b9 in HashTable::insert () from /opt/splunk/lib/libsplunk.so
#1  0x00007facc9fea4cb in StatsProcessor::aggregate () from /opt/splunk/lib/libsplunk.so
#2  0x00007fbfbb4b4fae in SearchEvaluator::eval () from /opt/splunk/lib/libsplunk.so
#3  0x00007f56e02f0ade in SearchProcessor::executeSearch () from /opt/splunk/lib/libsplunk.so
#4  0x00007fb279332891 in SearchProcessor::run () from /opt/splunk/lib/libsplunk.so
#5  0x00007fe5aa240a54 in ThreadPool::dispatch () from /opt/splunk/lib/libsplunk.so
#6  0x00007f8b43cf96b1 in Splunkd::run () from /opt/splunk/lib/libsplunk.so
#7  0x00007f801c4c8c58 in main () from /opt/splunk/lib/libsplunk.so

Thread 9 (Thread 0x7f4b7059ff63 (LWP 11309)):
#0  0x00007f560681b201 in pthread_cond_wait () from /lib64/libpthread.so.0
#1  0x00007f5bc8710093 in IndexWriter::waitForData () from /opt/splunk/lib/libsplunk.so
#2  0x00007f9e425da0cf in IndexWriter::run () from /opt/splunk/lib/libsplunk.so
#3  0x00007f652b493e91 in ThreadPool::dispatch () from /opt/splunk/lib/libsplunk.so
#4  0x00007fa608d60330 in Splunkd::run () from /opt/splunk/lib/libsplunk.so
#5  0x00007f1b17849723 in main () from /opt/splunk/lib/libsplunk.so

Thread 10 (Thread 0x7fc580a8fe8a (LWP 11310)):
#0  0x00007fb8efdcf7c9 in pthread_cond_wait () from /lib64/libpthread.so.0
#1  0x00007f98e63d9290 in IndexWriter::waitForData () from /opt/splunk/lib/libsplunk.so
#2  0x00007fe6a126be0c in IndexWriter::run () from /opt/splunk/lib/libsplunk.so
#3  0x00007fe5c36ffa3a in ThreadPool::dispatch () from /opt/splunk/lib/libsplunk.so
#4  0x00007f7f3238d78e in Splunkd::run () from /opt/splunk/lib/libsplunk.so
#5  0x00007f798b446d23 in main () from /opt/splunk/lib/libsplunk.so

Thread 11 (Thread 0x7f9f7064d5f7 (LWP 11311)):
#0  0x00007f48e0b21a71 in RegexMatcher::match () from /opt/splunk/lib/libsplunk.so
#1  0x00007f5b9cd885d8 in LineBreaker::split () from /opt/splunk/lib/libsplunk.so
#2  0x00007f1152674dab in IndexWriter::processData () from /opt/splunk/lib/libsplunk.so
#3  0x00007f20c7ed5f06 in IndexWriter::run () from /opt/splunk/lib/libsplunk.so
#4  0x00007fc6302fff27 in ThreadPool::dispatch () from /opt/splunk/lib/libsplunk.so
#5  0x00007f1d0e400bfb in Splunkd::run () from /opt/splunk/lib/libsplunk.so
#6  0x00007fcc168b414b in main () from /opt/splunk/lib/libsplunk.so

Thread 12 (Thread 0x7f1ed21532ed (LWP 11312)):
#0  0x00007f14042ccdc6 in pthread_cond_wait () from /lib64/libpthread.so.0
#1  0x00007f7e499a2f73 in IndexWriter::waitForData () from /opt/splunk/lib/libsplunk.so
#2  0x00007ffa3079eb1d in IndexWriter::run () from /opt/splunk/lib/libsplunk.so
#3  0x00007f7842d54d7f in ThreadPool::dispatch () from /opt/splunk/lib/libsplunk.so
#4  0x00007f8fa3e03956 in Splunkd::run () from /opt/splunk/lib/libsplunk.so
#5  0x00007fd9bbb00e62 in main () from /opt/splunk/lib/libsplunk.so

Thread 13 (Thread 0x7f17a92b3683 (LWP 11313)):
#0  0x00007fba30073fe7 in SAML::validateToken () from /opt/splunk/lib/libsplunk.so
#1  0x00007f04a4dcfaf6 in AuthManager::authenticate () from /opt/splunk/lib/libsplunk.so
#2  0x00007f3e8707a7d0 in RESTHandler::handlePOST () from /opt/splunk/lib/libsplunk.so
#3  0x00007f2d5de3ac75 in RESTHandler::dispatch () from /opt/splunk/lib/libsplunk.so
#4  0x00007f20b8ff3029 in HTTPServer::handleRequest () from /opt/splunk/lib/libsplunk.so
#5  0x00007f8316621ce6 in HTTPServer::acceptLoop () from /opt/splunk/lib/libsplunk.so
#6  0x00007f8d80b0fa86 in Splunkd::run () from /opt/splunk/lib/libsplunk.so
#7  0x00007fc8ce0d9c3d in main () from /opt/splunk/lib/libsplunk.so

Thread 14 (Thread 0x7fc561979953 (LWP 11314)):
#0  0x00007f2e09ecce19 in read () from /lib64/libc.so.6
#1  0x00007f21297c4d95 in OpenSSL::SSL_read () from /opt/splunk/lib/libsplunk.so
#2  0x00007f2ac4ac4c18 in SSLEngine::read () from /opt/splunk/lib/libsplunk.so
#3  0x00007f8ea381d437 in TcpInputProcessor::readData () from /opt/splunk/lib/libsplunk.so
#4  0x00007f11065666c2 in TcpInputProcessor::run () from /opt/splunk/lib/libsplunk.so
#5  0x00007fdd4ce755b1 in ThreadPool::dispatch () from /opt/splunk/lib/libsplunk.so
#6  0x00007f3d67d9bd33 in Splunkd::run () from /opt/splunk/lib/libsplunk.so
#7  0x00007fc9ee061571 in main () from /opt/splunk/lib/libsplunk.so

Thread 15 (Thread 0x7f39798c6a10 (LWP 11315)):
#0  0x00007f0356fdc75d in OpenSSL::SSL_read () from /opt/splunk/lib/libsplunk.so
#1  0x00007f606689edeb in SSLEngine::read () from /opt/splunk/lib/libsplunk.so
#2  0x00007fda547ac1d1 in HTTPServer::handleRequest () from /opt/splunk/lib/libsplunk.so
#3  0x00007fa114f1b158 in HTTPServer::acceptLoop () from /opt/splunk/lib/libsplunk.so
#4  0x00007fb1251808d4 in Splunkd::run () from /opt/splunk/lib/libsplunk.so
#5  0x00007fba5d525415 in main () from /opt/splunk/lib/libsplunk.so

Thread 16 (Thread 0x7f7ee4f0a74a (LWP 11316)):
#0  0x00007fe16d171804 in FileSystem::fsync () from /opt/splunk/lib/libsplunk.so
#1  0x00007ffea81ee710 in BucketWriter::write () from /opt/splunk/lib/libsplunk.so
#2  0x00007f3800992f0c in IndexWriter::writeBlock () from /opt/splunk/lib/libsplunk.so
#3  0x00007f034937671e in IndexWriter::processData () from /opt/splunk/lib/libsplunk.so
#4  0x00007f11c0d36dc5 in IndexWriter::run () from /opt/splunk/lib/libsplunk.so
#5  0x00007fe0a30cc9af in ThreadPool::dispatch () from /opt/splunk/lib/libsplunk.so
#6  0x00007fd2b981a695 in Splunkd::run () from /opt/splunk/lib/libsplunk.so
#7  0x00007fa1a06603d9 in main () from /opt/splunk/lib/libsplunk.so

Thread 17 (Thread 0x7fef6b4f1d97 (LWP 11317)):
#0  0x00007feda316c3c2 in zlib::compress () from /opt/splunk/lib/libsplunk.so
#1  0x00007f3ab6198629 in BucketWriter::write () from /opt/splunk/lib/libsplunk.so
#2  0x00007fb1212aa64e in IndexWriter::writeBlock () from /opt/splunk/lib/libsplunk.so
#3  0x00007f5579232263 in IndexWriter::processData () from /opt/splunk/lib/libsplunk.so
#4  0x00007f555935a7da in IndexWriter::run () from /opt/splunk/lib/libsplunk.so
#5  0x00007fee144477a8 in ThreadPool::dispatch () from /opt/splunk/lib/libsplunk.so
#6  0x00007f551378255a in Splunkd::run () from /opt/splunk/lib/libsplunk.so
#7  0x00007f564aa6eeca in main () from /opt/splunk/lib/libsplunk.so

Thread 18 (Thread 0x7f6ebb677ad9 (LWP 11318)):
#0  0x00007f61df9754df in malloc () from /lib64/libc.so.6
#1  0x00007f104d36625b in SearchProcessor::createSearch () from /opt/splunk/lib/libsplunk.so
#2  0x00007faf660dfdc1 in Scheduler::dispatchJob () from /opt/splunk/lib/libsplunk.so
#3  0x00007f0ca2904afd in Scheduler::run () from /opt/splunk/lib/libsplunk.so
#4  0x00007f69156d5281 in Splunkd::run () from /opt/splunk/lib/libsplunk.so
#5  0x00007fa9dbb39955 in main () from /opt/splunk/lib/libsplunk.so

Thread 19 (Thread 0x7fd625965748 (LWP 11319)):
#0  0x00007f3e63cd2e5d in FileSystem::copy () from /opt/splunk/lib/libsplunk.so
#1  0x00007fa315021c64 in BucketSync::syncBucket () from /opt/splunk/lib/libsplunk.so
#2  0x00007fd895efaf05 in ReplicationManager::replicate () from /opt/splunk/lib/libsplunk.so
#3  0x00007fc356552433 in ClusterMaster::run () from /opt/splunk/lib/libsplunk.so
#4  0x00007fc69f4f55e9 in ThreadPool::dispatch () from /opt/splunk/lib/libsplunk.so
#5  0x00007f9c419053d9 in Splunkd::run () from /opt/splunk/lib/libsplunk.so
#6  0x00007f89a5ee4dba in main () from /opt/splunk/lib/libsplunk.so
