Thread 1 (Thread 0x7f5a00e60640 (LWP 11501)):
#0  0x00007f8c6a0de473 in read () from /lib64/libc.so.6
#1  0x00007fadb087b5e0 in FileReader::read () from /opt/splunk/lib/libsplunk.so
#2  0x00007f9bfba68554 in FileMonitor::checkFiles () from /opt/splunk/lib/libsplunk.so
#3  0x00007f8a2e7d70b1 in FileMonitor::run () from /opt/splunk/lib/libsplunk.so
#4  0x00007ffc84d9ba26 in ThreadPool::dispatch () from /opt/splunk/lib/libsplunk.so
#5  0x00007f7f827b7228 in Splunkd::run () from /opt/splunk/lib/libsplunk.so
#6  0x00007f13c9457d7a in main () from /opt/splunk/lib/libsplunk.so

Thread 2 (Thread 0x7f4455cd2fb1 (LWP 11502)):
#0  0x00007f8c0efff749 in poll () from /lib64/libc.so.6
#1  0x00007feb13b6bcd7 in TCPClient::connect () from /opt/splunk/lib/libsplunk.so
#2  0x00007ffff042c18b in ReplicationManager::checkHealth () from /opt/splunk/lib/libsplunk.so
#3  0x00007f2e3fc88258 in ClusterMaster::run () from /opt/splunk/lib/libsplunk.so
#4  0x00007f91a6b59e43 in ThreadPool::dispatch () from /opt/splunk/lib/libsplunk.so
#5  0x00007f140adb232d in Splunkd::run () from /opt/splunk/lib/libsplunk.so
#6  0x00007f45ae50ebff in main () from /opt/splunk/lib/libsplunk.so

Thread 3 (Thread 0x7f36ec2dbe34 (LWP 11503)):
#0  0x00007f61f1e4d200 in DateParser::parse () from /opt/splunk/lib/libsplunk.so
#1  0x00007feb946d9fdf in TimestampExtractor::extract () from /opt/splunk/lib/libsplunk.so
#2  0x00007f2f5be82a22 in IndexWriter::processData () from /opt/splunk/lib/libsplunk.so
#3  0x00007f47d03b3d6b in IndexWriter::run () from /opt/splunk/lib/libsplunk.so
#4  0x00007febfadc7f42 in ThreadPool::dispatch () from /opt/splunk/lib/libsplunk.so
#5  0x00007f0f09526431 in Splunkd::run () from /opt/splunk/lib/libsplunk.so
#6  0x00007ffa8aa74ece in main () from /opt/splunk/lib/libsplunk.so

Thread 4 (Thread 0x7fd1650246d3 (LWP 11504)):
#0  0x00007f18852f75bb in FileSystem::fsync () from /opt/splunk/lib/libsplunk.so
#1  0x00007f43e0cc6f57 in BucketWriter::write () from /opt/splunk/lib/libsplunk.so
#2  0x00007f9117517889 in IndexWriter::writeBlock () from /opt/splunk/lib/libsplunk.so
#3  0x00007f37ad01c789 in IndexWriter::processData () from /opt/splunk/lib/libsplunk.so
#4  0x00007f1c3ad16e78 in IndexWriter::run () from /opt/splunk/lib/libsplunk.so
#5  0x00007fa76ab21cbf in ThreadPool::dispatch () from /opt/splunk/lib/libsplunk.so
#6  0x00007f27c36b2695 in Splunkd::run () from /opt/splunk/lib/libsplunk.so
#7  0x00007f1e3b69021b in main () from /opt/splunk/lib/libsplunk.so

Thread 5 (Thread 0x7ff04af6f011 (LWP 11505)):
#0  0x00007f452bacaf9e in LDAP::bind () from /opt/splunk/lib/libsplunk.so
#1  0x00007fdf388bfca2 in AuthManager::authenticate () from /opt/splunk/lib/libsplunk.so
#2  0x00007f3eb0530ccb in RESTHandler::handlePOST () from /opt/splunk/lib/libsplunk.so
#3  0x00007f4c25f0b653 in RESTHandler::dispatch () from /opt/splunk/lib/libsplunk.so
#4  0x00007f40133ae7d1 in HTTPServer::handleRequest () from /opt/splunk/lib/libsplunk.so
#5  0x00007f76661283be in HTTPServer::acceptLoop () from /opt/splunk/lib/libsplunk.so
#6  0x00007f5918870571 in Splunkd::run () from /opt/splunk/lib/libsplunk.so
#7  0x00007fec44bbc6f5 in main () from /opt/splunk/lib/libsplunk.so

Thread 6 (Thread 0x7ff4fc1ab966 (LWP 11506)):
#0  0x00007fb94bd92069 in SAML::validateToken () from /opt/splunk/lib/libsplunk.so
#1  0x00007fc44ecae343 in AuthManager::authenticate () from /opt/splunk/lib/libsplunk.so
#2  0x00007f2e78ceb459 in RESTHandler::handlePOST () from /opt/splunk/lib/libsplunk.so
#3  0x00007f398455f159 in RESTHandler::dispatch () from /opt/splunk/lib/libsplunk.so
#4  0x00007fdeea39468a in HTTPServer::handleRequest () from /opt/splunk/lib/libsplunk.so
#5  0x00007f309cf94c0c in HTTPServer::acceptLoop () from /opt/splunk/lib/libsplunk.so
#6  0x00007f30305122af in Splunkd::run () from /opt/splunk/lib/libsplunk.so
#7  0x00007f4aee0f7d87 in main () from /opt/splunk/lib/libsplunk.so

Thread 7 (Thread 0x7f39a17c92bb (LWP 11507)):
#0  0x00007fc0d518ad08 in JSONSerializer::serialize () from /opt/splunk/lib/libsplunk.so
#1  0x00007fd76b5f0a15 in RESTHandler::handleGET () from /opt/splunk/lib/libsplunk.so
#2  0x00007f12b14bde94 in RESTHandler::dispatch () from /opt/splunk/lib/libsplunk.so
#3  0x00007f8a9d785b47 in HTTPServer::handleRequest () from /opt/splunk/lib/libsplunk.so
#4  0x00007f6bd8e053b7 in HTTPServer::acceptLoop () from /opt/splunk/lib/libsplunk.so
#5  0x00007f378d3f9205 in Splunkd::run () from /opt/splunk/lib/libsplunk.so
#6  0x00007fc19a5119f4 in main () from /opt/splunk/lib/libsplunk.so

Thread 8 (Thread 0x7fcea4d764a4 (LWP 11508)):
#0  0x00007fa0590d6a5c in PCRE::match () from /opt/splunk/lib/libsplunk.so
#1  0x00007fef7354906c in FieldExtractor::extract () from /opt/splunk/lib/libsplunk.so
#2  0x00007f80fe63dfae in SearchEvaluator::eval () from /opt/splunk/lib/libsplunk.so
#3  0x00007f2deba85281 in SearchProcessor::executeSearch () from /opt/splunk/lib/libsplunk.so
#4  0x00007f7e45531665 in SearchProcessor::run () from /opt/splunk/lib/libsplunk.so
#5  0x00007ff6bc101487 in ThreadPool::dispatch () from /opt/splunk/lib/libsplunk.so
#6  0x00007f7e9015a4fa in Splunkd::run () from /opt/splunk/lib/libsplunk.so
#7  0x00007fd873064e47 in main () from /opt/splunk/lib/libsplunk.so

Thread 9 (Thread 0x7fdaa230aea2 (LWP 11509)):
#0  0x00007fc65df6443c in FileSystem::copy () from /opt/splunk/lib/libsplunk.so
#1  0x00007f524279262a in BucketSync::syncBucket () from /opt/splunk/lib/libsplunk.so
#2  0x00007f92c1a45fb3 in ReplicationManager::replicate () from /opt/splunk/lib/libsplunk.so
#3  0x00007f82695d96ac in ClusterMaster::run () from /opt/splunk/lib/libsplunk.so
#4  0x00007f392bfe30a7 in ThreadPool::dispatch () from /opt/splunk/lib/libsplunk.so
#5  0x00007f97c025edbe in Splunkd::run () from /opt/splunk/lib/libsplunk.so
#6  0x00007f61ddc68551 in main () from /opt/splunk/lib/libsplunk.so

Thread 10 (Thread 0x7f4540608715 (LWP 11510)):
#0  0x00007f28fb2662cd in WiredTiger::cursor_update () from /opt/splunk/lib/libsplunk.so
#1  0x00007f9afbdec3b9 in MongoDB::update () from /opt/splunk/lib/libsplunk.so
#2  0x00007faa0751a27f in KVStoreHandler::run () from /opt/splunk/lib/libsplunk.so
#3  0x00007f387d140498 in ThreadPool::dispatch () from /opt/splunk/lib/libsplunk.so
#4  0x00007fde809ddf31 in Splunkd::run () from /opt/splunk/lib/libsplunk.so
#5  0x00007ffb80af8565 in main () from /opt/splunk/lib/libsplunk.so

Thread 11 (Thread 0x7f756c611a50 (LWP 11511)):
#0  0x00007f414e5047ea in RegexMatcher::match () from /opt/splunk/lib/libsplunk.so
#1  0x00007f1f3f7164d1 in LineBreaker::split () from /opt/splunk/lib/libsplunk.so
#2  0x00007f2a606884d3 in IndexWriter::processData () from /opt/splunk/lib/libsplunk.so
#3  0x00007ff42f3d4a86 in IndexWriter::run () from /opt/splunk/lib/libsplunk.so
#4  0x00007f92ee70c7b6 in ThreadPool::dispatch () from /opt/splunk/lib/libsplunk.so
#5  0x00007f26cc50c001 in Splunkd::run () from /opt/splunk/lib/libsplunk.so
#6  0x00007f6bbca70c96 in main () from /opt/splunk/lib/libsplunk.so

Thread 12 (Thread 0x7f160adaa31a (LWP 11512)):
#0  0x00007f08f1df36c8 in HashTable::insert () from /opt/splunk/lib/libsplunk.so
#1  0x00007f8ba5bc2d9c in StatsProcessor::aggregate () from /opt/splunk/lib/libsplunk.so
#2  0x00007f5db44c98b9 in SearchEvaluator::eval () from /opt/splunk/lib/libsplunk.so
#3  0x00007f1915f9d849 in SearchProcessor::executeSearch () from /opt/splunk/lib/libsplunk.so
#4  0x00007fdd5bba18dd in SearchProcessor::run () from /opt/splunk/lib/libsplunk.so
#5  0x00007faac84b87c1 in ThreadPool::dispatch () from /opt/splunk/lib/libsplunk.so
#6  0x00007f1f171ba706 in Splunkd::run () from /opt/splunk/lib/libsplunk.so
#7  0x00007f264193c166 in main () from /opt/splunk/lib/libsplunk.so

Thread 13 (Thread 0x7f537f9f9f90 (LWP 11513)):
#0  0x00007ffb48c08130 in recv () from /lib64/libc.so.6
#1  0x00007fab680cb363 in TcpInputProcessor::readData () from /opt/splunk/lib/libsplunk.so
#2  0x00007fa588840618 in TcpInputProcessor::run () from /opt/splunk/lib/libsplunk.so
#3  0x00007f012697206d in ThreadPool::dispatch () from /opt/splunk/lib/libsplunk.so
#4  0x00007f1a3d8a3e53 in Splunkd::run () from /opt/splunk/lib/libsplunk.so
#5  0x00007f8ed4e4d6cc in main () from /opt/splunk/lib/libsplunk.so

Thread 14 (Thread 0x7fd05a6c94e4 (LWP 11514)):
#0  0x00007f4f53649037 in pthread_cond_timedwait () from /lib64/libpthread.so.0
#1  0x00007f770c42ab5c in Scheduler::waitForNextJob () from /opt/splunk/lib/libsplunk.so
#2  0x00007ff6b7437e37 in Scheduler::run () from /opt/splunk/lib/libsplunk.so
#3  0x00007f277e6138ab in Splunkd::run () from /opt/splunk/lib/libsplunk.so
#4  0x00007fd71305ff2c in main () from /opt/splunk/lib/libsplunk.so
