Thread 1 (Thread 0x7ffef6a8e445 (LWP 51701)):
#0  0x00007f7c33295d80 in pthread_cond_wait () from /lib64/libpthread.so.0
#1  0x00007f3764d822b7 in MemoryManager::waitForThreshold () from /opt/splunk/lib/libsplunk.so
#2  0x00007ff86e59c870 in MemoryManager::run () from /opt/splunk/lib/libsplunk.so
#3  0x00007f02dc3dc37d in Splunkd::run () from /opt/splunk/lib/libsplunk.so
#4  0x00007fbb275064d1 in main () from /opt/splunk/lib/libsplunk.so

Thread 2 (Thread 0x7f53ea6f3381 (LWP 51702)):
#0  0x00007f198362afb9 in FileSystem::copy () from /opt/splunk/lib/libsplunk.so
#1  0x00007f1f40435a4f in BucketSync::syncBucket () from /opt/splunk/lib/libsplunk.so
#2  0x00007fc21c80bbab in ReplicationManager::replicate () from /opt/splunk/lib/libsplunk.so
#3  0x00007fc4389ddbea in ClusterMaster::run () from /opt/splunk/lib/libsplunk.so
#4  0x00007fb62a589a9a in ThreadPool::dispatch () from /opt/splunk/lib/libsplunk.so
#5  0x00007f61ab90a241 in Splunkd::run () from /opt/splunk/lib/libsplunk.so
#6  0x00007f519850eb7e in main () from /opt/splunk/lib/libsplunk.so

Thread 3 (Thread 0x7f18e00bddcc (LWP 51703)):
#0  0x00007f029522a094 in pthread_cond_wait () from /lib64/libpthread.so.0
#1  0x00007f4aeac8e3d6 in IndexWriter::waitForData () from /opt/splunk/lib/libsplunk.so
#2  0x00007fe65ebf3599 in IndexWriter::run () from /opt/splunk/lib/libsplunk.so
#3  0x00007f0749bf29d3 in ThreadPool::dispatch () from /opt/splunk/lib/libsplunk.so
#4  0x00007f34e34858b2 in Splunkd::run () from /opt/splunk/lib/libsplunk.so
#5  0x00007f5f0a466638 in main () from /opt/splunk/lib/libsplunk.so

Thread 4 (Thread 0x7f8b11849fb0 (LWP 51704)):
#0  0x00007f8307ef2180 in FileSystem::fsync () from /opt/splunk/lib/libsplunk.so
#1  0x00007fc307af4b29 in BucketWriter::write () from /opt/splunk/lib/libsplunk.so
#2  0x00007ffef4e17404 in IndexWriter::writeBlock () from /opt/splunk/lib/libsplunk.so
#3  0x00007f6f05d66127 in IndexWriter::processData () from /opt/splunk/lib/libsplunk.so
#4  0x00007f670463e80c in IndexWriter::run () from /opt/splunk/lib/libsplunk.so
#5  0x00007f2e7b3ed086 in ThreadPool::dispatch () from /opt/splunk/lib/libsplunk.so
#6  0x00007f5e9b8da5d8 in Splunkd::run () from /opt/splunk/lib/libsplunk.so
#7  0x00007fb7c7999f9a in main () from /opt/splunk/lib/libsplunk.so

Thread 5 (Thread 0x7fbd9e008c66 (LWP 51705)):
#0  0x00007f2972e8c1e0 in DateParser::parse () from /opt/splunk/lib/libsplunk.so
#1  0x00007fc4018c1a10 in TimestampExtractor::extract () from /opt/splunk/lib/libsplunk.so
#2  0x00007f8c2317f99e in IndexWriter::processData () from /opt/splunk/lib/libsplunk.so
#3  0x00007f113215965c in IndexWriter::run () from /opt/splunk/lib/libsplunk.so
#4  0x00007fe1bc14e926 in ThreadPool::dispatch () from /opt/splunk/lib/libsplunk.so
#5  0x00007fc60b3aebdb in Splunkd::run () from /opt/splunk/lib/libsplunk.so
#6  0x00007f25789788bb in main () from /opt/splunk/lib/libsplunk.so

Thread 6 (Thread 0x7f5c0798df09 (LWP 51706)):
#0  0x00007f230979b584 in malloc_trim () from /lib64/libc.so.6
#1  0x00007f7eb161a031 in MemoryManager::compactHeap () from /opt/splunk/lib/libsplunk.so
#2  0x00007f41d3695510 in MemoryManager::run () from /opt/splunk/lib/libsplunk.so
#3  0x00007f7a7ee5e5cf in Splunkd::run () from /opt/splunk/lib/libsplunk.so
#4  0x00007fb340eca6af in main () from /opt/splunk/lib/libsplunk.so

Thread 7 (Thread 0x7f39141d0291 (LWP 51707)):
#0  0x00007fbe5ce28bc1 in epoll_wait () from /lib64/libc.so.6
#1  0x00007f02dfbcef1d in HTTPServer::acceptLoop () from /opt/splunk/lib/libsplunk.so
#2  0x00007fe90f06c047 in Splunkd::run () from /opt/splunk/lib/libsplunk.so
#3  0x00007f8a0ef4b302 in main () from /opt/splunk/lib/libsplunk.so

Thread 8 (Thread 0x7fa6014de9e4 (LWP 51708)):
#0  0x00007f893c8327ca in write () from /lib64/libc.so.6
#1  0x00007fc4b0cfeac4 in TCPClient::send () from /opt/splunk/lib/libsplunk.so
#2  0x00007f24c28a2068 in ReplicationManager::replicate () from /opt/splunk/lib/libsplunk.so
#3  0x00007fdcd8affc0b in ClusterMaster::run () from /opt/splunk/lib/libsplunk.so
#4  0x00007fd22ac5fcb6 in ThreadPool::dispatch () from /opt/splunk/lib/libsplunk.so
#5  0x00007fcdd2ac6ca1 in Splunkd::run () from /opt/splunk/lib/libsplunk.so
#6  0x00007f2c82ace2d4 in main () from /opt/splunk/lib/libsplunk.so

Thread 9 (Thread 0x7f8fc4c156dc (LWP 51709)):
#0  0x00007fc09e467139 in std::__introsort_loop () from /opt/splunk/lib/libsplunk.so
#1  0x00007fa8c58ac39b in std::sort () from /opt/splunk/lib/libsplunk.so
#2  0x00007f4c4986c42b in SortProcessor::sort () from /opt/splunk/lib/libsplunk.so
#3  0x00007ff1f1b33f50 in SearchEvaluator::eval () from /opt/splunk/lib/libsplunk.so
#4  0x00007fa4e37d4eeb in SearchProcessor::executeSearch () from /opt/splunk/lib/libsplunk.so
#5  0x00007f97f5841bcb in SearchProcessor::run () from /opt/splunk/lib/libsplunk.so
#6  0x00007f6e61d03169 in ThreadPool::dispatch () from /opt/splunk/lib/libsplunk.so
#7  0x00007f789b1805b8 in Splunkd::run () from /opt/splunk/lib/libsplunk.so
#8  0x00007fe7741f16d4 in main () from /opt/splunk/lib/libsplunk.so

Thread 10 (Thread 0x7f92cda1b2ab (LWP 51710)):
#0  0x00007f8fdce26721 in DateParser::parse () from /opt/splunk/lib/libsplunk.so
#1  0x00007f76d57765c9 in TimestampExtractor::extract () from /opt/splunk/lib/libsplunk.so
#2  0x00007fa6ab7c1a43 in IndexWriter::processData () from /opt/splunk/lib/libsplunk.so
#3  0x00007fd34b6e53f2 in IndexWriter::run () from /opt/splunk/lib/libsplunk.so
#4  0x00007fee4a97c4bc in ThreadPool::dispatch () from /opt/splunk/lib/libsplunk.so
#5  0x00007ff7ef86018c in Splunkd::run () from /opt/splunk/lib/libsplunk.so
#6  0x00007f44e61f0e5c in main () from /opt/splunk/lib/libsplunk.so

Thread 11 (Thread 0x7f95ac015e68 (LWP 51711)):
#0  0x00007f4955efcdcc in RegexMatcher::match () from /opt/splunk/lib/libsplunk.so
#1  0x00007f7cb7095f6a in LineBreaker::split () from /opt/splunk/lib/libsplunk.so
#2  0x00007fcabb8464e0 in IndexWriter::processData () from /opt/splunk/lib/libsplunk.so
#3  0x00007fac4caa502f in IndexWriter::run () from /opt/splunk/lib/libsplunk.so
#4  0x00007f257dedb418 in ThreadPool::dispatch () from /opt/splunk/lib/libsplunk.so
#5  0x00007fce570a2d52 in Splunkd::run () from /opt/splunk/lib/libsplunk.so
#6  0x00007f87002ea7cc in main () from /opt/splunk/lib/libsplunk.so

Thread 12 (Thread 0x7f2f6ffda9bf (LWP 51712)):
#0  0x00007f331947275a in SAML::validateToken () from /opt/splunk/lib/libsplunk.so
#1  0x00007f1a908d9577 in AuthManager::authenticate () from /opt/splunk/lib/libsplunk.so
#2  0x00007f9e872f6660 in RESTHandler::handlePOST () from /opt/splunk/lib/libsplunk.so
#3  0x00007fc659f99376 in RESTHandler::dispatch () from /opt/splunk/lib/libsplunk.so
#4  0x00007ffd5ef2a5f3 in HTTPServer::handleRequest () from /opt/splunk/lib/libsplunk.so
#5  0x00007f672bfb1662 in HTTPServer::acceptLoop () from /opt/splunk/lib/libsplunk.so
#6  0x00007f50d170a4d3 in Splunkd::run () from /opt/splunk/lib/libsplunk.so
#7  0x00007f61a499610b in main () from /opt/splunk/lib/libsplunk.so

Thread 13 (Thread 0x7f1b82aa3d1c (LWP 51713)):
#0  0x00007fa7147bf27a in pthread_cond_timedwait () from /lib64/libpthread.so.0
#1  0x00007fe9ca06514d in Scheduler::waitForNextJob () from /opt/splunk/lib/libsplunk.so
#2  0x00007fb151022c89 in Scheduler::run () from /opt/splunk/lib/libsplunk.so
#3  0x00007fdc626fae00 in Splunkd::run () from /opt/splunk/lib/libsplunk.so
#4  0x00007fd0028656e4 in main () from /opt/splunk/lib/libsplunk.so

Thread 14 (Thread 0x7ffc063fea8a (LWP 51714)):
#0  0x00007f07fc077bf6 in FileSystem::copy () from /opt/splunk/lib/libsplunk.so
#1  0x00007f1dd3c05c70 in BucketSync::syncBucket () from /opt/splunk/lib/libsplunk.so
#2  0x00007f145871bebc in ReplicationManager::replicate () from /opt/splunk/lib/libsplunk.so
#3  0x00007f7549acf56d in ClusterMaster::run () from /opt/splunk/lib/libsplunk.so
#4  0x00007f731402135e in ThreadPool::dispatch () from /opt/splunk/lib/libsplunk.so
#5  0x00007fb90ae96c1a in Splunkd::run () from /opt/splunk/lib/libsplunk.so
#6  0x00007ff13b852b67 in main () from /opt/splunk/lib/libsplunk.so

Thread 15 (Thread 0x7f66f996e7a8 (LWP 51715)):
#0  0x00007f07185b88b8 in pthread_cond_wait () from /lib64/libpthread.so.0
#1  0x00007fa5d8791684 in IndexWriter::waitForData () from /opt/splunk/lib/libsplunk.so
#2  0x00007f0379551f21 in IndexWriter::run () from /opt/splunk/lib/libsplunk.so
#3  0x00007f900959e9cc in ThreadPool::dispatch () from /opt/splunk/lib/libsplunk.so
#4  0x00007f9052352a23 in Splunkd::run () from /opt/splunk/lib/libsplunk.so
#5  0x00007f8f3e540f58 in main () from /opt/splunk/lib/libsplunk.so

Thread 16 (Thread 0x7f6bfd808598 (LWP 51716)):
#0  0x00007fc7c983d3e5 in SAML::validateToken () from /opt/splunk/lib/libsplunk.so
#1  0x00007fbd6b597d65 in AuthManager::authenticate () from /opt/splunk/lib/libsplunk.so
#2  0x00007fbd816cdc2d in RESTHandler::handlePOST () from /opt/splunk/lib/libsplunk.so
#3  0x00007f359d0d15e9 in RESTHandler::dispatch () from /opt/splunk/lib/libsplunk.so
#4  0x00007f04f0132691 in HTTPServer::handleRequest () from /opt/splunk/lib/libsplunk.so
#5  0x00007fc4b57112e8 in HTTPServer::acceptLoop () from /opt/splunk/lib/libsplunk.so
#6  0x00007fb0b61ac33d in Splunkd::run () from /opt/splunk/lib/libsplunk.so
#7  0x00007fdb08c6578d in main () from /opt/splunk/lib/libsplunk.so

Thread 17 (Thread 0x7f8cacb89858 (LWP 51717)):
#0  0x00007faf99fbf30d in RegexMatcher::match () from /opt/splunk/lib/libsplunk.so
#1  0x00007f14cec31d93 in LineBreaker::split () from /opt/splunk/lib/libsplunk.so
#2  0x00007f50ed24b39e in IndexWriter::processData () from /opt/splunk/lib/libsplunk.so
#3  0x00007faa1fa155bf in IndexWriter::run () from /opt/splunk/lib/libsplunk.so
#4  0x00007f432bc9d516 in ThreadPool::dispatch () from /opt/splunk/lib/libsplunk.so
#5  0x00007fb1e75b71bc in Splunkd::run () from /opt/splunk/lib/libsplunk.so
#6  0x00007ff011983357 in main () from /opt/splunk/lib/libsplunk.so
