Thread 1 (Thread 0x7fd401678ee2 (LWP 21701)):
#0  0x00007fb21a9aa761 in PCRE::match () from /opt/splunk/lib/libsplunk.so
#1  0x00007ffa1bcfba61 in FieldExtractor::extract () from /opt/splunk/lib/libsplunk.so
#2  0x00007f392e0c6ee4 in SearchEvaluator::eval () from /opt/splunk/lib/libsplunk.so
#3  0x00007f27e351b362 in SearchProcessor::executeSearch () from /opt/splunk/lib/libsplunk.so
#4  0x00007f8b4ba48cf9 in SearchProcessor::run () from /opt/splunk/lib/libsplunk.so
#5  0x00007fbdcd544772 in ThreadPool::dispatch () from /opt/splunk/lib/libsplunk.so
#6  0x00007fd5fcd02484 in Splunkd::run () from /opt/splunk/lib/libsplunk.so
#7  0x00007ff47891e84c in main () from /opt/splunk/lib/libsplunk.so

Thread 2 (Thread 0x7ffcc910ed6e (LWP 21702)):
#0  0x00007f0ced4a7be6 in epoll_wait () from /lib64/libc.so.6
#1  0x00007fc64547c32c in HTTPServer::acceptLoop () from /opt/splunk/lib/libsplunk.so
#2  0x00007f6b048e8df1 in Splunkd::run () from /opt/splunk/lib/libsplunk.so
#3  0x00007f2ac1dfe6d4 in main () from /opt/splunk/lib/libsplunk.so

Thread 3 (Thread 0x7f5bc6a4276a (LWP 21703)):
#0  0x00007f080d9f65a9 in pthread_cond_timedwait () from /lib64/libpthread.so.0
#1  0x00007fb5cc6f6087 in Scheduler::waitForNextJob () from /opt/splunk/lib/libsplunk.so
#2  0x00007fb91b7e1782 in Scheduler::run () from /opt/splunk/lib/libsplunk.so
#3  0x00007fdb65784df4 in Splunkd::run () from /opt/splunk/lib/libsplunk.so
#4  0x00007f7636666927 in main () from /opt/splunk/lib/libsplunk.so

Thread 4 (Thread 0x7f94ebc71353 (LWP 21704)):
#0  0x00007f02f330c1ed in JSONSerializer::serialize () from /opt/splunk/lib/libsplunk.so
#1  0x00007ffe1f30d285 in RESTHandler::handleGET () from /opt/splunk/lib/libsplunk.so
#2  0x00007faeeba0fa9b in RESTHandler::dispatch () from /opt/splunk/lib/libsplunk.so
#3  0x00007f5cae5cb6ae in HTTPServer::handleRequest () from /opt/splunk/lib/libsplunk.so
#4  0x00007f8e62e7fb24 in HTTPServer::acceptLoop () from /opt/splunk/lib/libsplunk.so
#5  0x00007ff55470fa61 in Splunkd::run () from /opt/splunk/lib/libsplunk.so
#6  0x00007fa61d772af7 in main () from /opt/splunk/lib/libsplunk.so

Thread 5 (Thread 0x7fa30cbd5640 (LWP 21705)):
#0  0x00007f66037a7e37 in recv () from /lib64/libc.so.6
#1  0x00007fb73c620779 in TcpInputProcessor::readData () from /opt/splunk/lib/libsplunk.so
#2  0x00007f55f557a19d in TcpInputProcessor::run () from /opt/splunk/lib/libsplunk.so
#3  0x00007f2fbce0aa17 in ThreadPool::dispatch () from /opt/splunk/lib/libsplunk.so
#4  0x00007f52dc9091db in Splunkd::run () from /opt/splunk/lib/libsplunk.so
#5  0x00007fd094a14c41 in main () from /opt/splunk/lib/libsplunk.so

Thread 6 (Thread 0x7fd3217fc8af (LWP 21706)):
#0  0x00007f08b4299777 in write () from /lib64/libc.so.6
#1  0x00007f7ad99bb8b9 in TCPClient::send () from /opt/splunk/lib/libsplunk.so
#2  0x00007fd04bdde11f in ReplicationManager::replicate () from /opt/splunk/lib/libsplunk.so
#3  0x00007fd4f083f0b1 in ClusterMaster::run () from /opt/splunk/lib/libsplunk.so
#4  0x00007ff00bd9e829 in ThreadPool::dispatch () from /opt/splunk/lib/libsplunk.so
#5  0x00007f1304074096 in Splunkd::run () from /opt/splunk/lib/libsplunk.so
#6  0x00007f76488302d6 in main () from /opt/splunk/lib/libsplunk.so

Thread 7 (Thread 0x7f9fb5735e94 (LWP 21707)):
#0  0x00007ffe19f9f981 in pthread_cond_wait () from /lib64/libpthread.so.0
#1  0x00007fd178e7972d in IndexWriter::waitForData () from /opt/splunk/lib/libsplunk.so
#2  0x00007fbad3fce55a in IndexWriter::run () from /opt/splunk/lib/libsplunk.so
#3  0x00007f838d36c63b in ThreadPool::dispatch () from /opt/splunk/lib/libsplunk.so
#4  0x00007f46a831aacd in Splunkd::run () from /opt/splunk/lib/libsplunk.so
#5  0x00007ffdbbaca353 in main () from /opt/splunk/lib/libsplunk.so

Thread 8 (Thread 0x7f14d35c39ac (LWP 21708)):
#0  0x00007f439c46df63 in PCRE::match () from /opt/splunk/lib/libsplunk.so
#1  0x00007fa782498a0e in FieldExtractor::extract () from /opt/splunk/lib/libsplunk.so
#2  0x00007f48d5fb420d in SearchEvaluator::eval () from /opt/splunk/lib/libsplunk.so
#3  0x00007fa44faf61ca in SearchProcessor::executeSearch () from /opt/splunk/lib/libsplunk.so
#4  0x00007f569e61782d in SearchProcessor::run () from /opt/splunk/lib/libsplunk.so
#5  0x00007f6fc18e8303 in ThreadPool::dispatch () from /opt/splunk/lib/libsplunk.so
#6  0x00007f3a023d4da1 in Splunkd::run () from /opt/splunk/lib/libsplunk.so
#7  0x00007f18d472f9e3 in main () from /opt/splunk/lib/libsplunk.so

Thread 9 (Thread 0x7f467e94ee18 (LWP 21709)):
#0  0x00007f82aea3db4e in malloc_trim () from /lib64/libc.so.6
#1  0x00007f9ed767060b in MemoryManager::compactHeap () from /opt/splunk/lib/libsplunk.so
#2  0x00007fb45776a660 in MemoryManager::run () from /opt/splunk/lib/libsplunk.so
#3  0x00007f163e7684c9 in Splunkd::run () from /opt/splunk/lib/libsplunk.so
#4  0x00007fd3275657c0 in main () from /opt/splunk/lib/libsplunk.so

Thread 10 (Thread 0x7fdf8a6517c2 (LWP 21710)):
#0  0x00007f5146b79306 in RegexMatcher::match () from /opt/splunk/lib/libsplunk.so
#1  0x00007f882e36485c in LineBreaker::split () from /opt/splunk/lib/libsplunk.so
#2  0x00007f444f7fc323 in IndexWriter::processData () from /opt/splunk/lib/libsplunk.so
#3  0x00007fb7dc112045 in IndexWriter::run () from /opt/splunk/lib/libsplunk.so
#4  0x00007f6eb4b2a7aa in ThreadPool::dispatch () from /opt/splunk/lib/libsplunk.so
#5  0x00007f42e3c0fe93 in Splunkd::run () from /opt/splunk/lib/libsplunk.so
#6  0x00007fa5e34dee17 in main () from /opt/splunk/lib/libsplunk.so

Thread 11 (Thread 0x7f1eb30afa4c (LWP 21711)):
#0  0x00007f3ea3e69b95 in pthread_cond_wait () from /lib64/libpthread.so.0
#1  0x00007fac96d48a2c in IndexWriter::waitForData () from /opt/splunk/lib/libsplunk.so
#2  0x00007fb46d231aae in IndexWriter::run () from /opt/splunk/lib/libsplunk.so
#3  0x00007f2b173c6421 in ThreadPool::dispatch () from /opt/splunk/lib/libsplunk.so
#4  0x00007f986a4c56b2 in Splunkd::run () from /opt/splunk/lib/libsplunk.so
#5  0x00007f8c17eda583 in main () from /opt/splunk/lib/libsplunk.so

Thread 12 (Thread 0x7fc51e083106 (LWP 21712)):
#0  0x00007f86965f2c37 in LexerBase::tokenize () from /opt/splunk/lib/libsplunk.so
#1  0x00007f69d11dbc80 in SearchParser::parse () from /opt/splunk/lib/libsplunk.so
#2  0x00007f6f39e6eabe in SearchProcessor::executeSearch () from /opt/splunk/lib/libsplunk.so
#3  0x00007f92d7a268d0 in SearchProcessor::run () from /opt/splunk/lib/libsplunk.so
#4  0x00007f66d351b23b in ThreadPool::dispatch () from /opt/splunk/lib/libsplunk.so
#5  0x00007fa2672b2635 in Splunkd::run () from /opt/splunk/lib/libsplunk.so
#6  0x00007ffc5801df71 in main () from /opt/splunk/lib/libsplunk.so

Thread 13 (Thread 0x7f0d1d3adddd (LWP 21713)):
#0  0x00007fdd6f3f25cd in pthread_cond_wait () from /lib64/libpthread.so.0
#1  0x00007f8a8c533d86 in SearchProcessor::waitForWork () from /opt/splunk/lib/libsplunk.so
#2  0x00007fffe534f329 in SearchProcessor::run () from /opt/splunk/lib/libsplunk.so
#3  0x00007f0b99e64b5d in ThreadPool::dispatch () from /opt/splunk/lib/libsplunk.so
#4  0x00007f4bc6d4247a in Splunkd::run () from /opt/splunk/lib/libsplunk.so
#5  0x00007f2749095097 in main () from /opt/splunk/lib/libsplunk.so

Thread 14 (Thread 0x7f3a6596ed46 (LWP 21714)):
#0  0x00007fccdce0d112 in FileSystem::copy () from /opt/splunk/lib/libsplunk.so
#1  0x00007f7969b50259 in BucketSync::syncBucket () from /opt/splunk/lib/libsplunk.so
#2  0x00007f635219238f in ReplicationManager::replicate () from /opt/splunk/lib/libsplunk.so
#3  0x00007f5f5c66546a in ClusterMaster::run () from /opt/splunk/lib/libsplunk.so
#4  0x00007f1be4c4834b in ThreadPool::dispatch () from /opt/splunk/lib/libsplunk.so
#5  0x00007f4d555528b4 in Splunkd::run () from /opt/splunk/lib/libsplunk.so
#6  0x00007feb73028401 in main () from /opt/splunk/lib/libsplunk.so

Thread 15 (Thread 0x7f3b3efbd786 (LWP 21715)):
#0  0x00007fd18a049f8e in std::__introsort_loop () from /opt/splunk/lib/libsplunk.so
#1  0x00007fae9d544813 in std::sort () from /opt/splunk/lib/libsplunk.so
#2  0x00007fa1ad1a14ad in SortProcessor::sort () from /opt/splunk/lib/libsplunk.so
#3  0x00007ff7baa521e4 in SearchEvaluator::eval () from /opt/splunk/lib/libsplunk.so
#4  0x00007f85ef9afdf1 in SearchProcessor::executeSearch () from /opt/splunk/lib/libsplunk.so
#5  0x00007fffe76d2bc6 in SearchProcessor::run () from /opt/splunk/lib/libsplunk.so
#6  0x00007fc7bda94d1e in ThreadPool::dispatch () from /opt/splunk/lib/libsplunk.so
#7  0x00007f223f4bc47e in Splunkd::run () from /opt/splunk/lib/libsplunk.so
#8  0x00007f661b583f57 in main () from /opt/splunk/lib/libsplunk.so

Thread 16 (Thread 0x7f66a845903b (LWP 21716)):
#0  0x00007f6df80512df in pthread_cond_wait () from /lib64/libpthread.so.0
#1  0x00007fbf930c8ef9 in MemoryManager::waitForThreshold () from /opt/splunk/lib/libsplunk.so
#2  0x00007f3c21993f06 in MemoryManager::run () from /opt/splunk/lib/libsplunk.so
#3  0x00007fd6b051f637 in Splunkd::run () from /opt/splunk/lib/libsplunk.so
#4  0x00007fcbd8185b54 in main () from /opt/splunk/lib/libsplunk.so

Thread 17 (Thread 0x7f4b27b608dc (LWP 21717)):
#0  0x00007f77b2ecdd80 in malloc () from /lib64/libc.so.6
#1  0x00007f2cbfe03f06 in BTreeWriter::insert () from /opt/splunk/lib/libsplunk.so
#2  0x00007f2361ba0b2d in WiredTiger::cursor_insert () from /opt/splunk/lib/libsplunk.so
#3  0x00007f55a5a0d112 in MongoDB::insert () from /opt/splunk/lib/libsplunk.so
#4  0x00007f77d353d24c in KVStoreHandler::run () from /opt/splunk/lib/libsplunk.so
#5  0x00007f322a702d8a in ThreadPool::dispatch () from /opt/splunk/lib/libsplunk.so
#6  0x00007fd8c7f21a3a in Splunkd::run () from /opt/splunk/lib/libsplunk.so
#7  0x00007fe8c4b31139 in main () from /opt/splunk/lib/libsplunk.so

Thread 18 (Thread 0x7f572895c9bf (LWP 21718)):
#0  0x00007f4e101bfe52 in zlib::compress () from /opt/splunk/lib/libsplunk.so
#1  0x00007fb6188755f4 in BucketWriter::write () from /opt/splunk/lib/libsplunk.so
#2  0x00007fe499f3c55d in IndexWriter::writeBlock () from /opt/splunk/lib/libsplunk.so
#3  0x00007f43f8e650ab in IndexWriter::processData () from /opt/splunk/lib/libsplunk.so
#4  0x00007f3b04f15c84 in IndexWriter::run () from /opt/splunk/lib/libsplunk.so
#5  0x00007f2a9e44bdb9 in ThreadPool::dispatch () from /opt/splunk/lib/libsplunk.so
#6  0x00007f54db7b3d0f in Splunkd::run () from /opt/splunk/lib/libsplunk.so
#7  0x00007f9de14b68fe in main () from /opt/splunk/lib/libsplunk.so
