Thread 1 (Thread 0x7f2ce860873a (LWP 55401)):
#0  0x00007f3b04384661 in pthread_cond_wait () from /lib64/libpthread.so.0
#1  0x00007f1505494c31 in IndexWriter::waitForData () from /opt/splunk/lib/libsplunk.so
#2  0x00007f1f38c08918 in IndexWriter::run () from /opt/splunk/lib/libsplunk.so
#3  0x00007fdec98f23eb in ThreadPool::dispatch () from /opt/splunk/lib/libsplunk.so
#4  0x00007f2c7e1614a7 in Splunkd::run () from /opt/splunk/lib/libsplunk.so
#5  0x00007fe47b8ffff6 in main () from /opt/splunk/lib/libsplunk.so

Thread 2 (Thread 0x7f99523ff475 (LWP 55402)):
#0  0x00007fb7aab35702 in write () from /lib64/libc.so.6
#1  0x00007fced83965ab in TCPClient::send () from /opt/splunk/lib/libsplunk.so
#2  0x00007f395de6736a in ReplicationManager::replicate () from /opt/splunk/lib/libsplunk.so
#3  0x00007ffcc0f20b10 in ClusterMaster::run () from /opt/splunk/lib/libsplunk.so
#4  0x00007fa645172ba5 in ThreadPool::dispatch () from /opt/splunk/lib/libsplunk.so
#5  0x00007fe1b51c3c2e in Splunkd::run () from /opt/splunk/lib/libsplunk.so
#6  0x00007fc89b5edabc in main () from /opt/splunk/lib/libsplunk.so

Thread 3 (Thread 0x7f8db0a53415 (LWP 55403)):
#0  0x00007f6af3d10cee in read () from /lib64/libc.so.6
#1  0x00007f717bccd28e in OpenSSL::SSL_read () from /opt/splunk/lib/libsplunk.so
#2  0x00007f9a460f739a in SSLEngine::read () from /opt/splunk/lib/libsplunk.so
#3  0x00007fe51a0388b5 in TcpInputProcessor::readData () from /opt/splunk/lib/libsplunk.so
#4  0x00007f0279831ca4 in TcpInputProcessor::run () from /opt/splunk/lib/libsplunk.so
#5  0x00007f848ddf2bd2 in ThreadPool::dispatch () from /opt/splunk/lib/libsplunk.so
#6  0x00007ff767c72aeb in Splunkd::run () from /opt/splunk/lib/libsplunk.so
#7  0x00007f8b7b5ed719 in main () from /opt/splunk/lib/libsplunk.so

Thread 4 (Thread 0x7f14396842a3 (LWP 55404)):
#0  0x00007f953e88a280 in zlib::compress () from /opt/splunk/lib/libsplunk.so
#1  0x00007f650f011da2 in BucketWriter::write () from /opt/splunk/lib/libsplunk.so
#2  0x00007fe168ce2ee1 in IndexWriter::writeBlock () from /opt/splunk/lib/libsplunk.so
#3  0x00007f3860daf437 in IndexWriter::processData () from /opt/splunk/lib/libsplunk.so
#4  0x00007fc314332b31 in IndexWriter::run () from /opt/splunk/lib/libsplunk.so
#5  0x00007f282a886684 in ThreadPool::dispatch () from /opt/splunk/lib/libsplunk.so
#6  0x00007f08cb9e4452 in Splunkd::run () from /opt/splunk/lib/libsplunk.so
#7  0x00007fac37e08d54 in main () from /opt/splunk/lib/libsplunk.so

Thread 5 (Thread 0x7f0842785954 (LWP 55405)):
#0  0x00007fc8f9df3b4f in pthread_cond_wait () from /lib64/libpthread.so.0
#1  0x00007fa1b60cf035 in SearchProcessor::waitForWork () from /opt/splunk/lib/libsplunk.so
#2  0x00007f725c6ee9eb in SearchProcessor::run () from /opt/splunk/lib/libsplunk.so
#3  0x00007f9d8f2cf28b in ThreadPool::dispatch () from /opt/splunk/lib/libsplunk.so
#4  0x00007f3ef63ed6d2 in Splunkd::run () from /opt/splunk/lib/libsplunk.so
#5  0x00007f395ce65d37 in main () from /opt/splunk/lib/libsplunk.so

Thread 6 (Thread 0x7f5f62f8c50d (LWP 55406)):
#0  0x00007fd06083f330 in epoll_wait () from /lib64/libc.so.6
#1  0x00007fdacf5ee578 in HTTPServer::acceptLoop () from /opt/splunk/lib/libsplunk.so
#2  0x00007fbd627d4da8 in Splunkd::run () from /opt/splunk/lib/libsplunk.so
#3  0x00007fe9d2bc86cd in main () from /opt/splunk/lib/libsplunk.so

Thread 7 (Thread 0x7f7a92efc1eb (LWP 55407)):
#0  0x00007f538294109b in AlertManager::fireAction () from /opt/splunk/lib/libsplunk.so
#1  0x00007f3306bfd24c in AlertManager::checkTriggers () from /opt/splunk/lib/libsplunk.so
#2  0x00007ff2f492cb8d in Scheduler::dispatchJob () from /opt/splunk/lib/libsplunk.so
#3  0x00007f5d2a6c2353 in Scheduler::run () from /opt/splunk/lib/libsplunk.so
#4  0x00007ff16e91ed84 in Splunkd::run () from /opt/splunk/lib/libsplunk.so
#5  0x00007fa9c4aba023 in main () from /opt/splunk/lib/libsplunk.so

Thread 8 (Thread 0x7f3b85b9618d (LWP 55408)):
#0  0x00007fc3df0ac58d in pthread_cond_wait () from /lib64/libpthread.so.0
#1  0x00007fc59128dcbf in SearchProcessor::waitForWork () from /opt/splunk/lib/libsplunk.so
#2  0x00007f11d3e64ac9 in SearchProcessor::run () from /opt/splunk/lib/libsplunk.so
#3  0x00007fe86a1d5c3a in ThreadPool::dispatch () from /opt/splunk/lib/libsplunk.so
#4  0x00007f1bb53899de in Splunkd::run () from /opt/splunk/lib/libsplunk.so
#5  0x00007fb4d973d874 in main () from /opt/splunk/lib/libsplunk.so

Thread 9 (Thread 0x7f2011fd299c (LWP 55409)):
#0  0x00007f070c0bfba0 in LexerBase::tokenize () from /opt/splunk/lib/libsplunk.so
#1  0x00007f94b7ce70ad in SearchParser::parse () from /opt/splunk/lib/libsplunk.so
#2  0x00007fba62411583 in SearchProcessor::executeSearch () from /opt/splunk/lib/libsplunk.so
#3  0x00007faf7fd1e221 in SearchProcessor::run () from /opt/splunk/lib/libsplunk.so
#4  0x00007f607148cec6 in ThreadPool::dispatch () from /opt/splunk/lib/libsplunk.so
#5  0x00007f889c54cb47 in Splunkd::run () from /opt/splunk/lib/libsplunk.so
#6  0x00007f5d1e19db89 in main () from /opt/splunk/lib/libsplunk.so

Thread 10 (Thread 0x7f6941bca26d (LWP 55410)):
#0  0x00007f55024646ff in FileSystem::copy () from /opt/splunk/lib/libsplunk.so
#1  0x00007f770ccd51ab in BucketSync::syncBucket () from /opt/splunk/lib/libsplunk.so
#2  0x00007f10a04d1283 in ReplicationManager::replicate () from /opt/splunk/lib/libsplunk.so
#3  0x00007f748c6b0f4a in ClusterMaster::run () from /opt/splunk/lib/libsplunk.so
#4  0x00007f4887757a08 in ThreadPool::dispatch () from /opt/splunk/lib/libsplunk.so
#5  0x00007f89132d742b in Splunkd::run () from /opt/splunk/lib/libsplunk.so
#6  0x00007ffb93d0e356 in main () from /opt/splunk/lib/libsplunk.so

Thread 11 (Thread 0x7fcf4a938511 (LWP 55411)):
#0  0x00007f412d7fbf67 in SAML::validateToken () from /opt/splunk/lib/libsplunk.so
#1  0x00007f1b9cd69614 in AuthManager::authenticate () from /opt/splunk/lib/libsplunk.so
#2  0x00007ff394fe9c11 in RESTHandler::handlePOST () from /opt/splunk/lib/libsplunk.so
#3  0x00007fa957704d8f in RESTHandler::dispatch () from /opt/splunk/lib/libsplunk.so
#4  0x00007f4b231ae610 in HTTPServer::handleRequest () from /opt/splunk/lib/libsplunk.so
#5  0x00007f1a4b01707c in HTTPServer::acceptLoop () from /opt/splunk/lib/libsplunk.so
#6  0x00007f7059876fd4 in Splunkd::run () from /opt/splunk/lib/libsplunk.so
#7  0x00007f785c117a29 in main () from /opt/splunk/lib/libsplunk.so

Thread 12 (Thread 0x7f6afc96041f (LWP 55412)):
#0  0x00007f6881ea92a7 in HashTable::insert () from /opt/splunk/lib/libsplunk.so
#1  0x00007fc33a6924af in StatsProcessor::aggregate () from /opt/splunk/lib/libsplunk.so
#2  0x00007f2a239b2e97 in SearchEvaluator::eval () from /opt/splunk/lib/libsplunk.so
#3  0x00007ffd2ebed524 in SearchProcessor::executeSearch () from /opt/splunk/lib/libsplunk.so
#4  0x00007f26b990e9b2 in SearchProcessor::run () from /opt/splunk/lib/libsplunk.so
#5  0x00007f4e54ffbeca in ThreadPool::dispatch () from /opt/splunk/lib/libsplunk.so
#6  0x00007f7e3f4845c9 in Splunkd::run () from /opt/splunk/lib/libsplunk.so
#7  0x00007f9654a03960 in main () from /opt/splunk/lib/libsplunk.so

Thread 13 (Thread 0x7fc0512e41c5 (LWP 55413)):
#0  0x00007f46140a9d46 in JSONSerializer::serialize () from /opt/splunk/lib/libsplunk.so
#1  0x00007f1743d39215 in RESTHandler::handleGET () from /opt/splunk/lib/libsplunk.so
#2  0x00007fb894db4292 in RESTHandler::dispatch () from /opt/splunk/lib/libsplunk.so
#3  0x00007fbe775cf59f in HTTPServer::handleRequest () from /opt/splunk/lib/libsplunk.so
#4  0x00007f4841037b5f in HTTPServer::acceptLoop () from /opt/splunk/lib/libsplunk.so
#5  0x00007f91e0c55b33 in Splunkd::run () from /opt/splunk/lib/libsplunk.so
#6  0x00007fcaa988eac8 in main () from /opt/splunk/lib/libsplunk.so

Thread 14 (Thread 0x7f1e55a277aa (LWP 55414)):
#0  0x00007ff4e0880bbf in epoll_wait () from /lib64/libc.so.6
#1  0x00007f99a31b002f in HTTPServer::acceptLoop () from /opt/splunk/lib/libsplunk.so
#2  0x00007faa7d1c16b6 in Splunkd::run () from /opt/splunk/lib/libsplunk.so
#3  0x00007f68d7e0bb80 in main () from /opt/splunk/lib/libsplunk.so

Thread 15 (Thread 0x7fe7a6b86e25 (LWP 55415)):
#0  0x00007f21f249cec2 in read () from /lib64/libc.so.6
#1  0x00007f846192ad1c in FileReader::read () from /opt/splunk/lib/libsplunk.so
#2  0x00007fb2ed653308 in FileMonitor::checkFiles () from /opt/splunk/lib/libsplunk.so
#3  0x00007f7155e05194 in FileMonitor::run () from /opt/splunk/lib/libsplunk.so
#4  0x00007f6dcf18ebc5 in ThreadPool::dispatch () from /opt/splunk/lib/libsplunk.so
#5  0x00007f14c25642ec in Splunkd::run () from /opt/splunk/lib/libsplunk.so
#6  0x00007f13214dbede in main () from /opt/splunk/lib/libsplunk.so

Thread 16 (Thread 0x7f3d41d45cf3 (LWP 55416)):
#0  0x00007f71b1cacb08 in std::__introsort_loop () from /opt/splunk/lib/libsplunk.so
#1  0x00007fc6d9dcab5d in std::sort () from /opt/splunk/lib/libsplunk.so
#2  0x00007f5577738701 in SortProcessor::sort () from /opt/splunk/lib/libsplunk.so
#3  0x00007fd73d78e5ed in SearchEvaluator::eval () from /opt/splunk/lib/libsplunk.so
#4  0x00007f032df60050 in SearchProcessor::executeSearch () from /opt/splunk/lib/libsplunk.so
#5  0x00007fb017f41ae7 in SearchProcessor::run () from /opt/splunk/lib/libsplunk.so
#6  0x00007f4b8b576c2f in ThreadPool::dispatch () from /opt/splunk/lib/libsplunk.so
#7  0x00007f165fe01559 in Splunkd::run () from /opt/splunk/lib/libsplunk.so
#8  0x00007f605576f0e6 in main () from /opt/splunk/lib/libsplunk.so

Thread 17 (Thread 0x7f53c32290f2 (LWP 55417)):
#0  0x00007fc68e64fa29 in HashTable::insert () from /opt/splunk/lib/libsplunk.so
#1  0x00007f69ace75f40 in StatsProcessor::aggregate () from /opt/splunk/lib/libsplunk.so
#2  0x00007f6f7e6adacc in SearchEvaluator::eval () from /opt/splunk/lib/libsplunk.so
#3  0x00007f8484a27851 in SearchProcessor::executeSearch () from /opt/splunk/lib/libsplunk.so
#4  0x00007f6edd1f0ed9 in SearchProcessor::run () from /opt/splunk/lib/libsplunk.so
#5  0x00007f178b2636e2 in ThreadPool::dispatch () from /opt/splunk/lib/libsplunk.so
#6  0x00007f384db57e76 in Splunkd::run () from /opt/splunk/lib/libsplunk.so
#7  0x00007f426af2ad58 in main () from /opt/splunk/lib/libsplunk.so

Thread 18 (Thread 0x7f9e35362230 (LWP 55418)):
#0  0x00007f9496851a5f in LDAP::bind () from /opt/splunk/lib/libsplunk.so
#1  0x00007f38097711cf in AuthManager::authenticate () from /opt/splunk/lib/libsplunk.so
#2  0x00007f40dfd6422b in RESTHandler::handlePOST () from /opt/splunk/lib/libsplunk.so
#3  0x00007f31463081d8 in RESTHandler::dispatch () from /opt/splunk/lib/libsplunk.so
#4  0x00007f4ecb82dd57 in HTTPServer::handleRequest () from /opt/splunk/lib/libsplunk.so
#5  0x00007f50cf67bd2d in HTTPServer::acceptLoop () from /opt/splunk/lib/libsplunk.so
#6  0x00007f676ec5cf75 in Splunkd::run () from /opt/splunk/lib/libsplunk.so
#7  0x00007fe8f57b175a in main () from /opt/splunk/lib/libsplunk.so

Thread 19 (Thread 0x7f0891ad523f (LWP 55419)):
#0  0x00007f2f16a681fa in pthread_cond_wait () from /lib64/libpthread.so.0
#1  0x00007fb5926a3609 in MongoDB::waitForOplog () from /opt/splunk/lib/libsplunk.so
#2  0x00007f66dba0d008 in KVStoreHandler::run () from /opt/splunk/lib/libsplunk.so
#3  0x00007f63989c8065 in ThreadPool::dispatch () from /opt/splunk/lib/libsplunk.so
#4  0x00007fa9206a8c3b in Splunkd::run () from /opt/splunk/lib/libsplunk.so
#5  0x00007f158c06ef33 in main () from /opt/splunk/lib/libsplunk.so
