Thread 1 (Thread 0x7f28e5a7f3b5 (LWP 49801)):
#0  0x00007f06f96e012c in pthread_cond_wait () from /lib64/libpthread.so.0
#1  0x00007f37dcc9435e in MongoDB::waitForOplog () from /opt/splunk/lib/libsplunk.so
#2  0x00007f3b77e4259d in KVStoreHandler::run () from /opt/splunk/lib/libsplunk.so
#3  0x00007f0518dac820 in ThreadPool::dispatch () from /opt/splunk/lib/libsplunk.so
#4  0x00007fe30fd1c654 in Splunkd::run () from /opt/splunk/lib/libsplunk.so
#5  0x00007f2d5195c93a in main () from /opt/splunk/lib/libsplunk.so

Thread 2 (Thread 0x7fcd40e02f84 (LWP 49802)):
#0  0x00007fbf7b72223f in poll () from /lib64/libc.so.6
#1  0x00007f81c979f799 in TCPClient::connect () from /opt/splunk/lib/libsplunk.so
#2  0x00007f343fcf41e5 in ReplicationManager::checkHealth () from /opt/splunk/lib/libsplunk.so
#3  0x00007f0e318b342e in ClusterMaster::run () from /opt/splunk/lib/libsplunk.so
#4  0x00007f43aeb15321 in ThreadPool::dispatch () from /opt/splunk/lib/libsplunk.so
#5  0x00007ff74b540bd0 in Splunkd::run () from /opt/splunk/lib/libsplunk.so
#6  0x00007ff8cc784386 in main () from /opt/splunk/lib/libsplunk.so

Thread 3 (Thread 0x7f8c5bcdd176 (LWP 49803)):
#0  0x00007ffa93efa6b9 in pthread_cond_wait () from /lib64/libpthread.so.0
#1  0x00007f1f95a0faab in IndexWriter::waitForData () from /opt/splunk/lib/libsplunk.so
#2  0x00007f2422895510 in IndexWriter::run () from /opt/splunk/lib/libsplunk.so
#3  0x00007f85ccb8f4f4 in ThreadPool::dispatch () from /opt/splunk/lib/libsplunk.so
#4  0x00007f19965269f0 in Splunkd::run () from /opt/splunk/lib/libsplunk.so
#5  0x00007f3862e813b9 in main () from /opt/splunk/lib/libsplunk.so

Thread 4 (Thread 0x7f21f8c573fe (LWP 49804)):
#0  0x00007f1c3fa05a54 in pthread_cond_wait () from /lib64/libpthread.so.0
#1  0x00007f0648f9b1a3 in SearchProcessor::waitForWork () from /opt/splunk/lib/libsplunk.so
#2  0x00007fd58be51d53 in SearchProcessor::run () from /opt/splunk/lib/libsplunk.so
#3  0x00007f422dcf9b26 in ThreadPool::dispatch () from /opt/splunk/lib/libsplunk.so
#4  0x00007ffe8ecffc94 in Splunkd::run () from /opt/splunk/lib/libsplunk.so
#5  0x00007f6d45b216e0 in main () from /opt/splunk/lib/libsplunk.so

Thread 5 (Thread 0x7f9f49d6bc5c (LWP 49805)):
#0  0x00007f3eb75b718c in malloc () from /lib64/libc.so.6
#1  0x00007f9249dc963c in SearchProcessor::createSearch () from /opt/splunk/lib/libsplunk.so
#2  0x00007f286d6567ba in Scheduler::dispatchJob () from /opt/splunk/lib/libsplunk.so
#3  0x00007f5b5fb0ae6a in Scheduler::run () from /opt/splunk/lib/libsplunk.so
#4  0x00007fe286fd8699 in Splunkd::run () from /opt/splunk/lib/libsplunk.so
#5  0x00007fe3283eff71 in main () from /opt/splunk/lib/libsplunk.so

Thread 6 (Thread 0x7f2b0b5f450c (LWP 49806)):
#0  0x00007f9d2a39a88b in read () from /lib64/libc.so.6
#1  0x00007f547fe624be in FileReader::read () from /opt/splunk/lib/libsplunk.so
#2  0x00007f706ad4dea9 in FileMonitor::checkFiles () from /opt/splunk/lib/libsplunk.so
#3  0x00007f851290fa00 in FileMonitor::run () from /opt/splunk/lib/libsplunk.so
#4  0x00007f8c3ae6414b in ThreadPool::dispatch () from /opt/splunk/lib/libsplunk.so
#5  0x00007fc72a5027c3 in Splunkd::run () from /opt/splunk/lib/libsplunk.so
#6  0x00007f29d1a055a0 in main () from /opt/splunk/lib/libsplunk.so

Thread 7 (Thread 0x7ff6d25a22f8 (LWP 49807)):
#0  0x00007f648787a4d6 in pthread_cond_timedwait () from /lib64/libpthread.so.0
#1  0x00007f6720e05924 in ReplicationManager::waitForAck () from /opt/splunk/lib/libsplunk.so
#2  0x00007fcdddaa7748 in ClusterMaster::run () from /opt/splunk/lib/libsplunk.so
#3  0x00007f7370bf30b7 in ThreadPool::dispatch () from /opt/splunk/lib/libsplunk.so
#4  0x00007fb9bedf1f3d in Splunkd::run () from /opt/splunk/lib/libsplunk.so
#5  0x00007f3656a10f3e in main () from /opt/splunk/lib/libsplunk.so

Thread 8 (Thread 0x7fa6dd11a7e3 (LWP 49808)):
#0  0x00007ff48f691e88 in PCRE::match () from /opt/splunk/lib/libsplunk.so
#1  0x00007f3c5543421b in FieldExtractor::extract () from /opt/splunk/lib/libsplunk.so
#2  0x00007f346abacd88 in SearchEvaluator::eval () from /opt/splunk/lib/libsplunk.so
#3  0x00007fbfb1673c1a in SearchProcessor::executeSearch () from /opt/splunk/lib/libsplunk.so
#4  0x00007fe485979568 in SearchProcessor::run () from /opt/splunk/lib/libsplunk.so
#5  0x00007f6ea0bbc905 in ThreadPool::dispatch () from /opt/splunk/lib/libsplunk.so
#6  0x00007f849a70869f in Splunkd::run () from /opt/splunk/lib/libsplunk.so
#7  0x00007f3e4a3acd3d in main () from /opt/splunk/lib/libsplunk.so

Thread 9 (Thread 0x7f9706ec4936 (LWP 49809)):
#0  0x00007f9ad559dbed in zlib::compress () from /opt/splunk/lib/libsplunk.so
#1  0x00007f1c4f0e9d1b in BucketWriter::write () from /opt/splunk/lib/libsplunk.so
#2  0x00007f316b7f8050 in IndexWriter::writeBlock () from /opt/splunk/lib/libsplunk.so
#3  0x00007f53d57ff4a1 in IndexWriter::processData () from /opt/splunk/lib/libsplunk.so
#4  0x00007fb9713c0d4a in IndexWriter::run () from /opt/splunk/lib/libsplunk.so
#5  0x00007f2325e7ac7d in ThreadPool::dispatch () from /opt/splunk/lib/libsplunk.so
#6  0x00007fdf058891e0 in Splunkd::run () from /opt/splunk/lib/libsplunk.so
#7  0x00007f636ed0f308 in main () from /opt/splunk/lib/libsplunk.so

Thread 10 (Thread 0x7f54bca767b5 (LWP 49810)):
#0  0x00007f11d9950522 in pthread_cond_wait () from /lib64/libpthread.so.0
#1  0x00007f01a35327e2 in MongoDB::waitForOplog () from /opt/splunk/lib/libsplunk.so
#2  0x00007f3d12977a89 in KVStoreHandler::run () from /opt/splunk/lib/libsplunk.so
#3  0x00007fd9728857b7 in ThreadPool::dispatch () from /opt/splunk/lib/libsplunk.so
#4  0x00007f2e73a36af3 in Splunkd::run () from /opt/splunk/lib/libsplunk.so
#5  0x00007fffe988bd20 in main () from /opt/splunk/lib/libsplunk.so

Thread 11 (Thread 0x7f555260465e (LWP 49811)):
#0  0x00007fe7ace9d8e5 in FileSystem::copy () from /opt/splunk/lib/libsplunk.so
#1  0x00007f43cfb34653 in BucketSync::syncBucket () from /opt/splunk/lib/libsplunk.so
#2  0x00007fbc0a45911e in ReplicationManager::replicate () from /opt/splunk/lib/libsplunk.so
#3  0x00007fdc9252f8a9 in ClusterMaster::run () from /opt/splunk/lib/libsplunk.so
#4  0x00007fd6ecfbae4d in ThreadPool::dispatch () from /opt/splunk/lib/libsplunk.so
#5  0x00007f3347eb24be in Splunkd::run () from /opt/splunk/lib/libsplunk.so
#6  0x00007f7fdc89e61f in main () from /opt/splunk/lib/libsplunk.so

Thread 12 (Thread 0x7fbc7dcf982a (LWP 49812)):
#0  0x00007f8dea843ec9 in SAML::validateToken () from /opt/splunk/lib/libsplunk.so
#1  0x00007f6643819492 in AuthManager::authenticate () from /opt/splunk/lib/libsplunk.so
#2  0x00007ff6c7b9eae5 in RESTHandler::handlePOST () from /opt/splunk/lib/libsplunk.so
#3  0x00007f7d0758e12e in RESTHandler::dispatch () from /opt/splunk/lib/libsplunk.so
#4  0x00007fd70a150b35 in HTTPServer::handleRequest () from /opt/splunk/lib/libsplunk.so
#5  0x00007f79ef6ca8cb in HTTPServer::acceptLoop () from /opt/splunk/lib/libsplunk.so
#6  0x00007fc491ae5dc4 in Splunkd::run () from /opt/splunk/lib/libsplunk.so
#7  0x00007fc11844e51c in main () from /opt/splunk/lib/libsplunk.so

Thread 13 (Thread 0x7f299b530741 (LWP 49813)):
#0  0x00007fcc497a91ba in OpenSSL::SSL_read () from /opt/splunk/lib/libsplunk.so
#1  0x00007f43f118c24e in SSLEngine::read () from /opt/splunk/lib/libsplunk.so
#2  0x00007ff7e574e77e in HTTPServer::handleRequest () from /opt/splunk/lib/libsplunk.so
#3  0x00007f62f0343bc1 in HTTPServer::acceptLoop () from /opt/splunk/lib/libsplunk.so
#4  0x00007f6f3c64bbe1 in Splunkd::run () from /opt/splunk/lib/libsplunk.so
#5  0x00007f7b84f8f386 in main () from /opt/splunk/lib/libsplunk.so

Thread 14 (Thread 0x7fead4dee628 (LWP 49814)):
#0  0x00007ff01e6adb6d in JSONSerializer::serialize () from /opt/splunk/lib/libsplunk.so
#1  0x00007fa4cc61307f in RESTHandler::handleGET () from /opt/splunk/lib/libsplunk.so
#2  0x00007f1ed2672a57 in RESTHandler::dispatch () from /opt/splunk/lib/libsplunk.so
#3  0x00007fc441582f7a in HTTPServer::handleRequest () from /opt/splunk/lib/libsplunk.so
#4  0x00007f87ac82ad6f in HTTPServer::acceptLoop () from /opt/splunk/lib/libsplunk.so
#5  0x00007f7abd768fc2 in Splunkd::run () from /opt/splunk/lib/libsplunk.so
#6  0x00007f3509d14962 in main () from /opt/splunk/lib/libsplunk.so

Thread 15 (Thread 0x7f4a01982045 (LWP 49815)):
#0  0x00007f81f46ebcd8 in RegexMatcher::match () from /opt/splunk/lib/libsplunk.so
#1  0x00007fd1b788e615 in LineBreaker::split () from /opt/splunk/lib/libsplunk.so
#2  0x00007fba57cf0d92 in IndexWriter::processData () from /opt/splunk/lib/libsplunk.so
#3  0x00007f7c22cb288b in IndexWriter::run () from /opt/splunk/lib/libsplunk.so
#4  0x00007f49af572d69 in ThreadPool::dispatch () from /opt/splunk/lib/libsplunk.so
#5  0x00007f2ed47b86ba in Splunkd::run () from /opt/splunk/lib/libsplunk.so
#6  0x00007f1bc67cb54f in main () from /opt/splunk/lib/libsplunk.so

Thread 16 (Thread 0x7fb52c8fe586 (LWP 49816)):
#0  0x00007f98884bea19 in zlib::compress () from /opt/splunk/lib/libsplunk.so
#1  0x00007f4c415eb171 in BucketWriter::write () from /opt/splunk/lib/libsplunk.so
#2  0x00007f2da5f9eca3 in IndexWriter::writeBlock () from /opt/splunk/lib/libsplunk.so
#3  0x00007f7d7cc78bf6 in IndexWriter::processData () from /opt/splunk/lib/libsplunk.so
#4  0x00007fbb8810b690 in IndexWriter::run () from /opt/splunk/lib/libsplunk.so
#5  0x00007fc225f0fa20 in ThreadPool::dispatch () from /opt/splunk/lib/libsplunk.so
#6  0x00007ff3785d42ae in Splunkd::run () from /opt/splunk/lib/libsplunk.so
#7  0x00007f0029d7a45e in main () from /opt/splunk/lib/libsplunk.so

Thread 17 (Thread 0x7f7934c205a0 (LWP 49817)):
#0  0x00007f47d3f7120d in std::__introsort_loop () from /opt/splunk/lib/libsplunk.so
#1  0x00007f75163f2926 in std::sort () from /opt/splunk/lib/libsplunk.so
#2  0x00007f11c65d2f91 in SortProcessor::sort () from /opt/splunk/lib/libsplunk.so
#3  0x00007ffcb09ca3ac in SearchEvaluator::eval () from /opt/splunk/lib/libsplunk.so
#4  0x00007f4b054201dd in SearchProcessor::executeSearch () from /opt/splunk/lib/libsplunk.so
#5  0x00007ff63f4499f3 in SearchProcessor::run () from /opt/splunk/lib/libsplunk.so
#6  0x00007f7f57f2aabb in ThreadPool::dispatch () from /opt/splunk/lib/libsplunk.so
#7  0x00007f4d649a61f5 in Splunkd::run () from /opt/splunk/lib/libsplunk.so
#8  0x00007f27cf2871e7 in main () from /opt/splunk/lib/libsplunk.so
