Thread 1 (Thread 0x7fa65d2f78e4 (LWP 45801)):
#0  0x00007f1f2dcc2815 in poll () from /lib64/libc.so.6
#1  0x00007f7c363dd4b1 in TCPClient::connect () from /opt/splunk/lib/libsplunk.so
#2  0x00007f38ead343a1 in ReplicationManager::checkHealth () from /opt/splunk/lib/libsplunk.so
#3  0x00007fa3f1e70880 in ClusterMaster::run () from /opt/splunk/lib/libsplunk.so
#4  0x00007fffc97e7f00 in ThreadPool::dispatch () from /opt/splunk/lib/libsplunk.so
#5  0x00007f4201e1c406 in Splunkd::run () from /opt/splunk/lib/libsplunk.so
#6  0x00007fbe28c2f413 in main () from /opt/splunk/lib/libsplunk.so

Thread 2 (Thread 0x7fd1771f8909 (LWP 45802)):
#0  0x00007ffa5a3c68dd in BTreeReader::search () from /opt/splunk/lib/libsplunk.so
#1  0x00007fc10cd871eb in WiredTiger::cursor_search () from /opt/splunk/lib/libsplunk.so
#2  0x00007fdeb7d3fee2 in MongoDB::find () from /opt/splunk/lib/libsplunk.so
#3  0x00007ffbf1b1c3d2 in KVStoreHandler::run () from /opt/splunk/lib/libsplunk.so
#4  0x00007f8670c5cb93 in ThreadPool::dispatch () from /opt/splunk/lib/libsplunk.so
#5  0x00007fb4a87d86b5 in Splunkd::run () from /opt/splunk/lib/libsplunk.so
#6  0x00007f9740cfac0a in main () from /opt/splunk/lib/libsplunk.so

Thread 3 (Thread 0x7fb460972be2 (LWP 45803)):
#0  0x00007fbd86dbc9e7 in read () from /lib64/libc.so.6
#1  0x00007fa5698cf7ff in FileReader::read () from /opt/splunk/lib/libsplunk.so
#2  0x00007f62f916dfef in FileMonitor::checkFiles () from /opt/splunk/lib/libsplunk.so
#3  0x00007f3257bf95b3 in FileMonitor::run () from /opt/splunk/lib/libsplunk.so
#4  0x00007fe0074f3d7a in ThreadPool::dispatch () from /opt/splunk/lib/libsplunk.so
#5  0x00007f55bb599df5 in Splunkd::run () from /opt/splunk/lib/libsplunk.so
#6  0x00007f5dd5db1af0 in main () from /opt/splunk/lib/libsplunk.so

Thread 4 (Thread 0x7f7f9c619dfe (LWP 45804)):
#0  0x00007f666b4f3078 in SAML::validateToken () from /opt/splunk/lib/libsplunk.so
#1  0x00007f6c630a7605 in AuthManager::authenticate () from /opt/splunk/lib/libsplunk.so
#2  0x00007ffdea953589 in RESTHandler::handlePOST () from /opt/splunk/lib/libsplunk.so
#3  0x00007ffe8ee5d27c in RESTHandler::dispatch () from /opt/splunk/lib/libsplunk.so
#4  0x00007f23d69120b2 in HTTPServer::handleRequest () from /opt/splunk/lib/libsplunk.so
#5  0x00007fb8000f915f in HTTPServer::acceptLoop () from /opt/splunk/lib/libsplunk.so
#6  0x00007f6addf8245f in Splunkd::run () from /opt/splunk/lib/libsplunk.so
#7  0x00007f35b2f6a76b in main () from /opt/splunk/lib/libsplunk.so

Thread 5 (Thread 0x7fa30e69da4a (LWP 45805)):
#0  0x00007f92bead9f6e in BTreeReader::search () from /opt/splunk/lib/libsplunk.so
#1  0x00007fc052478078 in WiredTiger::cursor_search () from /opt/splunk/lib/libsplunk.so
#2  0x00007f5ef1203883 in MongoDB::find () from /opt/splunk/lib/libsplunk.so
#3  0x00007fe7ae35a827 in KVStoreHandler::run () from /opt/splunk/lib/libsplunk.so
#4  0x00007f60a974b047 in ThreadPool::dispatch () from /opt/splunk/lib/libsplunk.so
#5  0x00007f0c2441a0ab in Splunkd::run () from /opt/splunk/lib/libsplunk.so
#6  0x00007f6e6aea686f in main () from /opt/splunk/lib/libsplunk.so

Thread 6 (Thread 0x7f4a175ee2ac (LWP 45806)):
#0  0x00007fdf0668d32c in zlib::compress () from /opt/splunk/lib/libsplunk.so
#1  0x00007f7da98a48f8 in BucketWriter::write () from /opt/splunk/lib/libsplunk.so
#2  0x00007fae849cc672 in IndexWriter::writeBlock () from /opt/splunk/lib/libsplunk.so
#3  0x00007fb0dab3eab6 in IndexWriter::processData () from /opt/splunk/lib/libsplunk.so
#4  0x00007f80d5867650 in IndexWriter::run () from /opt/splunk/lib/libsplunk.so
#5  0x00007fd168e197e9 in ThreadPool::dispatch () from /opt/splunk/lib/libsplunk.so
#6  0x00007f42444355ee in Splunkd::run () from /opt/splunk/lib/libsplunk.so
#7  0x00007f4c2fe4e2e7 in main () from /opt/splunk/lib/libsplunk.so

Thread 7 (Thread 0x7f2980916b7a (LWP 45807)):
#0  0x00007ff1e7c6b6be in write () from /lib64/libc.so.6
#1  0x00007f2f9c6bfa76 in TCPClient::send () from /opt/splunk/lib/libsplunk.so
#2  0x00007f6d92f76da8 in ReplicationManager::replicate () from /opt/splunk/lib/libsplunk.so
#3  0x00007fd62f793154 in ClusterMaster::run () from /opt/splunk/lib/libsplunk.so
#4  0x00007f071af0f2f5 in ThreadPool::dispatch () from /opt/splunk/lib/libsplunk.so
#5  0x00007f65381b1c50 in Splunkd::run () from /opt/splunk/lib/libsplunk.so
#6  0x00007fd29233d88c in main () from /opt/splunk/lib/libsplunk.so

Thread 8 (Thread 0x7fb083cd6709 (LWP 45808)):
#0  0x00007f1af8b4186d in malloc () from /lib64/libc.so.6
#1  0x00007fdfd74b9b3f in BTreeWriter::insert () from /opt/splunk/lib/libsplunk.so
#2  0x00007f6457a41c5a in WiredTiger::cursor_insert () from /opt/splunk/lib/libsplunk.so
#3  0x00007f1006553398 in MongoDB::insert () from /opt/splunk/lib/libsplunk.so
#4  0x00007f29d207a6b7 in KVStoreHandler::run () from /opt/splunk/lib/libsplunk.so
#5  0x00007f9d3e373a94 in ThreadPool::dispatch () from /opt/splunk/lib/libsplunk.so
#6  0x00007f24341a1dac in Splunkd::run () from /opt/splunk/lib/libsplunk.so
#7  0x00007f8b0031f79d in main () from /opt/splunk/lib/libsplunk.so

Thread 9 (Thread 0x7fcbf013ee36 (LWP 45809)):
#0  0x00007f20fdf1fa33 in JSONSerializer::serialize () from /opt/splunk/lib/libsplunk.so
#1  0x00007fa1fcbacced in RESTHandler::handleGET () from /opt/splunk/lib/libsplunk.so
#2  0x00007f6121cdb4f1 in RESTHandler::dispatch () from /opt/splunk/lib/libsplunk.so
#3  0x00007f23f0949cc9 in HTTPServer::handleRequest () from /opt/splunk/lib/libsplunk.so
#4  0x00007fee85d10e5b in HTTPServer::acceptLoop () from /opt/splunk/lib/libsplunk.so
#5  0x00007f9a877d5846 in Splunkd::run () from /opt/splunk/lib/libsplunk.so
#6  0x00007fccd2b29045 in main () from /opt/splunk/lib/libsplunk.so

Thread 10 (Thread 0x7f93ef72ba7d (LWP 45810)):
#0  0x00007f4cfe43ef33 in poll () from /lib64/libc.so.6
#1  0x00007f54cb148762 in TCPClient::connect () from /opt/splunk/lib/libsplunk.so
#2  0x00007fe38be1254a in ReplicationManager::checkHealth () from /opt/splunk/lib/libsplunk.so
#3  0x00007f7e0905ea1d in ClusterMaster::run () from /opt/splunk/lib/libsplunk.so
#4  0x00007fd1524756ca in ThreadPool::dispatch () from /opt/splunk/lib/libsplunk.so
#5  0x00007fdf551acc09 in Splunkd::run () from /opt/splunk/lib/libsplunk.so
#6  0x00007f4976211896 in main () from /opt/splunk/lib/libsplunk.so

Thread 11 (Thread 0x7f7fe30764a8 (LWP 45811)):
#0  0x00007fadd3f48eb6 in LDAP::bind () from /opt/splunk/lib/libsplunk.so
#1  0x00007fad96bd2933 in AuthManager::authenticate () from /opt/splunk/lib/libsplunk.so
#2  0x00007f148e1eb5ec in RESTHandler::handlePOST () from /opt/splunk/lib/libsplunk.so
#3  0x00007fb5927cc68b in RESTHandler::dispatch () from /opt/splunk/lib/libsplunk.so
#4  0x00007f5adcc91744 in HTTPServer::handleRequest () from /opt/splunk/lib/libsplunk.so
#5  0x00007f4a6b114b12 in HTTPServer::acceptLoop () from /opt/splunk/lib/libsplunk.so
#6  0x00007fc28f422220 in Splunkd::run () from /opt/splunk/lib/libsplunk.so
#7  0x00007f33b16c590f in main () from /opt/splunk/lib/libsplunk.so

Thread 12 (Thread 0x7f9f22cc4fe7 (LWP 45812)):
#0  0x00007f8bee3fed87 in pthread_cond_wait () from /lib64/libpthread.so.0
#1  0x00007fc7cd9915f7 in IndexWriter::waitForData () from /opt/splunk/lib/libsplunk.so
#2  0x00007f622eb4a51f in IndexWriter::run () from /opt/splunk/lib/libsplunk.so
#3  0x00007f01326f8444 in ThreadPool::dispatch () from /opt/splunk/lib/libsplunk.so
#4  0x00007fe4d14d9461 in Splunkd::run () from /opt/splunk/lib/libsplunk.so
#5  0x00007ff3b6d6a58c in main () from /opt/splunk/lib/libsplunk.so

Thread 13 (Thread 0x7f302d282369 (LWP 45813)):
#0  0x00007f926fd85eae in FileSystem::fsync () from /opt/splunk/lib/libsplunk.so
#1  0x00007fe67f47aa5f in BucketWriter::write () from /opt/splunk/lib/libsplunk.so
#2  0x00007f95803d7cc8 in IndexWriter::writeBlock () from /opt/splunk/lib/libsplunk.so
#3  0x00007f19148ff3ea in IndexWriter::processData () from /opt/splunk/lib/libsplunk.so
#4  0x00007f43c0d75f9f in IndexWriter::run () from /opt/splunk/lib/libsplunk.so
#5  0x00007f0e3fbbcca4 in ThreadPool::dispatch () from /opt/splunk/lib/libsplunk.so
#6  0x00007f11dd3e5a3a in Splunkd::run () from /opt/splunk/lib/libsplunk.so
#7  0x00007f14cde4b5da in main () from /opt/splunk/lib/libsplunk.so

Thread 14 (Thread 0x7fdce3ba21b8 (LWP 45814)):
#0  0x00007fe8f3794b14 in recv () from /lib64/libc.so.6
#1  0x00007f28cc6c1b89 in TcpInputProcessor::readData () from /opt/splunk/lib/libsplunk.so
#2  0x00007fa74c714429 in TcpInputProcessor::run () from /opt/splunk/lib/libsplunk.so
#3  0x00007f98633175fd in ThreadPool::dispatch () from /opt/splunk/lib/libsplunk.so
#4  0x00007f7ea5570970 in Splunkd::run () from /opt/splunk/lib/libsplunk.so
#5  0x00007fab9bf03679 in main () from /opt/splunk/lib/libsplunk.so

Thread 15 (Thread 0x7f02e832a989 (LWP 45815)):
#0  0x00007fbf9f050bec in malloc () from /lib64/libc.so.6
#1  0x00007f11ba9c0c37 in SearchProcessor::createSearch () from /opt/splunk/lib/libsplunk.so
#2  0x00007f2b5ff26f17 in Scheduler::dispatchJob () from /opt/splunk/lib/libsplunk.so
#3  0x00007f7207ed428e in Scheduler::run () from /opt/splunk/lib/libsplunk.so
#4  0x00007f53de32a237 in Splunkd::run () from /opt/splunk/lib/libsplunk.so
#5  0x00007fed0a77c88f in main () from /opt/splunk/lib/libsplunk.so

Thread 16 (Thread 0x7fcf723c3478 (LWP 45816)):
#0  0x00007fd7389ff582 in std::__introsort_loop () from /opt/splunk/lib/libsplunk.so
#1  0x00007fb0f8ce1b01 in std::sort () from /opt/splunk/lib/libsplunk.so
#2  0x00007ff4f518fe32 in SortProcessor::sort () from /opt/splunk/lib/libsplunk.so
#3  0x00007f80a2de2927 in SearchEvaluator::eval () from /opt/splunk/lib/libsplunk.so
#4  0x00007f9b25edd29e in SearchProcessor::executeSearch () from /opt/splunk/lib/libsplunk.so
#5  0x00007f44319c7d38 in SearchProcessor::run () from /opt/splunk/lib/libsplunk.so
#6  0x00007ff3f5a64424 in ThreadPool::dispatch () from /opt/splunk/lib/libsplunk.so
#7  0x00007f4a1f6c30ad in Splunkd::run () from /opt/splunk/lib/libsplunk.so
#8  0x00007f87b1646b40 in main () from /opt/splunk/lib/libsplunk.so
