Thread 1 (Thread 0x7f28cd9ae345 (LWP 37701)):
#0  0x00007f6a96c2edfd in FileSystem::copy () from /opt/splunk/lib/libsplunk.so
#1  0x00007f7bdb5b01a0 in BucketSync::syncBucket () from /opt/splunk/lib/libsplunk.so
#2  0x00007ffc2fc2c09d in ReplicationManager::replicate () from /opt/splunk/lib/libsplunk.so
#3  0x00007fe794452988 in ClusterMaster::run () from /opt/splunk/lib/libsplunk.so
#4  0x00007fa63480e4d0 in ThreadPool::dispatch () from /opt/splunk/lib/libsplunk.so
#5  0x00007f66f3474769 in Splunkd::run () from /opt/splunk/lib/libsplunk.so
#6  0x00007ff96273e18e in main () from /opt/splunk/lib/libsplunk.so

Thread 2 (Thread 0x7fb8f8370e3b (LWP 37702)):
#0  0x00007fd96ac6e579 in recvfrom () from /lib64/libc.so.6
#1  0x00007f58ce293a36 in UDPInputProcessor::readData () from /opt/splunk/lib/libsplunk.so
#2  0x00007fc72c2caa62 in UDPInputProcessor::run () from /opt/splunk/lib/libsplunk.so
#3  0x00007fdfa8e9a5cf in ThreadPool::dispatch () from /opt/splunk/lib/libsplunk.so
#4  0x00007fa30649c397 in Splunkd::run () from /opt/splunk/lib/libsplunk.so
#5  0x00007f730acc8bfd in main () from /opt/splunk/lib/libsplunk.so

Thread 3 (Thread 0x7f67d6e447d0 (LWP 37703)):
#0  0x00007f02c717df85 in OpenSSL::SSL_read () from /opt/splunk/lib/libsplunk.so
#1  0x00007fc3411bcad6 in SSLEngine::read () from /opt/splunk/lib/libsplunk.so
#2  0x00007fa652e6490b in HTTPServer::handleRequest () from /opt/splunk/lib/libsplunk.so
#3  0x00007f1f409da765 in HTTPServer::acceptLoop () from /opt/splunk/lib/libsplunk.so
#4  0x00007f426a7b6788 in Splunkd::run () from /opt/splunk/lib/libsplunk.so
#5  0x00007f4bd0ef24d5 in main () from /opt/splunk/lib/libsplunk.so

Thread 4 (Thread 0x7f382d79c884 (LWP 37704)):
#0  0x00007fb524f8bf89 in inotify_read () from /lib64/libc.so.6
#1  0x00007fddb0ebc7a1 in FileMonitor::waitForChange () from /opt/splunk/lib/libsplunk.so
#2  0x00007f9a8f479299 in FileMonitor::run () from /opt/splunk/lib/libsplunk.so
#3  0x00007fa7028b363c in ThreadPool::dispatch () from /opt/splunk/lib/libsplunk.so
#4  0x00007f3d06e0659d in Splunkd::run () from /opt/splunk/lib/libsplunk.so
#5  0x00007fca12be0664 in main () from /opt/splunk/lib/libsplunk.so

Thread 5 (Thread 0x7f8ba7c6f417 (LWP 37705)):
#0  0x00007f6974708dbf in inotify_read () from /lib64/libc.so.6
#1  0x00007f862ca40dc3 in FileMonitor::waitForChange () from /opt/splunk/lib/libsplunk.so
#2  0x00007f0ea6bae75d in FileMonitor::run () from /opt/splunk/lib/libsplunk.so
#3  0x00007f676344ebb7 in ThreadPool::dispatch () from /opt/splunk/lib/libsplunk.so
#4  0x00007fbc63c12e65 in Splunkd::run () from /opt/splunk/lib/libsplunk.so
#5  0x00007f35a3447480 in main () from /opt/splunk/lib/libsplunk.so

Thread 6 (Thread 0x7fae252c760a (LWP 37706)):
#0  0x00007f5710bcfc91 in pthread_cond_wait () from /lib64/libpthread.so.0
#1  0x00007f112ce1abc6 in IndexWriter::waitForData () from /opt/splunk/lib/libsplunk.so
#2  0x00007ff37ca6d154 in IndexWriter::run () from /opt/splunk/lib/libsplunk.so
#3  0x00007f0de4133a46 in ThreadPool::dispatch () from /opt/splunk/lib/libsplunk.so
#4  0x00007f51ee7387b2 in Splunkd::run () from /opt/splunk/lib/libsplunk.so
#5  0x00007facbe578e90 in main () from /opt/splunk/lib/libsplunk.so

Thread 7 (Thread 0x7fb9f2727e56 (LWP 37707)):
#0  0x00007ff7a7c1ddcb in PCRE::match () from /opt/splunk/lib/libsplunk.so
#1  0x00007f2f3d47b04c in FieldExtractor::extract () from /opt/splunk/lib/libsplunk.so
#2  0x00007f129cb6c60e in SearchEvaluator::eval () from /opt/splunk/lib/libsplunk.so
#3  0x00007f535141a582 in SearchProcessor::executeSearch () from /opt/splunk/lib/libsplunk.so
#4  0x00007ff2d385899f in SearchProcessor::run () from /opt/splunk/lib/libsplunk.so
#5  0x00007fffd4a415de in ThreadPool::dispatch () from /opt/splunk/lib/libsplunk.so
#6  0x00007f23dd4b5ff2 in Splunkd::run () from /opt/splunk/lib/libsplunk.so
#7  0x00007f758dc2f4ed in main () from /opt/splunk/lib/libsplunk.so

Thread 8 (Thread 0x7f64b6fe07a9 (LWP 37708)):
#0  0x00007fbbcc7bf496 in FileSystem::fsync () from /opt/splunk/lib/libsplunk.so
#1  0x00007ff47d7494b8 in BucketWriter::write () from /opt/splunk/lib/libsplunk.so
#2  0x00007f9daed1c907 in IndexWriter::writeBlock () from /opt/splunk/lib/libsplunk.so
#3  0x00007f2f103be0f4 in IndexWriter::processData () from /opt/splunk/lib/libsplunk.so
#4  0x00007f6d037362cc in IndexWriter::run () from /opt/splunk/lib/libsplunk.so
#5  0x00007f37d943cafc in ThreadPool::dispatch () from /opt/splunk/lib/libsplunk.so
#6  0x00007fa3b70a898c in Splunkd::run () from /opt/splunk/lib/libsplunk.so
#7  0x00007f4a85916cff in main () from /opt/splunk/lib/libsplunk.so

Thread 9 (Thread 0x7fa3fb02d207 (LWP 37709)):
#0  0x00007f2e985bad52 in epoll_wait () from /lib64/libc.so.6
#1  0x00007f056f5a4808 in HTTPServer::acceptLoop () from /opt/splunk/lib/libsplunk.so
#2  0x00007ff91d37a1bc in Splunkd::run () from /opt/splunk/lib/libsplunk.so
#3  0x00007f79836d7674 in main () from /opt/splunk/lib/libsplunk.so
