Thread 1 (Thread 0x7f1be13c563a (LWP 54401)):
#0  0x00007fc205976292 in DateParser::parse () from /opt/splunk/lib/libsplunk.so
#1  0x00007fd91b8594ef in TimestampExtractor::extract () from /opt/splunk/lib/libsplunk.so
#2  0x00007f63723bed15 in IndexWriter::processData () from /opt/splunk/lib/libsplunk.so
#3  0x00007f6e1a6acc73 in IndexWriter::run () from /opt/splunk/lib/libsplunk.so
#4  0x00007ff506be304d in ThreadPool::dispatch () from /opt/splunk/lib/libsplunk.so
#5  0x00007f8d928c96b3 in Splunkd::run () from /opt/splunk/lib/libsplunk.so
#6  0x00007fd398c5d842 in main () from /opt/splunk/lib/libsplunk.so

Thread 2 (Thread 0x7fc79af4b41b (LWP 54402)):
#0  0x00007f1f2e8e1742 in pthread_cond_timedwait () from /lib64/libpthread.so.0
#1  0x00007f6dc30523aa in Scheduler::waitForNextJob () from /opt/splunk/lib/libsplunk.so
#2  0x00007f248f20aa20 in Scheduler::run () from /opt/splunk/lib/libsplunk.so
#3  0x00007f84418bd875 in Splunkd::run () from /opt/splunk/lib/libsplunk.so
#4  0x00007f88c892ab7a in main () from /opt/splunk/lib/libsplunk.so

Thread 3 (Thread 0x7f4414612de7 (LWP 54403)):
#0  0x00007ff76eb337f7 in SAML::validateToken () from /opt/splunk/lib/libsplunk.so
#1  0x00007f1e70ffaa69 in AuthManager::authenticate () from /opt/splunk/lib/libsplunk.so
#2  0x00007ff56c9e7f0a in RESTHandler::handlePOST () from /opt/splunk/lib/libsplunk.so
#3  0x00007f77ebee5ad6 in RESTHandler::dispatch () from /opt/splunk/lib/libsplunk.so
#4  0x00007f7ce41200dc in HTTPServer::handleRequest () from /opt/splunk/lib/libsplunk.so
#5  0x00007f30d8a78757 in HTTPServer::acceptLoop () from /opt/splunk/lib/libsplunk.so
#6  0x00007f210b88195b in Splunkd::run () from /opt/splunk/lib/libsplunk.so
#7  0x00007fb36e2ebf80 in main () from /opt/splunk/lib/libsplunk.so

Thread 4 (Thread 0x7fc1dabb1f1f (LWP 54404)):
#0  0x00007f7d1ae720a3 in FileSystem::copy () from /opt/splunk/lib/libsplunk.so
#1  0x00007f5ae0081f70 in BucketSync::syncBucket () from /opt/splunk/lib/libsplunk.so
#2  0x00007f5100cc1764 in ReplicationManager::replicate () from /opt/splunk/lib/libsplunk.so
#3  0x00007f51ebef5306 in ClusterMaster::run () from /opt/splunk/lib/libsplunk.so
#4  0x00007f9389aba988 in ThreadPool::dispatch () from /opt/splunk/lib/libsplunk.so
#5  0x00007fad16cea506 in Splunkd::run () from /opt/splunk/lib/libsplunk.so
#6  0x00007f03e0e87aed in main () from /opt/splunk/lib/libsplunk.so

Thread 5 (Thread 0x7f994556ea49 (LWP 54405)):
#0  0x00007fcb4ce9d0f9 in pthread_cond_wait () from /lib64/libpthread.so.0
#1  0x00007f972178c7ff in SearchProcessor::waitForWork () from /opt/splunk/lib/libsplunk.so
#2  0x00007f6d8386e07b in SearchProcessor::run () from /opt/splunk/lib/libsplunk.so
#3  0x00007f5f863e868a in ThreadPool::dispatch () from /opt/splunk/lib/libsplunk.so
#4  0x00007f7b85ce669e in Splunkd::run () from /opt/splunk/lib/libsplunk.so
#5  0x00007f5bcd141b87 in main () from /opt/splunk/lib/libsplunk.so

Thread 6 (Thread 0x7f27f06417e2 (LWP 54406)):
#0  0x00007f2aa6a82b75 in pthread_cond_timedwait () from /lib64/libpthread.so.0
#1  0x00007f06d8f1dafa in Scheduler::waitForNextJob () from /opt/splunk/lib/libsplunk.so
#2  0x00007fe5bc4977d3 in Scheduler::run () from /opt/splunk/lib/libsplunk.so
#3  0x00007f84e5e5849d in Splunkd::run () from /opt/splunk/lib/libsplunk.so
#4  0x00007fc61040470b in main () from /opt/splunk/lib/libsplunk.so

Thread 7 (Thread 0x7f7f7b31d7c5 (LWP 54407)):
#0  0x00007fe1b861e800 in malloc () from /lib64/libc.so.6
#1  0x00007f5a4f2a04a6 in SearchProcessor::createSearch () from /opt/splunk/lib/libsplunk.so
#2  0x00007f7ba804ce3a in Scheduler::dispatchJob () from /opt/splunk/lib/libsplunk.so
#3  0x00007fc5b3e5d8de in Scheduler::run () from /opt/splunk/lib/libsplunk.so
#4  0x00007f8745b573e6 in Splunkd::run () from /opt/splunk/lib/libsplunk.so
#5  0x00007f5cca070052 in main () from /opt/splunk/lib/libsplunk.so

Thread 8 (Thread 0x7f6effa140bb (LWP 54408)):
#0  0x00007fe6a0e878d1 in PCRE::match () from /opt/splunk/lib/libsplunk.so
#1  0x00007f064c07aa86 in FieldExtractor::extract () from /opt/splunk/lib/libsplunk.so
#2  0x00007f8a5e4ee688 in SearchEvaluator::eval () from /opt/splunk/lib/libsplunk.so
#3  0x00007f5b1c9a37cb in SearchProcessor::executeSearch () from /opt/splunk/lib/libsplunk.so
#4  0x00007f55202364c1 in SearchProcessor::run () from /opt/splunk/lib/libsplunk.so
#5  0x00007f03eaf7d3a9 in ThreadPool::dispatch () from /opt/splunk/lib/libsplunk.so
#6  0x00007fd57a9dc75e in Splunkd::run () from /opt/splunk/lib/libsplunk.so
#7  0x00007f7c126953ce in main () from /opt/splunk/lib/libsplunk.so

Thread 9 (Thread 0x7fe4f7de17dc (LWP 54409)):
#0  0x00007fa18403b78e in inotify_read () from /lib64/libc.so.6
#1  0x00007f1150ef1020 in FileMonitor::waitForChange () from /opt/splunk/lib/libsplunk.so
#2  0x00007fcffdebb336 in FileMonitor::run () from /opt/splunk/lib/libsplunk.so
#3  0x00007f7b2b33241d in ThreadPool::dispatch () from /opt/splunk/lib/libsplunk.so
#4  0x00007fea5888a426 in Splunkd::run () from /opt/splunk/lib/libsplunk.so
#5  0x00007fa55bf8ebd1 in main () from /opt/splunk/lib/libsplunk.so

Thread 10 (Thread 0x7fc1897a5d93 (LWP 54410)):
#0  0x00007f5c8d37a6cb in RegexMatcher::match () from /opt/splunk/lib/libsplunk.so
#1  0x00007f6d1ef42e69 in LineBreaker::split () from /opt/splunk/lib/libsplunk.so
#2  0x00007fea77e9cc58 in IndexWriter::processData () from /opt/splunk/lib/libsplunk.so
#3  0x00007f8f0d77da5c in IndexWriter::run () from /opt/splunk/lib/libsplunk.so
#4  0x00007f8b2ece8e33 in ThreadPool::dispatch () from /opt/splunk/lib/libsplunk.so
#5  0x00007f6e4443898f in Splunkd::run () from /opt/splunk/lib/libsplunk.so
#6  0x00007fd7ff758b95 in main () from /opt/splunk/lib/libsplunk.so

Thread 11 (Thread 0x7f4ed594c651 (LWP 54411)):
#0  0x00007f2b9125966d in PCRE::match () from /opt/splunk/lib/libsplunk.so
#1  0x00007fb3efa31a89 in FieldExtractor::extract () from /opt/splunk/lib/libsplunk.so
#2  0x00007fc8050769c1 in SearchEvaluator::eval () from /opt/splunk/lib/libsplunk.so
#3  0x00007fb027b1c06d in SearchProcessor::executeSearch () from /opt/splunk/lib/libsplunk.so
#4  0x00007f3fa841d7e2 in SearchProcessor::run () from /opt/splunk/lib/libsplunk.so
#5  0x00007fe79b471e73 in ThreadPool::dispatch () from /opt/splunk/lib/libsplunk.so
#6  0x00007f13c696d4fb in Splunkd::run () from /opt/splunk/lib/libsplunk.so
#7  0x00007f5409072c50 in main () from /opt/splunk/lib/libsplunk.so

Thread 12 (Thread 0x7f3e565c70dc (LWP 54412)):
#0  0x00007f42635f159f in HashTable::insert () from /opt/splunk/lib/libsplunk.so
#1  0x00007f359fec9bd9 in StatsProcessor::aggregate () from /opt/splunk/lib/libsplunk.so
#2  0x00007fcf7ef0c8f6 in SearchEvaluator::eval () from /opt/splunk/lib/libsplunk.so
#3  0x00007f49ef954d18 in SearchProcessor::executeSearch () from /opt/splunk/lib/libsplunk.so
#4  0x00007f1e09a47f48 in SearchProcessor::run () from /opt/splunk/lib/libsplunk.so
#5  0x00007f0671e391a7 in ThreadPool::dispatch () from /opt/splunk/lib/libsplunk.so
#6  0x00007f5703a60489 in Splunkd::run () from /opt/splunk/lib/libsplunk.so
#7  0x00007f0def53bed7 in main () from /opt/splunk/lib/libsplunk.so
