Thread 1 (Thread 0x7f5f408f68d0 (LWP 17801)):
#0  0x00007fbec33ac833 in pthread_cond_wait () from /lib64/libpthread.so.0
#1  0x00007fed0ef7f078 in MongoDB::waitForOplog () from /opt/splunk/lib/libsplunk.so
#2  0x00007f8a11538dcd in KVStoreHandler::run () from /opt/splunk/lib/libsplunk.so
#3  0x00007f22eeec2372 in ThreadPool::dispatch () from /opt/splunk/lib/libsplunk.so
#4  0x00007f549f79c334 in Splunkd::run () from /opt/splunk/lib/libsplunk.so
#5  0x00007fc0098a8a7c in main () from /opt/splunk/lib/libsplunk.so

Thread 2 (Thread 0x7fcb48060047 (LWP 17802)):
#0  0x00007f8219ed76d2 in DateParser::parse () from /opt/splunk/lib/libsplunk.so
#1  0x00007f029b0d5592 in TimestampExtractor::extract () from /opt/splunk/lib/libsplunk.so
#2  0x00007fd4c153a111 in IndexWriter::processData () from /opt/splunk/lib/libsplunk.so
#3  0x00007f9ed4615de1 in IndexWriter::run () from /opt/splunk/lib/libsplunk.so
#4  0x00007fc03268da4a in ThreadPool::dispatch () from /opt/splunk/lib/libsplunk.so
#5  0x00007fc92b636777 in Splunkd::run () from /opt/splunk/lib/libsplunk.so
#6  0x00007f504099f5c6 in main () from /opt/splunk/lib/libsplunk.so

Thread 3 (Thread 0x7fc1dd92d436 (LWP 17803)):
#0  0x00007f19514a9b6e in SAML::validateToken () from /opt/splunk/lib/libsplunk.so
#1  0x00007feeaa057149 in AuthManager::authenticate () from /opt/splunk/lib/libsplunk.so
#2  0x00007fe4320bba0f in RESTHandler::handlePOST () from /opt/splunk/lib/libsplunk.so
#3  0x00007f605c8c674f in RESTHandler::dispatch () from /opt/splunk/lib/libsplunk.so
#4  0x00007f6bb4932eb0 in HTTPServer::handleRequest () from /opt/splunk/lib/libsplunk.so
#5  0x00007fff78e9468c in HTTPServer::acceptLoop () from /opt/splunk/lib/libsplunk.so
#6  0x00007fedae9d6672 in Splunkd::run () from /opt/splunk/lib/libsplunk.so
#7  0x00007fac9feff1a5 in main () from /opt/splunk/lib/libsplunk.so

Thread 4 (Thread 0x7f64bf482407 (LWP 17804)):
#0  0x00007f1b38f00928 in JSONSerializer::serialize () from /opt/splunk/lib/libsplunk.so
#1  0x00007f09bb8026ef in RESTHandler::handleGET () from /opt/splunk/lib/libsplunk.so
#2  0x00007f5409bf22ba in RESTHandler::dispatch () from /opt/splunk/lib/libsplunk.so
#3  0x00007f8a5ddcdab4 in HTTPServer::handleRequest () from /opt/splunk/lib/libsplunk.so
#4  0x00007fbe8a56d0e2 in HTTPServer::acceptLoop () from /opt/splunk/lib/libsplunk.so
#5  0x00007f8823a9b8f9 in Splunkd::run () from /opt/splunk/lib/libsplunk.so
#6  0x00007f786a1cbcc0 in main () from /opt/splunk/lib/libsplunk.so

Thread 5 (Thread 0x7f41a32950cf (LWP 17805)):
#0  0x00007f2a7a6f8a4e in FileSystem::fsync () from /opt/splunk/lib/libsplunk.so
#1  0x00007fef478956ce in BucketWriter::write () from /opt/splunk/lib/libsplunk.so
#2  0x00007f65e0d64fa2 in IndexWriter::writeBlock () from /opt/splunk/lib/libsplunk.so
#3  0x00007f5f6621ef8f in IndexWriter::processData () from /opt/splunk/lib/libsplunk.so
#4  0x00007f2f3a7ed6bf in IndexWriter::run () from /opt/splunk/lib/libsplunk.so
#5  0x00007ff7e61a0ddf in ThreadPool::dispatch () from /opt/splunk/lib/libsplunk.so
#6  0x00007f939b31f0d3 in Splunkd::run () from /opt/splunk/lib/libsplunk.so
#7  0x00007fea03935fa7 in main () from /opt/splunk/lib/libsplunk.so

Thread 6 (Thread 0x7fce840c305e (LWP 17806)):
#0  0x00007f671c702e3a in HashTable::insert () from /opt/splunk/lib/libsplunk.so
#1  0x00007f3cc4e546b4 in StatsProcessor::aggregate () from /opt/splunk/lib/libsplunk.so
#2  0x00007f9e91079f90 in SearchEvaluator::eval () from /opt/splunk/lib/libsplunk.so
#3  0x00007fd3ff7a2662 in SearchProcessor::executeSearch () from /opt/splunk/lib/libsplunk.so
#4  0x00007f9b067b11df in SearchProcessor::run () from /opt/splunk/lib/libsplunk.so
#5  0x00007f8ea850c2cc in ThreadPool::dispatch () from /opt/splunk/lib/libsplunk.so
#6  0x00007f064567358e in Splunkd::run () from /opt/splunk/lib/libsplunk.so
#7  0x00007fbd48655336 in main () from /opt/splunk/lib/libsplunk.so

Thread 7 (Thread 0x7fd282d59b38 (LWP 17807)):
#0  0x00007f22d5d7c01f in RegexMatcher::match () from /opt/splunk/lib/libsplunk.so
#1  0x00007f3d08f760a1 in LineBreaker::split () from /opt/splunk/lib/libsplunk.so
#2  0x00007f624851489d in IndexWriter::processData () from /opt/splunk/lib/libsplunk.so
#3  0x00007f24ef8fc972 in IndexWriter::run () from /opt/splunk/lib/libsplunk.so
#4  0x00007fdc03388f02 in ThreadPool::dispatch () from /opt/splunk/lib/libsplunk.so
#5  0x00007f6c2f580cb7 in Splunkd::run () from /opt/splunk/lib/libsplunk.so
#6  0x00007fe6ac02ee3c in main () from /opt/splunk/lib/libsplunk.so

Thread 8 (Thread 0x7fb257acfeed (LWP 17808)):
#0  0x00007fff0eec964a in std::__introsort_loop () from /opt/splunk/lib/libsplunk.so
#1  0x00007f16c1d7f83e in std::sort () from /opt/splunk/lib/libsplunk.so
#2  0x00007f61c36422f2 in SortProcessor::sort () from /opt/splunk/lib/libsplunk.so
#3  0x00007f6adce84a3a in SearchEvaluator::eval () from /opt/splunk/lib/libsplunk.so
#4  0x00007f56df003e56 in SearchProcessor::executeSearch () from /opt/splunk/lib/libsplunk.so
#5  0x00007f47e2ea4da1 in SearchProcessor::run () from /opt/splunk/lib/libsplunk.so
#6  0x00007f54803d52af in ThreadPool::dispatch () from /opt/splunk/lib/libsplunk.so
#7  0x00007f66e23d953d in Splunkd::run () from /opt/splunk/lib/libsplunk.so
#8  0x00007f064d724f12 in main () from /opt/splunk/lib/libsplunk.so

Thread 9 (Thread 0x7f2976662fd3 (LWP 17809)):
#0  0x00007f71f09dfb3a in HashTable::insert () from /opt/splunk/lib/libsplunk.so
#1  0x00007f2e6c727750 in StatsProcessor::aggregate () from /opt/splunk/lib/libsplunk.so
#2  0x00007f7530adb1e2 in SearchEvaluator::eval () from /opt/splunk/lib/libsplunk.so
#3  0x00007f75cadfcd5e in SearchProcessor::executeSearch () from /opt/splunk/lib/libsplunk.so
#4  0x00007fa60eca9c57 in SearchProcessor::run () from /opt/splunk/lib/libsplunk.so
#5  0x00007f5d54eb87c4 in ThreadPool::dispatch () from /opt/splunk/lib/libsplunk.so
#6  0x00007f03867e9e34 in Splunkd::run () from /opt/splunk/lib/libsplunk.so
#7  0x00007f24d47d6bde in main () from /opt/splunk/lib/libsplunk.so

Thread 10 (Thread 0x7f6302ac389a (LWP 17810)):
#0  0x00007ff046f75797 in FileSystem::copy () from /opt/splunk/lib/libsplunk.so
#1  0x00007f64989cb659 in BucketSync::syncBucket () from /opt/splunk/lib/libsplunk.so
#2  0x00007f4565f82fdf in ReplicationManager::replicate () from /opt/splunk/lib/libsplunk.so
#3  0x00007fd9cdbcb5e2 in ClusterMaster::run () from /opt/splunk/lib/libsplunk.so
#4  0x00007f84d03772a2 in ThreadPool::dispatch () from /opt/splunk/lib/libsplunk.so
#5  0x00007fbfa381e548 in Splunkd::run () from /opt/splunk/lib/libsplunk.so
#6  0x00007fdb8e6e52da in main () from /opt/splunk/lib/libsplunk.so

Thread 11 (Thread 0x7f6b088b826a (LWP 17811)):
#0  0x00007f3298985b56 in LexerBase::tokenize () from /opt/splunk/lib/libsplunk.so
#1  0x00007f39f99f580a in SearchParser::parse () from /opt/splunk/lib/libsplunk.so
#2  0x00007fa4b824b05b in SearchProcessor::executeSearch () from /opt/splunk/lib/libsplunk.so
#3  0x00007fb59d4cf31d in SearchProcessor::run () from /opt/splunk/lib/libsplunk.so
#4  0x00007f3f9a99412d in ThreadPool::dispatch () from /opt/splunk/lib/libsplunk.so
#5  0x00007f32dfb55bbe in Splunkd::run () from /opt/splunk/lib/libsplunk.so
#6  0x00007f605d2cc4a1 in main () from /opt/splunk/lib/libsplunk.so

Thread 12 (Thread 0x7fa95e3fd290 (LWP 17812)):
#0  0x00007f01401d7e6f in zlib::compress () from /opt/splunk/lib/libsplunk.so
#1  0x00007f4f8dcc978c in BucketWriter::write () from /opt/splunk/lib/libsplunk.so
#2  0x00007ff9035bee74 in IndexWriter::writeBlock () from /opt/splunk/lib/libsplunk.so
#3  0x00007f9822b08207 in IndexWriter::processData () from /opt/splunk/lib/libsplunk.so
#4  0x00007fbb3dbfc072 in IndexWriter::run () from /opt/splunk/lib/libsplunk.so
#5  0x00007f3f32df049e in ThreadPool::dispatch () from /opt/splunk/lib/libsplunk.so
#6  0x00007ffeccbcd003 in Splunkd::run () from /opt/splunk/lib/libsplunk.so
#7  0x00007f1abf9b8b48 in main () from /opt/splunk/lib/libsplunk.so

Thread 13 (Thread 0x7fc437b00c19 (LWP 17813)):
#0  0x00007ff67bf8ff88 in AlertManager::fireAction () from /opt/splunk/lib/libsplunk.so
#1  0x00007f1f60476bef in AlertManager::checkTriggers () from /opt/splunk/lib/libsplunk.so
#2  0x00007f3d5debb770 in Scheduler::dispatchJob () from /opt/splunk/lib/libsplunk.so
#3  0x00007f5cf5088f01 in Scheduler::run () from /opt/splunk/lib/libsplunk.so
#4  0x00007f0eacff008a in Splunkd::run () from /opt/splunk/lib/libsplunk.so
#5  0x00007f5befd482fa in main () from /opt/splunk/lib/libsplunk.so

Thread 14 (Thread 0x7f7fcfb517b2 (LWP 17814)):
#0  0x00007f9a14e2c0b5 in malloc () from /lib64/libc.so.6
#1  0x00007f3debaf5fb2 in SearchProcessor::createSearch () from /opt/splunk/lib/libsplunk.so
#2  0x00007ff703f016d9 in Scheduler::dispatchJob () from /opt/splunk/lib/libsplunk.so
#3  0x00007f16cf9034c8 in Scheduler::run () from /opt/splunk/lib/libsplunk.so
#4  0x00007f7b67d4635c in Splunkd::run () from /opt/splunk/lib/libsplunk.so
#5  0x00007f67cee8ec03 in main () from /opt/splunk/lib/libsplunk.so

Thread 15 (Thread 0x7f4468513ce4 (LWP 17815)):
#0  0x00007fcf2c0a8cf5 in HashTable::insert () from /opt/splunk/lib/libsplunk.so
#1  0x00007f6c26988ba8 in StatsProcessor::aggregate () from /opt/splunk/lib/libsplunk.so
#2  0x00007fc30a343be3 in SearchEvaluator::eval () from /opt/splunk/lib/libsplunk.so
#3  0x00007fd8a587d7e2 in SearchProcessor::executeSearch () from /opt/splunk/lib/libsplunk.so
#4  0x00007ffb2359c42c in SearchProcessor::run () from /opt/splunk/lib/libsplunk.so
#5  0x00007f9b2a334701 in ThreadPool::dispatch () from /opt/splunk/lib/libsplunk.so
#6  0x00007fe6df0cc355 in Splunkd::run () from /opt/splunk/lib/libsplunk.so
#7  0x00007fead944a5ca in main () from /opt/splunk/lib/libsplunk.so

Thread 16 (Thread 0x7f4e2e803696 (LWP 17816)):
#0  0x00007fe9d5bbce1c in write () from /lib64/libc.so.6
#1  0x00007f7d06c05ab7 in TCPClient::send () from /opt/splunk/lib/libsplunk.so
#2  0x00007f4ee389c501 in ReplicationManager::replicate () from /opt/splunk/lib/libsplunk.so
#3  0x00007fa83605252a in ClusterMaster::run () from /opt/splunk/lib/libsplunk.so
#4  0x00007fe61ec4a2e9 in ThreadPool::dispatch () from /opt/splunk/lib/libsplunk.so
#5  0x00007ff3102884e3 in Splunkd::run () from /opt/splunk/lib/libsplunk.so
#6  0x00007f3198fba26a in main () from /opt/splunk/lib/libsplunk.so

Thread 17 (Thread 0x7f15045b294b (LWP 17817)):
#0  0x00007f368f09b8ab in pthread_cond_wait () from /lib64/libpthread.so.0
#1  0x00007f322f9e5882 in MongoDB::waitForOplog () from /opt/splunk/lib/libsplunk.so
#2  0x00007fd794871885 in KVStoreHandler::run () from /opt/splunk/lib/libsplunk.so
#3  0x00007fa49e4faa5c in ThreadPool::dispatch () from /opt/splunk/lib/libsplunk.so
#4  0x00007fcd3e6a1aec in Splunkd::run () from /opt/splunk/lib/libsplunk.so
#5  0x00007fc919b5def8 in main () from /opt/splunk/lib/libsplunk.so
