Thread 1 (Thread 0x7f96b026ce39 (LWP 14101)):
#0  0x00007f6f692487e7 in DateParser::parse () from /opt/splunk/lib/libsplunk.so
#1  0x00007fee290c5269 in TimestampExtractor::extract () from /opt/splunk/lib/libsplunk.so
#2  0x00007f360c0bbc11 in IndexWriter::processData () from /opt/splunk/lib/libsplunk.so
#3  0x00007f12683d3365 in IndexWriter::run () from /opt/splunk/lib/libsplunk.so
#4  0x00007f3f6ed102fd in ThreadPool::dispatch () from /opt/splunk/lib/libsplunk.so
#5  0x00007f7de6c76faf in Splunkd::run () from /opt/splunk/lib/libsplunk.so
#6  0x00007ffeb4f49ac1 in main () from /opt/splunk/lib/libsplunk.so

Thread 2 (Thread 0x7f9d4164c405 (LWP 14102)):
#0  0x00007f1a73f88501 in pthread_cond_wait () from /lib64/libpthread.so.0
#1  0x00007faf045d8577 in IndexWriter::waitForData () from /opt/splunk/lib/libsplunk.so
#2  0x00007fb8bf52e7b1 in IndexWriter::run () from /opt/splunk/lib/libsplunk.so
#3  0x00007f11aed6a62e in ThreadPool::dispatch () from /opt/splunk/lib/libsplunk.so
#4  0x00007f799ccf2d37 in Splunkd::run () from /opt/splunk/lib/libsplunk.so
#5  0x00007f3246e631d6 in main () from /opt/splunk/lib/libsplunk.so

Thread 3 (Thread 0x7fb9eea33c62 (LWP 14103)):
#0  0x00007f026cf5271d in PCRE::match () from /opt/splunk/lib/libsplunk.so
#1  0x00007fff2f4519b0 in FieldExtractor::extract () from /opt/splunk/lib/libsplunk.so
#2  0x00007fc696f288d2 in SearchEvaluator::eval () from /opt/splunk/lib/libsplunk.so
#3  0x00007ff3047a3841 in SearchProcessor::executeSearch () from /opt/splunk/lib/libsplunk.so
#4  0x00007fd33ee4da34 in SearchProcessor::run () from /opt/splunk/lib/libsplunk.so
#5  0x00007f4eb6197436 in ThreadPool::dispatch () from /opt/splunk/lib/libsplunk.so
#6  0x00007f6e7dbc2d90 in Splunkd::run () from /opt/splunk/lib/libsplunk.so
#7  0x00007ff70d645f06 in main () from /opt/splunk/lib/libsplunk.so

Thread 4 (Thread 0x7f1f47d53dac (LWP 14104)):
#0  0x00007f77a7a0dc3d in malloc () from /lib64/libc.so.6
#1  0x00007fc186564548 in BTreeWriter::insert () from /opt/splunk/lib/libsplunk.so
#2  0x00007f541d107186 in WiredTiger::cursor_insert () from /opt/splunk/lib/libsplunk.so
#3  0x00007fe65de86a42 in MongoDB::insert () from /opt/splunk/lib/libsplunk.so
#4  0x00007f2f3826ab60 in KVStoreHandler::run () from /opt/splunk/lib/libsplunk.so
#5  0x00007fa425d39bef in ThreadPool::dispatch () from /opt/splunk/lib/libsplunk.so
#6  0x00007fb0cc201139 in Splunkd::run () from /opt/splunk/lib/libsplunk.so
#7  0x00007f10df2bbf87 in main () from /opt/splunk/lib/libsplunk.so

Thread 5 (Thread 0x7faf582ac544 (LWP 14105)):
#0  0x00007fd764bf3902 in recv () from /lib64/libc.so.6
#1  0x00007f3a2e780bb9 in TcpInputProcessor::readData () from /opt/splunk/lib/libsplunk.so
#2  0x00007f26a29d086e in TcpInputProcessor::run () from /opt/splunk/lib/libsplunk.so
#3  0x00007fe2a245c620 in ThreadPool::dispatch () from /opt/splunk/lib/libsplunk.so
#4  0x00007f8d2e2f20cb in Splunkd::run () from /opt/splunk/lib/libsplunk.so
#5  0x00007f43c1bb82f4 in main () from /opt/splunk/lib/libsplunk.so

Thread 6 (Thread 0x7f0085aefec8 (LWP 14106)):
#0  0x00007fa410a306c5 in JSONSerializer::serialize () from /opt/splunk/lib/libsplunk.so
#1  0x00007f69b15248a5 in RESTHandler::handleGET () from /opt/splunk/lib/libsplunk.so
#2  0x00007fd4be62be9c in RESTHandler::dispatch () from /opt/splunk/lib/libsplunk.so
#3  0x00007f9243e43a9d in HTTPServer::handleRequest () from /opt/splunk/lib/libsplunk.so
#4  0x00007f3e318d71ae in HTTPServer::acceptLoop () from /opt/splunk/lib/libsplunk.so
#5  0x00007fb247e3bf03 in Splunkd::run () from /opt/splunk/lib/libsplunk.so
#6  0x00007ff5bc2d7df1 in main () from /opt/splunk/lib/libsplunk.so

Thread 7 (Thread 0x7fa7196fd71a (LWP 14107)):
#0  0x00007f110cd4e21b in PCRE::match () from /opt/splunk/lib/libsplunk.so
#1  0x00007f4f635fbaff in FieldExtractor::extract () from /opt/splunk/lib/libsplunk.so
#2  0x00007f586b7bfcf6 in SearchEvaluator::eval () from /opt/splunk/lib/libsplunk.so
#3  0x00007fb7c0bc9368 in SearchProcessor::executeSearch () from /opt/splunk/lib/libsplunk.so
#4  0x00007fec2a38b85f in SearchProcessor::run () from /opt/splunk/lib/libsplunk.so
#5  0x00007f41997189a5 in ThreadPool::dispatch () from /opt/splunk/lib/libsplunk.so
#6  0x00007fa430e39fa2 in Splunkd::run () from /opt/splunk/lib/libsplunk.so
#7  0x00007faa623b2cfe in main () from /opt/splunk/lib/libsplunk.so

Thread 8 (Thread 0x7f7051ab370a (LWP 14108)):
#0  0x00007fd8056395c0 in malloc_trim () from /lib64/libc.so.6
#1  0x00007f0dbee26683 in MemoryManager::compactHeap () from /opt/splunk/lib/libsplunk.so
#2  0x00007ff0cb7393ed in MemoryManager::run () from /opt/splunk/lib/libsplunk.so
#3  0x00007ffc36fa9115 in Splunkd::run () from /opt/splunk/lib/libsplunk.so
#4  0x00007fd6b9433ba5 in main () from /opt/splunk/lib/libsplunk.so

Thread 9 (Thread 0x7ffcb242dbca (LWP 14109)):
#0  0x00007ff6644359ca in FileSystem::copy () from /opt/splunk/lib/libsplunk.so
#1  0x00007fab4ef73058 in BucketSync::syncBucket () from /opt/splunk/lib/libsplunk.so
#2  0x00007f294d5ba735 in ReplicationManager::replicate () from /opt/splunk/lib/libsplunk.so
#3  0x00007f203c189768 in ClusterMaster::run () from /opt/splunk/lib/libsplunk.so
#4  0x00007faece51ed43 in ThreadPool::dispatch () from /opt/splunk/lib/libsplunk.so
#5  0x00007fa767bbba9f in Splunkd::run () from /opt/splunk/lib/libsplunk.so
#6  0x00007fce0116fced in main () from /opt/splunk/lib/libsplunk.so

Thread 10 (Thread 0x7fd327cfc372 (LWP 14110)):
#0  0x00007ffcd33e57c6 in BTreeReader::search () from /opt/splunk/lib/libsplunk.so
#1  0x00007fd946f52804 in WiredTiger::cursor_search () from /opt/splunk/lib/libsplunk.so
#2  0x00007f6383bb6600 in MongoDB::find () from /opt/splunk/lib/libsplunk.so
#3  0x00007fcf618f38a7 in KVStoreHandler::run () from /opt/splunk/lib/libsplunk.so
#4  0x00007fc5f27b090c in ThreadPool::dispatch () from /opt/splunk/lib/libsplunk.so
#5  0x00007fe005a5da7d in Splunkd::run () from /opt/splunk/lib/libsplunk.so
#6  0x00007f36307dc8f2 in main () from /opt/splunk/lib/libsplunk.so

Thread 11 (Thread 0x7f9647805544 (LWP 14111)):
#0  0x00007f79c131ffa5 in pthread_cond_wait () from /lib64/libpthread.so.0
#1  0x00007f3f7203c7be in IndexWriter::waitForData () from /opt/splunk/lib/libsplunk.so
#2  0x00007fd5366c8996 in IndexWriter::run () from /opt/splunk/lib/libsplunk.so
#3  0x00007f8989e5cc19 in ThreadPool::dispatch () from /opt/splunk/lib/libsplunk.so
#4  0x00007fb8275c5747 in Splunkd::run () from /opt/splunk/lib/libsplunk.so
#5  0x00007f648b1c4d90 in main () from /opt/splunk/lib/libsplunk.so

Thread 12 (Thread 0x7f1113bf81b9 (LWP 14112)):
#0  0x00007f962d8ccecc in recvfrom () from /lib64/libc.so.6
#1  0x00007facf3cb6da2 in UDPInputProcessor::readData () from /opt/splunk/lib/libsplunk.so
#2  0x00007fc37f7b4d88 in UDPInputProcessor::run () from /opt/splunk/lib/libsplunk.so
#3  0x00007fdeb3495cfe in ThreadPool::dispatch () from /opt/splunk/lib/libsplunk.so
#4  0x00007f3a7137b239 in Splunkd::run () from /opt/splunk/lib/libsplunk.so
#5  0x00007f450facdd94 in main () from /opt/splunk/lib/libsplunk.so

Thread 13 (Thread 0x7f5ad8c954f3 (LWP 14113)):
#0  0x00007fc55c9cfc9d in pthread_cond_wait () from /lib64/libpthread.so.0
#1  0x00007ff05a223594 in SearchProcessor::waitForWork () from /opt/splunk/lib/libsplunk.so
#2  0x00007f142afc6070 in SearchProcessor::run () from /opt/splunk/lib/libsplunk.so
#3  0x00007f97e504227e in ThreadPool::dispatch () from /opt/splunk/lib/libsplunk.so
#4  0x00007f24eb25d8a8 in Splunkd::run () from /opt/splunk/lib/libsplunk.so
#5  0x00007ff6e1f9bc79 in main () from /opt/splunk/lib/libsplunk.so

Thread 14 (Thread 0x7f6ab0bcd688 (LWP 14114)):
#0  0x00007f7d2ad5ad58 in HashTable::insert () from /opt/splunk/lib/libsplunk.so
#1  0x00007f1cdb090419 in StatsProcessor::aggregate () from /opt/splunk/lib/libsplunk.so
#2  0x00007feb72b84e09 in SearchEvaluator::eval () from /opt/splunk/lib/libsplunk.so
#3  0x00007f2d27b73943 in SearchProcessor::executeSearch () from /opt/splunk/lib/libsplunk.so
#4  0x00007f73947b09cf in SearchProcessor::run () from /opt/splunk/lib/libsplunk.so
#5  0x00007f1dd67b918f in ThreadPool::dispatch () from /opt/splunk/lib/libsplunk.so
#6  0x00007f109e39946d in Splunkd::run () from /opt/splunk/lib/libsplunk.so
#7  0x00007fa4876eacce in main () from /opt/splunk/lib/libsplunk.so

Thread 15 (Thread 0x7fa6a0057ec9 (LWP 14115)):
#0  0x00007ff545d521c8 in pthread_cond_timedwait () from /lib64/libpthread.so.0
#1  0x00007fbe7e64a4ab in Scheduler::waitForNextJob () from /opt/splunk/lib/libsplunk.so
#2  0x00007fa0d534b5dc in Scheduler::run () from /opt/splunk/lib/libsplunk.so
#3  0x00007fd3c97469e7 in Splunkd::run () from /opt/splunk/lib/libsplunk.so
#4  0x00007fc65e835fe9 in main () from /opt/splunk/lib/libsplunk.so

Thread 16 (Thread 0x7f87a2f50bc3 (LWP 14116)):
#0  0x00007f9158198036 in pthread_cond_timedwait () from /lib64/libpthread.so.0
#1  0x00007ff9c5af6888 in ReplicationManager::waitForAck () from /opt/splunk/lib/libsplunk.so
#2  0x00007fcf174e403b in ClusterMaster::run () from /opt/splunk/lib/libsplunk.so
#3  0x00007f3f75231bf2 in ThreadPool::dispatch () from /opt/splunk/lib/libsplunk.so
#4  0x00007fec7351ff1d in Splunkd::run () from /opt/splunk/lib/libsplunk.so
#5  0x00007fe81d5bfba6 in main () from /opt/splunk/lib/libsplunk.so

Thread 17 (Thread 0x7f96c8ff5e34 (LWP 14117)):
#0  0x00007f9b28450e33 in RegexMatcher::match () from /opt/splunk/lib/libsplunk.so
#1  0x00007fd4b8bc3a30 in LineBreaker::split () from /opt/splunk/lib/libsplunk.so
#2  0x00007f846557a1a0 in IndexWriter::processData () from /opt/splunk/lib/libsplunk.so
#3  0x00007f95ea02c232 in IndexWriter::run () from /opt/splunk/lib/libsplunk.so
#4  0x00007fe35d0b76bd in ThreadPool::dispatch () from /opt/splunk/lib/libsplunk.so
#5  0x00007ff7e1ff0f64 in Splunkd::run () from /opt/splunk/lib/libsplunk.so
#6  0x00007fa3de6620fd in main () from /opt/splunk/lib/libsplunk.so

Thread 18 (Thread 0x7f6694e30100 (LWP 14118)):
#0  0x00007f837a88fe81 in pthread_cond_wait () from /lib64/libpthread.so.0
#1  0x00007f97de75ceea in MemoryManager::waitForThreshold () from /opt/splunk/lib/libsplunk.so
#2  0x00007fd5758aca54 in MemoryManager::run () from /opt/splunk/lib/libsplunk.so
#3  0x00007f356c043e16 in Splunkd::run () from /opt/splunk/lib/libsplunk.so
#4  0x00007f10a1bcf4e1 in main () from /opt/splunk/lib/libsplunk.so

Thread 19 (Thread 0x7fbb7888bf0c (LWP 14119)):
#0  0x00007f4952289f2c in FileSystem::copy () from /opt/splunk/lib/libsplunk.so
#1  0x00007f81d6166146 in BucketSync::syncBucket () from /opt/splunk/lib/libsplunk.so
#2  0x00007f4f840ef0fd in ReplicationManager::replicate () from /opt/splunk/lib/libsplunk.so
#3  0x00007f733bd707cb in ClusterMaster::run () from /opt/splunk/lib/libsplunk.so
#4  0x00007f62af5343a7 in ThreadPool::dispatch () from /opt/splunk/lib/libsplunk.so
#5  0x00007ffda4cde362 in Splunkd::run () from /opt/splunk/lib/libsplunk.so
#6  0x00007f9df757cf13 in main () from /opt/splunk/lib/libsplunk.so
