Thread 1 (Thread 0x7f5a827d1dae (LWP 37101)):
#0  0x00007f68f533a30f in HashTable::insert () from /opt/splunk/lib/libsplunk.so
#1  0x00007fc99550b75a in StatsProcessor::aggregate () from /opt/splunk/lib/libsplunk.so
#2  0x00007f717cac76fb in SearchEvaluator::eval () from /opt/splunk/lib/libsplunk.so
#3  0x00007fbc9c5571b3 in SearchProcessor::executeSearch () from /opt/splunk/lib/libsplunk.so
#4  0x00007f2be1ecf5b4 in SearchProcessor::run () from /opt/splunk/lib/libsplunk.so
#5  0x00007f80140c9294 in ThreadPool::dispatch () from /opt/splunk/lib/libsplunk.so
#6  0x00007f15ab5ec7e7 in Splunkd::run () from /opt/splunk/lib/libsplunk.so
#7  0x00007f996d1a3268 in main () from /opt/splunk/lib/libsplunk.so

Thread 2 (Thread 0x7f5b69e35db7 (LWP 37102)):
#0  0x00007f2119e6cd7b in FileSystem::copy () from /opt/splunk/lib/libsplunk.so
#1  0x00007f637cb218ec in BucketSync::syncBucket () from /opt/splunk/lib/libsplunk.so
#2  0x00007f9763c10ee6 in ReplicationManager::replicate () from /opt/splunk/lib/libsplunk.so
#3  0x00007faf93b1084c in ClusterMaster::run () from /opt/splunk/lib/libsplunk.so
#4  0x00007f9c59e7dcb9 in ThreadPool::dispatch () from /opt/splunk/lib/libsplunk.so
#5  0x00007fadebd36f9d in Splunkd::run () from /opt/splunk/lib/libsplunk.so
#6  0x00007f5f78284831 in main () from /opt/splunk/lib/libsplunk.so

Thread 3 (Thread 0x7feadae84509 (LWP 37103)):
#0  0x00007fee16ebec46 in RegexMatcher::match () from /opt/splunk/lib/libsplunk.so
#1  0x00007f2244829ac4 in LineBreaker::split () from /opt/splunk/lib/libsplunk.so
#2  0x00007fde89615533 in IndexWriter::processData () from /opt/splunk/lib/libsplunk.so
#3  0x00007f8abdbec049 in IndexWriter::run () from /opt/splunk/lib/libsplunk.so
#4  0x00007fafee20c946 in ThreadPool::dispatch () from /opt/splunk/lib/libsplunk.so
#5  0x00007f720dc32faf in Splunkd::run () from /opt/splunk/lib/libsplunk.so
#6  0x00007fbf81cadc28 in main () from /opt/splunk/lib/libsplunk.so

Thread 4 (Thread 0x7f4eb3eca4ac (LWP 37104)):
#0  0x00007f0b30f92fd9 in zlib::compress () from /opt/splunk/lib/libsplunk.so
#1  0x00007f213d49ee3c in BucketWriter::write () from /opt/splunk/lib/libsplunk.so
#2  0x00007f56f1af0b7c in IndexWriter::writeBlock () from /opt/splunk/lib/libsplunk.so
#3  0x00007f3f00d0db2f in IndexWriter::processData () from /opt/splunk/lib/libsplunk.so
#4  0x00007fb4021e43e6 in IndexWriter::run () from /opt/splunk/lib/libsplunk.so
#5  0x00007fe8332e5830 in ThreadPool::dispatch () from /opt/splunk/lib/libsplunk.so
#6  0x00007f6ff9a86997 in Splunkd::run () from /opt/splunk/lib/libsplunk.so
#7  0x00007f87888ed630 in main () from /opt/splunk/lib/libsplunk.so

Thread 5 (Thread 0x7f6cf522fac3 (LWP 37105)):
#0  0x00007f3e981d9da3 in FileSystem::copy () from /opt/splunk/lib/libsplunk.so
#1  0x00007facbce42d10 in BucketSync::syncBucket () from /opt/splunk/lib/libsplunk.so
#2  0x00007f60b17aa8b0 in ReplicationManager::replicate () from /opt/splunk/lib/libsplunk.so
#3  0x00007fda9cdd8b65 in ClusterMaster::run () from /opt/splunk/lib/libsplunk.so
#4  0x00007f1af6dd8b41 in ThreadPool::dispatch () from /opt/splunk/lib/libsplunk.so
#5  0x00007fb0418d2fa4 in Splunkd::run () from /opt/splunk/lib/libsplunk.so
#6  0x00007f446a79c1e8 in main () from /opt/splunk/lib/libsplunk.so

Thread 6 (Thread 0x7f7594956d60 (LWP 37106)):
#0  0x00007f8703961360 in write () from /lib64/libc.so.6
#1  0x00007f685e288ec6 in TCPClient::send () from /opt/splunk/lib/libsplunk.so
#2  0x00007fddc639f0c9 in ReplicationManager::replicate () from /opt/splunk/lib/libsplunk.so
#3  0x00007fcd04da2574 in ClusterMaster::run () from /opt/splunk/lib/libsplunk.so
#4  0x00007fabdfa665b2 in ThreadPool::dispatch () from /opt/splunk/lib/libsplunk.so
#5  0x00007fad7d7dcba9 in Splunkd::run () from /opt/splunk/lib/libsplunk.so
#6  0x00007f1a6f8055a3 in main () from /opt/splunk/lib/libsplunk.so

Thread 7 (Thread 0x7f6cbf135ffb (LWP 37107)):
#0  0x00007fc11d42ca11 in FileSystem::copy () from /opt/splunk/lib/libsplunk.so
#1  0x00007f787e564cba in BucketSync::syncBucket () from /opt/splunk/lib/libsplunk.so
#2  0x00007fb0287da2ae in ReplicationManager::replicate () from /opt/splunk/lib/libsplunk.so
#3  0x00007fb6ccbebc5f in ClusterMaster::run () from /opt/splunk/lib/libsplunk.so
#4  0x00007fbb38b83f74 in ThreadPool::dispatch () from /opt/splunk/lib/libsplunk.so
#5  0x00007f7bcfb30b8c in Splunkd::run () from /opt/splunk/lib/libsplunk.so
#6  0x00007f1b3e5ba21f in main () from /opt/splunk/lib/libsplunk.so

Thread 8 (Thread 0x7f1c2d6623d0 (LWP 37108)):
#0  0x00007f4e3df53f42 in OpenSSL::SSL_read () from /opt/splunk/lib/libsplunk.so
#1  0x00007f217162ed44 in SSLEngine::read () from /opt/splunk/lib/libsplunk.so
#2  0x00007f88d9441437 in HTTPServer::handleRequest () from /opt/splunk/lib/libsplunk.so
#3  0x00007fa406e038e0 in HTTPServer::acceptLoop () from /opt/splunk/lib/libsplunk.so
#4  0x00007f37132b8310 in Splunkd::run () from /opt/splunk/lib/libsplunk.so
#5  0x00007fe1649d9481 in main () from /opt/splunk/lib/libsplunk.so

Thread 9 (Thread 0x7fa49801ccb3 (LWP 37109)):
#0  0x00007f750dcdd78b in WiredTiger::cursor_update () from /opt/splunk/lib/libsplunk.so
#1  0x00007f479a4ab2f7 in MongoDB::update () from /opt/splunk/lib/libsplunk.so
#2  0x00007f84eb4a829c in KVStoreHandler::run () from /opt/splunk/lib/libsplunk.so
#3  0x00007fcfcc63b8f0 in ThreadPool::dispatch () from /opt/splunk/lib/libsplunk.so
#4  0x00007f56179c19dc in Splunkd::run () from /opt/splunk/lib/libsplunk.so
#5  0x00007fd0d62ff60a in main () from /opt/splunk/lib/libsplunk.so

Thread 10 (Thread 0x7f600be0cc8c (LWP 37110)):
#0  0x00007f1bdc41c699 in RegexMatcher::match () from /opt/splunk/lib/libsplunk.so
#1  0x00007fb416dda1e4 in LineBreaker::split () from /opt/splunk/lib/libsplunk.so
#2  0x00007fd6dff517a0 in IndexWriter::processData () from /opt/splunk/lib/libsplunk.so
#3  0x00007f1484a8683c in IndexWriter::run () from /opt/splunk/lib/libsplunk.so
#4  0x00007fbca2c48dfd in ThreadPool::dispatch () from /opt/splunk/lib/libsplunk.so
#5  0x00007f4e35ec88d1 in Splunkd::run () from /opt/splunk/lib/libsplunk.so
#6  0x00007f8c1134bdcc in main () from /opt/splunk/lib/libsplunk.so

Thread 11 (Thread 0x7f98ef42dc1d (LWP 37111)):
#0  0x00007f0b2d29825d in inotify_read () from /lib64/libc.so.6
#1  0x00007f9680dc94a4 in FileMonitor::waitForChange () from /opt/splunk/lib/libsplunk.so
#2  0x00007f90285a4e6b in FileMonitor::run () from /opt/splunk/lib/libsplunk.so
#3  0x00007f8a7640a2c0 in ThreadPool::dispatch () from /opt/splunk/lib/libsplunk.so
#4  0x00007f7a01345d12 in Splunkd::run () from /opt/splunk/lib/libsplunk.so
#5  0x00007f0edd28369f in main () from /opt/splunk/lib/libsplunk.so

Thread 12 (Thread 0x7fae6e32aa5e (LWP 37112)):
#0  0x00007f532ff4d2d9 in pthread_cond_wait () from /lib64/libpthread.so.0
#1  0x00007fab1417b9a7 in IndexWriter::waitForData () from /opt/splunk/lib/libsplunk.so
#2  0x00007f14cf1a1e7a in IndexWriter::run () from /opt/splunk/lib/libsplunk.so
#3  0x00007f38b0ffb18b in ThreadPool::dispatch () from /opt/splunk/lib/libsplunk.so
#4  0x00007fa2e1820008 in Splunkd::run () from /opt/splunk/lib/libsplunk.so
#5  0x00007fbb0ed04bf3 in main () from /opt/splunk/lib/libsplunk.so

Thread 13 (Thread 0x7f018ac4813c (LWP 37113)):
#0  0x00007f8cccca565c in read () from /lib64/libc.so.6
#1  0x00007f2bf445da63 in OpenSSL::SSL_read () from /opt/splunk/lib/libsplunk.so
#2  0x00007f72dfda8c5e in SSLEngine::read () from /opt/splunk/lib/libsplunk.so
#3  0x00007ff41c0dd1ef in TcpInputProcessor::readData () from /opt/splunk/lib/libsplunk.so
#4  0x00007f0036365cbc in TcpInputProcessor::run () from /opt/splunk/lib/libsplunk.so
#5  0x00007f98a741b0ce in ThreadPool::dispatch () from /opt/splunk/lib/libsplunk.so
#6  0x00007f8a15ebdb6d in Splunkd::run () from /opt/splunk/lib/libsplunk.so
#7  0x00007f688c8f9966 in main () from /opt/splunk/lib/libsplunk.so

Thread 14 (Thread 0x7f759c6f7224 (LWP 37114)):
#0  0x00007fad55fc8991 in FileSystem::fsync () from /opt/splunk/lib/libsplunk.so
#1  0x00007fdb8de436c4 in BucketWriter::write () from /opt/splunk/lib/libsplunk.so
#2  0x00007f927bfbd58d in IndexWriter::writeBlock () from /opt/splunk/lib/libsplunk.so
#3  0x00007fad7b0beb69 in IndexWriter::processData () from /opt/splunk/lib/libsplunk.so
#4  0x00007ff98b3c9079 in IndexWriter::run () from /opt/splunk/lib/libsplunk.so
#5  0x00007fe6d4752cc2 in ThreadPool::dispatch () from /opt/splunk/lib/libsplunk.so
#6  0x00007f3c4c1f65bf in Splunkd::run () from /opt/splunk/lib/libsplunk.so
#7  0x00007f20e50c0103 in main () from /opt/splunk/lib/libsplunk.so

Thread 15 (Thread 0x7ff5bcfe63ec (LWP 37115)):
#0  0x00007fd084b57e68 in std::__introsort_loop () from /opt/splunk/lib/libsplunk.so
#1  0x00007f1648217d28 in std::sort () from /opt/splunk/lib/libsplunk.so
#2  0x00007fa3c91efd1f in SortProcessor::sort () from /opt/splunk/lib/libsplunk.so
#3  0x00007ffd6c6fcb8f in SearchEvaluator::eval () from /opt/splunk/lib/libsplunk.so
#4  0x00007ff87a824d0d in SearchProcessor::executeSearch () from /opt/splunk/lib/libsplunk.so
#5  0x00007f5d5be08538 in SearchProcessor::run () from /opt/splunk/lib/libsplunk.so
#6  0x00007fb1b930764d in ThreadPool::dispatch () from /opt/splunk/lib/libsplunk.so
#7  0x00007f861bf1b607 in Splunkd::run () from /opt/splunk/lib/libsplunk.so
#8  0x00007fe52b19ec48 in main () from /opt/splunk/lib/libsplunk.so

Thread 16 (Thread 0x7fe977815ed6 (LWP 37116)):
#0  0x00007f775673d09e in pthread_cond_wait () from /lib64/libpthread.so.0
#1  0x00007fdb144b7af0 in SearchProcessor::waitForWork () from /opt/splunk/lib/libsplunk.so
#2  0x00007f5d0b898e81 in SearchProcessor::run () from /opt/splunk/lib/libsplunk.so
#3  0x00007f792bc46f77 in ThreadPool::dispatch () from /opt/splunk/lib/libsplunk.so
#4  0x00007f97a6d0f2c7 in Splunkd::run () from /opt/splunk/lib/libsplunk.so
#5  0x00007f09f490a076 in main () from /opt/splunk/lib/libsplunk.so

Thread 17 (Thread 0x7fadabafeb2f (LWP 37117)):
#0  0x00007fb5230af0aa in pthread_cond_wait () from /lib64/libpthread.so.0
#1  0x00007fe7bc48a7a5 in SearchProcessor::waitForWork () from /opt/splunk/lib/libsplunk.so
#2  0x00007f818fc767a0 in SearchProcessor::run () from /opt/splunk/lib/libsplunk.so
#3  0x00007f2a4872a492 in ThreadPool::dispatch () from /opt/splunk/lib/libsplunk.so
#4  0x00007f2fb1499b00 in Splunkd::run () from /opt/splunk/lib/libsplunk.so
#5  0x00007fc8ca945175 in main () from /opt/splunk/lib/libsplunk.so

Thread 18 (Thread 0x7f8e632ed5bf (LWP 37118)):
#0  0x00007fd3881c7158 in LexerBase::tokenize () from /opt/splunk/lib/libsplunk.so
#1  0x00007f1695d6435f in SearchParser::parse () from /opt/splunk/lib/libsplunk.so
#2  0x00007f6bad24c4bb in SearchProcessor::executeSearch () from /opt/splunk/lib/libsplunk.so
#3  0x00007f6a6c382f07 in SearchProcessor::run () from /opt/splunk/lib/libsplunk.so
#4  0x00007f9b87e53148 in ThreadPool::dispatch () from /opt/splunk/lib/libsplunk.so
#5  0x00007fc5dc0ee563 in Splunkd::run () from /opt/splunk/lib/libsplunk.so
#6  0x00007fc83024492e in main () from /opt/splunk/lib/libsplunk.so

Thread 19 (Thread 0x7f089ee346f4 (LWP 37119)):
#0  0x00007fb2216f4221 in HashTable::insert () from /opt/splunk/lib/libsplunk.so
#1  0x00007f104dbd51d4 in StatsProcessor::aggregate () from /opt/splunk/lib/libsplunk.so
#2  0x00007f1e40f25eb2 in SearchEvaluator::eval () from /opt/splunk/lib/libsplunk.so
#3  0x00007fd17de7def2 in SearchProcessor::executeSearch () from /opt/splunk/lib/libsplunk.so
#4  0x00007fd2c52e29d8 in SearchProcessor::run () from /opt/splunk/lib/libsplunk.so
#5  0x00007fdf24862b0d in ThreadPool::dispatch () from /opt/splunk/lib/libsplunk.so
#6  0x00007f249d3bc85b in Splunkd::run () from /opt/splunk/lib/libsplunk.so
#7  0x00007f3289d88a6c in main () from /opt/splunk/lib/libsplunk.so
