Thread 1 (Thread 0x7f84685a67c2 (LWP 25801)):
#0  0x00007f24908b3bff in malloc_trim () from /lib64/libc.so.6
#1  0x00007f102eb27f36 in MemoryManager::compactHeap () from /opt/splunk/lib/libsplunk.so
#2  0x00007fdc8efb319b in MemoryManager::run () from /opt/splunk/lib/libsplunk.so
#3  0x00007f1096d5f67b in Splunkd::run () from /opt/splunk/lib/libsplunk.so
#4  0x00007f62122ae042 in main () from /opt/splunk/lib/libsplunk.so

Thread 2 (Thread 0x7ffef6899cf1 (LWP 25802)):
#0  0x00007fb4730bedb8 in FileSystem::copy () from /opt/splunk/lib/libsplunk.so
#1  0x00007f6513d982fb in BucketSync::syncBucket () from /opt/splunk/lib/libsplunk.so
#2  0x00007f06b4dbad82 in ReplicationManager::replicate () from /opt/splunk/lib/libsplunk.so
#3  0x00007f6da242630f in ClusterMaster::run () from /opt/splunk/lib/libsplunk.so
#4  0x00007f75d46ff079 in ThreadPool::dispatch () from /opt/splunk/lib/libsplunk.so
#5  0x00007ff416c23ef4 in Splunkd::run () from /opt/splunk/lib/libsplunk.so
#6  0x00007fb0c66c4151 in main () from /opt/splunk/lib/libsplunk.so

Thread 3 (Thread 0x7f85a2a8cb5c (LWP 25803)):
#0  0x00007f4650226b5b in pthread_cond_wait () from /lib64/libpthread.so.0
#1  0x00007fb8b79f3775 in IndexWriter::waitForData () from /opt/splunk/lib/libsplunk.so
#2  0x00007fcb4e5b6141 in IndexWriter::run () from /opt/splunk/lib/libsplunk.so
#3  0x00007f89ed88d44d in ThreadPool::dispatch () from /opt/splunk/lib/libsplunk.so
#4  0x00007f8e312988a6 in Splunkd::run () from /opt/splunk/lib/libsplunk.so
#5  0x00007fbe9307fbb8 in main () from /opt/splunk/lib/libsplunk.so

Thread 4 (Thread 0x7f87b4b7c66f (LWP 25804)):
#0  0x00007f3edb6cdb71 in pthread_cond_wait () from /lib64/libpthread.so.0
#1  0x00007fc3020f4ec1 in SearchProcessor::waitForWork () from /opt/splunk/lib/libsplunk.so
#2  0x00007fb4d7462162 in SearchProcessor::run () from /opt/splunk/lib/libsplunk.so
#3  0x00007fc78f8b25d7 in ThreadPool::dispatch () from /opt/splunk/lib/libsplunk.so
#4  0x00007f8f072198e4 in Splunkd::run () from /opt/splunk/lib/libsplunk.so
#5  0x00007f3e026bb8fe in main () from /opt/splunk/lib/libsplunk.so

Thread 5 (Thread 0x7f5df9b34c7e (LWP 25805)):
#0  0x00007f6f5911e755 in FileSystem::fsync () from /opt/splunk/lib/libsplunk.so
#1  0x00007fba27bff4bb in BucketWriter::write () from /opt/splunk/lib/libsplunk.so
#2  0x00007fd9550dedfb in IndexWriter::writeBlock () from /opt/splunk/lib/libsplunk.so
#3  0x00007f63aa382148 in IndexWriter::processData () from /opt/splunk/lib/libsplunk.so
#4  0x00007fa5748cda24 in IndexWriter::run () from /opt/splunk/lib/libsplunk.so
#5  0x00007fb55a21c1e3 in ThreadPool::dispatch () from /opt/splunk/lib/libsplunk.so
#6  0x00007f9e24b85a99 in Splunkd::run () from /opt/splunk/lib/libsplunk.so
#7  0x00007fb3f3c0c505 in main () from /opt/splunk/lib/libsplunk.so

Thread 6 (Thread 0x7f2e43e03546 (LWP 25806)):
#0  0x00007fe8909c5924 in SAML::validateToken () from /opt/splunk/lib/libsplunk.so
#1  0x00007fdde2efec7f in AuthManager::authenticate () from /opt/splunk/lib/libsplunk.so
#2  0x00007fa0dc11a7ed in RESTHandler::handlePOST () from /opt/splunk/lib/libsplunk.so
#3  0x00007f19128ab4c3 in RESTHandler::dispatch () from /opt/splunk/lib/libsplunk.so
#4  0x00007fe9846985b7 in HTTPServer::handleRequest () from /opt/splunk/lib/libsplunk.so
#5  0x00007f5d6a10f2cb in HTTPServer::acceptLoop () from /opt/splunk/lib/libsplunk.so
#6  0x00007fdd14eb9503 in Splunkd::run () from /opt/splunk/lib/libsplunk.so
#7  0x00007fe79335d8b6 in main () from /opt/splunk/lib/libsplunk.so

Thread 7 (Thread 0x7f37100fdce1 (LWP 25807)):
#0  0x00007f0b3a448936 in poll () from /lib64/libc.so.6
#1  0x00007f4848bf23cc in TCPClient::connect () from /opt/splunk/lib/libsplunk.so
#2  0x00007fac7b0aaa09 in ReplicationManager::checkHealth () from /opt/splunk/lib/libsplunk.so
#3  0x00007fae26e8145b in ClusterMaster::run () from /opt/splunk/lib/libsplunk.so
#4  0x00007f206197f8bf in ThreadPool::dispatch () from /opt/splunk/lib/libsplunk.so
#5  0x00007f22059e1e31 in Splunkd::run () from /opt/splunk/lib/libsplunk.so
#6  0x00007f9d04c65ec6 in main () from /opt/splunk/lib/libsplunk.so

Thread 8 (Thread 0x7f0036cbe3d5 (LWP 25808)):
#0  0x00007f91ef2313fd in JSONSerializer::serialize () from /opt/splunk/lib/libsplunk.so
#1  0x00007fef7e611f53 in RESTHandler::handleGET () from /opt/splunk/lib/libsplunk.so
#2  0x00007fb03ce5fd9b in RESTHandler::dispatch () from /opt/splunk/lib/libsplunk.so
#3  0x00007fa934758a8e in HTTPServer::handleRequest () from /opt/splunk/lib/libsplunk.so
#4  0x00007fb1bc272da7 in HTTPServer::acceptLoop () from /opt/splunk/lib/libsplunk.so
#5  0x00007ff64d5ce0fd in Splunkd::run () from /opt/splunk/lib/libsplunk.so
#6  0x00007fb7436b6051 in main () from /opt/splunk/lib/libsplunk.so

Thread 9 (Thread 0x7f65cfb43458 (LWP 25809)):
#0  0x00007f0f5fa9ae1a in FileSystem::fsync () from /opt/splunk/lib/libsplunk.so
#1  0x00007f19ad7d95e5 in BucketWriter::write () from /opt/splunk/lib/libsplunk.so
#2  0x00007f44f1a32729 in IndexWriter::writeBlock () from /opt/splunk/lib/libsplunk.so
#3  0x00007f9ee00e8f79 in IndexWriter::processData () from /opt/splunk/lib/libsplunk.so
#4  0x00007fc7d08adf4b in IndexWriter::run () from /opt/splunk/lib/libsplunk.so
#5  0x00007f18c76da6ca in ThreadPool::dispatch () from /opt/splunk/lib/libsplunk.so
#6  0x00007f4b134a8bbf in Splunkd::run () from /opt/splunk/lib/libsplunk.so
#7  0x00007fa4fe3d57b5 in main () from /opt/splunk/lib/libsplunk.so

Thread 10 (Thread 0x7f0c6920ddd1 (LWP 25810)):
#0  0x00007f7efca9f767 in pthread_cond_wait () from /lib64/libpthread.so.0
#1  0x00007ffdc6c1c1da in MemoryManager::waitForThreshold () from /opt/splunk/lib/libsplunk.so
#2  0x00007f4afc5c2d5f in MemoryManager::run () from /opt/splunk/lib/libsplunk.so
#3  0x00007fe6cf8e2201 in Splunkd::run () from /opt/splunk/lib/libsplunk.so
#4  0x00007f3b430f2466 in main () from /opt/splunk/lib/libsplunk.so

Thread 11 (Thread 0x7fce6030605c (LWP 25811)):
#0  0x00007fb68d09f013 in LexerBase::tokenize () from /opt/splunk/lib/libsplunk.so
#1  0x00007f0545d0a70c in SearchParser::parse () from /opt/splunk/lib/libsplunk.so
#2  0x00007fda115987b8 in SearchProcessor::executeSearch () from /opt/splunk/lib/libsplunk.so
#3  0x00007f298568dc2c in SearchProcessor::run () from /opt/splunk/lib/libsplunk.so
#4  0x00007fc2285e607a in ThreadPool::dispatch () from /opt/splunk/lib/libsplunk.so
#5  0x00007f8a5b2b7d55 in Splunkd::run () from /opt/splunk/lib/libsplunk.so
#6  0x00007f849cadf244 in main () from /opt/splunk/lib/libsplunk.so

Thread 12 (Thread 0x7f839a18c2f1 (LWP 25812)):
#0  0x00007fb2d28c8bf0 in BTreeReader::search () from /opt/splunk/lib/libsplunk.so
#1  0x00007f3efab901b7 in WiredTiger::cursor_search () from /opt/splunk/lib/libsplunk.so
#2  0x00007f5b0d4be51b in MongoDB::find () from /opt/splunk/lib/libsplunk.so
#3  0x00007fd9fd85c173 in KVStoreHandler::run () from /opt/splunk/lib/libsplunk.so
#4  0x00007f9ec15c2d00 in ThreadPool::dispatch () from /opt/splunk/lib/libsplunk.so
#5  0x00007ffa60cf0fc5 in Splunkd::run () from /opt/splunk/lib/libsplunk.so
#6  0x00007f6db5ccf239 in main () from /opt/splunk/lib/libsplunk.so

Thread 13 (Thread 0x7f719e83e871 (LWP 25813)):
#0  0x00007f58245c575b in SAML::validateToken () from /opt/splunk/lib/libsplunk.so
#1  0x00007f2a1ac635f1 in AuthManager::authenticate () from /opt/splunk/lib/libsplunk.so
#2  0x00007f33dcf51493 in RESTHandler::handlePOST () from /opt/splunk/lib/libsplunk.so
#3  0x00007f7fbcbf8d7a in RESTHandler::dispatch () from /opt/splunk/lib/libsplunk.so
#4  0x00007f280dc3ac13 in HTTPServer::handleRequest () from /opt/splunk/lib/libsplunk.so
#5  0x00007f779b200db0 in HTTPServer::acceptLoop () from /opt/splunk/lib/libsplunk.so
#6  0x00007f36967db97b in Splunkd::run () from /opt/splunk/lib/libsplunk.so
#7  0x00007ff0b51eb744 in main () from /opt/splunk/lib/libsplunk.so

Thread 14 (Thread 0x7f196b0fbe2b (LWP 25814)):
#0  0x00007fda8ea86749 in FileSystem::copy () from /opt/splunk/lib/libsplunk.so
#1  0x00007f6bd4087c19 in BucketSync::syncBucket () from /opt/splunk/lib/libsplunk.so
#2  0x00007fe0c39a1ed7 in ReplicationManager::replicate () from /opt/splunk/lib/libsplunk.so
#3  0x00007f1880b3e2a9 in ClusterMaster::run () from /opt/splunk/lib/libsplunk.so
#4  0x00007f6079737984 in ThreadPool::dispatch () from /opt/splunk/lib/libsplunk.so
#5  0x00007fbefd57caf8 in Splunkd::run () from /opt/splunk/lib/libsplunk.so
#6  0x00007f8d20685dca in main () from /opt/splunk/lib/libsplunk.so

Thread 15 (Thread 0x7fd9e4034729 (LWP 25815)):
#0  0x00007f54683f3bdf in DateParser::parse () from /opt/splunk/lib/libsplunk.so
#1  0x00007f400388deeb in TimestampExtractor::extract () from /opt/splunk/lib/libsplunk.so
#2  0x00007fbdcea8dd95 in IndexWriter::processData () from /opt/splunk/lib/libsplunk.so
#3  0x00007f8e8302a03e in IndexWriter::run () from /opt/splunk/lib/libsplunk.so
#4  0x00007f34859c2b52 in ThreadPool::dispatch () from /opt/splunk/lib/libsplunk.so
#5  0x00007fcc2607216f in Splunkd::run () from /opt/splunk/lib/libsplunk.so
#6  0x00007f1dc137ff95 in main () from /opt/splunk/lib/libsplunk.so

Thread 16 (Thread 0x7ff64b3efa41 (LWP 25816)):
#0  0x00007f0b95f73640 in std::__introsort_loop () from /opt/splunk/lib/libsplunk.so
#1  0x00007f35abe17eca in std::sort () from /opt/splunk/lib/libsplunk.so
#2  0x00007fff8bc3cc97 in SortProcessor::sort () from /opt/splunk/lib/libsplunk.so
#3  0x00007f4f708f9b84 in SearchEvaluator::eval () from /opt/splunk/lib/libsplunk.so
#4  0x00007f74d920101d in SearchProcessor::executeSearch () from /opt/splunk/lib/libsplunk.so
#5  0x00007fe5927b1a3a in SearchProcessor::run () from /opt/splunk/lib/libsplunk.so
#6  0x00007f9b29295c4f in ThreadPool::dispatch () from /opt/splunk/lib/libsplunk.so
#7  0x00007ff67ba3b031 in Splunkd::run () from /opt/splunk/lib/libsplunk.so
#8  0x00007ff95786a675 in main () from /opt/splunk/lib/libsplunk.so

Thread 17 (Thread 0x7f6c130f4b2f (LWP 25817)):
#0  0x00007fd07cb808f9 in pthread_cond_wait () from /lib64/libpthread.so.0
#1  0x00007f14fb3921d5 in IndexWriter::waitForData () from /opt/splunk/lib/libsplunk.so
#2  0x00007f7f102b9a4b in IndexWriter::run () from /opt/splunk/lib/libsplunk.so
#3  0x00007f057714a160 in ThreadPool::dispatch () from /opt/splunk/lib/libsplunk.so
#4  0x00007f224ffaeffb in Splunkd::run () from /opt/splunk/lib/libsplunk.so
#5  0x00007f5ea23ea259 in main () from /opt/splunk/lib/libsplunk.so

Thread 18 (Thread 0x7f324b71499e (LWP 25818)):
#0  0x00007f4f8c8d0316 in zlib::compress () from /opt/splunk/lib/libsplunk.so
#1  0x00007f59d2e96367 in BucketWriter::write () from /opt/splunk/lib/libsplunk.so
#2  0x00007f6d7827b49f in IndexWriter::writeBlock () from /opt/splunk/lib/libsplunk.so
#3  0x00007fdd0bb7dbcf in IndexWriter::processData () from /opt/splunk/lib/libsplunk.so
#4  0x00007fffba5d7225 in IndexWriter::run () from /opt/splunk/lib/libsplunk.so
#5  0x00007febe221fc71 in ThreadPool::dispatch () from /opt/splunk/lib/libsplunk.so
#6  0x00007fb121469be8 in Splunkd::run () from /opt/splunk/lib/libsplunk.so
#7  0x00007f7c703b8974 in main () from /opt/splunk/lib/libsplunk.so

Thread 19 (Thread 0x7ff8a3fd5bcc (LWP 25819)):
#0  0x00007fafd48e6431 in epoll_wait () from /lib64/libc.so.6
#1  0x00007f81eb66897b in HTTPServer::acceptLoop () from /opt/splunk/lib/libsplunk.so
#2  0x00007fe179da3a6f in Splunkd::run () from /opt/splunk/lib/libsplunk.so
#3  0x00007f1df3f49f91 in main () from /opt/splunk/lib/libsplunk.so
