Thread 1 (Thread 0x7fa4c7864d45 (LWP 53501)):
#0  0x00007fdea6b245ce in PCRE::match () from /opt/splunk/lib/libsplunk.so
#1  0x00007f88296c53b6 in FieldExtractor::extract () from /opt/splunk/lib/libsplunk.so
#2  0x00007f6615563eae in SearchEvaluator::eval () from /opt/splunk/lib/libsplunk.so
#3  0x00007f16cd9378a1 in SearchProcessor::executeSearch () from /opt/splunk/lib/libsplunk.so
#4  0x00007f365513a542 in SearchProcessor::run () from /opt/splunk/lib/libsplunk.so
#5  0x00007f8562fb31c9 in ThreadPool::dispatch () from /opt/splunk/lib/libsplunk.so
#6  0x00007ff282e23750 in Splunkd::run () from /opt/splunk/lib/libsplunk.so
#7  0x00007f2cf438efed in main () from /opt/splunk/lib/libsplunk.so

Thread 2 (Thread 0x7fb26a679aae (LWP 53502)):
#0  0x00007f70aeb660b8 in FileSystem::copy () from /opt/splunk/lib/libsplunk.so
#1  0x00007f14f309d741 in BucketSync::syncBucket () from /opt/splunk/lib/libsplunk.so
#2  0x00007fb563dfcdbd in ReplicationManager::replicate () from /opt/splunk/lib/libsplunk.so
#3  0x00007fd33d152f9c in ClusterMaster::run () from /opt/splunk/lib/libsplunk.so
#4  0x00007f071d8dcb5d in ThreadPool::dispatch () from /opt/splunk/lib/libsplunk.so
#5  0x00007f3b8a92931d in Splunkd::run () from /opt/splunk/lib/libsplunk.so
#6  0x00007fedd0c51d85 in main () from /opt/splunk/lib/libsplunk.so

Thread 3 (Thread 0x7fffcc5f119a (LWP 53503)):
#0  0x00007fa861a5f728 in LexerBase::tokenize () from /opt/splunk/lib/libsplunk.so
#1  0x00007f0fa7eece84 in SearchParser::parse () from /opt/splunk/lib/libsplunk.so
#2  0x00007f183a822eeb in SearchProcessor::executeSearch () from /opt/splunk/lib/libsplunk.so
#3  0x00007f5ea1fcc793 in SearchProcessor::run () from /opt/splunk/lib/libsplunk.so
#4  0x00007ff34cdb19fe in ThreadPool::dispatch () from /opt/splunk/lib/libsplunk.so
#5  0x00007f3b2120b1e3 in Splunkd::run () from /opt/splunk/lib/libsplunk.so
#6  0x00007ffffe039355 in main () from /opt/splunk/lib/libsplunk.so

Thread 4 (Thread 0x7f928407c9f5 (LWP 53504)):
#0  0x00007f623f0cd500 in FileSystem::fsync () from /opt/splunk/lib/libsplunk.so
#1  0x00007f1df6341861 in BucketWriter::write () from /opt/splunk/lib/libsplunk.so
#2  0x00007f8c8bb83a0c in IndexWriter::writeBlock () from /opt/splunk/lib/libsplunk.so
#3  0x00007f9434cf6093 in IndexWriter::processData () from /opt/splunk/lib/libsplunk.so
#4  0x00007ff8da197ddf in IndexWriter::run () from /opt/splunk/lib/libsplunk.so
#5  0x00007f44d23f6391 in ThreadPool::dispatch () from /opt/splunk/lib/libsplunk.so
#6  0x00007ff7862b959d in Splunkd::run () from /opt/splunk/lib/libsplunk.so
#7  0x00007ffe6226e4ae in main () from /opt/splunk/lib/libsplunk.so

Thread 5 (Thread 0x7f8345100d64 (LWP 53505)):
#0  0x00007f39272a331d in HashTable::insert () from /opt/splunk/lib/libsplunk.so
#1  0x00007fb4074a8237 in StatsProcessor::aggregate () from /opt/splunk/lib/libsplunk.so
#2  0x00007ff3f5a2911d in SearchEvaluator::eval () from /opt/splunk/lib/libsplunk.so
#3  0x00007ff0762398d3 in SearchProcessor::executeSearch () from /opt/splunk/lib/libsplunk.so
#4  0x00007f4ada877137 in SearchProcessor::run () from /opt/splunk/lib/libsplunk.so
#5  0x00007fcc6439972d in ThreadPool::dispatch () from /opt/splunk/lib/libsplunk.so
#6  0x00007ffff26a4d4c in Splunkd::run () from /opt/splunk/lib/libsplunk.so
#7  0x00007fd585272955 in main () from /opt/splunk/lib/libsplunk.so

Thread 6 (Thread 0x7f4a95e36981 (LWP 53506)):
#0  0x00007fe637ffe07d in WiredTiger::cursor_update () from /opt/splunk/lib/libsplunk.so
#1  0x00007f2c5151aaae in MongoDB::update () from /opt/splunk/lib/libsplunk.so
#2  0x00007f0d9f54a3d9 in KVStoreHandler::run () from /opt/splunk/lib/libsplunk.so
#3  0x00007f81f528cb5e in ThreadPool::dispatch () from /opt/splunk/lib/libsplunk.so
#4  0x00007ff7929663a6 in Splunkd::run () from /opt/splunk/lib/libsplunk.so
#5  0x00007f58764c8920 in main () from /opt/splunk/lib/libsplunk.so

Thread 7 (Thread 0x7f2d7c9394f1 (LWP 53507)):
#0  0x00007feefe3b6995 in recvfrom () from /lib64/libc.so.6
#1  0x00007f5b39926491 in UDPInputProcessor::readData () from /opt/splunk/lib/libsplunk.so
#2  0x00007f93598eb254 in UDPInputProcessor::run () from /opt/splunk/lib/libsplunk.so
#3  0x00007f83e40bea7b in ThreadPool::dispatch () from /opt/splunk/lib/libsplunk.so
#4  0x00007f9783fad86d in Splunkd::run () from /opt/splunk/lib/libsplunk.so
#5  0x00007f5271e97b0f in main () from /opt/splunk/lib/libsplunk.so

Thread 8 (Thread 0x7f3686eeb1df (LWP 53508)):
#0  0x00007f79bb3771ff in pthread_cond_timedwait () from /lib64/libpthread.so.0
#1  0x00007f48d9942d02 in ReplicationManager::waitForAck () from /opt/splunk/lib/libsplunk.so
#2  0x00007fa7bb1d4c77 in ClusterMaster::run () from /opt/splunk/lib/libsplunk.so
#3  0x00007f241b727ece in ThreadPool::dispatch () from /opt/splunk/lib/libsplunk.so
#4  0x00007f7132102a09 in Splunkd::run () from /opt/splunk/lib/libsplunk.so
#5  0x00007f8a73ca70f9 in main () from /opt/splunk/lib/libsplunk.so

Thread 9 (Thread 0x7f960e91329a (LWP 53509)):
#0  0x00007fe2105303d4 in FileSystem::unlink () from /opt/splunk/lib/libsplunk.so
#1  0x00007f8afabcbacb in BucketManager::evictBucket () from /opt/splunk/lib/libsplunk.so
#2  0x00007f4b2b5129f5 in MemoryManager::garbageCollect () from /opt/splunk/lib/libsplunk.so
#3  0x00007f714c3d6e12 in MemoryManager::run () from /opt/splunk/lib/libsplunk.so
#4  0x00007f31c256c6e7 in Splunkd::run () from /opt/splunk/lib/libsplunk.so
#5  0x00007f9bf38b2b01 in main () from /opt/splunk/lib/libsplunk.so

Thread 10 (Thread 0x7fc3d76bb7a8 (LWP 53510)):
#0  0x00007f97fa8d8849 in LexerBase::tokenize () from /opt/splunk/lib/libsplunk.so
#1  0x00007f70ea32a68c in SearchParser::parse () from /opt/splunk/lib/libsplunk.so
#2  0x00007fc4ff2368fd in SearchProcessor::executeSearch () from /opt/splunk/lib/libsplunk.so
#3  0x00007ffe846766dd in SearchProcessor::run () from /opt/splunk/lib/libsplunk.so
#4  0x00007f51038936f7 in ThreadPool::dispatch () from /opt/splunk/lib/libsplunk.so
#5  0x00007fa0108d24e5 in Splunkd::run () from /opt/splunk/lib/libsplunk.so
#6  0x00007f3903555eff in main () from /opt/splunk/lib/libsplunk.so

Thread 11 (Thread 0x7f2174eee383 (LWP 53511)):
#0  0x00007f6e1d86de65 in poll () from /lib64/libc.so.6
#1  0x00007f9d5d08131a in TCPClient::connect () from /opt/splunk/lib/libsplunk.so
#2  0x00007f3d4b4a6adb in ReplicationManager::checkHealth () from /opt/splunk/lib/libsplunk.so
#3  0x00007fb2d0a339f7 in ClusterMaster::run () from /opt/splunk/lib/libsplunk.so
#4  0x00007f38e01d0ebc in ThreadPool::dispatch () from /opt/splunk/lib/libsplunk.so
#5  0x00007ff795506bb9 in Splunkd::run () from /opt/splunk/lib/libsplunk.so
#6  0x00007f9d40ed69d9 in main () from /opt/splunk/lib/libsplunk.so
