Thread 1 (Thread 0x7ffa4ba8de13 (LWP 22701)):
#0  0x00007f07ebfb8028 in SAML::validateToken () from /opt/splunk/lib/libsplunk.so
#1  0x00007f6badf3c5da in AuthManager::authenticate () from /opt/splunk/lib/libsplunk.so
#2  0x00007fa7c5de17c0 in RESTHandler::handlePOST () from /opt/splunk/lib/libsplunk.so
#3  0x00007f2877178995 in RESTHandler::dispatch () from /opt/splunk/lib/libsplunk.so
#4  0x00007f86c7f73371 in HTTPServer::handleRequest () from /opt/splunk/lib/libsplunk.so
#5  0x00007fe92aaf7841 in HTTPServer::acceptLoop () from /opt/splunk/lib/libsplunk.so
#6  0x00007fe89f048545 in Splunkd::run () from /opt/splunk/lib/libsplunk.so
#7  0x00007f835cea7b6f in main () from /opt/splunk/lib/libsplunk.so

Thread 2 (Thread 0x7f5e95ee86f0 (LWP 22702)):
#0  0x00007f1b7c2d80c0 in pthread_cond_wait () from /lib64/libpthread.so.0
#1  0x00007fb3c8f7f7b4 in IndexWriter::waitForData () from /opt/splunk/lib/libsplunk.so
#2  0x00007f4001077120 in IndexWriter::run () from /opt/splunk/lib/libsplunk.so
#3  0x00007ff059a4e8bf in ThreadPool::dispatch () from /opt/splunk/lib/libsplunk.so
#4  0x00007fb4b6d38778 in Splunkd::run () from /opt/splunk/lib/libsplunk.so
#5  0x00007faa7a29a8a0 in main () from /opt/splunk/lib/libsplunk.so

Thread 3 (Thread 0x7fb790f3b72d (LWP 22703)):
#0  0x00007f8ae68238a4 in LexerBase::tokenize () from /opt/splunk/lib/libsplunk.so
#1  0x00007f7dbfd01ba8 in SearchParser::parse () from /opt/splunk/lib/libsplunk.so
#2  0x00007fec55ed0992 in SearchProcessor::executeSearch () from /opt/splunk/lib/libsplunk.so
#3  0x00007f2d0793b3bc in SearchProcessor::run () from /opt/splunk/lib/libsplunk.so
#4  0x00007f12266abf1d in ThreadPool::dispatch () from /opt/splunk/lib/libsplunk.so
#5  0x00007f4729ea9831 in Splunkd::run () from /opt/splunk/lib/libsplunk.so
#6  0x00007f795efccb6b in main () from /opt/splunk/lib/libsplunk.so

Thread 4 (Thread 0x7ff33c42fcda (LWP 22704)):
#0  0x00007fec204d1c4d in pthread_cond_timedwait () from /lib64/libpthread.so.0
#1  0x00007f51c6eb5040 in Scheduler::waitForNextJob () from /opt/splunk/lib/libsplunk.so
#2  0x00007fd7d689acc6 in Scheduler::run () from /opt/splunk/lib/libsplunk.so
#3  0x00007fe482496923 in Splunkd::run () from /opt/splunk/lib/libsplunk.so
#4  0x00007ff341530463 in main () from /opt/splunk/lib/libsplunk.so

Thread 5 (Thread 0x7ffb03f9528a (LWP 22705)):
#0  0x00007f1e6f8af375 in RegexMatcher::match () from /opt/splunk/lib/libsplunk.so
#1  0x00007f105086adf4 in LineBreaker::split () from /opt/splunk/lib/libsplunk.so
#2  0x00007f6e85217900 in IndexWriter::processData () from /opt/splunk/lib/libsplunk.so
#3  0x00007f5d439e44b1 in IndexWriter::run () from /opt/splunk/lib/libsplunk.so
#4  0x00007faf34010817 in ThreadPool::dispatch () from /opt/splunk/lib/libsplunk.so
#5  0x00007fe126476802 in Splunkd::run () from /opt/splunk/lib/libsplunk.so
#6  0x00007f0b7cb1adb2 in main () from /opt/splunk/lib/libsplunk.so

Thread 6 (Thread 0x7f60df4142d2 (LWP 22706)):
#0  0x00007ffa98b225f7 in read () from /lib64/libc.so.6
#1  0x00007f92df67cd9c in FileReader::read () from /opt/splunk/lib/libsplunk.so
#2  0x00007f894a2fcf14 in FileMonitor::checkFiles () from /opt/splunk/lib/libsplunk.so
#3  0x00007f27e7c96c1a in FileMonitor::run () from /opt/splunk/lib/libsplunk.so
#4  0x00007f6b7f59a711 in ThreadPool::dispatch () from /opt/splunk/lib/libsplunk.so
#5  0x00007f5451ff795f in Splunkd::run () from /opt/splunk/lib/libsplunk.so
#6  0x00007f3c9118fe22 in main () from /opt/splunk/lib/libsplunk.so

Thread 7 (Thread 0x7f34597a26bb (LWP 22707)):
#0  0x00007fb76fd39ccb in FileSystem::fsync () from /opt/splunk/lib/libsplunk.so
#1  0x00007f5c780bed1b in BucketWriter::write () from /opt/splunk/lib/libsplunk.so
#2  0x00007f0a7e5120ec in IndexWriter::writeBlock () from /opt/splunk/lib/libsplunk.so
#3  0x00007f82062cfa54 in IndexWriter::processData () from /opt/splunk/lib/libsplunk.so
#4  0x00007f7d3bd4c9d7 in IndexWriter::run () from /opt/splunk/lib/libsplunk.so
#5  0x00007fcca986a246 in ThreadPool::dispatch () from /opt/splunk/lib/libsplunk.so
#6  0x00007f1bd980b293 in Splunkd::run () from /opt/splunk/lib/libsplunk.so
#7  0x00007fa5be47b3f9 in main () from /opt/splunk/lib/libsplunk.so

Thread 8 (Thread 0x7f9df24be924 (LWP 22708)):
#0  0x00007f35d7089604 in FileSystem::fsync () from /opt/splunk/lib/libsplunk.so
#1  0x00007fef3aa386bb in BucketWriter::write () from /opt/splunk/lib/libsplunk.so
#2  0x00007fe245913cee in IndexWriter::writeBlock () from /opt/splunk/lib/libsplunk.so
#3  0x00007f41f865dcdb in IndexWriter::processData () from /opt/splunk/lib/libsplunk.so
#4  0x00007fa25a30ca54 in IndexWriter::run () from /opt/splunk/lib/libsplunk.so
#5  0x00007f25c858cbb8 in ThreadPool::dispatch () from /opt/splunk/lib/libsplunk.so
#6  0x00007f9cf08bfe1f in Splunkd::run () from /opt/splunk/lib/libsplunk.so
#7  0x00007f85ed7f0e54 in main () from /opt/splunk/lib/libsplunk.so

Thread 9 (Thread 0x7f5c4f0043f4 (LWP 22709)):
#0  0x00007fcaa3ebffd4 in FileSystem::fsync () from /opt/splunk/lib/libsplunk.so
#1  0x00007ff5a685d43c in BucketWriter::write () from /opt/splunk/lib/libsplunk.so
#2  0x00007fff6dff6419 in IndexWriter::writeBlock () from /opt/splunk/lib/libsplunk.so
#3  0x00007f070cff7a69 in IndexWriter::processData () from /opt/splunk/lib/libsplunk.so
#4  0x00007f6f0c3e0da1 in IndexWriter::run () from /opt/splunk/lib/libsplunk.so
#5  0x00007f484728b87b in ThreadPool::dispatch () from /opt/splunk/lib/libsplunk.so
#6  0x00007f570cdd87f0 in Splunkd::run () from /opt/splunk/lib/libsplunk.so
#7  0x00007f52c87da5d5 in main () from /opt/splunk/lib/libsplunk.so

Thread 10 (Thread 0x7f67afb0877d (LWP 22710)):
#0  0x00007f09556619e3 in FileSystem::copy () from /opt/splunk/lib/libsplunk.so
#1  0x00007f4b1630abf3 in BucketSync::syncBucket () from /opt/splunk/lib/libsplunk.so
#2  0x00007f0c7aa73c99 in ReplicationManager::replicate () from /opt/splunk/lib/libsplunk.so
#3  0x00007fa428eef9b3 in ClusterMaster::run () from /opt/splunk/lib/libsplunk.so
#4  0x00007f16009c3d47 in ThreadPool::dispatch () from /opt/splunk/lib/libsplunk.so
#5  0x00007ffca1c71b5b in Splunkd::run () from /opt/splunk/lib/libsplunk.so
#6  0x00007f0e92986ab7 in main () from /opt/splunk/lib/libsplunk.so

Thread 11 (Thread 0x7ffc48b39d51 (LWP 22711)):
#0  0x00007f7ade06dbc1 in LexerBase::tokenize () from /opt/splunk/lib/libsplunk.so
#1  0x00007ff089b554ae in SearchParser::parse () from /opt/splunk/lib/libsplunk.so
#2  0x00007fe6f502e16d in SearchProcessor::executeSearch () from /opt/splunk/lib/libsplunk.so
#3  0x00007f989d0678da in SearchProcessor::run () from /opt/splunk/lib/libsplunk.so
#4  0x00007fee26cde720 in ThreadPool::dispatch () from /opt/splunk/lib/libsplunk.so
#5  0x00007fbe3e133f68 in Splunkd::run () from /opt/splunk/lib/libsplunk.so
#6  0x00007fca92e561a4 in main () from /opt/splunk/lib/libsplunk.so

Thread 12 (Thread 0x7f935566fe44 (LWP 22712)):
#0  0x00007f7dd8c02363 in WiredTiger::cursor_update () from /opt/splunk/lib/libsplunk.so
#1  0x00007fb1a731de07 in MongoDB::update () from /opt/splunk/lib/libsplunk.so
#2  0x00007fa4c4268f1c in KVStoreHandler::run () from /opt/splunk/lib/libsplunk.so
#3  0x00007f5a3f5f75ae in ThreadPool::dispatch () from /opt/splunk/lib/libsplunk.so
#4  0x00007f7489401243 in Splunkd::run () from /opt/splunk/lib/libsplunk.so
#5  0x00007ffe313c1e6f in main () from /opt/splunk/lib/libsplunk.so

Thread 13 (Thread 0x7f89756ff3f2 (LWP 22713)):
#0  0x00007f548be4bb56 in PCRE::match () from /opt/splunk/lib/libsplunk.so
#1  0x00007fe355677d10 in FieldExtractor::extract () from /opt/splunk/lib/libsplunk.so
#2  0x00007fc6bc9c8ffc in SearchEvaluator::eval () from /opt/splunk/lib/libsplunk.so
#3  0x00007f4ec0e733fd in SearchProcessor::executeSearch () from /opt/splunk/lib/libsplunk.so
#4  0x00007f4b748495cf in SearchProcessor::run () from /opt/splunk/lib/libsplunk.so
#5  0x00007f41092f166a in ThreadPool::dispatch () from /opt/splunk/lib/libsplunk.so
#6  0x00007f8523ae56e7 in Splunkd::run () from /opt/splunk/lib/libsplunk.so
#7  0x00007f7ed50f6d2d in main () from /opt/splunk/lib/libsplunk.so

Thread 14 (Thread 0x7fd39ac4bf91 (LWP 22714)):
#0  0x00007f29ffc763f1 in read () from /lib64/libc.so.6
#1  0x00007f05f22f8c23 in FileReader::read () from /opt/splunk/lib/libsplunk.so
#2  0x00007f0525b896d3 in FileMonitor::checkFiles () from /opt/splunk/lib/libsplunk.so
#3  0x00007fecd45f5a7d in FileMonitor::run () from /opt/splunk/lib/libsplunk.so
#4  0x00007f4c551f7201 in ThreadPool::dispatch () from /opt/splunk/lib/libsplunk.so
#5  0x00007f7a3f2003dc in Splunkd::run () from /opt/splunk/lib/libsplunk.so
#6  0x00007f66cbb1b2a8 in main () from /opt/splunk/lib/libsplunk.so

Thread 15 (Thread 0x7fd265b4dfec (LWP 22715)):
#0  0x00007fbab943f63b in recv () from /lib64/libc.so.6
#1  0x00007fe8514d6f74 in TcpInputProcessor::readData () from /opt/splunk/lib/libsplunk.so
#2  0x00007f10be4f2e14 in TcpInputProcessor::run () from /opt/splunk/lib/libsplunk.so
#3  0x00007fd88294090f in ThreadPool::dispatch () from /opt/splunk/lib/libsplunk.so
#4  0x00007f24800900e7 in Splunkd::run () from /opt/splunk/lib/libsplunk.so
#5  0x00007f1c227baa4a in main () from /opt/splunk/lib/libsplunk.so

Thread 16 (Thread 0x7f08c38402e9 (LWP 22716)):
#0  0x00007f2b9655bf53 in DateParser::parse () from /opt/splunk/lib/libsplunk.so
#1  0x00007ff56f7d917d in TimestampExtractor::extract () from /opt/splunk/lib/libsplunk.so
#2  0x00007f900c0e358b in IndexWriter::processData () from /opt/splunk/lib/libsplunk.so
#3  0x00007f610c157f49 in IndexWriter::run () from /opt/splunk/lib/libsplunk.so
#4  0x00007f44eb32a8ed in ThreadPool::dispatch () from /opt/splunk/lib/libsplunk.so
#5  0x00007f64b84b9a7c in Splunkd::run () from /opt/splunk/lib/libsplunk.so
#6  0x00007f9800a80b9c in main () from /opt/splunk/lib/libsplunk.so

Thread 17 (Thread 0x7fa0baae5c67 (LWP 22717)):
#0  0x00007f8965238270 in FileSystem::unlink () from /opt/splunk/lib/libsplunk.so
#1  0x00007fe13ad8d4e2 in BucketManager::evictBucket () from /opt/splunk/lib/libsplunk.so
#2  0x00007fc8df84d1b2 in MemoryManager::garbageCollect () from /opt/splunk/lib/libsplunk.so
#3  0x00007f91b217e74a in MemoryManager::run () from /opt/splunk/lib/libsplunk.so
#4  0x00007f475bcd2474 in Splunkd::run () from /opt/splunk/lib/libsplunk.so
#5  0x00007f398c71c5b7 in main () from /opt/splunk/lib/libsplunk.so

Thread 18 (Thread 0x7f3b998c5875 (LWP 22718)):
#0  0x00007f3732b33c38 in malloc_trim () from /lib64/libc.so.6
#1  0x00007fe87cc85b7e in MemoryManager::compactHeap () from /opt/splunk/lib/libsplunk.so
#2  0x00007f44873246b3 in MemoryManager::run () from /opt/splunk/lib/libsplunk.so
#3  0x00007f74ac3a74ac in Splunkd::run () from /opt/splunk/lib/libsplunk.so
#4  0x00007f0f91fb1953 in main () from /opt/splunk/lib/libsplunk.so
