Thread 1 (Thread 0x7f81705b9ec8 (LWP 20101)):
#0  0x00007ff28b5b17f2 in epoll_wait () from /lib64/libc.so.6
#1  0x00007fd62b949f66 in HTTPServer::acceptLoop () from /opt/splunk/lib/libsplunk.so
#2  0x00007ffc679fcf9e in Splunkd::run () from /opt/splunk/lib/libsplunk.so
#3  0x00007fb346f3fea4 in main () from /opt/splunk/lib/libsplunk.so

Thread 2 (Thread 0x7f279f07d1ac (LWP 20102)):
#0  0x00007f75cbdb4021 in AlertManager::fireAction () from /opt/splunk/lib/libsplunk.so
#1  0x00007f9da2994749 in AlertManager::checkTriggers () from /opt/splunk/lib/libsplunk.so
#2  0x00007feffbc66f39 in Scheduler::dispatchJob () from /opt/splunk/lib/libsplunk.so
#3  0x00007fd47a2e36a4 in Scheduler::run () from /opt/splunk/lib/libsplunk.so
#4  0x00007fe2046d043a in Splunkd::run () from /opt/splunk/lib/libsplunk.so
#5  0x00007f898933f226 in main () from /opt/splunk/lib/libsplunk.so

Thread 3 (Thread 0x7f0e3c794bc1 (LWP 20103)):
#0  0x00007f35d159deec in FileSystem::copy () from /opt/splunk/lib/libsplunk.so
#1  0x00007f28e188526f in BucketSync::syncBucket () from /opt/splunk/lib/libsplunk.so
#2  0x00007f28d9a42c7f in ReplicationManager::replicate () from /opt/splunk/lib/libsplunk.so
#3  0x00007fd11a02a024 in ClusterMaster::run () from /opt/splunk/lib/libsplunk.so
#4  0x00007f9b6fa22037 in ThreadPool::dispatch () from /opt/splunk/lib/libsplunk.so
#5  0x00007fea9d78fd80 in Splunkd::run () from /opt/splunk/lib/libsplunk.so
#6  0x00007f2fa841a5d7 in main () from /opt/splunk/lib/libsplunk.so

Thread 4 (Thread 0x7fad596cb1dd (LWP 20104)):
#0  0x00007f42836f330d in pthread_cond_wait () from /lib64/libpthread.so.0
#1  0x00007f54bee3c829 in IndexWriter::waitForData () from /opt/splunk/lib/libsplunk.so
#2  0x00007f531e32ce80 in IndexWriter::run () from /opt/splunk/lib/libsplunk.so
#3  0x00007f833f82862b in ThreadPool::dispatch () from /opt/splunk/lib/libsplunk.so
#4  0x00007f9be12ee05f in Splunkd::run () from /opt/splunk/lib/libsplunk.so
#5  0x00007f7aedbb9761 in main () from /opt/splunk/lib/libsplunk.so

Thread 5 (Thread 0x7fa0ecb8c73a (LWP 20105)):
#0  0x00007fe42b28ee31 in RegexMatcher::match () from /opt/splunk/lib/libsplunk.so
#1  0x00007f8ed6e1c06d in LineBreaker::split () from /opt/splunk/lib/libsplunk.so
#2  0x00007f6b39b23e9f in IndexWriter::processData () from /opt/splunk/lib/libsplunk.so
#3  0x00007ff709686d10 in IndexWriter::run () from /opt/splunk/lib/libsplunk.so
#4  0x00007f869cef9337 in ThreadPool::dispatch () from /opt/splunk/lib/libsplunk.so
#5  0x00007f2b029abc93 in Splunkd::run () from /opt/splunk/lib/libsplunk.so
#6  0x00007f1d4b78cf50 in main () from /opt/splunk/lib/libsplunk.so

Thread 6 (Thread 0x7fa5c36aefb0 (LWP 20106)):
#0  0x00007fbdabfc9195 in epoll_wait () from /lib64/libc.so.6
#1  0x00007f643d038ca3 in HTTPServer::acceptLoop () from /opt/splunk/lib/libsplunk.so
#2  0x00007f0453a26ddc in Splunkd::run () from /opt/splunk/lib/libsplunk.so
#3  0x00007f6b73889cae in main () from /opt/splunk/lib/libsplunk.so

Thread 7 (Thread 0x7f6c230a4458 (LWP 20107)):
#0  0x00007fcebbe24591 in inotify_read () from /lib64/libc.so.6
#1  0x00007f020e9e7468 in FileMonitor::waitForChange () from /opt/splunk/lib/libsplunk.so
#2  0x00007fde9ce22b4c in FileMonitor::run () from /opt/splunk/lib/libsplunk.so
#3  0x00007f2ef6b2d218 in ThreadPool::dispatch () from /opt/splunk/lib/libsplunk.so
#4  0x00007fb747df5b48 in Splunkd::run () from /opt/splunk/lib/libsplunk.so
#5  0x00007f513094c3b5 in main () from /opt/splunk/lib/libsplunk.so

Thread 8 (Thread 0x7fabbf105c74 (LWP 20108)):
#0  0x00007f40a4c85ae5 in LDAP::bind () from /opt/splunk/lib/libsplunk.so
#1  0x00007f1ad8cdb785 in AuthManager::authenticate () from /opt/splunk/lib/libsplunk.so
#2  0x00007f03e97035e4 in RESTHandler::handlePOST () from /opt/splunk/lib/libsplunk.so
#3  0x00007ff93b28538d in RESTHandler::dispatch () from /opt/splunk/lib/libsplunk.so
#4  0x00007f2a2f99555d in HTTPServer::handleRequest () from /opt/splunk/lib/libsplunk.so
#5  0x00007fb1bcf4d73c in HTTPServer::acceptLoop () from /opt/splunk/lib/libsplunk.so
#6  0x00007fd102842a2c in Splunkd::run () from /opt/splunk/lib/libsplunk.so
#7  0x00007f0709c264e4 in main () from /opt/splunk/lib/libsplunk.so

Thread 9 (Thread 0x7f5329a49ce6 (LWP 20109)):
#0  0x00007f6f803c0e9a in std::__introsort_loop () from /opt/splunk/lib/libsplunk.so
#1  0x00007f5d4670bceb in std::sort () from /opt/splunk/lib/libsplunk.so
#2  0x00007fa5eea3ae52 in SortProcessor::sort () from /opt/splunk/lib/libsplunk.so
#3  0x00007f5d05222867 in SearchEvaluator::eval () from /opt/splunk/lib/libsplunk.so
#4  0x00007f66dfa963e5 in SearchProcessor::executeSearch () from /opt/splunk/lib/libsplunk.so
#5  0x00007f0e26469999 in SearchProcessor::run () from /opt/splunk/lib/libsplunk.so
#6  0x00007f594ead7bdb in ThreadPool::dispatch () from /opt/splunk/lib/libsplunk.so
#7  0x00007f1ded6aff19 in Splunkd::run () from /opt/splunk/lib/libsplunk.so
#8  0x00007fed8f5fa882 in main () from /opt/splunk/lib/libsplunk.so

Thread 10 (Thread 0x7fbb7edd1ffa (LWP 20110)):
#0  0x00007f8104bbbd40 in DateParser::parse () from /opt/splunk/lib/libsplunk.so
#1  0x00007f501f3dde27 in TimestampExtractor::extract () from /opt/splunk/lib/libsplunk.so
#2  0x00007fc035319974 in IndexWriter::processData () from /opt/splunk/lib/libsplunk.so
#3  0x00007f82d6451a33 in IndexWriter::run () from /opt/splunk/lib/libsplunk.so
#4  0x00007f6a090aa1f8 in ThreadPool::dispatch () from /opt/splunk/lib/libsplunk.so
#5  0x00007f30d8fff2f7 in Splunkd::run () from /opt/splunk/lib/libsplunk.so
#6  0x00007ff0975ae0aa in main () from /opt/splunk/lib/libsplunk.so

Thread 11 (Thread 0x7fae0828b5e1 (LWP 20111)):
#0  0x00007fbc02bdbb00 in poll () from /lib64/libc.so.6
#1  0x00007fdc89812180 in TCPClient::connect () from /opt/splunk/lib/libsplunk.so
#2  0x00007f5f22ca4e43 in ReplicationManager::checkHealth () from /opt/splunk/lib/libsplunk.so
#3  0x00007ffbd650d7e7 in ClusterMaster::run () from /opt/splunk/lib/libsplunk.so
#4  0x00007f136fefae3b in ThreadPool::dispatch () from /opt/splunk/lib/libsplunk.so
#5  0x00007f2a374d085f in Splunkd::run () from /opt/splunk/lib/libsplunk.so
#6  0x00007f73d9cbc447 in main () from /opt/splunk/lib/libsplunk.so

Thread 12 (Thread 0x7fa702849bea (LWP 20112)):
#0  0x00007f7c6f6920a9 in LexerBase::tokenize () from /opt/splunk/lib/libsplunk.so
#1  0x00007f2819469678 in SearchParser::parse () from /opt/splunk/lib/libsplunk.so
#2  0x00007f518eee8c3d in SearchProcessor::executeSearch () from /opt/splunk/lib/libsplunk.so
#3  0x00007f35bc284167 in SearchProcessor::run () from /opt/splunk/lib/libsplunk.so
#4  0x00007fa390af77fb in ThreadPool::dispatch () from /opt/splunk/lib/libsplunk.so
#5  0x00007f2aee00ce70 in Splunkd::run () from /opt/splunk/lib/libsplunk.so
#6  0x00007f2f3dd02d77 in main () from /opt/splunk/lib/libsplunk.so

Thread 13 (Thread 0x7f35c2cd94bf (LWP 20113)):
#0  0x00007f6dc29f85c6 in PCRE::match () from /opt/splunk/lib/libsplunk.so
#1  0x00007f299d1f3627 in FieldExtractor::extract () from /opt/splunk/lib/libsplunk.so
#2  0x00007fed705661a4 in SearchEvaluator::eval () from /opt/splunk/lib/libsplunk.so
#3  0x00007f166817c5a8 in SearchProcessor::executeSearch () from /opt/splunk/lib/libsplunk.so
#4  0x00007f624400c622 in SearchProcessor::run () from /opt/splunk/lib/libsplunk.so
#5  0x00007f3e12ad72a0 in ThreadPool::dispatch () from /opt/splunk/lib/libsplunk.so
#6  0x00007fe7524f4031 in Splunkd::run () from /opt/splunk/lib/libsplunk.so
#7  0x00007f0b85f37eaa in main () from /opt/splunk/lib/libsplunk.so

Thread 14 (Thread 0x7f7c7ab8dc92 (LWP 20114)):
#0  0x00007f765e1a5f52 in pthread_cond_wait () from /lib64/libpthread.so.0
#1  0x00007fb3953eb143 in SearchProcessor::waitForWork () from /opt/splunk/lib/libsplunk.so
#2  0x00007f04e36f2a03 in SearchProcessor::run () from /opt/splunk/lib/libsplunk.so
#3  0x00007fbd44eb7d38 in ThreadPool::dispatch () from /opt/splunk/lib/libsplunk.so
#4  0x00007f608f48d70f in Splunkd::run () from /opt/splunk/lib/libsplunk.so
#5  0x00007fa1c957cea3 in main () from /opt/splunk/lib/libsplunk.so

Thread 15 (Thread 0x7f6059484ecc (LWP 20115)):
#0  0x00007f493500df65 in zlib::compress () from /opt/splunk/lib/libsplunk.so
#1  0x00007fee99d607e8 in BucketWriter::write () from /opt/splunk/lib/libsplunk.so
#2  0x00007f665c9513a1 in IndexWriter::writeBlock () from /opt/splunk/lib/libsplunk.so
#3  0x00007feb1f2641e3 in IndexWriter::processData () from /opt/splunk/lib/libsplunk.so
#4  0x00007f720a14bfb3 in IndexWriter::run () from /opt/splunk/lib/libsplunk.so
#5  0x00007f4a3f91e3d1 in ThreadPool::dispatch () from /opt/splunk/lib/libsplunk.so
#6  0x00007ff96e5d09cf in Splunkd::run () from /opt/splunk/lib/libsplunk.so
#7  0x00007f2eda9cf5a1 in main () from /opt/splunk/lib/libsplunk.so

Thread 16 (Thread 0x7f97662f4c1d (LWP 20116)):
#0  0x00007f0818c7f284 in LDAP::bind () from /opt/splunk/lib/libsplunk.so
#1  0x00007ffd4d422f3a in AuthManager::authenticate () from /opt/splunk/lib/libsplunk.so
#2  0x00007f3c453c019c in RESTHandler::handlePOST () from /opt/splunk/lib/libsplunk.so
#3  0x00007fd0890c286d in RESTHandler::dispatch () from /opt/splunk/lib/libsplunk.so
#4  0x00007f202ded43a7 in HTTPServer::handleRequest () from /opt/splunk/lib/libsplunk.so
#5  0x00007f642ce9243d in HTTPServer::acceptLoop () from /opt/splunk/lib/libsplunk.so
#6  0x00007f4438637c1b in Splunkd::run () from /opt/splunk/lib/libsplunk.so
#7  0x00007f6b7ade4efa in main () from /opt/splunk/lib/libsplunk.so

Thread 17 (Thread 0x7f2bcd297def (LWP 20117)):
#0  0x00007f6240a3d29b in malloc () from /lib64/libc.so.6
#1  0x00007f7c0d9074dc in SearchProcessor::createSearch () from /opt/splunk/lib/libsplunk.so
#2  0x00007fe60106b2cb in Scheduler::dispatchJob () from /opt/splunk/lib/libsplunk.so
#3  0x00007f2a0834bf3b in Scheduler::run () from /opt/splunk/lib/libsplunk.so
#4  0x00007f8d36f06ae3 in Splunkd::run () from /opt/splunk/lib/libsplunk.so
#5  0x00007fa1e4290d0f in main () from /opt/splunk/lib/libsplunk.so

Thread 18 (Thread 0x7f8a7aef9e30 (LWP 20118)):
#0  0x00007f30f7458b67 in OpenSSL::SSL_read () from /opt/splunk/lib/libsplunk.so
#1  0x00007f48b1b2df0b in SSLEngine::read () from /opt/splunk/lib/libsplunk.so
#2  0x00007fda21ce2445 in HTTPServer::handleRequest () from /opt/splunk/lib/libsplunk.so
#3  0x00007f78991823fc in HTTPServer::acceptLoop () from /opt/splunk/lib/libsplunk.so
#4  0x00007f6251711f45 in Splunkd::run () from /opt/splunk/lib/libsplunk.so
#5  0x00007f52469431e0 in main () from /opt/splunk/lib/libsplunk.so

Thread 19 (Thread 0x7f2a3611fc88 (LWP 20119)):
#0  0x00007f22e5ef9772 in recv () from /lib64/libc.so.6
#1  0x00007fc0da3d5fd5 in TcpInputProcessor::readData () from /opt/splunk/lib/libsplunk.so
#2  0x00007f1d413f463a in TcpInputProcessor::run () from /opt/splunk/lib/libsplunk.so
#3  0x00007ff97e6aff5e in ThreadPool::dispatch () from /opt/splunk/lib/libsplunk.so
#4  0x00007f4f9bcdc76d in Splunkd::run () from /opt/splunk/lib/libsplunk.so
#5  0x00007f22048b6535 in main () from /opt/splunk/lib/libsplunk.so
