Thread 1 (Thread 0x7f09f7281204 (LWP 12501)):
#0  0x00007ff6acaf4a50 in recvfrom () from /lib64/libc.so.6
#1  0x00007f8b49bd4eba in UDPInputProcessor::readData () from /opt/splunk/lib/libsplunk.so
#2  0x00007fe619c4f136 in UDPInputProcessor::run () from /opt/splunk/lib/libsplunk.so
#3  0x00007f6dd159b6ff in ThreadPool::dispatch () from /opt/splunk/lib/libsplunk.so
#4  0x00007f74e50f07c1 in Splunkd::run () from /opt/splunk/lib/libsplunk.so
#5  0x00007f85f4d9eb7c in main () from /opt/splunk/lib/libsplunk.so

Thread 2 (Thread 0x7f1dc78c9ec2 (LWP 12502)):
#0  0x00007f361b6ca040 in pthread_cond_timedwait () from /lib64/libpthread.so.0
#1  0x00007f1411f0c893 in Scheduler::waitForNextJob () from /opt/splunk/lib/libsplunk.so
#2  0x00007f0f63ef6f91 in Scheduler::run () from /opt/splunk/lib/libsplunk.so
#3  0x00007f9beb1d5d92 in Splunkd::run () from /opt/splunk/lib/libsplunk.so
#4  0x00007f7de6e9d247 in main () from /opt/splunk/lib/libsplunk.so

Thread 3 (Thread 0x7f59a999ab1c (LWP 12503)):
#0  0x00007fbbee4e7a26 in FileSystem::copy () from /opt/splunk/lib/libsplunk.so
#1  0x00007fe9bc90d9d5 in BucketSync::syncBucket () from /opt/splunk/lib/libsplunk.so
#2  0x00007f69b2d37492 in ReplicationManager::replicate () from /opt/splunk/lib/libsplunk.so
#3  0x00007fbef981a5b0 in ClusterMaster::run () from /opt/splunk/lib/libsplunk.so
#4  0x00007f0c42267735 in ThreadPool::dispatch () from /opt/splunk/lib/libsplunk.so
#5  0x00007f67b63f737e in Splunkd::run () from /opt/splunk/lib/libsplunk.so
#6  0x00007fc6ca556054 in main () from /opt/splunk/lib/libsplunk.so

Thread 4 (Thread 0x7f1f2529c1ff (LWP 12504)):
#0  0x00007fb30fe15b52 in LDAP::bind () from /opt/splunk/lib/libsplunk.so
#1  0x00007fb9be669c92 in AuthManager::authenticate () from /opt/splunk/lib/libsplunk.so
#2  0x00007f6252607776 in RESTHandler::handlePOST () from /opt/splunk/lib/libsplunk.so
#3  0x00007fa0f2b36598 in RESTHandler::dispatch () from /opt/splunk/lib/libsplunk.so
#4  0x00007fc645fd9f30 in HTTPServer::handleRequest () from /opt/splunk/lib/libsplunk.so
#5  0x00007f1a4d6a4c48 in HTTPServer::acceptLoop () from /opt/splunk/lib/libsplunk.so
#6  0x00007f1728754510 in Splunkd::run () from /opt/splunk/lib/libsplunk.so
#7  0x00007fdf68108d95 in main () from /opt/splunk/lib/libsplunk.so

Thread 5 (Thread 0x7fcab2f96bc5 (LWP 12505)):
#0  0x00007fdf311c6dc4 in zlib::compress () from /opt/splunk/lib/libsplunk.so
#1  0x00007fc28c9b254f in BucketWriter::write () from /opt/splunk/lib/libsplunk.so
#2  0x00007f62aff8bc3f in IndexWriter::writeBlock () from /opt/splunk/lib/libsplunk.so
#3  0x00007fb57dd6d2e1 in IndexWriter::processData () from /opt/splunk/lib/libsplunk.so
#4  0x00007f0e10222401 in IndexWriter::run () from /opt/splunk/lib/libsplunk.so
#5  0x00007fd78f9e702d in ThreadPool::dispatch () from /opt/splunk/lib/libsplunk.so
#6  0x00007fb70abddb2e in Splunkd::run () from /opt/splunk/lib/libsplunk.so
#7  0x00007f2ce78fa545 in main () from /opt/splunk/lib/libsplunk.so

Thread 6 (Thread 0x7fc36b04e1f0 (LWP 12506)):
#0  0x00007f809d396d26 in PCRE::match () from /opt/splunk/lib/libsplunk.so
#1  0x00007f48171eae96 in FieldExtractor::extract () from /opt/splunk/lib/libsplunk.so
#2  0x00007f63dc3e8e1c in SearchEvaluator::eval () from /opt/splunk/lib/libsplunk.so
#3  0x00007f3860b2e11c in SearchProcessor::executeSearch () from /opt/splunk/lib/libsplunk.so
#4  0x00007f389221909b in SearchProcessor::run () from /opt/splunk/lib/libsplunk.so
#5  0x00007f01bb149d99 in ThreadPool::dispatch () from /opt/splunk/lib/libsplunk.so
#6  0x00007fe5ada6d1d8 in Splunkd::run () from /opt/splunk/lib/libsplunk.so
#7  0x00007fc501e085fc in main () from /opt/splunk/lib/libsplunk.so

Thread 7 (Thread 0x7f0a614dd2c1 (LWP 12507)):
#0  0x00007fa86fe03fec in pthread_cond_wait () from /lib64/libpthread.so.0
#1  0x00007f4036f9ff5a in SearchProcessor::waitForWork () from /opt/splunk/lib/libsplunk.so
#2  0x00007f0fb1b829f8 in SearchProcessor::run () from /opt/splunk/lib/libsplunk.so
#3  0x00007fa5457fb324 in ThreadPool::dispatch () from /opt/splunk/lib/libsplunk.so
#4  0x00007f838ef5f11e in Splunkd::run () from /opt/splunk/lib/libsplunk.so
#5  0x00007fed4dac17d1 in main () from /opt/splunk/lib/libsplunk.so

Thread 8 (Thread 0x7f4497a21432 (LWP 12508)):
#0  0x00007fe4480c2079 in SAML::validateToken () from /opt/splunk/lib/libsplunk.so
#1  0x00007fb294b6ef2e in AuthManager::authenticate () from /opt/splunk/lib/libsplunk.so
#2  0x00007f2bb8708340 in RESTHandler::handlePOST () from /opt/splunk/lib/libsplunk.so
#3  0x00007f58a51d5f51 in RESTHandler::dispatch () from /opt/splunk/lib/libsplunk.so
#4  0x00007fe5eec39613 in HTTPServer::handleRequest () from /opt/splunk/lib/libsplunk.so
#5  0x00007f286fe39f15 in HTTPServer::acceptLoop () from /opt/splunk/lib/libsplunk.so
#6  0x00007fcebd1cf2c2 in Splunkd::run () from /opt/splunk/lib/libsplunk.so
#7  0x00007fd0c203af0a in main () from /opt/splunk/lib/libsplunk.so

Thread 9 (Thread 0x7f813620b035 (LWP 12509)):
#0  0x00007fd4e9760bd4 in DateParser::parse () from /opt/splunk/lib/libsplunk.so
#1  0x00007fe56def5152 in TimestampExtractor::extract () from /opt/splunk/lib/libsplunk.so
#2  0x00007f158a25990b in IndexWriter::processData () from /opt/splunk/lib/libsplunk.so
#3  0x00007f40e7781f25 in IndexWriter::run () from /opt/splunk/lib/libsplunk.so
#4  0x00007fc1d9caacd9 in ThreadPool::dispatch () from /opt/splunk/lib/libsplunk.so
#5  0x00007f6e06775d5a in Splunkd::run () from /opt/splunk/lib/libsplunk.so
#6  0x00007f30d4c11db3 in main () from /opt/splunk/lib/libsplunk.so

Thread 10 (Thread 0x7f6037dcf0b9 (LWP 12510)):
#0  0x00007f001a3dab47 in zlib::compress () from /opt/splunk/lib/libsplunk.so
#1  0x00007f7ffb3514b0 in BucketWriter::write () from /opt/splunk/lib/libsplunk.so
#2  0x00007f15df7a81a0 in IndexWriter::writeBlock () from /opt/splunk/lib/libsplunk.so
#3  0x00007fb0362af21c in IndexWriter::processData () from /opt/splunk/lib/libsplunk.so
#4  0x00007f1575c39f5e in IndexWriter::run () from /opt/splunk/lib/libsplunk.so
#5  0x00007fea0c45233f in ThreadPool::dispatch () from /opt/splunk/lib/libsplunk.so
#6  0x00007f94efb5b7f2 in Splunkd::run () from /opt/splunk/lib/libsplunk.so
#7  0x00007f196ad9d42a in main () from /opt/splunk/lib/libsplunk.so

Thread 11 (Thread 0x7f6c20331c85 (LWP 12511)):
#0  0x00007f5171998de6 in BTreeReader::search () from /opt/splunk/lib/libsplunk.so
#1  0x00007fb5c43a0f28 in WiredTiger::cursor_search () from /opt/splunk/lib/libsplunk.so
#2  0x00007f86656d35e7 in MongoDB::find () from /opt/splunk/lib/libsplunk.so
#3  0x00007f0d8c2c6b66 in KVStoreHandler::run () from /opt/splunk/lib/libsplunk.so
#4  0x00007fdd9dbcd144 in ThreadPool::dispatch () from /opt/splunk/lib/libsplunk.so
#5  0x00007f430326f0a3 in Splunkd::run () from /opt/splunk/lib/libsplunk.so
#6  0x00007f6f289bea0e in main () from /opt/splunk/lib/libsplunk.so

Thread 12 (Thread 0x7fe6098f0501 (LWP 12512)):
#0  0x00007fb06708b871 in AlertManager::fireAction () from /opt/splunk/lib/libsplunk.so
#1  0x00007f737020bf8a in AlertManager::checkTriggers () from /opt/splunk/lib/libsplunk.so
#2  0x00007f9899a029a2 in Scheduler::dispatchJob () from /opt/splunk/lib/libsplunk.so
#3  0x00007f0ca6d2c779 in Scheduler::run () from /opt/splunk/lib/libsplunk.so
#4  0x00007f11cf4f98c3 in Splunkd::run () from /opt/splunk/lib/libsplunk.so
#5  0x00007fdbbc0bbad1 in main () from /opt/splunk/lib/libsplunk.so

Thread 13 (Thread 0x7fdf42909c45 (LWP 12513)):
#0  0x00007f8fa97e0689 in read () from /lib64/libc.so.6
#1  0x00007f1b89721f13 in FileReader::read () from /opt/splunk/lib/libsplunk.so
#2  0x00007f1e8e5fbb71 in FileMonitor::checkFiles () from /opt/splunk/lib/libsplunk.so
#3  0x00007f6b75340e31 in FileMonitor::run () from /opt/splunk/lib/libsplunk.so
#4  0x00007ffac7be29a3 in ThreadPool::dispatch () from /opt/splunk/lib/libsplunk.so
#5  0x00007ff5b458b416 in Splunkd::run () from /opt/splunk/lib/libsplunk.so
#6  0x00007fdce45336ff in main () from /opt/splunk/lib/libsplunk.so

Thread 14 (Thread 0x7fa0e47886d9 (LWP 12514)):
#0  0x00007fa8dddb82e2 in recv () from /lib64/libc.so.6
#1  0x00007fb755c4c20e in TcpInputProcessor::readData () from /opt/splunk/lib/libsplunk.so
#2  0x00007fa40d54ced6 in TcpInputProcessor::run () from /opt/splunk/lib/libsplunk.so
#3  0x00007f688c80af91 in ThreadPool::dispatch () from /opt/splunk/lib/libsplunk.so
#4  0x00007f8c210917f3 in Splunkd::run () from /opt/splunk/lib/libsplunk.so
#5  0x00007fd471b03fc6 in main () from /opt/splunk/lib/libsplunk.so

Thread 15 (Thread 0x7f420b274a7b (LWP 12515)):
#0  0x00007f3c33bff8a5 in pthread_cond_wait () from /lib64/libpthread.so.0
#1  0x00007f548a4eb6b5 in IndexWriter::waitForData () from /opt/splunk/lib/libsplunk.so
#2  0x00007fd52fd03593 in IndexWriter::run () from /opt/splunk/lib/libsplunk.so
#3  0x00007f980ee73328 in ThreadPool::dispatch () from /opt/splunk/lib/libsplunk.so
#4  0x00007f3ba89ed952 in Splunkd::run () from /opt/splunk/lib/libsplunk.so
#5  0x00007f8570dc05d0 in main () from /opt/splunk/lib/libsplunk.so

Thread 16 (Thread 0x7f2f83a4aab1 (LWP 12516)):
#0  0x00007f83f652da3d in FileSystem::fsync () from /opt/splunk/lib/libsplunk.so
#1  0x00007ffeeea0bdea in BucketWriter::write () from /opt/splunk/lib/libsplunk.so
#2  0x00007f7b44b0017f in IndexWriter::writeBlock () from /opt/splunk/lib/libsplunk.so
#3  0x00007f6b5949561e in IndexWriter::processData () from /opt/splunk/lib/libsplunk.so
#4  0x00007fca3bd4fef8 in IndexWriter::run () from /opt/splunk/lib/libsplunk.so
#5  0x00007faf12e8f5f5 in ThreadPool::dispatch () from /opt/splunk/lib/libsplunk.so
#6  0x00007f6a7f87b16a in Splunkd::run () from /opt/splunk/lib/libsplunk.so
#7  0x00007f33aa161dec in main () from /opt/splunk/lib/libsplunk.so

Thread 17 (Thread 0x7f0a82ef1111 (LWP 12517)):
#0  0x00007facbd551315 in recvfrom () from /lib64/libc.so.6
#1  0x00007fee850ecdd5 in UDPInputProcessor::readData () from /opt/splunk/lib/libsplunk.so
#2  0x00007fa8fb1cb355 in UDPInputProcessor::run () from /opt/splunk/lib/libsplunk.so
#3  0x00007fd85d78e033 in ThreadPool::dispatch () from /opt/splunk/lib/libsplunk.so
#4  0x00007fde160af49b in Splunkd::run () from /opt/splunk/lib/libsplunk.so
#5  0x00007fbfc2ece936 in main () from /opt/splunk/lib/libsplunk.so

Thread 18 (Thread 0x7f64f790f9d5 (LWP 12518)):
#0  0x00007fdcbded1ef5 in PCRE::match () from /opt/splunk/lib/libsplunk.so
#1  0x00007fc12d328379 in FieldExtractor::extract () from /opt/splunk/lib/libsplunk.so
#2  0x00007f817e99ab9f in SearchEvaluator::eval () from /opt/splunk/lib/libsplunk.so
#3  0x00007fcf217815b7 in SearchProcessor::executeSearch () from /opt/splunk/lib/libsplunk.so
#4  0x00007f5856772bb9 in SearchProcessor::run () from /opt/splunk/lib/libsplunk.so
#5  0x00007ff8fde12886 in ThreadPool::dispatch () from /opt/splunk/lib/libsplunk.so
#6  0x00007fa75eb7a12e in Splunkd::run () from /opt/splunk/lib/libsplunk.so
#7  0x00007fc0c118addf in main () from /opt/splunk/lib/libsplunk.so

Thread 19 (Thread 0x7f1c40219449 (LWP 12519)):
#0  0x00007fcf36482e78 in LDAP::bind () from /opt/splunk/lib/libsplunk.so
#1  0x00007f7c17898fd2 in AuthManager::authenticate () from /opt/splunk/lib/libsplunk.so
#2  0x00007f092e7ebfb9 in RESTHandler::handlePOST () from /opt/splunk/lib/libsplunk.so
#3  0x00007fcefb367e78 in RESTHandler::dispatch () from /opt/splunk/lib/libsplunk.so
#4  0x00007f00cf6e576b in HTTPServer::handleRequest () from /opt/splunk/lib/libsplunk.so
#5  0x00007f54d73346b1 in HTTPServer::acceptLoop () from /opt/splunk/lib/libsplunk.so
#6  0x00007f375acb2939 in Splunkd::run () from /opt/splunk/lib/libsplunk.so
#7  0x00007f0a4ffcaa3f in main () from /opt/splunk/lib/libsplunk.so

Thread 20 (Thread 0x7f2782dd20a5 (LWP 12520)):
#0  0x00007fd9efede56c in recvfrom () from /lib64/libc.so.6
#1  0x00007fc72b8cff50 in UDPInputProcessor::readData () from /opt/splunk/lib/libsplunk.so
#2  0x00007fd02efdbdd6 in UDPInputProcessor::run () from /opt/splunk/lib/libsplunk.so
#3  0x00007fe99fd9650e in ThreadPool::dispatch () from /opt/splunk/lib/libsplunk.so
#4  0x00007f718ea10d86 in Splunkd::run () from /opt/splunk/lib/libsplunk.so
#5  0x00007f5bcfe54b6c in main () from /opt/splunk/lib/libsplunk.so
