Thread 1 (Thread 0x7f46cf561fd0 (LWP 15401)):
#0  0x00007f8d2227ddd6 in SAML::validateToken () from /opt/splunk/lib/libsplunk.so
#1  0x00007fada3586bf1 in AuthManager::authenticate () from /opt/splunk/lib/libsplunk.so
#2  0x00007f0dd2d0213a in RESTHandler::handlePOST () from /opt/splunk/lib/libsplunk.so
#3  0x00007f9720d3224f in RESTHandler::dispatch () from /opt/splunk/lib/libsplunk.so
#4  0x00007fe56f39a726 in HTTPServer::handleRequest () from /opt/splunk/lib/libsplunk.so
#5  0x00007ff8b7ad9bdd in HTTPServer::acceptLoop () from /opt/splunk/lib/libsplunk.so
#6  0x00007f74e1434f5d in Splunkd::run () from /opt/splunk/lib/libsplunk.so
#7  0x00007f7cf8da7ab1 in main () from /opt/splunk/lib/libsplunk.so

Thread 2 (Thread 0x7fc3fb866b2a (LWP 15402)):
#0  0x00007f5eab7a69eb in RegexMatcher::match () from /opt/splunk/lib/libsplunk.so
#1  0x00007fa12586b9e7 in LineBreaker::split () from /opt/splunk/lib/libsplunk.so
#2  0x00007f190a37104e in IndexWriter::processData () from /opt/splunk/lib/libsplunk.so
#3  0x00007f5f2f71de61 in IndexWriter::run () from /opt/splunk/lib/libsplunk.so
#4  0x00007f89d8a99cc0 in ThreadPool::dispatch () from /opt/splunk/lib/libsplunk.so
#5  0x00007ffd83943e2e in Splunkd::run () from /opt/splunk/lib/libsplunk.so
#6  0x00007f0dbcc68b5d in main () from /opt/splunk/lib/libsplunk.so

Thread 3 (Thread 0x7f9996077303 (LWP 15403)):
#0  0x00007f6c75f32fa3 in HashTable::insert () from /opt/splunk/lib/libsplunk.so
#1  0x00007fa7077d8d1e in StatsProcessor::aggregate () from /opt/splunk/lib/libsplunk.so
#2  0x00007f8e93cf7ffc in SearchEvaluator::eval () from /opt/splunk/lib/libsplunk.so
#3  0x00007fa5fc8a6cb8 in SearchProcessor::executeSearch () from /opt/splunk/lib/libsplunk.so
#4  0x00007f4a59b5f834 in SearchProcessor::run () from /opt/splunk/lib/libsplunk.so
#5  0x00007f21c418dce3 in ThreadPool::dispatch () from /opt/splunk/lib/libsplunk.so
#6  0x00007f7749f8c078 in Splunkd::run () from /opt/splunk/lib/libsplunk.so
#7  0x00007ff8a76dd7cd in main () from /opt/splunk/lib/libsplunk.so

Thread 4 (Thread 0x7fe4df349046 (LWP 15404)):
#0  0x00007fc719b6c4fc in JSONSerializer::serialize () from /opt/splunk/lib/libsplunk.so
#1  0x00007f4b164a0c6f in RESTHandler::handleGET () from /opt/splunk/lib/libsplunk.so
#2  0x00007ffb8f8ddb39 in RESTHandler::dispatch () from /opt/splunk/lib/libsplunk.so
#3  0x00007f2797169c3f in HTTPServer::handleRequest () from /opt/splunk/lib/libsplunk.so
#4  0x00007f54731883f4 in HTTPServer::acceptLoop () from /opt/splunk/lib/libsplunk.so
#5  0x00007fabb2db49bb in Splunkd::run () from /opt/splunk/lib/libsplunk.so
#6  0x00007fb4caafa8ba in main () from /opt/splunk/lib/libsplunk.so

Thread 5 (Thread 0x7ffd209d7b08 (LWP 15405)):
#0  0x00007fd337681cd6 in PCRE::match () from /opt/splunk/lib/libsplunk.so
#1  0x00007ff689a32faf in FieldExtractor::extract () from /opt/splunk/lib/libsplunk.so
#2  0x00007f541a37eabd in SearchEvaluator::eval () from /opt/splunk/lib/libsplunk.so
#3  0x00007fd528133813 in SearchProcessor::executeSearch () from /opt/splunk/lib/libsplunk.so
#4  0x00007f6342b7c242 in SearchProcessor::run () from /opt/splunk/lib/libsplunk.so
#5  0x00007f35b27c8512 in ThreadPool::dispatch () from /opt/splunk/lib/libsplunk.so
#6  0x00007f928bba25ea in Splunkd::run () from /opt/splunk/lib/libsplunk.so
#7  0x00007f9a4bcadbd8 in main () from /opt/splunk/lib/libsplunk.so

Thread 6 (Thread 0x7f6253b343e6 (LWP 15406)):
#0  0x00007f46bc2b9f8b in pthread_cond_timedwait () from /lib64/libpthread.so.0
#1  0x00007f439bbfccb6 in ReplicationManager::waitForAck () from /opt/splunk/lib/libsplunk.so
#2  0x00007f5216e8325e in ClusterMaster::run () from /opt/splunk/lib/libsplunk.so
#3  0x00007f395c1ecde0 in ThreadPool::dispatch () from /opt/splunk/lib/libsplunk.so
#4  0x00007f6ff4175d51 in Splunkd::run () from /opt/splunk/lib/libsplunk.so
#5  0x00007f56491b05c1 in main () from /opt/splunk/lib/libsplunk.so

Thread 7 (Thread 0x7f0456f55ccb (LWP 15407)):
#0  0x00007fcd055df225 in pthread_cond_timedwait () from /lib64/libpthread.so.0
#1  0x00007faac8a1fb01 in Scheduler::waitForNextJob () from /opt/splunk/lib/libsplunk.so
#2  0x00007f0b95a4254a in Scheduler::run () from /opt/splunk/lib/libsplunk.so
#3  0x00007fdd886fdc7d in Splunkd::run () from /opt/splunk/lib/libsplunk.so
#4  0x00007f17e8f28d9b in main () from /opt/splunk/lib/libsplunk.so

Thread 8 (Thread 0x7f3ee396f55a (LWP 15408)):
#0  0x00007f335c9823a4 in epoll_wait () from /lib64/libc.so.6
#1  0x00007fdd7d49cbd4 in HTTPServer::acceptLoop () from /opt/splunk/lib/libsplunk.so
#2  0x00007f86ccf618c4 in Splunkd::run () from /opt/splunk/lib/libsplunk.so
#3  0x00007f47197da89a in main () from /opt/splunk/lib/libsplunk.so

Thread 9 (Thread 0x7fc945ff8267 (LWP 15409)):
#0  0x00007f46244b2a57 in zlib::compress () from /opt/splunk/lib/libsplunk.so
#1  0x00007f27ff344589 in BucketWriter::write () from /opt/splunk/lib/libsplunk.so
#2  0x00007f17bafb9b78 in IndexWriter::writeBlock () from /opt/splunk/lib/libsplunk.so
#3  0x00007f41b06d9853 in IndexWriter::processData () from /opt/splunk/lib/libsplunk.so
#4  0x00007ff2eb54a57e in IndexWriter::run () from /opt/splunk/lib/libsplunk.so
#5  0x00007f3baaf1465b in ThreadPool::dispatch () from /opt/splunk/lib/libsplunk.so
#6  0x00007f4411cba4ae in Splunkd::run () from /opt/splunk/lib/libsplunk.so
#7  0x00007f9becd37afe in main () from /opt/splunk/lib/libsplunk.so

Thread 10 (Thread 0x7f5449f86b10 (LWP 15410)):
#0  0x00007fe3dec08ffa in PCRE::match () from /opt/splunk/lib/libsplunk.so
#1  0x00007f472e56f3d3 in FieldExtractor::extract () from /opt/splunk/lib/libsplunk.so
#2  0x00007f76eb1e639f in SearchEvaluator::eval () from /opt/splunk/lib/libsplunk.so
#3  0x00007f829996816e in SearchProcessor::executeSearch () from /opt/splunk/lib/libsplunk.so
#4  0x00007f23150df7d8 in SearchProcessor::run () from /opt/splunk/lib/libsplunk.so
#5  0x00007f2857b0c9f9 in ThreadPool::dispatch () from /opt/splunk/lib/libsplunk.so
#6  0x00007febd9d826b9 in Splunkd::run () from /opt/splunk/lib/libsplunk.so
#7  0x00007fbb99288d50 in main () from /opt/splunk/lib/libsplunk.so

Thread 11 (Thread 0x7f783a175ee2 (LWP 15411)):
#0  0x00007fdfcafa4cb6 in pthread_cond_timedwait () from /lib64/libpthread.so.0
#1  0x00007ff42ea85c42 in ReplicationManager::waitForAck () from /opt/splunk/lib/libsplunk.so
#2  0x00007fa7d48ad9bb in ClusterMaster::run () from /opt/splunk/lib/libsplunk.so
#3  0x00007f4b97e95cf8 in ThreadPool::dispatch () from /opt/splunk/lib/libsplunk.so
#4  0x00007fb37657bc99 in Splunkd::run () from /opt/splunk/lib/libsplunk.so
#5  0x00007f4aa17f1704 in main () from /opt/splunk/lib/libsplunk.so

Thread 12 (Thread 0x7f1356895a5e (LWP 15412)):
#0  0x00007f036c3a430d in FileSystem::copy () from /opt/splunk/lib/libsplunk.so
#1  0x00007f86481eff84 in BucketSync::syncBucket () from /opt/splunk/lib/libsplunk.so
#2  0x00007f9df4f60017 in ReplicationManager::replicate () from /opt/splunk/lib/libsplunk.so
#3  0x00007fb2d859a61f in ClusterMaster::run () from /opt/splunk/lib/libsplunk.so
#4  0x00007f0ac6f61421 in ThreadPool::dispatch () from /opt/splunk/lib/libsplunk.so
#5  0x00007f0ac6ef10c9 in Splunkd::run () from /opt/splunk/lib/libsplunk.so
#6  0x00007f18ab45b04c in main () from /opt/splunk/lib/libsplunk.so

Thread 13 (Thread 0x7f16b7ad8d67 (LWP 15413)):
#0  0x00007f3ede4aa925 in HashTable::insert () from /opt/splunk/lib/libsplunk.so
#1  0x00007f75c595afd6 in StatsProcessor::aggregate () from /opt/splunk/lib/libsplunk.so
#2  0x00007ff1c6ff20e9 in SearchEvaluator::eval () from /opt/splunk/lib/libsplunk.so
#3  0x00007f280858e4e5 in SearchProcessor::executeSearch () from /opt/splunk/lib/libsplunk.so
#4  0x00007f1f5f8625ad in SearchProcessor::run () from /opt/splunk/lib/libsplunk.so
#5  0x00007f06f0f50d4c in ThreadPool::dispatch () from /opt/splunk/lib/libsplunk.so
#6  0x00007f70fe315e10 in Splunkd::run () from /opt/splunk/lib/libsplunk.so
#7  0x00007f780039d26b in main () from /opt/splunk/lib/libsplunk.so

Thread 14 (Thread 0x7fa3beb203c8 (LWP 15414)):
#0  0x00007f0a24d82eb1 in FileSystem::copy () from /opt/splunk/lib/libsplunk.so
#1  0x00007f81f598e47b in BucketSync::syncBucket () from /opt/splunk/lib/libsplunk.so
#2  0x00007fcbc880d28b in ReplicationManager::replicate () from /opt/splunk/lib/libsplunk.so
#3  0x00007f9cf77531be in ClusterMaster::run () from /opt/splunk/lib/libsplunk.so
#4  0x00007f5299265972 in ThreadPool::dispatch () from /opt/splunk/lib/libsplunk.so
#5  0x00007fb80eef4e78 in Splunkd::run () from /opt/splunk/lib/libsplunk.so
#6  0x00007f1e49af742c in main () from /opt/splunk/lib/libsplunk.so

Thread 15 (Thread 0x7f3fe15d8f98 (LWP 15415)):
#0  0x00007f3303c03419 in OpenSSL::SSL_read () from /opt/splunk/lib/libsplunk.so
#1  0x00007fd0e1b9596d in SSLEngine::read () from /opt/splunk/lib/libsplunk.so
#2  0x00007f019d253874 in HTTPServer::handleRequest () from /opt/splunk/lib/libsplunk.so
#3  0x00007f3d3473307d in HTTPServer::acceptLoop () from /opt/splunk/lib/libsplunk.so
#4  0x00007f7c45a13c6b in Splunkd::run () from /opt/splunk/lib/libsplunk.so
#5  0x00007fcdb981b687 in main () from /opt/splunk/lib/libsplunk.so

Thread 16 (Thread 0x7fbb60c793d5 (LWP 15416)):
#0  0x00007f01b9795860 in DateParser::parse () from /opt/splunk/lib/libsplunk.so
#1  0x00007f75d56e4ed6 in TimestampExtractor::extract () from /opt/splunk/lib/libsplunk.so
#2  0x00007fadea959010 in IndexWriter::processData () from /opt/splunk/lib/libsplunk.so
#3  0x00007f0365fb93a2 in IndexWriter::run () from /opt/splunk/lib/libsplunk.so
#4  0x00007f8acfa32c6c in ThreadPool::dispatch () from /opt/splunk/lib/libsplunk.so
#5  0x00007f657cf1a607 in Splunkd::run () from /opt/splunk/lib/libsplunk.so
#6  0x00007f5c6a3a4535 in main () from /opt/splunk/lib/libsplunk.so

Thread 17 (Thread 0x7fcd580d7575 (LWP 15417)):
#0  0x00007fdb3b9bf9b7 in pthread_cond_wait () from /lib64/libpthread.so.0
#1  0x00007f943650864b in SearchProcessor::waitForWork () from /opt/splunk/lib/libsplunk.so
#2  0x00007f25fe47225b in SearchProcessor::run () from /opt/splunk/lib/libsplunk.so
#3  0x00007f5970266f7c in ThreadPool::dispatch () from /opt/splunk/lib/libsplunk.so
#4  0x00007f3574d470ba in Splunkd::run () from /opt/splunk/lib/libsplunk.so
#5  0x00007f39d64b5c56 in main () from /opt/splunk/lib/libsplunk.so

Thread 18 (Thread 0x7fcf9ff434cb (LWP 15418)):
#0  0x00007f5e3328d41d in pthread_cond_wait () from /lib64/libpthread.so.0
#1  0x00007f71ffaea184 in SearchProcessor::waitForWork () from /opt/splunk/lib/libsplunk.so
#2  0x00007fa1c0944823 in SearchProcessor::run () from /opt/splunk/lib/libsplunk.so
#3  0x00007f4a826d690e in ThreadPool::dispatch () from /opt/splunk/lib/libsplunk.so
#4  0x00007f903950e097 in Splunkd::run () from /opt/splunk/lib/libsplunk.so
#5  0x00007f8198344b1f in main () from /opt/splunk/lib/libsplunk.so

Thread 19 (Thread 0x7f073a5a4a84 (LWP 15419)):
#0  0x00007ff72f5178c5 in RegexMatcher::match () from /opt/splunk/lib/libsplunk.so
#1  0x00007f0d97027afd in LineBreaker::split () from /opt/splunk/lib/libsplunk.so
#2  0x00007f84800f86a0 in IndexWriter::processData () from /opt/splunk/lib/libsplunk.so
#3  0x00007feeb90b620a in IndexWriter::run () from /opt/splunk/lib/libsplunk.so
#4  0x00007f64248e9f52 in ThreadPool::dispatch () from /opt/splunk/lib/libsplunk.so
#5  0x00007f4af99988b8 in Splunkd::run () from /opt/splunk/lib/libsplunk.so
#6  0x00007fe1ea35130c in main () from /opt/splunk/lib/libsplunk.so
