Thread 1 (Thread 0x7f34c520eba5 (LWP 15601)):
#0  0x00007f72d73da601 in pthread_cond_timedwait () from /lib64/libpthread.so.0
#1  0x00007f81bc64f4b9 in ReplicationManager::waitForAck () from /opt/splunk/lib/libsplunk.so
#2  0x00007f5f8fd08990 in ClusterMaster::run () from /opt/splunk/lib/libsplunk.so
#3  0x00007f940a9c578a in ThreadPool::dispatch () from /opt/splunk/lib/libsplunk.so
#4  0x00007fe8bcb6376a in Splunkd::run () from /opt/splunk/lib/libsplunk.so
#5  0x00007ff9828b9a60 in main () from /opt/splunk/lib/libsplunk.so

Thread 2 (Thread 0x7f6f08196bf8 (LWP 15602)):
#0  0x00007f9b43c663cb in JSONSerializer::serialize () from /opt/splunk/lib/libsplunk.so
#1  0x00007f70be9b37e5 in RESTHandler::handleGET () from /opt/splunk/lib/libsplunk.so
#2  0x00007f0570852e9d in RESTHandler::dispatch () from /opt/splunk/lib/libsplunk.so
#3  0x00007f93c418d5a2 in HTTPServer::handleRequest () from /opt/splunk/lib/libsplunk.so
#4  0x00007f93a30c7cae in HTTPServer::acceptLoop () from /opt/splunk/lib/libsplunk.so
#5  0x00007fd25553a8f5 in Splunkd::run () from /opt/splunk/lib/libsplunk.so
#6  0x00007f34e4002b53 in main () from /opt/splunk/lib/libsplunk.so

Thread 3 (Thread 0x7f51110beff0 (LWP 15603)):
#0  0x00007fc5d47e6bac in RegexMatcher::match () from /opt/splunk/lib/libsplunk.so
#1  0x00007ff034387ce4 in LineBreaker::split () from /opt/splunk/lib/libsplunk.so
#2  0x00007f67a3994031 in IndexWriter::processData () from /opt/splunk/lib/libsplunk.so
#3  0x00007f0c1c6fa647 in IndexWriter::run () from /opt/splunk/lib/libsplunk.so
#4  0x00007f46bc763d0b in ThreadPool::dispatch () from /opt/splunk/lib/libsplunk.so
#5  0x00007fb9e63cd442 in Splunkd::run () from /opt/splunk/lib/libsplunk.so
#6  0x00007fc198b51788 in main () from /opt/splunk/lib/libsplunk.so

Thread 4 (Thread 0x7fabe08776ab (LWP 15604)):
#0  0x00007fc89b430b74 in malloc () from /lib64/libc.so.6
#1  0x00007f46a409edbc in SearchProcessor::createSearch () from /opt/splunk/lib/libsplunk.so
#2  0x00007f0116cd408d in Scheduler::dispatchJob () from /opt/splunk/lib/libsplunk.so
#3  0x00007f190f58a8a9 in Scheduler::run () from /opt/splunk/lib/libsplunk.so
#4  0x00007f5e14199865 in Splunkd::run () from /opt/splunk/lib/libsplunk.so
#5  0x00007f6ca049e7d5 in main () from /opt/splunk/lib/libsplunk.so

Thread 5 (Thread 0x7f7eafd00c0c (LWP 15605)):
#0  0x00007f040093f54b in zlib::compress () from /opt/splunk/lib/libsplunk.so
#1  0x00007fc2598a7a50 in BucketWriter::write () from /opt/splunk/lib/libsplunk.so
#2  0x00007f921fd3e9a9 in IndexWriter::writeBlock () from /opt/splunk/lib/libsplunk.so
#3  0x00007fcac3bd1470 in IndexWriter::processData () from /opt/splunk/lib/libsplunk.so
#4  0x00007f287efbb713 in IndexWriter::run () from /opt/splunk/lib/libsplunk.so
#5  0x00007fbf6cf775d2 in ThreadPool::dispatch () from /opt/splunk/lib/libsplunk.so
#6  0x00007f696164f697 in Splunkd::run () from /opt/splunk/lib/libsplunk.so
#7  0x00007f92aef661c8 in main () from /opt/splunk/lib/libsplunk.so

Thread 6 (Thread 0x7f616e1030a8 (LWP 15606)):
#0  0x00007f56be503126 in pthread_cond_wait () from /lib64/libpthread.so.0
#1  0x00007fe1fe2457a2 in SearchProcessor::waitForWork () from /opt/splunk/lib/libsplunk.so
#2  0x00007f4d9142779c in SearchProcessor::run () from /opt/splunk/lib/libsplunk.so
#3  0x00007f1660250798 in ThreadPool::dispatch () from /opt/splunk/lib/libsplunk.so
#4  0x00007f1187effe09 in Splunkd::run () from /opt/splunk/lib/libsplunk.so
#5  0x00007fa65cb0cc1c in main () from /opt/splunk/lib/libsplunk.so

Thread 7 (Thread 0x7ff794aaadb7 (LWP 15607)):
#0  0x00007f6109a06735 in zlib::compress () from /opt/splunk/lib/libsplunk.so
#1  0x00007f4ba720d90a in BucketWriter::write () from /opt/splunk/lib/libsplunk.so
#2  0x00007f45d3b0d0f2 in IndexWriter::writeBlock () from /opt/splunk/lib/libsplunk.so
#3  0x00007fefa5834588 in IndexWriter::processData () from /opt/splunk/lib/libsplunk.so
#4  0x00007f76d1d50b3c in IndexWriter::run () from /opt/splunk/lib/libsplunk.so
#5  0x00007ff3d589c643 in ThreadPool::dispatch () from /opt/splunk/lib/libsplunk.so
#6  0x00007f5a47b035a4 in Splunkd::run () from /opt/splunk/lib/libsplunk.so
#7  0x00007f2c41fdfa83 in main () from /opt/splunk/lib/libsplunk.so

Thread 8 (Thread 0x7f2aefdcecbe (LWP 15608)):
#0  0x00007f7dff32d1a8 in DateParser::parse () from /opt/splunk/lib/libsplunk.so
#1  0x00007f01f668a621 in TimestampExtractor::extract () from /opt/splunk/lib/libsplunk.so
#2  0x00007f8ed4917cc3 in IndexWriter::processData () from /opt/splunk/lib/libsplunk.so
#3  0x00007fcfcc25c99a in IndexWriter::run () from /opt/splunk/lib/libsplunk.so
#4  0x00007f04f661255b in ThreadPool::dispatch () from /opt/splunk/lib/libsplunk.so
#5  0x00007fd7e5137152 in Splunkd::run () from /opt/splunk/lib/libsplunk.so
#6  0x00007f7701a25dde in main () from /opt/splunk/lib/libsplunk.so

Thread 9 (Thread 0x7f602e7650b1 (LWP 15609)):
#0  0x00007f58ec9c607d in pthread_cond_timedwait () from /lib64/libpthread.so.0
#1  0x00007f493d40a3f6 in Scheduler::waitForNextJob () from /opt/splunk/lib/libsplunk.so
#2  0x00007fee1ec3c560 in Scheduler::run () from /opt/splunk/lib/libsplunk.so
#3  0x00007f8d3287a88c in Splunkd::run () from /opt/splunk/lib/libsplunk.so
#4  0x00007f6d202614b1 in main () from /opt/splunk/lib/libsplunk.so

Thread 10 (Thread 0x7fb4b2422d58 (LWP 15610)):
#0  0x00007f37b9052a72 in poll () from /lib64/libc.so.6
#1  0x00007f5aff0d7acb in TCPClient::connect () from /opt/splunk/lib/libsplunk.so
#2  0x00007f3d30d2b67a in ReplicationManager::checkHealth () from /opt/splunk/lib/libsplunk.so
#3  0x00007f0772245e4b in ClusterMaster::run () from /opt/splunk/lib/libsplunk.so
#4  0x00007f3aafcd9f79 in ThreadPool::dispatch () from /opt/splunk/lib/libsplunk.so
#5  0x00007fc796b83bd8 in Splunkd::run () from /opt/splunk/lib/libsplunk.so
#6  0x00007fff644a0b7c in main () from /opt/splunk/lib/libsplunk.so
