Thread 1 (Thread 0x7f6294537c6e (LWP 11901)):
#0  0x00007fe2cd172b3e in epoll_wait () from /lib64/libc.so.6
#1  0x00007f2ff6408cc7 in HTTPServer::acceptLoop () from /opt/splunk/lib/libsplunk.so
#2  0x00007f8d19d89dde in Splunkd::run () from /opt/splunk/lib/libsplunk.so
#3  0x00007f1552dbc6c1 in main () from /opt/splunk/lib/libsplunk.so

Thread 2 (Thread 0x7f0d34412588 (LWP 11902)):
#0  0x00007ff4ae7beddb in std::__introsort_loop () from /opt/splunk/lib/libsplunk.so
#1  0x00007fe1b8583e4d in std::sort () from /opt/splunk/lib/libsplunk.so
#2  0x00007fc7c2e7c0ca in SortProcessor::sort () from /opt/splunk/lib/libsplunk.so
#3  0x00007fa11a8a6357 in SearchEvaluator::eval () from /opt/splunk/lib/libsplunk.so
#4  0x00007f388009ba09 in SearchProcessor::executeSearch () from /opt/splunk/lib/libsplunk.so
#5  0x00007f9542bee90e in SearchProcessor::run () from /opt/splunk/lib/libsplunk.so
#6  0x00007f56c809288b in ThreadPool::dispatch () from /opt/splunk/lib/libsplunk.so
#7  0x00007fb53f30aa29 in Splunkd::run () from /opt/splunk/lib/libsplunk.so
#8  0x00007f6dacbcbe67 in main () from /opt/splunk/lib/libsplunk.so

Thread 3 (Thread 0x7fc654368b0f (LWP 11903)):
#0  0x00007f84e8ced1e0 in zlib::compress () from /opt/splunk/lib/libsplunk.so
#1  0x00007f762e6bac4b in BucketWriter::write () from /opt/splunk/lib/libsplunk.so
#2  0x00007f0145670c65 in IndexWriter::writeBlock () from /opt/splunk/lib/libsplunk.so
#3  0x00007fec0a04faaa in IndexWriter::processData () from /opt/splunk/lib/libsplunk.so
#4  0x00007f49a97b4643 in IndexWriter::run () from /opt/splunk/lib/libsplunk.so
#5  0x00007f1e6b801823 in ThreadPool::dispatch () from /opt/splunk/lib/libsplunk.so
#6  0x00007ffdafe42945 in Splunkd::run () from /opt/splunk/lib/libsplunk.so
#7  0x00007fe8cf9dfa12 in main () from /opt/splunk/lib/libsplunk.so

Thread 4 (Thread 0x7f6db731a95b (LWP 11904)):
#0  0x00007fbd577d5fcd in read () from /lib64/libc.so.6
#1  0x00007f84f6716bb5 in FileReader::read () from /opt/splunk/lib/libsplunk.so
#2  0x00007fb15f6d8116 in FileMonitor::checkFiles () from /opt/splunk/lib/libsplunk.so
#3  0x00007f96c9e6eb30 in FileMonitor::run () from /opt/splunk/lib/libsplunk.so
#4  0x00007f23dcf6e8ca in ThreadPool::dispatch () from /opt/splunk/lib/libsplunk.so
#5  0x00007fe0446c58e8 in Splunkd::run () from /opt/splunk/lib/libsplunk.so
#6  0x00007fb372c24da0 in main () from /opt/splunk/lib/libsplunk.so

Thread 5 (Thread 0x7ff7c6fd50a5 (LWP 11905)):
#0  0x00007f1f54fdda4b in DateParser::parse () from /opt/splunk/lib/libsplunk.so
#1  0x00007fe2483de9f2 in TimestampExtractor::extract () from /opt/splunk/lib/libsplunk.so
#2  0x00007fc300ded907 in IndexWriter::processData () from /opt/splunk/lib/libsplunk.so
#3  0x00007fe0995106de in IndexWriter::run () from /opt/splunk/lib/libsplunk.so
#4  0x00007f623a8ac37d in ThreadPool::dispatch () from /opt/splunk/lib/libsplunk.so
#5  0x00007fe615a9b312 in Splunkd::run () from /opt/splunk/lib/libsplunk.so
#6  0x00007fcdd2e1fba9 in main () from /opt/splunk/lib/libsplunk.so

Thread 6 (Thread 0x7fc8487a6a68 (LWP 11906)):
#0  0x00007f1e21e53763 in pthread_cond_timedwait () from /lib64/libpthread.so.0
#1  0x00007f68d1fee25e in ReplicationManager::waitForAck () from /opt/splunk/lib/libsplunk.so
#2  0x00007fbe53270c62 in ClusterMaster::run () from /opt/splunk/lib/libsplunk.so
#3  0x00007fe2207ec3a8 in ThreadPool::dispatch () from /opt/splunk/lib/libsplunk.so
#4  0x00007fcdd854d9a4 in Splunkd::run () from /opt/splunk/lib/libsplunk.so
#5  0x00007fc9b75f9c7a in main () from /opt/splunk/lib/libsplunk.so

Thread 7 (Thread 0x7f3d09264d26 (LWP 11907)):
#0  0x00007fa932ed3c8f in DateParser::parse () from /opt/splunk/lib/libsplunk.so
#1  0x00007feb1b1fe2d0 in TimestampExtractor::extract () from /opt/splunk/lib/libsplunk.so
#2  0x00007f8593fe53dd in IndexWriter::processData () from /opt/splunk/lib/libsplunk.so
#3  0x00007f39b64cc799 in IndexWriter::run () from /opt/splunk/lib/libsplunk.so
#4  0x00007f93ac08235b in ThreadPool::dispatch () from /opt/splunk/lib/libsplunk.so
#5  0x00007fa670184d62 in Splunkd::run () from /opt/splunk/lib/libsplunk.so
#6  0x00007f9a84c4f118 in main () from /opt/splunk/lib/libsplunk.so

Thread 8 (Thread 0x7fb20ea0387b (LWP 11908)):
#0  0x00007f4652f5d44e in poll () from /lib64/libc.so.6
#1  0x00007fc8445c7d4a in TCPClient::connect () from /opt/splunk/lib/libsplunk.so
#2  0x00007f82d1c6a78f in ReplicationManager::checkHealth () from /opt/splunk/lib/libsplunk.so
#3  0x00007f9f736b724a in ClusterMaster::run () from /opt/splunk/lib/libsplunk.so
#4  0x00007f9e1071988a in ThreadPool::dispatch () from /opt/splunk/lib/libsplunk.so
#5  0x00007f0299dfab45 in Splunkd::run () from /opt/splunk/lib/libsplunk.so
#6  0x00007f8227aca63e in main () from /opt/splunk/lib/libsplunk.so

Thread 9 (Thread 0x7feb07427030 (LWP 11909)):
#0  0x00007feb7fa92aae in epoll_wait () from /lib64/libc.so.6
#1  0x00007f6b1cfb781c in HTTPServer::acceptLoop () from /opt/splunk/lib/libsplunk.so
#2  0x00007f8c7f84803e in Splunkd::run () from /opt/splunk/lib/libsplunk.so
#3  0x00007fb705fe8bd6 in main () from /opt/splunk/lib/libsplunk.so

Thread 10 (Thread 0x7f1b58ea1892 (LWP 11910)):
#0  0x00007f6bb3c41785 in SAML::validateToken () from /opt/splunk/lib/libsplunk.so
#1  0x00007f1f2ad68abf in AuthManager::authenticate () from /opt/splunk/lib/libsplunk.so
#2  0x00007f1165e67004 in RESTHandler::handlePOST () from /opt/splunk/lib/libsplunk.so
#3  0x00007f5c6a8df205 in RESTHandler::dispatch () from /opt/splunk/lib/libsplunk.so
#4  0x00007f5ce51ab399 in HTTPServer::handleRequest () from /opt/splunk/lib/libsplunk.so
#5  0x00007f209fa1c19f in HTTPServer::acceptLoop () from /opt/splunk/lib/libsplunk.so
#6  0x00007fd9fbe51600 in Splunkd::run () from /opt/splunk/lib/libsplunk.so
#7  0x00007f193f3c87fd in main () from /opt/splunk/lib/libsplunk.so

Thread 11 (Thread 0x7f26d929be22 (LWP 11911)):
#0  0x00007f787cc39c5b in FileSystem::unlink () from /opt/splunk/lib/libsplunk.so
#1  0x00007fce97ea6626 in BucketManager::evictBucket () from /opt/splunk/lib/libsplunk.so
#2  0x00007f1acbce39b4 in MemoryManager::garbageCollect () from /opt/splunk/lib/libsplunk.so
#3  0x00007f328c3fc65f in MemoryManager::run () from /opt/splunk/lib/libsplunk.so
#4  0x00007fe0c32c1561 in Splunkd::run () from /opt/splunk/lib/libsplunk.so
#5  0x00007f65586604e4 in main () from /opt/splunk/lib/libsplunk.so

Thread 12 (Thread 0x7ff482add006 (LWP 11912)):
#0  0x00007f09c5c9b88c in PCRE::match () from /opt/splunk/lib/libsplunk.so
#1  0x00007f7fce5b0995 in FieldExtractor::extract () from /opt/splunk/lib/libsplunk.so
#2  0x00007fddec5af0a8 in SearchEvaluator::eval () from /opt/splunk/lib/libsplunk.so
#3  0x00007f76bc42bdd6 in SearchProcessor::executeSearch () from /opt/splunk/lib/libsplunk.so
#4  0x00007f57eff33f0a in SearchProcessor::run () from /opt/splunk/lib/libsplunk.so
#5  0x00007fdfeb518b44 in ThreadPool::dispatch () from /opt/splunk/lib/libsplunk.so
#6  0x00007fa0b6d77403 in Splunkd::run () from /opt/splunk/lib/libsplunk.so
#7  0x00007f2bc068456e in main () from /opt/splunk/lib/libsplunk.so

Thread 13 (Thread 0x7f7595c7fffd (LWP 11913)):
#0  0x00007f84e2e45321 in pthread_cond_wait () from /lib64/libpthread.so.0
#1  0x00007fca4db10c1d in IndexWriter::waitForData () from /opt/splunk/lib/libsplunk.so
#2  0x00007f1de113072d in IndexWriter::run () from /opt/splunk/lib/libsplunk.so
#3  0x00007f909c1dffb8 in ThreadPool::dispatch () from /opt/splunk/lib/libsplunk.so
#4  0x00007fb6c2ce79be in Splunkd::run () from /opt/splunk/lib/libsplunk.so
#5  0x00007f61e09d0781 in main () from /opt/splunk/lib/libsplunk.so

Thread 14 (Thread 0x7fe19ede19ad (LWP 11914)):
#0  0x00007fbdd5a7799e in JSONSerializer::serialize () from /opt/splunk/lib/libsplunk.so
#1  0x00007faa4e50ea00 in RESTHandler::handleGET () from /opt/splunk/lib/libsplunk.so
#2  0x00007f0e2e41e653 in RESTHandler::dispatch () from /opt/splunk/lib/libsplunk.so
#3  0x00007fabd605a8d8 in HTTPServer::handleRequest () from /opt/splunk/lib/libsplunk.so
#4  0x00007fa2020ab000 in HTTPServer::acceptLoop () from /opt/splunk/lib/libsplunk.so
#5  0x00007fe977fb4c14 in Splunkd::run () from /opt/splunk/lib/libsplunk.so
#6  0x00007f51290439fb in main () from /opt/splunk/lib/libsplunk.so

Thread 15 (Thread 0x7f8baf00a6e9 (LWP 11915)):
#0  0x00007fdbd9ffad4a in PCRE::match () from /opt/splunk/lib/libsplunk.so
#1  0x00007f41746411f4 in FieldExtractor::extract () from /opt/splunk/lib/libsplunk.so
#2  0x00007f95dde2574e in SearchEvaluator::eval () from /opt/splunk/lib/libsplunk.so
#3  0x00007ffc03ed3ae9 in SearchProcessor::executeSearch () from /opt/splunk/lib/libsplunk.so
#4  0x00007f36d3508473 in SearchProcessor::run () from /opt/splunk/lib/libsplunk.so
#5  0x00007fd6b3be553c in ThreadPool::dispatch () from /opt/splunk/lib/libsplunk.so
#6  0x00007f4637647260 in Splunkd::run () from /opt/splunk/lib/libsplunk.so
#7  0x00007ffdf1dc592d in main () from /opt/splunk/lib/libsplunk.so

Thread 16 (Thread 0x7f445b282f06 (LWP 11916)):
#0  0x00007ff8d873e8cd in poll () from /lib64/libc.so.6
#1  0x00007f405910c432 in TCPClient::connect () from /opt/splunk/lib/libsplunk.so
#2  0x00007fa5ad55cb22 in ReplicationManager::checkHealth () from /opt/splunk/lib/libsplunk.so
#3  0x00007fbe3a06f162 in ClusterMaster::run () from /opt/splunk/lib/libsplunk.so
#4  0x00007fc6f45fc585 in ThreadPool::dispatch () from /opt/splunk/lib/libsplunk.so
#5  0x00007f6d3272f4ec in Splunkd::run () from /opt/splunk/lib/libsplunk.so
#6  0x00007fb38fd3ab4c in main () from /opt/splunk/lib/libsplunk.so
