Thread 1 (Thread 0x7f5e53d3e0a5 (LWP 48101)):
#0  0x00007f094231e2d0 in RegexMatcher::match () from /opt/splunk/lib/libsplunk.so
#1  0x00007f76893cb23f in LineBreaker::split () from /opt/splunk/lib/libsplunk.so
#2  0x00007f8812725810 in IndexWriter::processData () from /opt/splunk/lib/libsplunk.so
#3  0x00007fcb92d18748 in IndexWriter::run () from /opt/splunk/lib/libsplunk.so
#4  0x00007f5c0df9699c in ThreadPool::dispatch () from /opt/splunk/lib/libsplunk.so
#5  0x00007f5957fb1b1b in Splunkd::run () from /opt/splunk/lib/libsplunk.so
#6  0x00007f60ae693b02 in main () from /opt/splunk/lib/libsplunk.so

Thread 2 (Thread 0x7f0825b7bf90 (LWP 48102)):
#0  0x00007f0622cedcf2 in pthread_cond_wait () from /lib64/libpthread.so.0
#1  0x00007fe8ed23f47e in SearchProcessor::waitForWork () from /opt/splunk/lib/libsplunk.so
#2  0x00007fe0c9f73bcd in SearchProcessor::run () from /opt/splunk/lib/libsplunk.so
#3  0x00007f05febca56c in ThreadPool::dispatch () from /opt/splunk/lib/libsplunk.so
#4  0x00007f62831ccc7a in Splunkd::run () from /opt/splunk/lib/libsplunk.so
#5  0x00007fac281921bc in main () from /opt/splunk/lib/libsplunk.so

Thread 3 (Thread 0x7f9290c0decb (LWP 48103)):
#0  0x00007f347d1e41dd in read () from /lib64/libc.so.6
#1  0x00007f949e777a31 in FileReader::read () from /opt/splunk/lib/libsplunk.so
#2  0x00007f7bbca65955 in FileMonitor::checkFiles () from /opt/splunk/lib/libsplunk.so
#3  0x00007f51326bae32 in FileMonitor::run () from /opt/splunk/lib/libsplunk.so
#4  0x00007f25150e8e12 in ThreadPool::dispatch () from /opt/splunk/lib/libsplunk.so
#5  0x00007f048e4c2cae in Splunkd::run () from /opt/splunk/lib/libsplunk.so
#6  0x00007f922b658f6b in main () from /opt/splunk/lib/libsplunk.so

Thread 4 (Thread 0x7f0dd61df92f (LWP 48104)):
#0  0x00007fd230a4266f in epoll_wait () from /lib64/libc.so.6
#1  0x00007fd9001ac2b4 in HTTPServer::acceptLoop () from /opt/splunk/lib/libsplunk.so
#2  0x00007f7bbcc109db in Splunkd::run () from /opt/splunk/lib/libsplunk.so
#3  0x00007fc533513309 in main () from /opt/splunk/lib/libsplunk.so

Thread 5 (Thread 0x7f570d8d145c (LWP 48105)):
#0  0x00007f2a62484090 in LexerBase::tokenize () from /opt/splunk/lib/libsplunk.so
#1  0x00007feb3fcbf5b5 in SearchParser::parse () from /opt/splunk/lib/libsplunk.so
#2  0x00007f6a84c88c80 in SearchProcessor::executeSearch () from /opt/splunk/lib/libsplunk.so
#3  0x00007f9234fb9ad3 in SearchProcessor::run () from /opt/splunk/lib/libsplunk.so
#4  0x00007f173b640cd3 in ThreadPool::dispatch () from /opt/splunk/lib/libsplunk.so
#5  0x00007f79159b30d8 in Splunkd::run () from /opt/splunk/lib/libsplunk.so
#6  0x00007f401d8a6edd in main () from /opt/splunk/lib/libsplunk.so

Thread 6 (Thread 0x7ff7d23b338c (LWP 48106)):
#0  0x00007f9256879b9d in LexerBase::tokenize () from /opt/splunk/lib/libsplunk.so
#1  0x00007f8db140d5ab in SearchParser::parse () from /opt/splunk/lib/libsplunk.so
#2  0x00007f68de314a69 in SearchProcessor::executeSearch () from /opt/splunk/lib/libsplunk.so
#3  0x00007f98db23ef3a in SearchProcessor::run () from /opt/splunk/lib/libsplunk.so
#4  0x00007fc1ee7d7b5d in ThreadPool::dispatch () from /opt/splunk/lib/libsplunk.so
#5  0x00007f2bb01f6b49 in Splunkd::run () from /opt/splunk/lib/libsplunk.so
#6  0x00007ff20091a9a8 in main () from /opt/splunk/lib/libsplunk.so

Thread 7 (Thread 0x7f7e5c5da6c0 (LWP 48107)):
#0  0x00007f7d14e6e7e4 in pthread_cond_wait () from /lib64/libpthread.so.0
#1  0x00007f0bea76b71f in SearchProcessor::waitForWork () from /opt/splunk/lib/libsplunk.so
#2  0x00007f2c84005576 in SearchProcessor::run () from /opt/splunk/lib/libsplunk.so
#3  0x00007f0b84dfc656 in ThreadPool::dispatch () from /opt/splunk/lib/libsplunk.so
#4  0x00007ff1217a586c in Splunkd::run () from /opt/splunk/lib/libsplunk.so
#5  0x00007f245492dfd9 in main () from /opt/splunk/lib/libsplunk.so

Thread 8 (Thread 0x7f21f3ee0d07 (LWP 48108)):
#0  0x00007f48b9793a22 in zlib::compress () from /opt/splunk/lib/libsplunk.so
#1  0x00007ffe1ef93b6a in BucketWriter::write () from /opt/splunk/lib/libsplunk.so
#2  0x00007fc4925eb0d8 in IndexWriter::writeBlock () from /opt/splunk/lib/libsplunk.so
#3  0x00007ffe19cd78ea in IndexWriter::processData () from /opt/splunk/lib/libsplunk.so
#4  0x00007f8bf53a32e1 in IndexWriter::run () from /opt/splunk/lib/libsplunk.so
#5  0x00007f47dfa2bfb0 in ThreadPool::dispatch () from /opt/splunk/lib/libsplunk.so
#6  0x00007fa96ce315b6 in Splunkd::run () from /opt/splunk/lib/libsplunk.so
#7  0x00007fbba87724e2 in main () from /opt/splunk/lib/libsplunk.so

Thread 9 (Thread 0x7f5211149e5a (LWP 48109)):
#0  0x00007fcf2e049a1d in pthread_cond_wait () from /lib64/libpthread.so.0
#1  0x00007ff1c2187fa6 in SearchProcessor::waitForWork () from /opt/splunk/lib/libsplunk.so
#2  0x00007f4df6afa0b3 in SearchProcessor::run () from /opt/splunk/lib/libsplunk.so
#3  0x00007fb0e72ba8b5 in ThreadPool::dispatch () from /opt/splunk/lib/libsplunk.so
#4  0x00007f3ad3002a5a in Splunkd::run () from /opt/splunk/lib/libsplunk.so
#5  0x00007fba7dd1026d in main () from /opt/splunk/lib/libsplunk.so
