Thread 1 (Thread 0x7f07a88882d5 (LWP 46901)):
#0  0x00007f7e2c3a9d27 in DateParser::parse () from /opt/splunk/lib/libsplunk.so
#1  0x00007fb6cd046b7a in TimestampExtractor::extract () from /opt/splunk/lib/libsplunk.so
#2  0x00007f041ce9556e in IndexWriter::processData () from /opt/splunk/lib/libsplunk.so
#3  0x00007f6c6cfc6691 in IndexWriter::run () from /opt/splunk/lib/libsplunk.so
#4  0x00007fdba221e614 in ThreadPool::dispatch () from /opt/splunk/lib/libsplunk.so
#5  0x00007fcde8c2df9a in Splunkd::run () from /opt/splunk/lib/libsplunk.so
#6  0x00007f49d9bdc0c5 in main () from /opt/splunk/lib/libsplunk.so

Thread 2 (Thread 0x7fe1e30f03cc (LWP 46902)):
#0  0x00007f9d6aebbca7 in recv () from /lib64/libc.so.6
#1  0x00007fc262f8142a in TcpInputProcessor::readData () from /opt/splunk/lib/libsplunk.so
#2  0x00007fff79186526 in TcpInputProcessor::run () from /opt/splunk/lib/libsplunk.so
#3  0x00007fd4bfd8e9dd in ThreadPool::dispatch () from /opt/splunk/lib/libsplunk.so
#4  0x00007fe6d7f886d1 in Splunkd::run () from /opt/splunk/lib/libsplunk.so
#5  0x00007f47d93983ac in main () from /opt/splunk/lib/libsplunk.so

Thread 3 (Thread 0x7fed92125b1b (LWP 46903)):
#0  0x00007f0b1593d25a in pthread_cond_wait () from /lib64/libpthread.so.0
#1  0x00007f6e8b6e53b9 in IndexWriter::waitForData () from /opt/splunk/lib/libsplunk.so
#2  0x00007f4affd5b9cc in IndexWriter::run () from /opt/splunk/lib/libsplunk.so
#3  0x00007f3841cf83e5 in ThreadPool::dispatch () from /opt/splunk/lib/libsplunk.so
#4  0x00007f2bb14a9306 in Splunkd::run () from /opt/splunk/lib/libsplunk.so
#5  0x00007f2275ec0eab in main () from /opt/splunk/lib/libsplunk.so

Thread 4 (Thread 0x7f9367993f47 (LWP 46904)):
#0  0x00007fce56bd9f49 in zlib::compress () from /opt/splunk/lib/libsplunk.so
#1  0x00007f867896f402 in BucketWriter::write () from /opt/splunk/lib/libsplunk.so
#2  0x00007fe3cb044a55 in IndexWriter::writeBlock () from /opt/splunk/lib/libsplunk.so
#3  0x00007fe02cf8e813 in IndexWriter::processData () from /opt/splunk/lib/libsplunk.so
#4  0x00007f4af0369835 in IndexWriter::run () from /opt/splunk/lib/libsplunk.so
#5  0x00007f4291c2329d in ThreadPool::dispatch () from /opt/splunk/lib/libsplunk.so
#6  0x00007fb1bebf403c in Splunkd::run () from /opt/splunk/lib/libsplunk.so
#7  0x00007f5de27a86ee in main () from /opt/splunk/lib/libsplunk.so

Thread 5 (Thread 0x7ff26f7a6952 (LWP 46905)):
#0  0x00007f23713a1679 in PCRE::match () from /opt/splunk/lib/libsplunk.so
#1  0x00007fa1a6fa052e in FieldExtractor::extract () from /opt/splunk/lib/libsplunk.so
#2  0x00007fa81c1647f3 in SearchEvaluator::eval () from /opt/splunk/lib/libsplunk.so
#3  0x00007f957b8d947c in SearchProcessor::executeSearch () from /opt/splunk/lib/libsplunk.so
#4  0x00007f558b411fbd in SearchProcessor::run () from /opt/splunk/lib/libsplunk.so
#5  0x00007ffa37f04c7d in ThreadPool::dispatch () from /opt/splunk/lib/libsplunk.so
#6  0x00007ff0b5ab8aa0 in Splunkd::run () from /opt/splunk/lib/libsplunk.so
#7  0x00007f0cb92ac58f in main () from /opt/splunk/lib/libsplunk.so

Thread 6 (Thread 0x7f9ad79d874b (LWP 46906)):
#0  0x00007fb8555de619 in pthread_cond_wait () from /lib64/libpthread.so.0
#1  0x00007ff20307042e in SearchProcessor::waitForWork () from /opt/splunk/lib/libsplunk.so
#2  0x00007fba3d82ce62 in SearchProcessor::run () from /opt/splunk/lib/libsplunk.so
#3  0x00007f5442842856 in ThreadPool::dispatch () from /opt/splunk/lib/libsplunk.so
#4  0x00007f615ce9f007 in Splunkd::run () from /opt/splunk/lib/libsplunk.so
#5  0x00007f7353ea1ad0 in main () from /opt/splunk/lib/libsplunk.so

Thread 7 (Thread 0x7f907a78b03d (LWP 46907)):
#0  0x00007f1c8693549e in malloc () from /lib64/libc.so.6
#1  0x00007f2a6fa3007c in BTreeWriter::insert () from /opt/splunk/lib/libsplunk.so
#2  0x00007f1418cefe53 in WiredTiger::cursor_insert () from /opt/splunk/lib/libsplunk.so
#3  0x00007f72e859d87c in MongoDB::insert () from /opt/splunk/lib/libsplunk.so
#4  0x00007fddbf124f7c in KVStoreHandler::run () from /opt/splunk/lib/libsplunk.so
#5  0x00007fd9dce9736d in ThreadPool::dispatch () from /opt/splunk/lib/libsplunk.so
#6  0x00007ffcc8d7a30c in Splunkd::run () from /opt/splunk/lib/libsplunk.so
#7  0x00007f84fabd9771 in main () from /opt/splunk/lib/libsplunk.so

Thread 8 (Thread 0x7fcda71e1197 (LWP 46908)):
#0  0x00007f2f0f339564 in SAML::validateToken () from /opt/splunk/lib/libsplunk.so
#1  0x00007f88115b4b43 in AuthManager::authenticate () from /opt/splunk/lib/libsplunk.so
#2  0x00007f08e6ffda7a in RESTHandler::handlePOST () from /opt/splunk/lib/libsplunk.so
#3  0x00007fac53f9bafe in RESTHandler::dispatch () from /opt/splunk/lib/libsplunk.so
#4  0x00007faee436b6c8 in HTTPServer::handleRequest () from /opt/splunk/lib/libsplunk.so
#5  0x00007f9864e879ce in HTTPServer::acceptLoop () from /opt/splunk/lib/libsplunk.so
#6  0x00007f8cda225919 in Splunkd::run () from /opt/splunk/lib/libsplunk.so
#7  0x00007ff48a972f43 in main () from /opt/splunk/lib/libsplunk.so

Thread 9 (Thread 0x7f5d7c798753 (LWP 46909)):
#0  0x00007fc62fb019a3 in write () from /lib64/libc.so.6
#1  0x00007f0e0e50c617 in TCPClient::send () from /opt/splunk/lib/libsplunk.so
#2  0x00007f354aae2a23 in ReplicationManager::replicate () from /opt/splunk/lib/libsplunk.so
#3  0x00007fbe9a7e8761 in ClusterMaster::run () from /opt/splunk/lib/libsplunk.so
#4  0x00007f90794680d4 in ThreadPool::dispatch () from /opt/splunk/lib/libsplunk.so
#5  0x00007f5048b1456b in Splunkd::run () from /opt/splunk/lib/libsplunk.so
#6  0x00007f986646aa14 in main () from /opt/splunk/lib/libsplunk.so

Thread 10 (Thread 0x7f3078cb5304 (LWP 46910)):
#0  0x00007febcb7ac8b1 in recv () from /lib64/libc.so.6
#1  0x00007f4b4d02fb80 in TcpInputProcessor::readData () from /opt/splunk/lib/libsplunk.so
#2  0x00007f5f56200a9c in TcpInputProcessor::run () from /opt/splunk/lib/libsplunk.so
#3  0x00007f456b029495 in ThreadPool::dispatch () from /opt/splunk/lib/libsplunk.so
#4  0x00007fc02476bbcc in Splunkd::run () from /opt/splunk/lib/libsplunk.so
#5  0x00007f66a780e3a6 in main () from /opt/splunk/lib/libsplunk.so

Thread 11 (Thread 0x7f7d22a9a74d (LWP 46911)):
#0  0x00007f72d83c7e60 in OpenSSL::SSL_read () from /opt/splunk/lib/libsplunk.so
#1  0x00007fbe0d42fd65 in SSLEngine::read () from /opt/splunk/lib/libsplunk.so
#2  0x00007fd26e645422 in HTTPServer::handleRequest () from /opt/splunk/lib/libsplunk.so
#3  0x00007fdbe58128c5 in HTTPServer::acceptLoop () from /opt/splunk/lib/libsplunk.so
#4  0x00007fd864d581e1 in Splunkd::run () from /opt/splunk/lib/libsplunk.so
#5  0x00007f5d694f0f8c in main () from /opt/splunk/lib/libsplunk.so

Thread 12 (Thread 0x7f56f4ea612a (LWP 46912)):
#0  0x00007fbd90f562ce in OpenSSL::SSL_read () from /opt/splunk/lib/libsplunk.so
#1  0x00007fbef3c213d9 in SSLEngine::read () from /opt/splunk/lib/libsplunk.so
#2  0x00007f156d93baa1 in HTTPServer::handleRequest () from /opt/splunk/lib/libsplunk.so
#3  0x00007f22f7e042fa in HTTPServer::acceptLoop () from /opt/splunk/lib/libsplunk.so
#4  0x00007f1fabd54dc9 in Splunkd::run () from /opt/splunk/lib/libsplunk.so
#5  0x00007f8ecac34de1 in main () from /opt/splunk/lib/libsplunk.so

Thread 13 (Thread 0x7f2547e9b905 (LWP 46913)):
#0  0x00007fe39a72a515 in OpenSSL::SSL_read () from /opt/splunk/lib/libsplunk.so
#1  0x00007f4bffa8b5a5 in SSLEngine::read () from /opt/splunk/lib/libsplunk.so
#2  0x00007f78be230e5a in HTTPServer::handleRequest () from /opt/splunk/lib/libsplunk.so
#3  0x00007fa02aca923f in HTTPServer::acceptLoop () from /opt/splunk/lib/libsplunk.so
#4  0x00007f35c8ff3dce in Splunkd::run () from /opt/splunk/lib/libsplunk.so
#5  0x00007ff26e07680e in main () from /opt/splunk/lib/libsplunk.so

Thread 14 (Thread 0x7f331a87a040 (LWP 46914)):
#0  0x00007f4cdc4e6b59 in pthread_cond_wait () from /lib64/libpthread.so.0
#1  0x00007f090186927c in MemoryManager::waitForThreshold () from /opt/splunk/lib/libsplunk.so
#2  0x00007f5aee5c3749 in MemoryManager::run () from /opt/splunk/lib/libsplunk.so
#3  0x00007fb88b67959e in Splunkd::run () from /opt/splunk/lib/libsplunk.so
#4  0x00007f8681cd82a2 in main () from /opt/splunk/lib/libsplunk.so

Thread 15 (Thread 0x7fcac94459e5 (LWP 46915)):
#0  0x00007fe4789974fc in HashTable::insert () from /opt/splunk/lib/libsplunk.so
#1  0x00007f87d8c52358 in StatsProcessor::aggregate () from /opt/splunk/lib/libsplunk.so
#2  0x00007fc71917cff7 in SearchEvaluator::eval () from /opt/splunk/lib/libsplunk.so
#3  0x00007f962c82a308 in SearchProcessor::executeSearch () from /opt/splunk/lib/libsplunk.so
#4  0x00007fd19d7ada0b in SearchProcessor::run () from /opt/splunk/lib/libsplunk.so
#5  0x00007f6add00efc0 in ThreadPool::dispatch () from /opt/splunk/lib/libsplunk.so
#6  0x00007f79b6395ccc in Splunkd::run () from /opt/splunk/lib/libsplunk.so
#7  0x00007f457115886f in main () from /opt/splunk/lib/libsplunk.so
