Thread 1 (Thread 0x7ffd4ee1decb (LWP 30401)):
#0  0x00007f6a9a0bc48a in PCRE::match () from /opt/splunk/lib/libsplunk.so
#1  0x00007fd9a4edee89 in FieldExtractor::extract () from /opt/splunk/lib/libsplunk.so
#2  0x00007fea514fce80 in SearchEvaluator::eval () from /opt/splunk/lib/libsplunk.so
#3  0x00007f647eb9ccf0 in SearchProcessor::executeSearch () from /opt/splunk/lib/libsplunk.so
#4  0x00007fc1ee9af715 in SearchProcessor::run () from /opt/splunk/lib/libsplunk.so
#5  0x00007f2f714a6c73 in ThreadPool::dispatch () from /opt/splunk/lib/libsplunk.so
#6  0x00007f968bdf7f5b in Splunkd::run () from /opt/splunk/lib/libsplunk.so
#7  0x00007fc8ca090871 in main () from /opt/splunk/lib/libsplunk.so

Thread 2 (Thread 0x7f0a619ad006 (LWP 30402)):
#0  0x00007f4370993b4f in LDAP::bind () from /opt/splunk/lib/libsplunk.so
#1  0x00007ff97e58fc06 in AuthManager::authenticate () from /opt/splunk/lib/libsplunk.so
#2  0x00007fb381fc5cb2 in RESTHandler::handlePOST () from /opt/splunk/lib/libsplunk.so
#3  0x00007fc18049fde9 in RESTHandler::dispatch () from /opt/splunk/lib/libsplunk.so
#4  0x00007f3896a17525 in HTTPServer::handleRequest () from /opt/splunk/lib/libsplunk.so
#5  0x00007f87e4db76d7 in HTTPServer::acceptLoop () from /opt/splunk/lib/libsplunk.so
#6  0x00007f4123415cec in Splunkd::run () from /opt/splunk/lib/libsplunk.so
#7  0x00007fd977c2683b in main () from /opt/splunk/lib/libsplunk.so

Thread 3 (Thread 0x7f3486822399 (LWP 30403)):
#0  0x00007f7b5a5dc1ff in pthread_cond_timedwait () from /lib64/libpthread.so.0
#1  0x00007febffbcd781 in Scheduler::waitForNextJob () from /opt/splunk/lib/libsplunk.so
#2  0x00007f48a13ba5b8 in Scheduler::run () from /opt/splunk/lib/libsplunk.so
#3  0x00007fdd9892947e in Splunkd::run () from /opt/splunk/lib/libsplunk.so
#4  0x00007f91985df2ef in main () from /opt/splunk/lib/libsplunk.so

Thread 4 (Thread 0x7f780bfa58de (LWP 30404)):
#0  0x00007f50151a7c62 in PCRE::match () from /opt/splunk/lib/libsplunk.so
#1  0x00007fbfee1946eb in FieldExtractor::extract () from /opt/splunk/lib/libsplunk.so
#2  0x00007facabd480fd in SearchEvaluator::eval () from /opt/splunk/lib/libsplunk.so
#3  0x00007fedb1f3733f in SearchProcessor::executeSearch () from /opt/splunk/lib/libsplunk.so
#4  0x00007fb1c5e43ab8 in SearchProcessor::run () from /opt/splunk/lib/libsplunk.so
#5  0x00007fb2ca50270b in ThreadPool::dispatch () from /opt/splunk/lib/libsplunk.so
#6  0x00007fe170a28454 in Splunkd::run () from /opt/splunk/lib/libsplunk.so
#7  0x00007f3a6ee694ac in main () from /opt/splunk/lib/libsplunk.so

Thread 5 (Thread 0x7f762de1766e (LWP 30405)):
#0  0x00007f08bd745a80 in write () from /lib64/libc.so.6
#1  0x00007f0d3515eb44 in TCPClient::send () from /opt/splunk/lib/libsplunk.so
#2  0x00007fa62fbb4349 in ReplicationManager::replicate () from /opt/splunk/lib/libsplunk.so
#3  0x00007f4588c786a5 in ClusterMaster::run () from /opt/splunk/lib/libsplunk.so
#4  0x00007fa90cf8e46d in ThreadPool::dispatch () from /opt/splunk/lib/libsplunk.so
#5  0x00007fe4ef5b882b in Splunkd::run () from /opt/splunk/lib/libsplunk.so
#6  0x00007fe67b972851 in main () from /opt/splunk/lib/libsplunk.so

Thread 6 (Thread 0x7fd5137a3bb7 (LWP 30406)):
#0  0x00007fdad24b8042 in LexerBase::tokenize () from /opt/splunk/lib/libsplunk.so
#1  0x00007fe5c0480ce3 in SearchParser::parse () from /opt/splunk/lib/libsplunk.so
#2  0x00007f6b6f5ecd5f in SearchProcessor::executeSearch () from /opt/splunk/lib/libsplunk.so
#3  0x00007f3692f0cb3b in SearchProcessor::run () from /opt/splunk/lib/libsplunk.so
#4  0x00007f3f2f26d7fb in ThreadPool::dispatch () from /opt/splunk/lib/libsplunk.so
#5  0x00007f8ed35cdb1d in Splunkd::run () from /opt/splunk/lib/libsplunk.so
#6  0x00007f870649d541 in main () from /opt/splunk/lib/libsplunk.so

Thread 7 (Thread 0x7fdd236c4c15 (LWP 30407)):
#0  0x00007f27d19a3fe4 in write () from /lib64/libc.so.6
#1  0x00007fc63b8a5ff6 in TCPClient::send () from /opt/splunk/lib/libsplunk.so
#2  0x00007f198a922127 in ReplicationManager::replicate () from /opt/splunk/lib/libsplunk.so
#3  0x00007fb906b9b6ce in ClusterMaster::run () from /opt/splunk/lib/libsplunk.so
#4  0x00007f544d775705 in ThreadPool::dispatch () from /opt/splunk/lib/libsplunk.so
#5  0x00007f09356319b1 in Splunkd::run () from /opt/splunk/lib/libsplunk.so
#6  0x00007fdbbedc4787 in main () from /opt/splunk/lib/libsplunk.so

Thread 8 (Thread 0x7f6f57e4e078 (LWP 30408)):
#0  0x00007fff607abba4 in FileSystem::copy () from /opt/splunk/lib/libsplunk.so
#1  0x00007f3efb2a0ea3 in BucketSync::syncBucket () from /opt/splunk/lib/libsplunk.so
#2  0x00007f818a486878 in ReplicationManager::replicate () from /opt/splunk/lib/libsplunk.so
#3  0x00007f5d306c7fa6 in ClusterMaster::run () from /opt/splunk/lib/libsplunk.so
#4  0x00007f9517241f17 in ThreadPool::dispatch () from /opt/splunk/lib/libsplunk.so
#5  0x00007f3de32568c7 in Splunkd::run () from /opt/splunk/lib/libsplunk.so
#6  0x00007f7e0c2d9434 in main () from /opt/splunk/lib/libsplunk.so

Thread 9 (Thread 0x7f9fd7e10453 (LWP 30409)):
#0  0x00007f70b69d1b14 in HashTable::insert () from /opt/splunk/lib/libsplunk.so
#1  0x00007f2e59defe6d in StatsProcessor::aggregate () from /opt/splunk/lib/libsplunk.so
#2  0x00007f77b974ce89 in SearchEvaluator::eval () from /opt/splunk/lib/libsplunk.so
#3  0x00007f29f55ea58e in SearchProcessor::executeSearch () from /opt/splunk/lib/libsplunk.so
#4  0x00007f2aa0ced782 in SearchProcessor::run () from /opt/splunk/lib/libsplunk.so
#5  0x00007fb9882df9d7 in ThreadPool::dispatch () from /opt/splunk/lib/libsplunk.so
#6  0x00007f93a619f60c in Splunkd::run () from /opt/splunk/lib/libsplunk.so
#7  0x00007fca659b5c22 in main () from /opt/splunk/lib/libsplunk.so

Thread 10 (Thread 0x7f3fe556c76e (LWP 30410)):
#0  0x00007f2dac9f76de in RegexMatcher::match () from /opt/splunk/lib/libsplunk.so
#1  0x00007f04708bbfce in LineBreaker::split () from /opt/splunk/lib/libsplunk.so
#2  0x00007fad7c340c33 in IndexWriter::processData () from /opt/splunk/lib/libsplunk.so
#3  0x00007f207ad97dda in IndexWriter::run () from /opt/splunk/lib/libsplunk.so
#4  0x00007fb67d32bbba in ThreadPool::dispatch () from /opt/splunk/lib/libsplunk.so
#5  0x00007f9d85ea1d6b in Splunkd::run () from /opt/splunk/lib/libsplunk.so
#6  0x00007f9c5f3ee9d0 in main () from /opt/splunk/lib/libsplunk.so

Thread 11 (Thread 0x7fdd22e5cd74 (LWP 30411)):
#0  0x00007fa76d391fb4 in FileSystem::fsync () from /opt/splunk/lib/libsplunk.so
#1  0x00007f53373726ed in BucketWriter::write () from /opt/splunk/lib/libsplunk.so
#2  0x00007fd48934c614 in IndexWriter::writeBlock () from /opt/splunk/lib/libsplunk.so
#3  0x00007f92ec23a3c4 in IndexWriter::processData () from /opt/splunk/lib/libsplunk.so
#4  0x00007f3db45b5de3 in IndexWriter::run () from /opt/splunk/lib/libsplunk.so
#5  0x00007f5de4297ad3 in ThreadPool::dispatch () from /opt/splunk/lib/libsplunk.so
#6  0x00007fc68371b6bb in Splunkd::run () from /opt/splunk/lib/libsplunk.so
#7  0x00007f4a072025b6 in main () from /opt/splunk/lib/libsplunk.so

Thread 12 (Thread 0x7f07e8bce04e (LWP 30412)):
#0  0x00007fbca07be73c in RegexMatcher::match () from /opt/splunk/lib/libsplunk.so
#1  0x00007f219516bce0 in LineBreaker::split () from /opt/splunk/lib/libsplunk.so
#2  0x00007f96f4ac8c5a in IndexWriter::processData () from /opt/splunk/lib/libsplunk.so
#3  0x00007fa37e072cad in IndexWriter::run () from /opt/splunk/lib/libsplunk.so
#4  0x00007fd53f0a3934 in ThreadPool::dispatch () from /opt/splunk/lib/libsplunk.so
#5  0x00007f8591aabac2 in Splunkd::run () from /opt/splunk/lib/libsplunk.so
#6  0x00007f147217a710 in main () from /opt/splunk/lib/libsplunk.so
