Thread 1 (Thread 0x7fc04d2d0adc (LWP 38301)):
#0  0x00007f1a40e4056d in read () from /lib64/libc.so.6
#1  0x00007fb9bbec910b in OpenSSL::SSL_read () from /opt/splunk/lib/libsplunk.so
#2  0x00007f43ff2f8515 in SSLEngine::read () from /opt/splunk/lib/libsplunk.so
#3  0x00007f09526e5f82 in TcpInputProcessor::readData () from /opt/splunk/lib/libsplunk.so
#4  0x00007f24c613db3d in TcpInputProcessor::run () from /opt/splunk/lib/libsplunk.so
#5  0x00007f67d04579c9 in ThreadPool::dispatch () from /opt/splunk/lib/libsplunk.so
#6  0x00007f65f5fac1c3 in Splunkd::run () from /opt/splunk/lib/libsplunk.so
#7  0x00007f1a35e29fd5 in main () from /opt/splunk/lib/libsplunk.so

Thread 2 (Thread 0x7fb9fb771400 (LWP 38302)):
#0  0x00007f1fa3f86b3f in PCRE::match () from /opt/splunk/lib/libsplunk.so
#1  0x00007f468752752f in FieldExtractor::extract () from /opt/splunk/lib/libsplunk.so
#2  0x00007f5ba265a890 in SearchEvaluator::eval () from /opt/splunk/lib/libsplunk.so
#3  0x00007f0ba957270b in SearchProcessor::executeSearch () from /opt/splunk/lib/libsplunk.so
#4  0x00007f7d147a5b5b in SearchProcessor::run () from /opt/splunk/lib/libsplunk.so
#5  0x00007fdcee0b325f in ThreadPool::dispatch () from /opt/splunk/lib/libsplunk.so
#6  0x00007f801453ef4f in Splunkd::run () from /opt/splunk/lib/libsplunk.so
#7  0x00007fe000ffe0fe in main () from /opt/splunk/lib/libsplunk.so

Thread 3 (Thread 0x7f643a4ff324 (LWP 38303)):
#0  0x00007f66519f4702 in std::__introsort_loop () from /opt/splunk/lib/libsplunk.so
#1  0x00007fe53f202964 in std::sort () from /opt/splunk/lib/libsplunk.so
#2  0x00007f71778e057c in SortProcessor::sort () from /opt/splunk/lib/libsplunk.so
#3  0x00007fcac95b85fb in SearchEvaluator::eval () from /opt/splunk/lib/libsplunk.so
#4  0x00007f6ed43a6c49 in SearchProcessor::executeSearch () from /opt/splunk/lib/libsplunk.so
#5  0x00007fea44dca446 in SearchProcessor::run () from /opt/splunk/lib/libsplunk.so
#6  0x00007f5b300bd0f2 in ThreadPool::dispatch () from /opt/splunk/lib/libsplunk.so
#7  0x00007f8c29db2d9e in Splunkd::run () from /opt/splunk/lib/libsplunk.so
#8  0x00007f83ae5ce6ef in main () from /opt/splunk/lib/libsplunk.so

Thread 4 (Thread 0x7fb022c85ffe (LWP 38304)):
#0  0x00007f96805cffca in FileSystem::copy () from /opt/splunk/lib/libsplunk.so
#1  0x00007f21bb54018b in BucketSync::syncBucket () from /opt/splunk/lib/libsplunk.so
#2  0x00007f28469a125e in ReplicationManager::replicate () from /opt/splunk/lib/libsplunk.so
#3  0x00007f337fa297c7 in ClusterMaster::run () from /opt/splunk/lib/libsplunk.so
#4  0x00007f4a31466050 in ThreadPool::dispatch () from /opt/splunk/lib/libsplunk.so
#5  0x00007f5a30a9d315 in Splunkd::run () from /opt/splunk/lib/libsplunk.so
#6  0x00007fafeee0017f in main () from /opt/splunk/lib/libsplunk.so

Thread 5 (Thread 0x7fddacc17438 (LWP 38305)):
#0  0x00007f70915fc9ce in std::__introsort_loop () from /opt/splunk/lib/libsplunk.so
#1  0x00007f68c0d86f0a in std::sort () from /opt/splunk/lib/libsplunk.so
#2  0x00007ffef829a500 in SortProcessor::sort () from /opt/splunk/lib/libsplunk.so
#3  0x00007f2d53ac56bb in SearchEvaluator::eval () from /opt/splunk/lib/libsplunk.so
#4  0x00007f3b18be0655 in SearchProcessor::executeSearch () from /opt/splunk/lib/libsplunk.so
#5  0x00007fec9c0a472f in SearchProcessor::run () from /opt/splunk/lib/libsplunk.so
#6  0x00007f18728d8ed9 in ThreadPool::dispatch () from /opt/splunk/lib/libsplunk.so
#7  0x00007fa0ad10a232 in Splunkd::run () from /opt/splunk/lib/libsplunk.so
#8  0x00007f3d4b2fb5f4 in main () from /opt/splunk/lib/libsplunk.so

Thread 6 (Thread 0x7f4856cb0818 (LWP 38306)):
#0  0x00007f592c23dc67 in FileSystem::fsync () from /opt/splunk/lib/libsplunk.so
#1  0x00007f39890803d3 in BucketWriter::write () from /opt/splunk/lib/libsplunk.so
#2  0x00007f541f0c43a1 in IndexWriter::writeBlock () from /opt/splunk/lib/libsplunk.so
#3  0x00007f27fce82f29 in IndexWriter::processData () from /opt/splunk/lib/libsplunk.so
#4  0x00007f71acf33fdc in IndexWriter::run () from /opt/splunk/lib/libsplunk.so
#5  0x00007f95a5816566 in ThreadPool::dispatch () from /opt/splunk/lib/libsplunk.so
#6  0x00007fe5d342fda1 in Splunkd::run () from /opt/splunk/lib/libsplunk.so
#7  0x00007f9ba2615434 in main () from /opt/splunk/lib/libsplunk.so

Thread 7 (Thread 0x7fb0b1ceb8c7 (LWP 38307)):
#0  0x00007fe72c9d9dd8 in recv () from /lib64/libc.so.6
#1  0x00007f32352f3b6c in TcpInputProcessor::readData () from /opt/splunk/lib/libsplunk.so
#2  0x00007f536166c78d in TcpInputProcessor::run () from /opt/splunk/lib/libsplunk.so
#3  0x00007fd240eff599 in ThreadPool::dispatch () from /opt/splunk/lib/libsplunk.so
#4  0x00007f78fea3efeb in Splunkd::run () from /opt/splunk/lib/libsplunk.so
#5  0x00007fccd251bbba in main () from /opt/splunk/lib/libsplunk.so

Thread 8 (Thread 0x7fa7e330e372 (LWP 38308)):
#0  0x00007faa1ea92b8c in FileSystem::fsync () from /opt/splunk/lib/libsplunk.so
#1  0x00007fb6fcf212ae in BucketWriter::write () from /opt/splunk/lib/libsplunk.so
#2  0x00007f4c726d114f in IndexWriter::writeBlock () from /opt/splunk/lib/libsplunk.so
#3  0x00007fe8dac79f90 in IndexWriter::processData () from /opt/splunk/lib/libsplunk.so
#4  0x00007f9bb1be9ed0 in IndexWriter::run () from /opt/splunk/lib/libsplunk.so
#5  0x00007f3c0c6d16d3 in ThreadPool::dispatch () from /opt/splunk/lib/libsplunk.so
#6  0x00007f3c27768f5e in Splunkd::run () from /opt/splunk/lib/libsplunk.so
#7  0x00007f16e317456c in main () from /opt/splunk/lib/libsplunk.so

Thread 9 (Thread 0x7fbb025a4cf6 (LWP 38309)):
#0  0x00007f91fad0aba6 in RegexMatcher::match () from /opt/splunk/lib/libsplunk.so
#1  0x00007f0ef65a4740 in LineBreaker::split () from /opt/splunk/lib/libsplunk.so
#2  0x00007fd76c8aa998 in IndexWriter::processData () from /opt/splunk/lib/libsplunk.so
#3  0x00007f5916dcb27b in IndexWriter::run () from /opt/splunk/lib/libsplunk.so
#4  0x00007f0ba2661061 in ThreadPool::dispatch () from /opt/splunk/lib/libsplunk.so
#5  0x00007f917a651e43 in Splunkd::run () from /opt/splunk/lib/libsplunk.so
#6  0x00007f1758bdab1f in main () from /opt/splunk/lib/libsplunk.so

Thread 10 (Thread 0x7ff95269bdaf (LWP 38310)):
#0  0x00007fa9ca1950ba in LexerBase::tokenize () from /opt/splunk/lib/libsplunk.so
#1  0x00007f0da21380f4 in SearchParser::parse () from /opt/splunk/lib/libsplunk.so
#2  0x00007f9034fb79da in SearchProcessor::executeSearch () from /opt/splunk/lib/libsplunk.so
#3  0x00007ff3379c54bd in SearchProcessor::run () from /opt/splunk/lib/libsplunk.so
#4  0x00007fdb526b3a6b in ThreadPool::dispatch () from /opt/splunk/lib/libsplunk.so
#5  0x00007fb235216bd7 in Splunkd::run () from /opt/splunk/lib/libsplunk.so
#6  0x00007f1259340c05 in main () from /opt/splunk/lib/libsplunk.so

Thread 11 (Thread 0x7f0658608b31 (LWP 38311)):
#0  0x00007f27620545c1 in LDAP::bind () from /opt/splunk/lib/libsplunk.so
#1  0x00007f69379e7a4f in AuthManager::authenticate () from /opt/splunk/lib/libsplunk.so
#2  0x00007f9be7b5280d in RESTHandler::handlePOST () from /opt/splunk/lib/libsplunk.so
#3  0x00007f5b1b0c79e1 in RESTHandler::dispatch () from /opt/splunk/lib/libsplunk.so
#4  0x00007fcdd793cfc7 in HTTPServer::handleRequest () from /opt/splunk/lib/libsplunk.so
#5  0x00007f4ee7d9e744 in HTTPServer::acceptLoop () from /opt/splunk/lib/libsplunk.so
#6  0x00007fd7c9d82b16 in Splunkd::run () from /opt/splunk/lib/libsplunk.so
#7  0x00007f450c4d6083 in main () from /opt/splunk/lib/libsplunk.so

Thread 12 (Thread 0x7ff50ac37d50 (LWP 38312)):
#0  0x00007f8e84cbfe5a in DateParser::parse () from /opt/splunk/lib/libsplunk.so
#1  0x00007f4ac2a261a7 in TimestampExtractor::extract () from /opt/splunk/lib/libsplunk.so
#2  0x00007fa1944569cb in IndexWriter::processData () from /opt/splunk/lib/libsplunk.so
#3  0x00007fdf259bd607 in IndexWriter::run () from /opt/splunk/lib/libsplunk.so
#4  0x00007f43c098dafa in ThreadPool::dispatch () from /opt/splunk/lib/libsplunk.so
#5  0x00007ff303b12a62 in Splunkd::run () from /opt/splunk/lib/libsplunk.so
#6  0x00007fdeaf26733d in main () from /opt/splunk/lib/libsplunk.so

Thread 13 (Thread 0x7f9966147826 (LWP 38313)):
#0  0x00007ff3c3013623 in DateParser::parse () from /opt/splunk/lib/libsplunk.so
#1  0x00007fb28b018a59 in TimestampExtractor::extract () from /opt/splunk/lib/libsplunk.so
#2  0x00007f2722529338 in IndexWriter::processData () from /opt/splunk/lib/libsplunk.so
#3  0x00007fb6876af89d in IndexWriter::run () from /opt/splunk/lib/libsplunk.so
#4  0x00007f395ef8d21b in ThreadPool::dispatch () from /opt/splunk/lib/libsplunk.so
#5  0x00007fc495846340 in Splunkd::run () from /opt/splunk/lib/libsplunk.so
#6  0x00007faaee10b7f2 in main () from /opt/splunk/lib/libsplunk.so

Thread 14 (Thread 0x7f193d4a1470 (LWP 38314)):
#0  0x00007f3a761c2f0f in JSONSerializer::serialize () from /opt/splunk/lib/libsplunk.so
#1  0x00007f991d7cd65c in RESTHandler::handleGET () from /opt/splunk/lib/libsplunk.so
#2  0x00007f69b1f3053c in RESTHandler::dispatch () from /opt/splunk/lib/libsplunk.so
#3  0x00007f0f0cf1d267 in HTTPServer::handleRequest () from /opt/splunk/lib/libsplunk.so
#4  0x00007f9abda156e1 in HTTPServer::acceptLoop () from /opt/splunk/lib/libsplunk.so
#5  0x00007fc01c23925a in Splunkd::run () from /opt/splunk/lib/libsplunk.so
#6  0x00007f84124801ad in main () from /opt/splunk/lib/libsplunk.so
