Thread 1 (Thread 0x7f322420a009 (LWP 55901)):
#0  0x00007f939a6e0673 in malloc () from /lib64/libc.so.6
#1  0x00007f0ead220c29 in BTreeWriter::insert () from /opt/splunk/lib/libsplunk.so
#2  0x00007fdaf69e06fd in WiredTiger::cursor_insert () from /opt/splunk/lib/libsplunk.so
#3  0x00007f5c2bbfb671 in MongoDB::insert () from /opt/splunk/lib/libsplunk.so
#4  0x00007f9791638c8d in KVStoreHandler::run () from /opt/splunk/lib/libsplunk.so
#5  0x00007f1b88ddaf7a in ThreadPool::dispatch () from /opt/splunk/lib/libsplunk.so
#6  0x00007f508d4d6a7c in Splunkd::run () from /opt/splunk/lib/libsplunk.so
#7  0x00007f42f413eefc in main () from /opt/splunk/lib/libsplunk.so

Thread 2 (Thread 0x7f23cd718407 (LWP 55902)):
#0  0x00007f0713170ea5 in pthread_cond_wait () from /lib64/libpthread.so.0
#1  0x00007fd5c11f4eaf in IndexWriter::waitForData () from /opt/splunk/lib/libsplunk.so
#2  0x00007fba07b47230 in IndexWriter::run () from /opt/splunk/lib/libsplunk.so
#3  0x00007f4ca760b5b8 in ThreadPool::dispatch () from /opt/splunk/lib/libsplunk.so
#4  0x00007f9212098982 in Splunkd::run () from /opt/splunk/lib/libsplunk.so
#5  0x00007fd2b00533c8 in main () from /opt/splunk/lib/libsplunk.so

Thread 3 (Thread 0x7f1a06f239ec (LWP 55903)):
#0  0x00007ff7c9a59fb2 in LDAP::bind () from /opt/splunk/lib/libsplunk.so
#1  0x00007f765a11145d in AuthManager::authenticate () from /opt/splunk/lib/libsplunk.so
#2  0x00007f2402e6164c in RESTHandler::handlePOST () from /opt/splunk/lib/libsplunk.so
#3  0x00007fcaa73cd351 in RESTHandler::dispatch () from /opt/splunk/lib/libsplunk.so
#4  0x00007f9eb9c0594c in HTTPServer::handleRequest () from /opt/splunk/lib/libsplunk.so
#5  0x00007f6f341d4f30 in HTTPServer::acceptLoop () from /opt/splunk/lib/libsplunk.so
#6  0x00007f7b58a9e372 in Splunkd::run () from /opt/splunk/lib/libsplunk.so
#7  0x00007fbab32aeef6 in main () from /opt/splunk/lib/libsplunk.so

Thread 4 (Thread 0x7f5c9a4bb0a4 (LWP 55904)):
#0  0x00007f7b962d5b76 in read () from /lib64/libc.so.6
#1  0x00007f62634896d7 in OpenSSL::SSL_read () from /opt/splunk/lib/libsplunk.so
#2  0x00007f8fba65741d in SSLEngine::read () from /opt/splunk/lib/libsplunk.so
#3  0x00007f07af9c6015 in TcpInputProcessor::readData () from /opt/splunk/lib/libsplunk.so
#4  0x00007ff8f00a58cd in TcpInputProcessor::run () from /opt/splunk/lib/libsplunk.so
#5  0x00007f5ede7b0508 in ThreadPool::dispatch () from /opt/splunk/lib/libsplunk.so
#6  0x00007fce268f91ba in Splunkd::run () from /opt/splunk/lib/libsplunk.so
#7  0x00007f286871cb2a in main () from /opt/splunk/lib/libsplunk.so

Thread 5 (Thread 0x7f463b70b9de (LWP 55905)):
#0  0x00007fd45c4c6f13 in pthread_cond_wait () from /lib64/libpthread.so.0
#1  0x00007f30c8cb015a in SearchProcessor::waitForWork () from /opt/splunk/lib/libsplunk.so
#2  0x00007fe78bc63a7f in SearchProcessor::run () from /opt/splunk/lib/libsplunk.so
#3  0x00007f46480856d6 in ThreadPool::dispatch () from /opt/splunk/lib/libsplunk.so
#4  0x00007f9e3241e207 in Splunkd::run () from /opt/splunk/lib/libsplunk.so
#5  0x00007f4a675fe222 in main () from /opt/splunk/lib/libsplunk.so

Thread 6 (Thread 0x7fb1549f12b8 (LWP 55906)):
#0  0x00007f643821e93d in FileSystem::copy () from /opt/splunk/lib/libsplunk.so
#1  0x00007f189e730fa4 in BucketSync::syncBucket () from /opt/splunk/lib/libsplunk.so
#2  0x00007f4ef5f11830 in ReplicationManager::replicate () from /opt/splunk/lib/libsplunk.so
#3  0x00007ffec09ac93b in ClusterMaster::run () from /opt/splunk/lib/libsplunk.so
#4  0x00007f1e943ca8ff in ThreadPool::dispatch () from /opt/splunk/lib/libsplunk.so
#5  0x00007fce34dc3110 in Splunkd::run () from /opt/splunk/lib/libsplunk.so
#6  0x00007fde568ea116 in main () from /opt/splunk/lib/libsplunk.so

Thread 7 (Thread 0x7f041617cacb (LWP 55907)):
#0  0x00007f6503d4e865 in pthread_cond_wait () from /lib64/libpthread.so.0
#1  0x00007f8846fb301f in IndexWriter::waitForData () from /opt/splunk/lib/libsplunk.so
#2  0x00007f0eac411a61 in IndexWriter::run () from /opt/splunk/lib/libsplunk.so
#3  0x00007f4afcc4ee72 in ThreadPool::dispatch () from /opt/splunk/lib/libsplunk.so
#4  0x00007f03d792034b in Splunkd::run () from /opt/splunk/lib/libsplunk.so
#5  0x00007f332943191b in main () from /opt/splunk/lib/libsplunk.so

Thread 8 (Thread 0x7fdca99bfb7d (LWP 55908)):
#0  0x00007f444f39a337 in std::__introsort_loop () from /opt/splunk/lib/libsplunk.so
#1  0x00007f6db2a09fc3 in std::sort () from /opt/splunk/lib/libsplunk.so
#2  0x00007f915c132cb0 in SortProcessor::sort () from /opt/splunk/lib/libsplunk.so
#3  0x00007f28acf37d55 in SearchEvaluator::eval () from /opt/splunk/lib/libsplunk.so
#4  0x00007f4c63d5cbd5 in SearchProcessor::executeSearch () from /opt/splunk/lib/libsplunk.so
#5  0x00007f8ffe0e7abf in SearchProcessor::run () from /opt/splunk/lib/libsplunk.so
#6  0x00007ff9e4e7228a in ThreadPool::dispatch () from /opt/splunk/lib/libsplunk.so
#7  0x00007f061f6cb173 in Splunkd::run () from /opt/splunk/lib/libsplunk.so
#8  0x00007f943b68e647 in main () from /opt/splunk/lib/libsplunk.so

Thread 9 (Thread 0x7f3a9d176f0a (LWP 55909)):
#0  0x00007f01cf04d524 in std::__introsort_loop () from /opt/splunk/lib/libsplunk.so
#1  0x00007fe2be00c52f in std::sort () from /opt/splunk/lib/libsplunk.so
#2  0x00007f49df36384f in SortProcessor::sort () from /opt/splunk/lib/libsplunk.so
#3  0x00007fa40c845b87 in SearchEvaluator::eval () from /opt/splunk/lib/libsplunk.so
#4  0x00007ff5332dd2e0 in SearchProcessor::executeSearch () from /opt/splunk/lib/libsplunk.so
#5  0x00007fdbeec971f8 in SearchProcessor::run () from /opt/splunk/lib/libsplunk.so
#6  0x00007f5d46e70d4f in ThreadPool::dispatch () from /opt/splunk/lib/libsplunk.so
#7  0x00007f71c44ed7e5 in Splunkd::run () from /opt/splunk/lib/libsplunk.so
#8  0x00007fc42c9319ac in main () from /opt/splunk/lib/libsplunk.so

Thread 10 (Thread 0x7f4a7031b110 (LWP 55910)):
#0  0x00007fac1a2ad6f4 in OpenSSL::SSL_read () from /opt/splunk/lib/libsplunk.so
#1  0x00007f8cef602e4b in SSLEngine::read () from /opt/splunk/lib/libsplunk.so
#2  0x00007fd5da00352d in HTTPServer::handleRequest () from /opt/splunk/lib/libsplunk.so
#3  0x00007f9423a5625a in HTTPServer::acceptLoop () from /opt/splunk/lib/libsplunk.so
#4  0x00007fc2a3da761c in Splunkd::run () from /opt/splunk/lib/libsplunk.so
#5  0x00007f5676fc27aa in main () from /opt/splunk/lib/libsplunk.so
