Thread 1 (Thread 0x7f9a2054d48f (LWP 45401)):
#0  0x00007fb61e331485 in zlib::compress () from /opt/splunk/lib/libsplunk.so
#1  0x00007f5807c3c5b2 in BucketWriter::write () from /opt/splunk/lib/libsplunk.so
#2  0x00007f6d523d7903 in IndexWriter::writeBlock () from /opt/splunk/lib/libsplunk.so
#3  0x00007fa35fbb1c1f in IndexWriter::processData () from /opt/splunk/lib/libsplunk.so
#4  0x00007f562b2fe68e in IndexWriter::run () from /opt/splunk/lib/libsplunk.so
#5  0x00007f95a36d4b57 in ThreadPool::dispatch () from /opt/splunk/lib/libsplunk.so
#6  0x00007fe0b2ff60ce in Splunkd::run () from /opt/splunk/lib/libsplunk.so
#7  0x00007f2d2c12687c in main () from /opt/splunk/lib/libsplunk.so

Thread 2 (Thread 0x7fad1ea52d4d (LWP 45402)):
#0  0x00007ffa5d32150b in pthread_cond_wait () from /lib64/libpthread.so.0
#1  0x00007f88ffb4a4f9 in MongoDB::waitForOplog () from /opt/splunk/lib/libsplunk.so
#2  0x00007f029b0fbef8 in KVStoreHandler::run () from /opt/splunk/lib/libsplunk.so
#3  0x00007f7702ec04b8 in ThreadPool::dispatch () from /opt/splunk/lib/libsplunk.so
#4  0x00007fb8ef4f75e1 in Splunkd::run () from /opt/splunk/lib/libsplunk.so
#5  0x00007f16a7c9c6a0 in main () from /opt/splunk/lib/libsplunk.so

Thread 3 (Thread 0x7f3c154c4c2f (LWP 45403)):
#0  0x00007f8061d7224a in SAML::validateToken () from /opt/splunk/lib/libsplunk.so
#1  0x00007f237927874e in AuthManager::authenticate () from /opt/splunk/lib/libsplunk.so
#2  0x00007f06b0a1e6ed in RESTHandler::handlePOST () from /opt/splunk/lib/libsplunk.so
#3  0x00007fa0e42a371b in RESTHandler::dispatch () from /opt/splunk/lib/libsplunk.so
#4  0x00007ff6b5497a8c in HTTPServer::handleRequest () from /opt/splunk/lib/libsplunk.so
#5  0x00007fbc814ae2bd in HTTPServer::acceptLoop () from /opt/splunk/lib/libsplunk.so
#6  0x00007f50e4ebf052 in Splunkd::run () from /opt/splunk/lib/libsplunk.so
#7  0x00007f5bca44870d in main () from /opt/splunk/lib/libsplunk.so

Thread 4 (Thread 0x7fb8c9706164 (LWP 45404)):
#0  0x00007f4f12912597 in inotify_read () from /lib64/libc.so.6
#1  0x00007f3a45fa0937 in FileMonitor::waitForChange () from /opt/splunk/lib/libsplunk.so
#2  0x00007fd0449365da in FileMonitor::run () from /opt/splunk/lib/libsplunk.so
#3  0x00007f449029e295 in ThreadPool::dispatch () from /opt/splunk/lib/libsplunk.so
#4  0x00007f992de2223c in Splunkd::run () from /opt/splunk/lib/libsplunk.so
#5  0x00007fcfbd72a9dd in main () from /opt/splunk/lib/libsplunk.so

Thread 5 (Thread 0x7f3d52a266b6 (LWP 45405)):
#0  0x00007fd00881b642 in pthread_cond_wait () from /lib64/libpthread.so.0
#1  0x00007fef0dc64c6d in SearchProcessor::waitForWork () from /opt/splunk/lib/libsplunk.so
#2  0x00007f04c1bda2df in SearchProcessor::run () from /opt/splunk/lib/libsplunk.so
#3  0x00007ff0598097e6 in ThreadPool::dispatch () from /opt/splunk/lib/libsplunk.so
#4  0x00007ff124ca29b3 in Splunkd::run () from /opt/splunk/lib/libsplunk.so
#5  0x00007f4ab8096d62 in main () from /opt/splunk/lib/libsplunk.so

Thread 6 (Thread 0x7f97329f982e (LWP 45406)):
#0  0x00007fa9ee5a4690 in FileSystem::fsync () from /opt/splunk/lib/libsplunk.so
#1  0x00007f9672646a17 in BucketWriter::write () from /opt/splunk/lib/libsplunk.so
#2  0x00007f5476c8700f in IndexWriter::writeBlock () from /opt/splunk/lib/libsplunk.so
#3  0x00007f97fc2c4bea in IndexWriter::processData () from /opt/splunk/lib/libsplunk.so
#4  0x00007fce08dc152b in IndexWriter::run () from /opt/splunk/lib/libsplunk.so
#5  0x00007f54f479ff35 in ThreadPool::dispatch () from /opt/splunk/lib/libsplunk.so
#6  0x00007f9d024a70db in Splunkd::run () from /opt/splunk/lib/libsplunk.so
#7  0x00007f0f122d7905 in main () from /opt/splunk/lib/libsplunk.so

Thread 7 (Thread 0x7f429cb2b604 (LWP 45407)):
#0  0x00007f0ebca04d37 in malloc () from /lib64/libc.so.6
#1  0x00007fea590f9ccf in SearchProcessor::createSearch () from /opt/splunk/lib/libsplunk.so
#2  0x00007f46223f97b5 in Scheduler::dispatchJob () from /opt/splunk/lib/libsplunk.so
#3  0x00007faa90f59860 in Scheduler::run () from /opt/splunk/lib/libsplunk.so
#4  0x00007f2c0856e3e1 in Splunkd::run () from /opt/splunk/lib/libsplunk.so
#5  0x00007f43b20227f1 in main () from /opt/splunk/lib/libsplunk.so

Thread 8 (Thread 0x7fa858dd426a (LWP 45408)):
#0  0x00007f1888635536 in epoll_wait () from /lib64/libc.so.6
#1  0x00007f2f3db8d0ca in HTTPServer::acceptLoop () from /opt/splunk/lib/libsplunk.so
#2  0x00007fdc53b25384 in Splunkd::run () from /opt/splunk/lib/libsplunk.so
#3  0x00007fd6a76ef332 in main () from /opt/splunk/lib/libsplunk.so

Thread 9 (Thread 0x7fc2cd1d5ae4 (LWP 45409)):
#0  0x00007fe5f73743f5 in pthread_cond_wait () from /lib64/libpthread.so.0
#1  0x00007ff0b000ac02 in SearchProcessor::waitForWork () from /opt/splunk/lib/libsplunk.so
#2  0x00007ff5a3287527 in SearchProcessor::run () from /opt/splunk/lib/libsplunk.so
#3  0x00007fefe509464e in ThreadPool::dispatch () from /opt/splunk/lib/libsplunk.so
#4  0x00007f12494ec9a4 in Splunkd::run () from /opt/splunk/lib/libsplunk.so
#5  0x00007f9b01bad6f3 in main () from /opt/splunk/lib/libsplunk.so

Thread 10 (Thread 0x7fdc4c7030d8 (LWP 45410)):
#0  0x00007fc8c6ba8eb5 in std::__introsort_loop () from /opt/splunk/lib/libsplunk.so
#1  0x00007f928fce9ae0 in std::sort () from /opt/splunk/lib/libsplunk.so
#2  0x00007f2ff90d31ab in SortProcessor::sort () from /opt/splunk/lib/libsplunk.so
#3  0x00007ff0199c0360 in SearchEvaluator::eval () from /opt/splunk/lib/libsplunk.so
#4  0x00007fd92f64a443 in SearchProcessor::executeSearch () from /opt/splunk/lib/libsplunk.so
#5  0x00007f2564c5a45c in SearchProcessor::run () from /opt/splunk/lib/libsplunk.so
#6  0x00007fa040c44255 in ThreadPool::dispatch () from /opt/splunk/lib/libsplunk.so
#7  0x00007fd04bc0469a in Splunkd::run () from /opt/splunk/lib/libsplunk.so
#8  0x00007f40a487a425 in main () from /opt/splunk/lib/libsplunk.so

Thread 11 (Thread 0x7fed7847efa7 (LWP 45411)):
#0  0x00007fb8aa3332ab in pthread_cond_wait () from /lib64/libpthread.so.0
#1  0x00007ff83a833979 in SearchProcessor::waitForWork () from /opt/splunk/lib/libsplunk.so
#2  0x00007fe7f7c7adad in SearchProcessor::run () from /opt/splunk/lib/libsplunk.so
#3  0x00007f6feb722163 in ThreadPool::dispatch () from /opt/splunk/lib/libsplunk.so
#4  0x00007f21d57f3796 in Splunkd::run () from /opt/splunk/lib/libsplunk.so
#5  0x00007fe5c1a6cacc in main () from /opt/splunk/lib/libsplunk.so

Thread 12 (Thread 0x7fcc875dda7b (LWP 45412)):
#0  0x00007f910f1dac7b in PCRE::match () from /opt/splunk/lib/libsplunk.so
#1  0x00007f393a16592c in FieldExtractor::extract () from /opt/splunk/lib/libsplunk.so
#2  0x00007f9a200a90dc in SearchEvaluator::eval () from /opt/splunk/lib/libsplunk.so
#3  0x00007ff5ce369b0c in SearchProcessor::executeSearch () from /opt/splunk/lib/libsplunk.so
#4  0x00007f7e3b3e3ac0 in SearchProcessor::run () from /opt/splunk/lib/libsplunk.so
#5  0x00007f8fa095f11d in ThreadPool::dispatch () from /opt/splunk/lib/libsplunk.so
#6  0x00007fcf41f7496d in Splunkd::run () from /opt/splunk/lib/libsplunk.so
#7  0x00007f6399888372 in main () from /opt/splunk/lib/libsplunk.so
