Thread 1 (Thread 0x7f50af9d0cda (LWP 41501)):
#0  0x00007fd54890ddd7 in zlib::compress () from /opt/splunk/lib/libsplunk.so
#1  0x00007fe15a252d62 in BucketWriter::write () from /opt/splunk/lib/libsplunk.so
#2  0x00007f745f98f11b in IndexWriter::writeBlock () from /opt/splunk/lib/libsplunk.so
#3  0x00007f50483db64b in IndexWriter::processData () from /opt/splunk/lib/libsplunk.so
#4  0x00007f1587f5cb37 in IndexWriter::run () from /opt/splunk/lib/libsplunk.so
#5  0x00007f4ce148a86e in ThreadPool::dispatch () from /opt/splunk/lib/libsplunk.so
#6  0x00007f1dd0cd9e47 in Splunkd::run () from /opt/splunk/lib/libsplunk.so
#7  0x00007fb1abd13e68 in main () from /opt/splunk/lib/libsplunk.so

Thread 2 (Thread 0x7fded065315c (LWP 41502)):
#0  0x00007f9cfa01bb5b in read () from /lib64/libc.so.6
#1  0x00007f102f7fb2bb in FileReader::read () from /opt/splunk/lib/libsplunk.so
#2  0x00007f40f93235cb in FileMonitor::checkFiles () from /opt/splunk/lib/libsplunk.so
#3  0x00007f66b4262515 in FileMonitor::run () from /opt/splunk/lib/libsplunk.so
#4  0x00007f2f04151e78 in ThreadPool::dispatch () from /opt/splunk/lib/libsplunk.so
#5  0x00007f729c598f82 in Splunkd::run () from /opt/splunk/lib/libsplunk.so
#6  0x00007f083232b548 in main () from /opt/splunk/lib/libsplunk.so

Thread 3 (Thread 0x7fa9f5969948 (LWP 41503)):
#0  0x00007f724479a4f8 in poll () from /lib64/libc.so.6
#1  0x00007f3b9033411f in TCPClient::connect () from /opt/splunk/lib/libsplunk.so
#2  0x00007ff874feef4d in ReplicationManager::checkHealth () from /opt/splunk/lib/libsplunk.so
#3  0x00007f675d3d4ad7 in ClusterMaster::run () from /opt/splunk/lib/libsplunk.so
#4  0x00007f7fdbe71226 in ThreadPool::dispatch () from /opt/splunk/lib/libsplunk.so
#5  0x00007fcfd3a429d6 in Splunkd::run () from /opt/splunk/lib/libsplunk.so
#6  0x00007f25fe98288e in main () from /opt/splunk/lib/libsplunk.so

Thread 4 (Thread 0x7f8b26bd0fef (LWP 41504)):
#0  0x00007fc4864a8fc2 in WiredTiger::cursor_update () from /opt/splunk/lib/libsplunk.so
#1  0x00007f955371970e in MongoDB::update () from /opt/splunk/lib/libsplunk.so
#2  0x00007f1132192659 in KVStoreHandler::run () from /opt/splunk/lib/libsplunk.so
#3  0x00007f23cadb01a0 in ThreadPool::dispatch () from /opt/splunk/lib/libsplunk.so
#4  0x00007f9bbeeb4486 in Splunkd::run () from /opt/splunk/lib/libsplunk.so
#5  0x00007f475a101577 in main () from /opt/splunk/lib/libsplunk.so

Thread 5 (Thread 0x7ffde38a2245 (LWP 41505)):
#0  0x00007f245512f6d2 in RegexMatcher::match () from /opt/splunk/lib/libsplunk.so
#1  0x00007f6f191ecfd7 in LineBreaker::split () from /opt/splunk/lib/libsplunk.so
#2  0x00007f88cd454502 in IndexWriter::processData () from /opt/splunk/lib/libsplunk.so
#3  0x00007f11e8e55696 in IndexWriter::run () from /opt/splunk/lib/libsplunk.so
#4  0x00007ffdd49d2207 in ThreadPool::dispatch () from /opt/splunk/lib/libsplunk.so
#5  0x00007f4fe2df95ed in Splunkd::run () from /opt/splunk/lib/libsplunk.so
#6  0x00007fa5118dde3e in main () from /opt/splunk/lib/libsplunk.so

Thread 6 (Thread 0x7fee9b355cab (LWP 41506)):
#0  0x00007f86d9100555 in PCRE::match () from /opt/splunk/lib/libsplunk.so
#1  0x00007fdda14b4563 in FieldExtractor::extract () from /opt/splunk/lib/libsplunk.so
#2  0x00007f428e3959eb in SearchEvaluator::eval () from /opt/splunk/lib/libsplunk.so
#3  0x00007f7c127ac0d8 in SearchProcessor::executeSearch () from /opt/splunk/lib/libsplunk.so
#4  0x00007fd9a52fde26 in SearchProcessor::run () from /opt/splunk/lib/libsplunk.so
#5  0x00007fa82d12def3 in ThreadPool::dispatch () from /opt/splunk/lib/libsplunk.so
#6  0x00007f9d0bd744fb in Splunkd::run () from /opt/splunk/lib/libsplunk.so
#7  0x00007f8c65979fd2 in main () from /opt/splunk/lib/libsplunk.so

Thread 7 (Thread 0x7f7ea10254c2 (LWP 41507)):
#0  0x00007f5159c698a4 in DateParser::parse () from /opt/splunk/lib/libsplunk.so
#1  0x00007f504187fe65 in TimestampExtractor::extract () from /opt/splunk/lib/libsplunk.so
#2  0x00007f122631841b in IndexWriter::processData () from /opt/splunk/lib/libsplunk.so
#3  0x00007f9c8e7cfaaa in IndexWriter::run () from /opt/splunk/lib/libsplunk.so
#4  0x00007f2efb38ac5b in ThreadPool::dispatch () from /opt/splunk/lib/libsplunk.so
#5  0x00007f1fd5b2b357 in Splunkd::run () from /opt/splunk/lib/libsplunk.so
#6  0x00007f41ebea2bf2 in main () from /opt/splunk/lib/libsplunk.so

Thread 8 (Thread 0x7f0ae97792a9 (LWP 41508)):
#0  0x00007f08736f82e1 in read () from /lib64/libc.so.6
#1  0x00007f2a29db1729 in FileReader::read () from /opt/splunk/lib/libsplunk.so
#2  0x00007f8932f758a3 in FileMonitor::checkFiles () from /opt/splunk/lib/libsplunk.so
#3  0x00007f05313ce029 in FileMonitor::run () from /opt/splunk/lib/libsplunk.so
#4  0x00007fc6b4f5e9cd in ThreadPool::dispatch () from /opt/splunk/lib/libsplunk.so
#5  0x00007fa8f71928da in Splunkd::run () from /opt/splunk/lib/libsplunk.so
#6  0x00007fd02a42d954 in main () from /opt/splunk/lib/libsplunk.so

Thread 9 (Thread 0x7f1df6c9a96d (LWP 41509)):
#0  0x00007f83f657d44d in LDAP::bind () from /opt/splunk/lib/libsplunk.so
#1  0x00007fb5db753985 in AuthManager::authenticate () from /opt/splunk/lib/libsplunk.so
#2  0x00007f971e1b28a5 in RESTHandler::handlePOST () from /opt/splunk/lib/libsplunk.so
#3  0x00007fe1377b6f4e in RESTHandler::dispatch () from /opt/splunk/lib/libsplunk.so
#4  0x00007feaa112dc23 in HTTPServer::handleRequest () from /opt/splunk/lib/libsplunk.so
#5  0x00007f9073bfa676 in HTTPServer::acceptLoop () from /opt/splunk/lib/libsplunk.so
#6  0x00007f083310cee0 in Splunkd::run () from /opt/splunk/lib/libsplunk.so
#7  0x00007fde2f644384 in main () from /opt/splunk/lib/libsplunk.so

Thread 10 (Thread 0x7fdc09e60e41 (LWP 41510)):
#0  0x00007f8f27632418 in pthread_cond_wait () from /lib64/libpthread.so.0
#1  0x00007f318f263240 in IndexWriter::waitForData () from /opt/splunk/lib/libsplunk.so
#2  0x00007f2a1c45f021 in IndexWriter::run () from /opt/splunk/lib/libsplunk.so
#3  0x00007fb7d776139d in ThreadPool::dispatch () from /opt/splunk/lib/libsplunk.so
#4  0x00007f0ff431b31e in Splunkd::run () from /opt/splunk/lib/libsplunk.so
#5  0x00007f4fbd115158 in main () from /opt/splunk/lib/libsplunk.so

Thread 11 (Thread 0x7f3e599b482f (LWP 41511)):
#0  0x00007f8efc6bc259 in pthread_cond_timedwait () from /lib64/libpthread.so.0
#1  0x00007fc16497e83f in Scheduler::waitForNextJob () from /opt/splunk/lib/libsplunk.so
#2  0x00007ffea647e312 in Scheduler::run () from /opt/splunk/lib/libsplunk.so
#3  0x00007f3fbb760b92 in Splunkd::run () from /opt/splunk/lib/libsplunk.so
#4  0x00007ff6f19656ce in main () from /opt/splunk/lib/libsplunk.so
