Thread 1 (Thread 0x7f61970b0f44 (LWP 27401)):
#0  0x00007fc992aa2ad6 in malloc () from /lib64/libc.so.6
#1  0x00007f1b424d7ae7 in SearchProcessor::createSearch () from /opt/splunk/lib/libsplunk.so
#2  0x00007f560a136492 in Scheduler::dispatchJob () from /opt/splunk/lib/libsplunk.so
#3  0x00007f2653ce69f9 in Scheduler::run () from /opt/splunk/lib/libsplunk.so
#4  0x00007fce324c92f4 in Splunkd::run () from /opt/splunk/lib/libsplunk.so
#5  0x00007ff5767c74dd in main () from /opt/splunk/lib/libsplunk.so

Thread 2 (Thread 0x7f8057a1dd98 (LWP 27402)):
#0  0x00007fd8c3dfb5ef in FileSystem::unlink () from /opt/splunk/lib/libsplunk.so
#1  0x00007fd92e407a2a in BucketManager::evictBucket () from /opt/splunk/lib/libsplunk.so
#2  0x00007f58937f5bf3 in MemoryManager::garbageCollect () from /opt/splunk/lib/libsplunk.so
#3  0x00007fe10f968a73 in MemoryManager::run () from /opt/splunk/lib/libsplunk.so
#4  0x00007fd1886ff360 in Splunkd::run () from /opt/splunk/lib/libsplunk.so
#5  0x00007f9fb02922ff in main () from /opt/splunk/lib/libsplunk.so

Thread 3 (Thread 0x7f5d9636f923 (LWP 27403)):
#0  0x00007ff9fa2c00ae in PCRE::match () from /opt/splunk/lib/libsplunk.so
#1  0x00007fdcc62f6d15 in FieldExtractor::extract () from /opt/splunk/lib/libsplunk.so
#2  0x00007f526c7ecf59 in SearchEvaluator::eval () from /opt/splunk/lib/libsplunk.so
#3  0x00007f109a96b1c1 in SearchProcessor::executeSearch () from /opt/splunk/lib/libsplunk.so
#4  0x00007fac2c0b9a3b in SearchProcessor::run () from /opt/splunk/lib/libsplunk.so
#5  0x00007f393f61cb36 in ThreadPool::dispatch () from /opt/splunk/lib/libsplunk.so
#6  0x00007f2f234ede12 in Splunkd::run () from /opt/splunk/lib/libsplunk.so
#7  0x00007f1be2481639 in main () from /opt/splunk/lib/libsplunk.so

Thread 4 (Thread 0x7f45af2c65fa (LWP 27404)):
#0  0x00007fc6cfcc523b in PCRE::match () from /opt/splunk/lib/libsplunk.so
#1  0x00007f6add91a00d in FieldExtractor::extract () from /opt/splunk/lib/libsplunk.so
#2  0x00007f47cd1f3fc6 in SearchEvaluator::eval () from /opt/splunk/lib/libsplunk.so
#3  0x00007fe689eba6a4 in SearchProcessor::executeSearch () from /opt/splunk/lib/libsplunk.so
#4  0x00007f103ff102d4 in SearchProcessor::run () from /opt/splunk/lib/libsplunk.so
#5  0x00007f3afa923ee3 in ThreadPool::dispatch () from /opt/splunk/lib/libsplunk.so
#6  0x00007f3bf60cf6b3 in Splunkd::run () from /opt/splunk/lib/libsplunk.so
#7  0x00007f98198f3fba in main () from /opt/splunk/lib/libsplunk.so

Thread 5 (Thread 0x7f7f1ef00b70 (LWP 27405)):
#0  0x00007fd0ae5db87d in pthread_cond_timedwait () from /lib64/libpthread.so.0
#1  0x00007f3da3c7a1a4 in Scheduler::waitForNextJob () from /opt/splunk/lib/libsplunk.so
#2  0x00007feaaf972637 in Scheduler::run () from /opt/splunk/lib/libsplunk.so
#3  0x00007fbc490a3a4a in Splunkd::run () from /opt/splunk/lib/libsplunk.so
#4  0x00007f1591e7095d in main () from /opt/splunk/lib/libsplunk.so

Thread 6 (Thread 0x7ff2659940e8 (LWP 27406)):
#0  0x00007f65d9ee822a in RegexMatcher::match () from /opt/splunk/lib/libsplunk.so
#1  0x00007f65e309891a in LineBreaker::split () from /opt/splunk/lib/libsplunk.so
#2  0x00007fdc8c0486a8 in IndexWriter::processData () from /opt/splunk/lib/libsplunk.so
#3  0x00007f394f31d59b in IndexWriter::run () from /opt/splunk/lib/libsplunk.so
#4  0x00007f6362022250 in ThreadPool::dispatch () from /opt/splunk/lib/libsplunk.so
#5  0x00007f3d0511393d in Splunkd::run () from /opt/splunk/lib/libsplunk.so
#6  0x00007f66d1d5e615 in main () from /opt/splunk/lib/libsplunk.so

Thread 7 (Thread 0x7fb7183ba864 (LWP 27407)):
#0  0x00007f4edaedbca0 in LexerBase::tokenize () from /opt/splunk/lib/libsplunk.so
#1  0x00007f457c155e6a in SearchParser::parse () from /opt/splunk/lib/libsplunk.so
#2  0x00007fc57d41a704 in SearchProcessor::executeSearch () from /opt/splunk/lib/libsplunk.so
#3  0x00007fe1282965df in SearchProcessor::run () from /opt/splunk/lib/libsplunk.so
#4  0x00007fac4d56db31 in ThreadPool::dispatch () from /opt/splunk/lib/libsplunk.so
#5  0x00007f9511c2199f in Splunkd::run () from /opt/splunk/lib/libsplunk.so
#6  0x00007f0caa604d99 in main () from /opt/splunk/lib/libsplunk.so

Thread 8 (Thread 0x7f583358bca1 (LWP 27408)):
#0  0x00007f5d34d54287 in HashTable::insert () from /opt/splunk/lib/libsplunk.so
#1  0x00007fbdb9a1b775 in StatsProcessor::aggregate () from /opt/splunk/lib/libsplunk.so
#2  0x00007f57f6ad516a in SearchEvaluator::eval () from /opt/splunk/lib/libsplunk.so
#3  0x00007f67321224b2 in SearchProcessor::executeSearch () from /opt/splunk/lib/libsplunk.so
#4  0x00007f3abe90f666 in SearchProcessor::run () from /opt/splunk/lib/libsplunk.so
#5  0x00007f0a553b5c93 in ThreadPool::dispatch () from /opt/splunk/lib/libsplunk.so
#6  0x00007f3eed98882f in Splunkd::run () from /opt/splunk/lib/libsplunk.so
#7  0x00007f54805161f9 in main () from /opt/splunk/lib/libsplunk.so

Thread 9 (Thread 0x7fdb8d5d51d9 (LWP 27409)):
#0  0x00007ff2c14997f6 in OpenSSL::SSL_read () from /opt/splunk/lib/libsplunk.so
#1  0x00007f7d24d09bbc in SSLEngine::read () from /opt/splunk/lib/libsplunk.so
#2  0x00007fb27e18bb31 in HTTPServer::handleRequest () from /opt/splunk/lib/libsplunk.so
#3  0x00007fd3fe8a7cc6 in HTTPServer::acceptLoop () from /opt/splunk/lib/libsplunk.so
#4  0x00007f8d5940d63f in Splunkd::run () from /opt/splunk/lib/libsplunk.so
#5  0x00007f49de190b59 in main () from /opt/splunk/lib/libsplunk.so

Thread 10 (Thread 0x7f2d7809f4aa (LWP 27410)):
#0  0x00007fc03feb788e in read () from /lib64/libc.so.6
#1  0x00007f59daab0b48 in OpenSSL::SSL_read () from /opt/splunk/lib/libsplunk.so
#2  0x00007fa6b26cb377 in SSLEngine::read () from /opt/splunk/lib/libsplunk.so
#3  0x00007f0d6af7fc3c in TcpInputProcessor::readData () from /opt/splunk/lib/libsplunk.so
#4  0x00007f6409a3fa77 in TcpInputProcessor::run () from /opt/splunk/lib/libsplunk.so
#5  0x00007ffeb78a4fb2 in ThreadPool::dispatch () from /opt/splunk/lib/libsplunk.so
#6  0x00007fda352c1b1a in Splunkd::run () from /opt/splunk/lib/libsplunk.so
#7  0x00007f41ad54e8ff in main () from /opt/splunk/lib/libsplunk.so

Thread 11 (Thread 0x7f70f66aa156 (LWP 27411)):
#0  0x00007fd6c42d8a87 in WiredTiger::cursor_update () from /opt/splunk/lib/libsplunk.so
#1  0x00007f3f99dd26e0 in MongoDB::update () from /opt/splunk/lib/libsplunk.so
#2  0x00007fd8c8822fd8 in KVStoreHandler::run () from /opt/splunk/lib/libsplunk.so
#3  0x00007f7cd0748822 in ThreadPool::dispatch () from /opt/splunk/lib/libsplunk.so
#4  0x00007fc97727ae53 in Splunkd::run () from /opt/splunk/lib/libsplunk.so
#5  0x00007f08d1141281 in main () from /opt/splunk/lib/libsplunk.so

Thread 12 (Thread 0x7f297afd5eab (LWP 27412)):
#0  0x00007f352474ce40 in LexerBase::tokenize () from /opt/splunk/lib/libsplunk.so
#1  0x00007f088322f51e in SearchParser::parse () from /opt/splunk/lib/libsplunk.so
#2  0x00007f9dc74db20c in SearchProcessor::executeSearch () from /opt/splunk/lib/libsplunk.so
#3  0x00007f666e72bc80 in SearchProcessor::run () from /opt/splunk/lib/libsplunk.so
#4  0x00007fda7737749d in ThreadPool::dispatch () from /opt/splunk/lib/libsplunk.so
#5  0x00007fc11ab0a1ba in Splunkd::run () from /opt/splunk/lib/libsplunk.so
#6  0x00007f647d5feac0 in main () from /opt/splunk/lib/libsplunk.so

Thread 13 (Thread 0x7f7d418ce752 (LWP 27413)):
#0  0x00007ff02e1898db in DateParser::parse () from /opt/splunk/lib/libsplunk.so
#1  0x00007fbe16cb5a76 in TimestampExtractor::extract () from /opt/splunk/lib/libsplunk.so
#2  0x00007f08066bd488 in IndexWriter::processData () from /opt/splunk/lib/libsplunk.so
#3  0x00007fcaa50ee5c9 in IndexWriter::run () from /opt/splunk/lib/libsplunk.so
#4  0x00007fbc85cf8007 in ThreadPool::dispatch () from /opt/splunk/lib/libsplunk.so
#5  0x00007f0a1c38241f in Splunkd::run () from /opt/splunk/lib/libsplunk.so
#6  0x00007f173b413126 in main () from /opt/splunk/lib/libsplunk.so

Thread 14 (Thread 0x7fdbd3fcf215 (LWP 27414)):
#0  0x00007fc312cf0c90 in LDAP::bind () from /opt/splunk/lib/libsplunk.so
#1  0x00007fdb0d75e8f9 in AuthManager::authenticate () from /opt/splunk/lib/libsplunk.so
#2  0x00007f07bffc6565 in RESTHandler::handlePOST () from /opt/splunk/lib/libsplunk.so
#3  0x00007f1f98151de7 in RESTHandler::dispatch () from /opt/splunk/lib/libsplunk.so
#4  0x00007f020bad23e8 in HTTPServer::handleRequest () from /opt/splunk/lib/libsplunk.so
#5  0x00007fd038a7df6e in HTTPServer::acceptLoop () from /opt/splunk/lib/libsplunk.so
#6  0x00007fc4b92cc4d2 in Splunkd::run () from /opt/splunk/lib/libsplunk.so
#7  0x00007f9a8bacd5dc in main () from /opt/splunk/lib/libsplunk.so

Thread 15 (Thread 0x7f681d545c87 (LWP 27415)):
#0  0x00007fd94efb9f15 in malloc () from /lib64/libc.so.6
#1  0x00007f0c58a302d0 in BTreeWriter::insert () from /opt/splunk/lib/libsplunk.so
#2  0x00007fff0116f261 in WiredTiger::cursor_insert () from /opt/splunk/lib/libsplunk.so
#3  0x00007f0fab0e3e96 in MongoDB::insert () from /opt/splunk/lib/libsplunk.so
#4  0x00007fa7ed5a98d2 in KVStoreHandler::run () from /opt/splunk/lib/libsplunk.so
#5  0x00007f0f131af5a8 in ThreadPool::dispatch () from /opt/splunk/lib/libsplunk.so
#6  0x00007f8373e6da33 in Splunkd::run () from /opt/splunk/lib/libsplunk.so
#7  0x00007f6ada5aafdc in main () from /opt/splunk/lib/libsplunk.so

Thread 16 (Thread 0x7f7936a89e9b (LWP 27416)):
#0  0x00007fa8731ee737 in HashTable::insert () from /opt/splunk/lib/libsplunk.so
#1  0x00007f102503a0ee in StatsProcessor::aggregate () from /opt/splunk/lib/libsplunk.so
#2  0x00007fe96e00afb0 in SearchEvaluator::eval () from /opt/splunk/lib/libsplunk.so
#3  0x00007f2cab01b60d in SearchProcessor::executeSearch () from /opt/splunk/lib/libsplunk.so
#4  0x00007f65bdff799e in SearchProcessor::run () from /opt/splunk/lib/libsplunk.so
#5  0x00007f34bc57d626 in ThreadPool::dispatch () from /opt/splunk/lib/libsplunk.so
#6  0x00007f10f25a433e in Splunkd::run () from /opt/splunk/lib/libsplunk.so
#7  0x00007f2aee1bef76 in main () from /opt/splunk/lib/libsplunk.so

Thread 17 (Thread 0x7fededd80c94 (LWP 27417)):
#0  0x00007f6d5d8dd1b3 in epoll_wait () from /lib64/libc.so.6
#1  0x00007fb521926c8c in HTTPServer::acceptLoop () from /opt/splunk/lib/libsplunk.so
#2  0x00007fce302719f7 in Splunkd::run () from /opt/splunk/lib/libsplunk.so
#3  0x00007f63bb7c0946 in main () from /opt/splunk/lib/libsplunk.so

Thread 18 (Thread 0x7f39ca0c85be (LWP 27418)):
#0  0x00007f558c3e9208 in write () from /lib64/libc.so.6
#1  0x00007f7eb4fa00f5 in TCPClient::send () from /opt/splunk/lib/libsplunk.so
#2  0x00007fe4f9cfa84b in ReplicationManager::replicate () from /opt/splunk/lib/libsplunk.so
#3  0x00007fddc00c86cc in ClusterMaster::run () from /opt/splunk/lib/libsplunk.so
#4  0x00007f385a06055f in ThreadPool::dispatch () from /opt/splunk/lib/libsplunk.so
#5  0x00007f202be0ccdd in Splunkd::run () from /opt/splunk/lib/libsplunk.so
#6  0x00007f58e674fc2f in main () from /opt/splunk/lib/libsplunk.so

Thread 19 (Thread 0x7fcd6f171269 (LWP 27419)):
#0  0x00007ff91caa84d3 in FileSystem::fsync () from /opt/splunk/lib/libsplunk.so
#1  0x00007fbacaf1432b in BucketWriter::write () from /opt/splunk/lib/libsplunk.so
#2  0x00007f944cf4ae9c in IndexWriter::writeBlock () from /opt/splunk/lib/libsplunk.so
#3  0x00007f0e2f7899dc in IndexWriter::processData () from /opt/splunk/lib/libsplunk.so
#4  0x00007f0debf1feb3 in IndexWriter::run () from /opt/splunk/lib/libsplunk.so
#5  0x00007fda8c5e26f6 in ThreadPool::dispatch () from /opt/splunk/lib/libsplunk.so
#6  0x00007f7f4575205b in Splunkd::run () from /opt/splunk/lib/libsplunk.so
#7  0x00007f296e9cb75f in main () from /opt/splunk/lib/libsplunk.so
