Thread 1 (Thread 0x7f3bff4b0fca (LWP 17501)):
#0  0x00007f2e1b681bc9 in zlib::compress () from /opt/splunk/lib/libsplunk.so
#1  0x00007fb045b2b6ef in BucketWriter::write () from /opt/splunk/lib/libsplunk.so
#2  0x00007f8a298423e0 in IndexWriter::writeBlock () from /opt/splunk/lib/libsplunk.so
#3  0x00007f712bf450e7 in IndexWriter::processData () from /opt/splunk/lib/libsplunk.so
#4  0x00007fb9e957bbc5 in IndexWriter::run () from /opt/splunk/lib/libsplunk.so
#5  0x00007fcb1ef39d3a in ThreadPool::dispatch () from /opt/splunk/lib/libsplunk.so
#6  0x00007f83434a78c9 in Splunkd::run () from /opt/splunk/lib/libsplunk.so
#7  0x00007fdb783a4bad in main () from /opt/splunk/lib/libsplunk.so

Thread 2 (Thread 0x7faea3863f32 (LWP 17502)):
#0  0x00007f9fb37c2fbb in pthread_cond_wait () from /lib64/libpthread.so.0
#1  0x00007f7ec18eba50 in IndexWriter::waitForData () from /opt/splunk/lib/libsplunk.so
#2  0x00007f81f3b4e6f1 in IndexWriter::run () from /opt/splunk/lib/libsplunk.so
#3  0x00007f17a45b1af0 in ThreadPool::dispatch () from /opt/splunk/lib/libsplunk.so
#4  0x00007f3085e0aa33 in Splunkd::run () from /opt/splunk/lib/libsplunk.so
#5  0x00007f11e5fab857 in main () from /opt/splunk/lib/libsplunk.so

Thread 3 (Thread 0x7f22cb82382a (LWP 17503)):
#0  0x00007ff1c67e3bd8 in JSONSerializer::serialize () from /opt/splunk/lib/libsplunk.so
#1  0x00007f62ea68e6a5 in RESTHandler::handleGET () from /opt/splunk/lib/libsplunk.so
#2  0x00007f9a24dfed09 in RESTHandler::dispatch () from /opt/splunk/lib/libsplunk.so
#3  0x00007f2c4616b5b2 in HTTPServer::handleRequest () from /opt/splunk/lib/libsplunk.so
#4  0x00007f6051609baf in HTTPServer::acceptLoop () from /opt/splunk/lib/libsplunk.so
#5  0x00007ffb0680f92d in Splunkd::run () from /opt/splunk/lib/libsplunk.so
#6  0x00007f9a1ac4b7dc in main () from /opt/splunk/lib/libsplunk.so

Thread 4 (Thread 0x7f696fb840a9 (LWP 17504)):
#0  0x00007f90933604a1 in FileSystem::copy () from /opt/splunk/lib/libsplunk.so
#1  0x00007f51df51106d in BucketSync::syncBucket () from /opt/splunk/lib/libsplunk.so
#2  0x00007f185ecc9ae2 in ReplicationManager::replicate () from /opt/splunk/lib/libsplunk.so
#3  0x00007fcd25356098 in ClusterMaster::run () from /opt/splunk/lib/libsplunk.so
#4  0x00007fe0e30d30a2 in ThreadPool::dispatch () from /opt/splunk/lib/libsplunk.so
#5  0x00007fe2023c5442 in Splunkd::run () from /opt/splunk/lib/libsplunk.so
#6  0x00007fb82374bc14 in main () from /opt/splunk/lib/libsplunk.so

Thread 5 (Thread 0x7f49ed9fe323 (LWP 17505)):
#0  0x00007f294dfdda30 in pthread_cond_wait () from /lib64/libpthread.so.0
#1  0x00007f0bfc9e691e in SearchProcessor::waitForWork () from /opt/splunk/lib/libsplunk.so
#2  0x00007f544a128ea8 in SearchProcessor::run () from /opt/splunk/lib/libsplunk.so
#3  0x00007fe7eb56a5c8 in ThreadPool::dispatch () from /opt/splunk/lib/libsplunk.so
#4  0x00007f1c855ae06e in Splunkd::run () from /opt/splunk/lib/libsplunk.so
#5  0x00007f44219af654 in main () from /opt/splunk/lib/libsplunk.so

Thread 6 (Thread 0x7fdd4b861e3b (LWP 17506)):
#0  0x00007f327ef71b64 in epoll_wait () from /lib64/libc.so.6
#1  0x00007f31c2b29eff in HTTPServer::acceptLoop () from /opt/splunk/lib/libsplunk.so
#2  0x00007f5afb8bf2fd in Splunkd::run () from /opt/splunk/lib/libsplunk.so
#3  0x00007f2beb65c054 in main () from /opt/splunk/lib/libsplunk.so

Thread 7 (Thread 0x7fd3ae2e0ff2 (LWP 17507)):
#0  0x00007fded043e856 in PCRE::match () from /opt/splunk/lib/libsplunk.so
#1  0x00007ffa2fd1d4c9 in FieldExtractor::extract () from /opt/splunk/lib/libsplunk.so
#2  0x00007f0bfb243ee9 in SearchEvaluator::eval () from /opt/splunk/lib/libsplunk.so
#3  0x00007f5adfd5bc76 in SearchProcessor::executeSearch () from /opt/splunk/lib/libsplunk.so
#4  0x00007f77c45fe46f in SearchProcessor::run () from /opt/splunk/lib/libsplunk.so
#5  0x00007f6d52b77a93 in ThreadPool::dispatch () from /opt/splunk/lib/libsplunk.so
#6  0x00007f3b5e1c819e in Splunkd::run () from /opt/splunk/lib/libsplunk.so
#7  0x00007fc4893d44fa in main () from /opt/splunk/lib/libsplunk.so

Thread 8 (Thread 0x7fd09b6af24e (LWP 17508)):
#0  0x00007ff7c2ca8398 in epoll_wait () from /lib64/libc.so.6
#1  0x00007ffd6dec5d02 in HTTPServer::acceptLoop () from /opt/splunk/lib/libsplunk.so
#2  0x00007fd9948381a5 in Splunkd::run () from /opt/splunk/lib/libsplunk.so
#3  0x00007f516d486548 in main () from /opt/splunk/lib/libsplunk.so

Thread 9 (Thread 0x7f4d07dc3118 (LWP 17509)):
#0  0x00007f0e9a1dc2cc in pthread_cond_timedwait () from /lib64/libpthread.so.0
#1  0x00007f08b8c614ae in ReplicationManager::waitForAck () from /opt/splunk/lib/libsplunk.so
#2  0x00007f6b76233233 in ClusterMaster::run () from /opt/splunk/lib/libsplunk.so
#3  0x00007ffc91ac7da0 in ThreadPool::dispatch () from /opt/splunk/lib/libsplunk.so
#4  0x00007f24748a33f2 in Splunkd::run () from /opt/splunk/lib/libsplunk.so
#5  0x00007f5a18f31cdc in main () from /opt/splunk/lib/libsplunk.so

Thread 10 (Thread 0x7fef75c79034 (LWP 17510)):
#0  0x00007ffc3fb996bf in poll () from /lib64/libc.so.6
#1  0x00007fe2a0b77f85 in TCPClient::connect () from /opt/splunk/lib/libsplunk.so
#2  0x00007f5693857e21 in ReplicationManager::checkHealth () from /opt/splunk/lib/libsplunk.so
#3  0x00007f56e281a05b in ClusterMaster::run () from /opt/splunk/lib/libsplunk.so
#4  0x00007f9559ede3e9 in ThreadPool::dispatch () from /opt/splunk/lib/libsplunk.so
#5  0x00007f84e53e2ff3 in Splunkd::run () from /opt/splunk/lib/libsplunk.so
#6  0x00007fd30424f913 in main () from /opt/splunk/lib/libsplunk.so

Thread 11 (Thread 0x7fff257ba8c9 (LWP 17511)):
#0  0x00007fd8cf95fe71 in pthread_cond_wait () from /lib64/libpthread.so.0
#1  0x00007f5842b6e37c in IndexWriter::waitForData () from /opt/splunk/lib/libsplunk.so
#2  0x00007f69739d72fc in IndexWriter::run () from /opt/splunk/lib/libsplunk.so
#3  0x00007f402166531d in ThreadPool::dispatch () from /opt/splunk/lib/libsplunk.so
#4  0x00007fa58ef69a89 in Splunkd::run () from /opt/splunk/lib/libsplunk.so
#5  0x00007f4c2595891d in main () from /opt/splunk/lib/libsplunk.so

Thread 12 (Thread 0x7f6a9d104735 (LWP 17512)):
#0  0x00007f239e06ef72 in JSONSerializer::serialize () from /opt/splunk/lib/libsplunk.so
#1  0x00007f52a750e50f in RESTHandler::handleGET () from /opt/splunk/lib/libsplunk.so
#2  0x00007f1c7beaa6e7 in RESTHandler::dispatch () from /opt/splunk/lib/libsplunk.so
#3  0x00007fd5faf36643 in HTTPServer::handleRequest () from /opt/splunk/lib/libsplunk.so
#4  0x00007f817c78affa in HTTPServer::acceptLoop () from /opt/splunk/lib/libsplunk.so
#5  0x00007ff81acfbb9d in Splunkd::run () from /opt/splunk/lib/libsplunk.so
#6  0x00007ff06f74ace2 in main () from /opt/splunk/lib/libsplunk.so
