Thread 1 (Thread 0x7ff6ecbfce4a (LWP 23901)):
#0  0x00007fb2ad729633 in WiredTiger::cursor_update () from /opt/splunk/lib/libsplunk.so
#1  0x00007f0670f478cf in MongoDB::update () from /opt/splunk/lib/libsplunk.so
#2  0x00007f46826a6e0e in KVStoreHandler::run () from /opt/splunk/lib/libsplunk.so
#3  0x00007f85a8badbd0 in ThreadPool::dispatch () from /opt/splunk/lib/libsplunk.so
#4  0x00007f8a003045aa in Splunkd::run () from /opt/splunk/lib/libsplunk.so
#5  0x00007f8bf87fd95e in main () from /opt/splunk/lib/libsplunk.so

Thread 2 (Thread 0x7f6702b4a13c (LWP 23902)):
#0  0x00007f898aa02d01 in OpenSSL::SSL_read () from /opt/splunk/lib/libsplunk.so
#1  0x00007ff626497b95 in SSLEngine::read () from /opt/splunk/lib/libsplunk.so
#2  0x00007fb1934c33a1 in HTTPServer::handleRequest () from /opt/splunk/lib/libsplunk.so
#3  0x00007f900cbdcf08 in HTTPServer::acceptLoop () from /opt/splunk/lib/libsplunk.so
#4  0x00007f4cf2efecf9 in Splunkd::run () from /opt/splunk/lib/libsplunk.so
#5  0x00007f894288e914 in main () from /opt/splunk/lib/libsplunk.so

Thread 3 (Thread 0x7fbe2255100d (LWP 23903)):
#0  0x00007f6026ebd8c0 in pthread_cond_wait () from /lib64/libpthread.so.0
#1  0x00007f412ae166e1 in MongoDB::waitForOplog () from /opt/splunk/lib/libsplunk.so
#2  0x00007f19df90f528 in KVStoreHandler::run () from /opt/splunk/lib/libsplunk.so
#3  0x00007f74fa95f0df in ThreadPool::dispatch () from /opt/splunk/lib/libsplunk.so
#4  0x00007f697741df7e in Splunkd::run () from /opt/splunk/lib/libsplunk.so
#5  0x00007fc46929a4b3 in main () from /opt/splunk/lib/libsplunk.so

Thread 4 (Thread 0x7fb0967e16a1 (LWP 23904)):
#0  0x00007fd2565565a8 in std::__introsort_loop () from /opt/splunk/lib/libsplunk.so
#1  0x00007ffd3d1e7e5e in std::sort () from /opt/splunk/lib/libsplunk.so
#2  0x00007f22703d2427 in SortProcessor::sort () from /opt/splunk/lib/libsplunk.so
#3  0x00007f14a86a50be in SearchEvaluator::eval () from /opt/splunk/lib/libsplunk.so
#4  0x00007f23c8ffa9bd in SearchProcessor::executeSearch () from /opt/splunk/lib/libsplunk.so
#5  0x00007fd5e53055bd in SearchProcessor::run () from /opt/splunk/lib/libsplunk.so
#6  0x00007fd3d4822952 in ThreadPool::dispatch () from /opt/splunk/lib/libsplunk.so
#7  0x00007feed2bc690f in Splunkd::run () from /opt/splunk/lib/libsplunk.so
#8  0x00007f93dfa5ee45 in main () from /opt/splunk/lib/libsplunk.so

Thread 5 (Thread 0x7f9cba45939e (LWP 23905)):
#0  0x00007f0c618ad0c9 in read () from /lib64/libc.so.6
#1  0x00007f290d4ed5bf in OpenSSL::SSL_read () from /opt/splunk/lib/libsplunk.so
#2  0x00007f5d93a08a88 in SSLEngine::read () from /opt/splunk/lib/libsplunk.so
#3  0x00007febba3f28c4 in TcpInputProcessor::readData () from /opt/splunk/lib/libsplunk.so
#4  0x00007fd3c2dcdfb6 in TcpInputProcessor::run () from /opt/splunk/lib/libsplunk.so
#5  0x00007f9ecfdae902 in ThreadPool::dispatch () from /opt/splunk/lib/libsplunk.so
#6  0x00007fd652824b0b in Splunkd::run () from /opt/splunk/lib/libsplunk.so
#7  0x00007f14b4839081 in main () from /opt/splunk/lib/libsplunk.so

Thread 6 (Thread 0x7f9b599a8f90 (LWP 23906)):
#0  0x00007f6c82b3a600 in malloc () from /lib64/libc.so.6
#1  0x00007fa5bebda00c in BTreeWriter::insert () from /opt/splunk/lib/libsplunk.so
#2  0x00007fab6d8dde49 in WiredTiger::cursor_insert () from /opt/splunk/lib/libsplunk.so
#3  0x00007f75a58613de in MongoDB::insert () from /opt/splunk/lib/libsplunk.so
#4  0x00007f82bb646798 in KVStoreHandler::run () from /opt/splunk/lib/libsplunk.so
#5  0x00007f85bc3ecab7 in ThreadPool::dispatch () from /opt/splunk/lib/libsplunk.so
#6  0x00007f58262fa130 in Splunkd::run () from /opt/splunk/lib/libsplunk.so
#7  0x00007f855b92a91b in main () from /opt/splunk/lib/libsplunk.so

Thread 7 (Thread 0x7f94c3a858cf (LWP 23907)):
#0  0x00007f001120f819 in FileSystem::copy () from /opt/splunk/lib/libsplunk.so
#1  0x00007fb280d08b58 in BucketSync::syncBucket () from /opt/splunk/lib/libsplunk.so
#2  0x00007fb8ac78df07 in ReplicationManager::replicate () from /opt/splunk/lib/libsplunk.so
#3  0x00007fbb2fce56d2 in ClusterMaster::run () from /opt/splunk/lib/libsplunk.so
#4  0x00007f28756db5e9 in ThreadPool::dispatch () from /opt/splunk/lib/libsplunk.so
#5  0x00007f73b72f648f in Splunkd::run () from /opt/splunk/lib/libsplunk.so
#6  0x00007ff5c51f634d in main () from /opt/splunk/lib/libsplunk.so

Thread 8 (Thread 0x7f7e2fb3dc9a (LWP 23908)):
#0  0x00007ffe4315867c in FileSystem::unlink () from /opt/splunk/lib/libsplunk.so
#1  0x00007f1c801651ee in BucketManager::evictBucket () from /opt/splunk/lib/libsplunk.so
#2  0x00007fbf1ffeff34 in MemoryManager::garbageCollect () from /opt/splunk/lib/libsplunk.so
#3  0x00007ff3de00e58b in MemoryManager::run () from /opt/splunk/lib/libsplunk.so
#4  0x00007f54b62a7b04 in Splunkd::run () from /opt/splunk/lib/libsplunk.so
#5  0x00007fad89e224b7 in main () from /opt/splunk/lib/libsplunk.so

Thread 9 (Thread 0x7f67811dd9ff (LWP 23909)):
#0  0x00007f33edb95a96 in HashTable::insert () from /opt/splunk/lib/libsplunk.so
#1  0x00007fc77fdaed94 in StatsProcessor::aggregate () from /opt/splunk/lib/libsplunk.so
#2  0x00007fcb9fbbd7c8 in SearchEvaluator::eval () from /opt/splunk/lib/libsplunk.so
#3  0x00007fd659a9c8bc in SearchProcessor::executeSearch () from /opt/splunk/lib/libsplunk.so
#4  0x00007fa33c0c87a1 in SearchProcessor::run () from /opt/splunk/lib/libsplunk.so
#5  0x00007fe617a253ec in ThreadPool::dispatch () from /opt/splunk/lib/libsplunk.so
#6  0x00007f9697fbc735 in Splunkd::run () from /opt/splunk/lib/libsplunk.so
#7  0x00007f6b8c132b27 in main () from /opt/splunk/lib/libsplunk.so

Thread 10 (Thread 0x7f12e0724f5b (LWP 23910)):
#0  0x00007fb9a9c1d2a4 in PCRE::match () from /opt/splunk/lib/libsplunk.so
#1  0x00007f68af4073c2 in FieldExtractor::extract () from /opt/splunk/lib/libsplunk.so
#2  0x00007ff76df59381 in SearchEvaluator::eval () from /opt/splunk/lib/libsplunk.so
#3  0x00007febf93ab6b9 in SearchProcessor::executeSearch () from /opt/splunk/lib/libsplunk.so
#4  0x00007f20a6aa9c8c in SearchProcessor::run () from /opt/splunk/lib/libsplunk.so
#5  0x00007f0594be36b9 in ThreadPool::dispatch () from /opt/splunk/lib/libsplunk.so
#6  0x00007f7e0a5c49f5 in Splunkd::run () from /opt/splunk/lib/libsplunk.so
#7  0x00007fd8b8914791 in main () from /opt/splunk/lib/libsplunk.so

Thread 11 (Thread 0x7fa26587eb91 (LWP 23911)):
#0  0x00007fa6601dc432 in BTreeReader::search () from /opt/splunk/lib/libsplunk.so
#1  0x00007f43f315f4d0 in WiredTiger::cursor_search () from /opt/splunk/lib/libsplunk.so
#2  0x00007f9f74257abf in MongoDB::find () from /opt/splunk/lib/libsplunk.so
#3  0x00007f313701f166 in KVStoreHandler::run () from /opt/splunk/lib/libsplunk.so
#4  0x00007fbca11da369 in ThreadPool::dispatch () from /opt/splunk/lib/libsplunk.so
#5  0x00007f61ae1c4d14 in Splunkd::run () from /opt/splunk/lib/libsplunk.so
#6  0x00007f8a5469581c in main () from /opt/splunk/lib/libsplunk.so
