Thread 1 (Thread 0x7fc1eea29af0 (LWP 52201)):
#0  0x00007f7212f2033b in read () from /lib64/libc.so.6
#1  0x00007f169cd7645d in FileReader::read () from /opt/splunk/lib/libsplunk.so
#2  0x00007fe2a1b7407e in FileMonitor::checkFiles () from /opt/splunk/lib/libsplunk.so
#3  0x00007fdc90bd1dbc in FileMonitor::run () from /opt/splunk/lib/libsplunk.so
#4  0x00007f114b940c3e in ThreadPool::dispatch () from /opt/splunk/lib/libsplunk.so
#5  0x00007fadcce62a28 in Splunkd::run () from /opt/splunk/lib/libsplunk.so
#6  0x00007fcbc7d932a7 in main () from /opt/splunk/lib/libsplunk.so

Thread 2 (Thread 0x7f60fb8e2536 (LWP 52202)):
#0  0x00007fcbcaf56a5b in LexerBase::tokenize () from /opt/splunk/lib/libsplunk.so
#1  0x00007f9a92f317ab in SearchParser::parse () from /opt/splunk/lib/libsplunk.so
#2  0x00007f655a4988c3 in SearchProcessor::executeSearch () from /opt/splunk/lib/libsplunk.so
#3  0x00007f7b390dc678 in SearchProcessor::run () from /opt/splunk/lib/libsplunk.so
#4  0x00007fb50f2dc1ef in ThreadPool::dispatch () from /opt/splunk/lib/libsplunk.so
#5  0x00007f4e31f563a5 in Splunkd::run () from /opt/splunk/lib/libsplunk.so
#6  0x00007f89ad34168a in main () from /opt/splunk/lib/libsplunk.so

Thread 3 (Thread 0x7fd253d8e5eb (LWP 52203)):
#0  0x00007f2f661d20dc in pthread_cond_timedwait () from /lib64/libpthread.so.0
#1  0x00007ff96c7a7b13 in Scheduler::waitForNextJob () from /opt/splunk/lib/libsplunk.so
#2  0x00007f195f64e13d in Scheduler::run () from /opt/splunk/lib/libsplunk.so
#3  0x00007fd7befc8048 in Splunkd::run () from /opt/splunk/lib/libsplunk.so
#4  0x00007fb731aa055c in main () from /opt/splunk/lib/libsplunk.so

Thread 4 (Thread 0x7fa8a3b40ca0 (LWP 52204)):
#0  0x00007fa3a505fe2b in malloc () from /lib64/libc.so.6
#1  0x00007f698aefeaf7 in SearchProcessor::createSearch () from /opt/splunk/lib/libsplunk.so
#2  0x00007f1e48f5a712 in Scheduler::dispatchJob () from /opt/splunk/lib/libsplunk.so
#3  0x00007f93fc84871b in Scheduler::run () from /opt/splunk/lib/libsplunk.so
#4  0x00007f5e37462190 in Splunkd::run () from /opt/splunk/lib/libsplunk.so
#5  0x00007f6e9c632f93 in main () from /opt/splunk/lib/libsplunk.so

Thread 5 (Thread 0x7f98cba13358 (LWP 52205)):
#0  0x00007ffd69cb5c51 in LDAP::bind () from /opt/splunk/lib/libsplunk.so
#1  0x00007ff1942d58a3 in AuthManager::authenticate () from /opt/splunk/lib/libsplunk.so
#2  0x00007f1b389459ed in RESTHandler::handlePOST () from /opt/splunk/lib/libsplunk.so
#3  0x00007fb83d268dca in RESTHandler::dispatch () from /opt/splunk/lib/libsplunk.so
#4  0x00007f51292bcef0 in HTTPServer::handleRequest () from /opt/splunk/lib/libsplunk.so
#5  0x00007fbbe09c4726 in HTTPServer::acceptLoop () from /opt/splunk/lib/libsplunk.so
#6  0x00007f970cd1d6ea in Splunkd::run () from /opt/splunk/lib/libsplunk.so
#7  0x00007fea969219a8 in main () from /opt/splunk/lib/libsplunk.so

Thread 6 (Thread 0x7f5085e77c6c (LWP 52206)):
#0  0x00007ff9a47c6d2c in DateParser::parse () from /opt/splunk/lib/libsplunk.so
#1  0x00007f558370d113 in TimestampExtractor::extract () from /opt/splunk/lib/libsplunk.so
#2  0x00007f480b2a3dc0 in IndexWriter::processData () from /opt/splunk/lib/libsplunk.so
#3  0x00007f6f0a7894ae in IndexWriter::run () from /opt/splunk/lib/libsplunk.so
#4  0x00007f11c4924488 in ThreadPool::dispatch () from /opt/splunk/lib/libsplunk.so
#5  0x00007fb9c2f79aa7 in Splunkd::run () from /opt/splunk/lib/libsplunk.so
#6  0x00007fbf0d8088cf in main () from /opt/splunk/lib/libsplunk.so

Thread 7 (Thread 0x7fbce30c0705 (LWP 52207)):
#0  0x00007f583f4dbed9 in pthread_cond_wait () from /lib64/libpthread.so.0
#1  0x00007f871fd8a5af in SearchProcessor::waitForWork () from /opt/splunk/lib/libsplunk.so
#2  0x00007ff68b2382a8 in SearchProcessor::run () from /opt/splunk/lib/libsplunk.so
#3  0x00007f9140f45a7f in ThreadPool::dispatch () from /opt/splunk/lib/libsplunk.so
#4  0x00007f47bccef0fb in Splunkd::run () from /opt/splunk/lib/libsplunk.so
#5  0x00007f67715ddebf in main () from /opt/splunk/lib/libsplunk.so

Thread 8 (Thread 0x7fc064369718 (LWP 52208)):
#0  0x00007f34a2ea911e in HashTable::insert () from /opt/splunk/lib/libsplunk.so
#1  0x00007f9a2d5c0cf9 in StatsProcessor::aggregate () from /opt/splunk/lib/libsplunk.so
#2  0x00007f80add9fd3e in SearchEvaluator::eval () from /opt/splunk/lib/libsplunk.so
#3  0x00007f639f21d0ae in SearchProcessor::executeSearch () from /opt/splunk/lib/libsplunk.so
#4  0x00007fdcc29dc1ad in SearchProcessor::run () from /opt/splunk/lib/libsplunk.so
#5  0x00007ffab8a9c086 in ThreadPool::dispatch () from /opt/splunk/lib/libsplunk.so
#6  0x00007f745944f151 in Splunkd::run () from /opt/splunk/lib/libsplunk.so
#7  0x00007f22caebb41f in main () from /opt/splunk/lib/libsplunk.so

Thread 9 (Thread 0x7f8ddd54fe9b (LWP 52209)):
#0  0x00007f3a49a4b7fd in FileSystem::fsync () from /opt/splunk/lib/libsplunk.so
#1  0x00007f7779b6de53 in BucketWriter::write () from /opt/splunk/lib/libsplunk.so
#2  0x00007f48ca15926a in IndexWriter::writeBlock () from /opt/splunk/lib/libsplunk.so
#3  0x00007fe2bc88cd6a in IndexWriter::processData () from /opt/splunk/lib/libsplunk.so
#4  0x00007faa56b24515 in IndexWriter::run () from /opt/splunk/lib/libsplunk.so
#5  0x00007fe4660fefe3 in ThreadPool::dispatch () from /opt/splunk/lib/libsplunk.so
#6  0x00007fcfd45303ff in Splunkd::run () from /opt/splunk/lib/libsplunk.so
#7  0x00007fc52c3dbf67 in main () from /opt/splunk/lib/libsplunk.so

Thread 10 (Thread 0x7f9bd65ca7fb (LWP 52210)):
#0  0x00007ff66c57582c in JSONSerializer::serialize () from /opt/splunk/lib/libsplunk.so
#1  0x00007ff0e64d56ba in RESTHandler::handleGET () from /opt/splunk/lib/libsplunk.so
#2  0x00007faceb0b7460 in RESTHandler::dispatch () from /opt/splunk/lib/libsplunk.so
#3  0x00007fe3248437c2 in HTTPServer::handleRequest () from /opt/splunk/lib/libsplunk.so
#4  0x00007fce13af5cd4 in HTTPServer::acceptLoop () from /opt/splunk/lib/libsplunk.so
#5  0x00007fe7a5556d54 in Splunkd::run () from /opt/splunk/lib/libsplunk.so
#6  0x00007ffe74ce407e in main () from /opt/splunk/lib/libsplunk.so

Thread 11 (Thread 0x7f673fc66530 (LWP 52211)):
#0  0x00007f36ba942e09 in pthread_cond_timedwait () from /lib64/libpthread.so.0
#1  0x00007f4766c61b6c in Scheduler::waitForNextJob () from /opt/splunk/lib/libsplunk.so
#2  0x00007f245a2e5e14 in Scheduler::run () from /opt/splunk/lib/libsplunk.so
#3  0x00007f216fba5533 in Splunkd::run () from /opt/splunk/lib/libsplunk.so
#4  0x00007fa568625b83 in main () from /opt/splunk/lib/libsplunk.so

Thread 12 (Thread 0x7f40f3a70bae (LWP 52212)):
#0  0x00007ff600a129dc in HashTable::insert () from /opt/splunk/lib/libsplunk.so
#1  0x00007f953a67ba21 in StatsProcessor::aggregate () from /opt/splunk/lib/libsplunk.so
#2  0x00007fada8060e35 in SearchEvaluator::eval () from /opt/splunk/lib/libsplunk.so
#3  0x00007f0192ce37ec in SearchProcessor::executeSearch () from /opt/splunk/lib/libsplunk.so
#4  0x00007f4a89239b6a in SearchProcessor::run () from /opt/splunk/lib/libsplunk.so
#5  0x00007fcd3af33ef2 in ThreadPool::dispatch () from /opt/splunk/lib/libsplunk.so
#6  0x00007f409a8fb05e in Splunkd::run () from /opt/splunk/lib/libsplunk.so
#7  0x00007f02df35a668 in main () from /opt/splunk/lib/libsplunk.so

Thread 13 (Thread 0x7f197630d9cb (LWP 52213)):
#0  0x00007ffb25f4a2c6 in pthread_cond_wait () from /lib64/libpthread.so.0
#1  0x00007f7b96e58d66 in MemoryManager::waitForThreshold () from /opt/splunk/lib/libsplunk.so
#2  0x00007f1d858033db in MemoryManager::run () from /opt/splunk/lib/libsplunk.so
#3  0x00007fa2e5706c38 in Splunkd::run () from /opt/splunk/lib/libsplunk.so
#4  0x00007f1f5c202b0c in main () from /opt/splunk/lib/libsplunk.so

Thread 14 (Thread 0x7f2e013255d5 (LWP 52214)):
#0  0x00007fa434022a8e in DateParser::parse () from /opt/splunk/lib/libsplunk.so
#1  0x00007fb096ed55fb in TimestampExtractor::extract () from /opt/splunk/lib/libsplunk.so
#2  0x00007f6949e96059 in IndexWriter::processData () from /opt/splunk/lib/libsplunk.so
#3  0x00007f9f7919b417 in IndexWriter::run () from /opt/splunk/lib/libsplunk.so
#4  0x00007fe78702dbd3 in ThreadPool::dispatch () from /opt/splunk/lib/libsplunk.so
#5  0x00007f4df9740013 in Splunkd::run () from /opt/splunk/lib/libsplunk.so
#6  0x00007fb0dce27927 in main () from /opt/splunk/lib/libsplunk.so

Thread 15 (Thread 0x7ff70d4358f8 (LWP 52215)):
#0  0x00007f5cf87ae4d7 in pthread_cond_timedwait () from /lib64/libpthread.so.0
#1  0x00007f686b39fbdc in ReplicationManager::waitForAck () from /opt/splunk/lib/libsplunk.so
#2  0x00007fa4516240dd in ClusterMaster::run () from /opt/splunk/lib/libsplunk.so
#3  0x00007ffced9f8ebd in ThreadPool::dispatch () from /opt/splunk/lib/libsplunk.so
#4  0x00007fa24a3730a8 in Splunkd::run () from /opt/splunk/lib/libsplunk.so
#5  0x00007f92aee198db in main () from /opt/splunk/lib/libsplunk.so

Thread 16 (Thread 0x7fd95cbb1b53 (LWP 52216)):
#0  0x00007f579f0f9054 in RegexMatcher::match () from /opt/splunk/lib/libsplunk.so
#1  0x00007fc6ed39155f in LineBreaker::split () from /opt/splunk/lib/libsplunk.so
#2  0x00007ff12489ca56 in IndexWriter::processData () from /opt/splunk/lib/libsplunk.so
#3  0x00007fc668375910 in IndexWriter::run () from /opt/splunk/lib/libsplunk.so
#4  0x00007f7c786fabe3 in ThreadPool::dispatch () from /opt/splunk/lib/libsplunk.so
#5  0x00007faba71107ba in Splunkd::run () from /opt/splunk/lib/libsplunk.so
#6  0x00007f8bbf630ea8 in main () from /opt/splunk/lib/libsplunk.so

Thread 17 (Thread 0x7f439929cbf3 (LWP 52217)):
#0  0x00007f6e8022cd42 in LexerBase::tokenize () from /opt/splunk/lib/libsplunk.so
#1  0x00007f81e1c7e2e9 in SearchParser::parse () from /opt/splunk/lib/libsplunk.so
#2  0x00007f758f98ac17 in SearchProcessor::executeSearch () from /opt/splunk/lib/libsplunk.so
#3  0x00007f676d5c6b21 in SearchProcessor::run () from /opt/splunk/lib/libsplunk.so
#4  0x00007f41480a3392 in ThreadPool::dispatch () from /opt/splunk/lib/libsplunk.so
#5  0x00007f8b8f8dcde2 in Splunkd::run () from /opt/splunk/lib/libsplunk.so
#6  0x00007f75f135bf83 in main () from /opt/splunk/lib/libsplunk.so

Thread 18 (Thread 0x7f742a5467d5 (LWP 52218)):
#0  0x00007fcacec19887 in epoll_wait () from /lib64/libc.so.6
#1  0x00007fe5ea656ed5 in HTTPServer::acceptLoop () from /opt/splunk/lib/libsplunk.so
#2  0x00007f0a38e77783 in Splunkd::run () from /opt/splunk/lib/libsplunk.so
#3  0x00007f2d6e34e2ac in main () from /opt/splunk/lib/libsplunk.so

Thread 19 (Thread 0x7f94cca733cd (LWP 52219)):
#0  0x00007f84643f7e47 in LexerBase::tokenize () from /opt/splunk/lib/libsplunk.so
#1  0x00007fc2fb2c5a69 in SearchParser::parse () from /opt/splunk/lib/libsplunk.so
#2  0x00007f32b8ab1f47 in SearchProcessor::executeSearch () from /opt/splunk/lib/libsplunk.so
#3  0x00007f713692e9a2 in SearchProcessor::run () from /opt/splunk/lib/libsplunk.so
#4  0x00007f6c76fe3959 in ThreadPool::dispatch () from /opt/splunk/lib/libsplunk.so
#5  0x00007f8d8873bbcd in Splunkd::run () from /opt/splunk/lib/libsplunk.so
#6  0x00007f1677a10a1e in main () from /opt/splunk/lib/libsplunk.so
