Thread 1 (Thread 0x7f6ebaabffa9 (LWP 43401)):
#0  0x00007ff8967ce7c6 in malloc () from /lib64/libc.so.6
#1  0x00007f83240ddaec in SearchProcessor::createSearch () from /opt/splunk/lib/libsplunk.so
#2  0x00007f6b9dff4837 in Scheduler::dispatchJob () from /opt/splunk/lib/libsplunk.so
#3  0x00007f549759ab39 in Scheduler::run () from /opt/splunk/lib/libsplunk.so
#4  0x00007fa5f3d7dd16 in Splunkd::run () from /opt/splunk/lib/libsplunk.so
#5  0x00007f8fd5e532bd in main () from /opt/splunk/lib/libsplunk.so

Thread 2 (Thread 0x7f6f6173a204 (LWP 43402)):
#0  0x00007fa8594bf621 in zlib::compress () from /opt/splunk/lib/libsplunk.so
#1  0x00007f9294c6e3a9 in BucketWriter::write () from /opt/splunk/lib/libsplunk.so
#2  0x00007fdba9d178d6 in IndexWriter::writeBlock () from /opt/splunk/lib/libsplunk.so
#3  0x00007f336039a9a5 in IndexWriter::processData () from /opt/splunk/lib/libsplunk.so
#4  0x00007fc693c4aa66 in IndexWriter::run () from /opt/splunk/lib/libsplunk.so
#5  0x00007f33bdbff155 in ThreadPool::dispatch () from /opt/splunk/lib/libsplunk.so
#6  0x00007f971f4703c5 in Splunkd::run () from /opt/splunk/lib/libsplunk.so
#7  0x00007f58a31419f1 in main () from /opt/splunk/lib/libsplunk.so

Thread 3 (Thread 0x7fa4ef448079 (LWP 43403)):
#0  0x00007f1e79cac5e2 in zlib::compress () from /opt/splunk/lib/libsplunk.so
#1  0x00007fc69c81ec36 in BucketWriter::write () from /opt/splunk/lib/libsplunk.so
#2  0x00007f2296d7d711 in IndexWriter::writeBlock () from /opt/splunk/lib/libsplunk.so
#3  0x00007f4f93c08d46 in IndexWriter::processData () from /opt/splunk/lib/libsplunk.so
#4  0x00007f430977c9ac in IndexWriter::run () from /opt/splunk/lib/libsplunk.so
#5  0x00007f6bf951b948 in ThreadPool::dispatch () from /opt/splunk/lib/libsplunk.so
#6  0x00007fbcd9360927 in Splunkd::run () from /opt/splunk/lib/libsplunk.so
#7  0x00007fc0663de74e in main () from /opt/splunk/lib/libsplunk.so

Thread 4 (Thread 0x7f98675ead46 (LWP 43404)):
#0  0x00007fb32bfce377 in LexerBase::tokenize () from /opt/splunk/lib/libsplunk.so
#1  0x00007f41d65a5102 in SearchParser::parse () from /opt/splunk/lib/libsplunk.so
#2  0x00007f227b13fa59 in SearchProcessor::executeSearch () from /opt/splunk/lib/libsplunk.so
#3  0x00007fe31652ae81 in SearchProcessor::run () from /opt/splunk/lib/libsplunk.so
#4  0x00007f9dc7325a63 in ThreadPool::dispatch () from /opt/splunk/lib/libsplunk.so
#5  0x00007f257370f2b8 in Splunkd::run () from /opt/splunk/lib/libsplunk.so
#6  0x00007fd5d3401e15 in main () from /opt/splunk/lib/libsplunk.so

Thread 5 (Thread 0x7ff80d734745 (LWP 43405)):
#0  0x00007f409a0b2e6a in JSONSerializer::serialize () from /opt/splunk/lib/libsplunk.so
#1  0x00007feea173e907 in RESTHandler::handleGET () from /opt/splunk/lib/libsplunk.so
#2  0x00007f5fb92fb94f in RESTHandler::dispatch () from /opt/splunk/lib/libsplunk.so
#3  0x00007f958417ae7b in HTTPServer::handleRequest () from /opt/splunk/lib/libsplunk.so
#4  0x00007f6a23ec239c in HTTPServer::acceptLoop () from /opt/splunk/lib/libsplunk.so
#5  0x00007f33e8eb9b9b in Splunkd::run () from /opt/splunk/lib/libsplunk.so
#6  0x00007f579aef6a8e in main () from /opt/splunk/lib/libsplunk.so

Thread 6 (Thread 0x7f7f07d24225 (LWP 43406)):
#0  0x00007f2c4a03bbd3 in HashTable::insert () from /opt/splunk/lib/libsplunk.so
#1  0x00007faf4249d839 in StatsProcessor::aggregate () from /opt/splunk/lib/libsplunk.so
#2  0x00007ff080bdcb9a in SearchEvaluator::eval () from /opt/splunk/lib/libsplunk.so
#3  0x00007f9d9b5708cc in SearchProcessor::executeSearch () from /opt/splunk/lib/libsplunk.so
#4  0x00007fb831ac7116 in SearchProcessor::run () from /opt/splunk/lib/libsplunk.so
#5  0x00007ff73394c32f in ThreadPool::dispatch () from /opt/splunk/lib/libsplunk.so
#6  0x00007f776ff309e0 in Splunkd::run () from /opt/splunk/lib/libsplunk.so
#7  0x00007f9030131704 in main () from /opt/splunk/lib/libsplunk.so

Thread 7 (Thread 0x7f18c0d22e74 (LWP 43407)):
#0  0x00007fe9342a002a in RegexMatcher::match () from /opt/splunk/lib/libsplunk.so
#1  0x00007f1847923116 in LineBreaker::split () from /opt/splunk/lib/libsplunk.so
#2  0x00007fc850cc3642 in IndexWriter::processData () from /opt/splunk/lib/libsplunk.so
#3  0x00007f06aefaf606 in IndexWriter::run () from /opt/splunk/lib/libsplunk.so
#4  0x00007f118cb90312 in ThreadPool::dispatch () from /opt/splunk/lib/libsplunk.so
#5  0x00007f178e823061 in Splunkd::run () from /opt/splunk/lib/libsplunk.so
#6  0x00007fd80646fa4d in main () from /opt/splunk/lib/libsplunk.so

Thread 8 (Thread 0x7fd76138d8d4 (LWP 43408)):
#0  0x00007ffe68b2fdb7 in FileSystem::fsync () from /opt/splunk/lib/libsplunk.so
#1  0x00007f66ea938084 in BucketWriter::write () from /opt/splunk/lib/libsplunk.so
#2  0x00007f58e21039b1 in IndexWriter::writeBlock () from /opt/splunk/lib/libsplunk.so
#3  0x00007fb75d2bc459 in IndexWriter::processData () from /opt/splunk/lib/libsplunk.so
#4  0x00007fe108ded7b1 in IndexWriter::run () from /opt/splunk/lib/libsplunk.so
#5  0x00007f149ab9b7c7 in ThreadPool::dispatch () from /opt/splunk/lib/libsplunk.so
#6  0x00007fce1d08a53a in Splunkd::run () from /opt/splunk/lib/libsplunk.so
#7  0x00007fcb9b5629b0 in main () from /opt/splunk/lib/libsplunk.so

Thread 9 (Thread 0x7f70d7461121 (LWP 43409)):
#0  0x00007f37d4238399 in zlib::compress () from /opt/splunk/lib/libsplunk.so
#1  0x00007f98f37d3443 in BucketWriter::write () from /opt/splunk/lib/libsplunk.so
#2  0x00007f1712a8dc9f in IndexWriter::writeBlock () from /opt/splunk/lib/libsplunk.so
#3  0x00007f062342f548 in IndexWriter::processData () from /opt/splunk/lib/libsplunk.so
#4  0x00007f8004af7f36 in IndexWriter::run () from /opt/splunk/lib/libsplunk.so
#5  0x00007fb844da2c33 in ThreadPool::dispatch () from /opt/splunk/lib/libsplunk.so
#6  0x00007f649a91f38c in Splunkd::run () from /opt/splunk/lib/libsplunk.so
#7  0x00007f49758131b7 in main () from /opt/splunk/lib/libsplunk.so

Thread 10 (Thread 0x7f79e9706123 (LWP 43410)):
#0  0x00007f351d48dbc8 in recvfrom () from /lib64/libc.so.6
#1  0x00007f57b3e132f5 in UDPInputProcessor::readData () from /opt/splunk/lib/libsplunk.so
#2  0x00007fe43dbba49b in UDPInputProcessor::run () from /opt/splunk/lib/libsplunk.so
#3  0x00007fad45c649ff in ThreadPool::dispatch () from /opt/splunk/lib/libsplunk.so
#4  0x00007f72f61ae839 in Splunkd::run () from /opt/splunk/lib/libsplunk.so
#5  0x00007f8868d3a45e in main () from /opt/splunk/lib/libsplunk.so

Thread 11 (Thread 0x7f9b75cb062e (LWP 43411)):
#0  0x00007fe180301842 in OpenSSL::SSL_read () from /opt/splunk/lib/libsplunk.so
#1  0x00007fea450c9e13 in SSLEngine::read () from /opt/splunk/lib/libsplunk.so
#2  0x00007f48dcb0307d in HTTPServer::handleRequest () from /opt/splunk/lib/libsplunk.so
#3  0x00007ffdd1e544e8 in HTTPServer::acceptLoop () from /opt/splunk/lib/libsplunk.so
#4  0x00007f80190771c9 in Splunkd::run () from /opt/splunk/lib/libsplunk.so
#5  0x00007f04b7c7ac81 in main () from /opt/splunk/lib/libsplunk.so
