Thread 1 (Thread 0x7fdbc40614fb (LWP 36001)):
#0  0x00007f7ba27e7470 in pthread_cond_wait () from /lib64/libpthread.so.0
#1  0x00007f83498829bb in MongoDB::waitForOplog () from /opt/splunk/lib/libsplunk.so
#2  0x00007f6e879de200 in KVStoreHandler::run () from /opt/splunk/lib/libsplunk.so
#3  0x00007f8270b473a7 in ThreadPool::dispatch () from /opt/splunk/lib/libsplunk.so
#4  0x00007ffeb395c720 in Splunkd::run () from /opt/splunk/lib/libsplunk.so
#5  0x00007f5de45faa82 in main () from /opt/splunk/lib/libsplunk.so

Thread 2 (Thread 0x7fbc4cc1aa5d (LWP 36002)):
#0  0x00007faeff90fe71 in RegexMatcher::match () from /opt/splunk/lib/libsplunk.so
#1  0x00007ff0cb52f0e3 in LineBreaker::split () from /opt/splunk/lib/libsplunk.so
#2  0x00007fd0a936e851 in IndexWriter::processData () from /opt/splunk/lib/libsplunk.so
#3  0x00007f45bb2be147 in IndexWriter::run () from /opt/splunk/lib/libsplunk.so
#4  0x00007f3c6cd981d9 in ThreadPool::dispatch () from /opt/splunk/lib/libsplunk.so
#5  0x00007f9b94fe57ad in Splunkd::run () from /opt/splunk/lib/libsplunk.so
#6  0x00007f2f071a7d29 in main () from /opt/splunk/lib/libsplunk.so

Thread 3 (Thread 0x7f0df9d38dae (LWP 36003)):
#0  0x00007f5a3b7898ea in FileSystem::copy () from /opt/splunk/lib/libsplunk.so
#1  0x00007f24d0323b8d in BucketSync::syncBucket () from /opt/splunk/lib/libsplunk.so
#2  0x00007fa5f9b37998 in ReplicationManager::replicate () from /opt/splunk/lib/libsplunk.so
#3  0x00007f4021a18806 in ClusterMaster::run () from /opt/splunk/lib/libsplunk.so
#4  0x00007f265fea0add in ThreadPool::dispatch () from /opt/splunk/lib/libsplunk.so
#5  0x00007f73687bd666 in Splunkd::run () from /opt/splunk/lib/libsplunk.so
#6  0x00007f8596b2cad3 in main () from /opt/splunk/lib/libsplunk.so

Thread 4 (Thread 0x7fb88a6e3a89 (LWP 36004)):
#0  0x00007f57c71b377a in pthread_cond_wait () from /lib64/libpthread.so.0
#1  0x00007f2254e05824 in IndexWriter::waitForData () from /opt/splunk/lib/libsplunk.so
#2  0x00007ff0429db79e in IndexWriter::run () from /opt/splunk/lib/libsplunk.so
#3  0x00007ffdb9c9719c in ThreadPool::dispatch () from /opt/splunk/lib/libsplunk.so
#4  0x00007f4c83e53e83 in Splunkd::run () from /opt/splunk/lib/libsplunk.so
#5  0x00007fb4dc02af60 in main () from /opt/splunk/lib/libsplunk.so

Thread 5 (Thread 0x7f21b400b1b1 (LWP 36005)):
#0  0x00007fc07c87343f in LDAP::bind () from /opt/splunk/lib/libsplunk.so
#1  0x00007f74e7fb0b2a in AuthManager::authenticate () from /opt/splunk/lib/libsplunk.so
#2  0x00007fb76f576dee in RESTHandler::handlePOST () from /opt/splunk/lib/libsplunk.so
#3  0x00007f90643b6a33 in RESTHandler::dispatch () from /opt/splunk/lib/libsplunk.so
#4  0x00007f903ef2cdb7 in HTTPServer::handleRequest () from /opt/splunk/lib/libsplunk.so
#5  0x00007fa2d8afd475 in HTTPServer::acceptLoop () from /opt/splunk/lib/libsplunk.so
#6  0x00007f39d6e2e377 in Splunkd::run () from /opt/splunk/lib/libsplunk.so
#7  0x00007f105f38bad6 in main () from /opt/splunk/lib/libsplunk.so

Thread 6 (Thread 0x7f73e79d3411 (LWP 36006)):
#0  0x00007fbc9f62c5c9 in PCRE::match () from /opt/splunk/lib/libsplunk.so
#1  0x00007f8697c0e95e in FieldExtractor::extract () from /opt/splunk/lib/libsplunk.so
#2  0x00007f6a6dced3e6 in SearchEvaluator::eval () from /opt/splunk/lib/libsplunk.so
#3  0x00007ffe908a4f17 in SearchProcessor::executeSearch () from /opt/splunk/lib/libsplunk.so
#4  0x00007f3fd7599294 in SearchProcessor::run () from /opt/splunk/lib/libsplunk.so
#5  0x00007fc623c97cbb in ThreadPool::dispatch () from /opt/splunk/lib/libsplunk.so
#6  0x00007f431ef1ae38 in Splunkd::run () from /opt/splunk/lib/libsplunk.so
#7  0x00007f25d6c6f6bb in main () from /opt/splunk/lib/libsplunk.so

Thread 7 (Thread 0x7fb55dcb7e22 (LWP 36007)):
#0  0x00007f67957d0a77 in malloc () from /lib64/libc.so.6
#1  0x00007feb161a7025 in BTreeWriter::insert () from /opt/splunk/lib/libsplunk.so
#2  0x00007fce21e648c4 in WiredTiger::cursor_insert () from /opt/splunk/lib/libsplunk.so
#3  0x00007f232fad0f97 in MongoDB::insert () from /opt/splunk/lib/libsplunk.so
#4  0x00007fcf6e8f0f03 in KVStoreHandler::run () from /opt/splunk/lib/libsplunk.so
#5  0x00007ff7187ed8d7 in ThreadPool::dispatch () from /opt/splunk/lib/libsplunk.so
#6  0x00007f090303da81 in Splunkd::run () from /opt/splunk/lib/libsplunk.so
#7  0x00007f48153cdef1 in main () from /opt/splunk/lib/libsplunk.so

Thread 8 (Thread 0x7fbc4c44516d (LWP 36008)):
#0  0x00007f551a7e6a93 in read () from /lib64/libc.so.6
#1  0x00007fc4e176ae48 in OpenSSL::SSL_read () from /opt/splunk/lib/libsplunk.so
#2  0x00007f257287eea4 in SSLEngine::read () from /opt/splunk/lib/libsplunk.so
#3  0x00007f981b0714d9 in TcpInputProcessor::readData () from /opt/splunk/lib/libsplunk.so
#4  0x00007f0f3117aebf in TcpInputProcessor::run () from /opt/splunk/lib/libsplunk.so
#5  0x00007f8421b75d2b in ThreadPool::dispatch () from /opt/splunk/lib/libsplunk.so
#6  0x00007f0ca20ef90c in Splunkd::run () from /opt/splunk/lib/libsplunk.so
#7  0x00007f0e093ae7aa in main () from /opt/splunk/lib/libsplunk.so

Thread 9 (Thread 0x7f493852b3f2 (LWP 36009)):
#0  0x00007f2525e2b506 in write () from /lib64/libc.so.6
#1  0x00007fd4a57e8f90 in TCPClient::send () from /opt/splunk/lib/libsplunk.so
#2  0x00007fe5e8ca3580 in ReplicationManager::replicate () from /opt/splunk/lib/libsplunk.so
#3  0x00007f4c01ae9697 in ClusterMaster::run () from /opt/splunk/lib/libsplunk.so
#4  0x00007f2fc91cd166 in ThreadPool::dispatch () from /opt/splunk/lib/libsplunk.so
#5  0x00007f75dd39650f in Splunkd::run () from /opt/splunk/lib/libsplunk.so
#6  0x00007f3cd459f4a7 in main () from /opt/splunk/lib/libsplunk.so

Thread 10 (Thread 0x7ff1fb0bdbb1 (LWP 36010)):
#0  0x00007ff68da37de2 in PCRE::match () from /opt/splunk/lib/libsplunk.so
#1  0x00007f3743f92a82 in FieldExtractor::extract () from /opt/splunk/lib/libsplunk.so
#2  0x00007f05f0e5a442 in SearchEvaluator::eval () from /opt/splunk/lib/libsplunk.so
#3  0x00007f54b3138b35 in SearchProcessor::executeSearch () from /opt/splunk/lib/libsplunk.so
#4  0x00007f4bc9633862 in SearchProcessor::run () from /opt/splunk/lib/libsplunk.so
#5  0x00007f711deeb9de in ThreadPool::dispatch () from /opt/splunk/lib/libsplunk.so
#6  0x00007f157649ed37 in Splunkd::run () from /opt/splunk/lib/libsplunk.so
#7  0x00007f2e725c1c8d in main () from /opt/splunk/lib/libsplunk.so

Thread 11 (Thread 0x7f92664e88d0 (LWP 36011)):
#0  0x00007f204ed7bded in poll () from /lib64/libc.so.6
#1  0x00007f8c82c6ae00 in TCPClient::connect () from /opt/splunk/lib/libsplunk.so
#2  0x00007f10b4aeb537 in ReplicationManager::checkHealth () from /opt/splunk/lib/libsplunk.so
#3  0x00007f84892c47a9 in ClusterMaster::run () from /opt/splunk/lib/libsplunk.so
#4  0x00007f86c9f26641 in ThreadPool::dispatch () from /opt/splunk/lib/libsplunk.so
#5  0x00007f3ae3c83c85 in Splunkd::run () from /opt/splunk/lib/libsplunk.so
#6  0x00007fb40231de92 in main () from /opt/splunk/lib/libsplunk.so

Thread 12 (Thread 0x7f10781550f8 (LWP 36012)):
#0  0x00007ff31db8ad47 in DateParser::parse () from /opt/splunk/lib/libsplunk.so
#1  0x00007fbb41c17e01 in TimestampExtractor::extract () from /opt/splunk/lib/libsplunk.so
#2  0x00007f6cc2af70e2 in IndexWriter::processData () from /opt/splunk/lib/libsplunk.so
#3  0x00007f2f10638be8 in IndexWriter::run () from /opt/splunk/lib/libsplunk.so
#4  0x00007f783a521784 in ThreadPool::dispatch () from /opt/splunk/lib/libsplunk.so
#5  0x00007f9842891565 in Splunkd::run () from /opt/splunk/lib/libsplunk.so
#6  0x00007f03acc6eb45 in main () from /opt/splunk/lib/libsplunk.so

Thread 13 (Thread 0x7f412f408e9e (LWP 36013)):
#0  0x00007f31af773cae in RegexMatcher::match () from /opt/splunk/lib/libsplunk.so
#1  0x00007f353e997da1 in LineBreaker::split () from /opt/splunk/lib/libsplunk.so
#2  0x00007fb1bdcede6d in IndexWriter::processData () from /opt/splunk/lib/libsplunk.so
#3  0x00007f2b47ae01da in IndexWriter::run () from /opt/splunk/lib/libsplunk.so
#4  0x00007f9c4bdb7efd in ThreadPool::dispatch () from /opt/splunk/lib/libsplunk.so
#5  0x00007faa6761f48f in Splunkd::run () from /opt/splunk/lib/libsplunk.so
#6  0x00007ffc0f249de2 in main () from /opt/splunk/lib/libsplunk.so

Thread 14 (Thread 0x7f404f21a76b (LWP 36014)):
#0  0x00007fc0cbcab6c2 in recv () from /lib64/libc.so.6
#1  0x00007f33e1bd6aba in TcpInputProcessor::readData () from /opt/splunk/lib/libsplunk.so
#2  0x00007faee9a01922 in TcpInputProcessor::run () from /opt/splunk/lib/libsplunk.so
#3  0x00007f9fa74e9fdf in ThreadPool::dispatch () from /opt/splunk/lib/libsplunk.so
#4  0x00007f49c05420ff in Splunkd::run () from /opt/splunk/lib/libsplunk.so
#5  0x00007fa689eccc7b in main () from /opt/splunk/lib/libsplunk.so

Thread 15 (Thread 0x7fd31858da1c (LWP 36015)):
#0  0x00007f4430e8d840 in FileSystem::copy () from /opt/splunk/lib/libsplunk.so
#1  0x00007feb4df5173a in BucketSync::syncBucket () from /opt/splunk/lib/libsplunk.so
#2  0x00007f2e4a751bb8 in ReplicationManager::replicate () from /opt/splunk/lib/libsplunk.so
#3  0x00007f103972dec8 in ClusterMaster::run () from /opt/splunk/lib/libsplunk.so
#4  0x00007f2745a43499 in ThreadPool::dispatch () from /opt/splunk/lib/libsplunk.so
#5  0x00007fc5410660f4 in Splunkd::run () from /opt/splunk/lib/libsplunk.so
#6  0x00007f36d3e82c58 in main () from /opt/splunk/lib/libsplunk.so

Thread 16 (Thread 0x7f3ac987a5f0 (LWP 36016)):
#0  0x00007f18125198f8 in FileSystem::fsync () from /opt/splunk/lib/libsplunk.so
#1  0x00007f38d927854b in BucketWriter::write () from /opt/splunk/lib/libsplunk.so
#2  0x00007f301a6b35cf in IndexWriter::writeBlock () from /opt/splunk/lib/libsplunk.so
#3  0x00007f0f05353c0f in IndexWriter::processData () from /opt/splunk/lib/libsplunk.so
#4  0x00007f15b6f96393 in IndexWriter::run () from /opt/splunk/lib/libsplunk.so
#5  0x00007fb8ab0bf0ae in ThreadPool::dispatch () from /opt/splunk/lib/libsplunk.so
#6  0x00007fbe666cb9dc in Splunkd::run () from /opt/splunk/lib/libsplunk.so
#7  0x00007fad7bb49efa in main () from /opt/splunk/lib/libsplunk.so
