Thread 1 (Thread 0x7fa3d4d0d8de (LWP 37501)):
#0  0x00007f8df5dceef9 in SAML::validateToken () from /opt/splunk/lib/libsplunk.so
#1  0x00007f3a367525aa in AuthManager::authenticate () from /opt/splunk/lib/libsplunk.so
#2  0x00007fed231c9453 in RESTHandler::handlePOST () from /opt/splunk/lib/libsplunk.so
#3  0x00007f7b02b32307 in RESTHandler::dispatch () from /opt/splunk/lib/libsplunk.so
#4  0x00007f9d5b8e85d5 in HTTPServer::handleRequest () from /opt/splunk/lib/libsplunk.so
#5  0x00007fc697716827 in HTTPServer::acceptLoop () from /opt/splunk/lib/libsplunk.so
#6  0x00007f0f11133e00 in Splunkd::run () from /opt/splunk/lib/libsplunk.so
#7  0x00007fea4c843c61 in main () from /opt/splunk/lib/libsplunk.so

Thread 2 (Thread 0x7ff4f2796190 (LWP 37502)):
#0  0x00007f80f4481a2f in DateParser::parse () from /opt/splunk/lib/libsplunk.so
#1  0x00007fbe4ad24e1a in TimestampExtractor::extract () from /opt/splunk/lib/libsplunk.so
#2  0x00007fad65a7a8d7 in IndexWriter::processData () from /opt/splunk/lib/libsplunk.so
#3  0x00007fa808160277 in IndexWriter::run () from /opt/splunk/lib/libsplunk.so
#4  0x00007fe0b2a91919 in ThreadPool::dispatch () from /opt/splunk/lib/libsplunk.so
#5  0x00007f53d762645d in Splunkd::run () from /opt/splunk/lib/libsplunk.so
#6  0x00007f7a667a3d22 in main () from /opt/splunk/lib/libsplunk.so

Thread 3 (Thread 0x7f0d8853b195 (LWP 37503)):
#0  0x00007fa8d0fd9d76 in pthread_cond_wait () from /lib64/libpthread.so.0
#1  0x00007f81c06b5f6a in IndexWriter::waitForData () from /opt/splunk/lib/libsplunk.so
#2  0x00007f5ad337fc03 in IndexWriter::run () from /opt/splunk/lib/libsplunk.so
#3  0x00007f5d1d7a03dc in ThreadPool::dispatch () from /opt/splunk/lib/libsplunk.so
#4  0x00007f2afb9b9ceb in Splunkd::run () from /opt/splunk/lib/libsplunk.so
#5  0x00007f701a2c8435 in main () from /opt/splunk/lib/libsplunk.so

Thread 4 (Thread 0x7fdb1537724a (LWP 37504)):
#0  0x00007f6ab712501e in WiredTiger::cursor_update () from /opt/splunk/lib/libsplunk.so
#1  0x00007fb29c5bf95b in MongoDB::update () from /opt/splunk/lib/libsplunk.so
#2  0x00007f0203c39d85 in KVStoreHandler::run () from /opt/splunk/lib/libsplunk.so
#3  0x00007fc757bd54e8 in ThreadPool::dispatch () from /opt/splunk/lib/libsplunk.so
#4  0x00007f853234c744 in Splunkd::run () from /opt/splunk/lib/libsplunk.so
#5  0x00007f700f1f7f04 in main () from /opt/splunk/lib/libsplunk.so

Thread 5 (Thread 0x7f6dbcff9982 (LWP 37505)):
#0  0x00007f7450d96644 in BTreeReader::search () from /opt/splunk/lib/libsplunk.so
#1  0x00007f785bf40217 in WiredTiger::cursor_search () from /opt/splunk/lib/libsplunk.so
#2  0x00007fa2c5fe4fe3 in MongoDB::find () from /opt/splunk/lib/libsplunk.so
#3  0x00007f3e017798f0 in KVStoreHandler::run () from /opt/splunk/lib/libsplunk.so
#4  0x00007f07925733fb in ThreadPool::dispatch () from /opt/splunk/lib/libsplunk.so
#5  0x00007ff2eab9d403 in Splunkd::run () from /opt/splunk/lib/libsplunk.so
#6  0x00007fe59074a838 in main () from /opt/splunk/lib/libsplunk.so

Thread 6 (Thread 0x7f334c4e7e1c (LWP 37506)):
#0  0x00007f4dfb9459fa in FileSystem::copy () from /opt/splunk/lib/libsplunk.so
#1  0x00007fe839f9124e in BucketSync::syncBucket () from /opt/splunk/lib/libsplunk.so
#2  0x00007fc13670eca8 in ReplicationManager::replicate () from /opt/splunk/lib/libsplunk.so
#3  0x00007f073a5c2828 in ClusterMaster::run () from /opt/splunk/lib/libsplunk.so
#4  0x00007faef6bdfe41 in ThreadPool::dispatch () from /opt/splunk/lib/libsplunk.so
#5  0x00007f36708881d8 in Splunkd::run () from /opt/splunk/lib/libsplunk.so
#6  0x00007ff58be83e78 in main () from /opt/splunk/lib/libsplunk.so

Thread 7 (Thread 0x7f98a1df9f56 (LWP 37507)):
#0  0x00007f421505e056 in std::__introsort_loop () from /opt/splunk/lib/libsplunk.so
#1  0x00007f7c080fa38e in std::sort () from /opt/splunk/lib/libsplunk.so
#2  0x00007f63f619a9ed in SortProcessor::sort () from /opt/splunk/lib/libsplunk.so
#3  0x00007fe3877ea240 in SearchEvaluator::eval () from /opt/splunk/lib/libsplunk.so
#4  0x00007fb42a5abd70 in SearchProcessor::executeSearch () from /opt/splunk/lib/libsplunk.so
#5  0x00007f970bd0ddad in SearchProcessor::run () from /opt/splunk/lib/libsplunk.so
#6  0x00007f2cf21c34bf in ThreadPool::dispatch () from /opt/splunk/lib/libsplunk.so
#7  0x00007f8bc6230666 in Splunkd::run () from /opt/splunk/lib/libsplunk.so
#8  0x00007f0f8a3fd878 in main () from /opt/splunk/lib/libsplunk.so

Thread 8 (Thread 0x7f785490e4db (LWP 37508)):
#0  0x00007fe2069d6c33 in PCRE::match () from /opt/splunk/lib/libsplunk.so
#1  0x00007f84c1ef5536 in FieldExtractor::extract () from /opt/splunk/lib/libsplunk.so
#2  0x00007fc0c6e01c33 in SearchEvaluator::eval () from /opt/splunk/lib/libsplunk.so
#3  0x00007f7624d1840a in SearchProcessor::executeSearch () from /opt/splunk/lib/libsplunk.so
#4  0x00007fa2f351bffc in SearchProcessor::run () from /opt/splunk/lib/libsplunk.so
#5  0x00007fcf48b2421c in ThreadPool::dispatch () from /opt/splunk/lib/libsplunk.so
#6  0x00007fcc5de9934d in Splunkd::run () from /opt/splunk/lib/libsplunk.so
#7  0x00007fa4e6eec8e5 in main () from /opt/splunk/lib/libsplunk.so

Thread 9 (Thread 0x7f21df9766ac (LWP 37509)):
#0  0x00007ff55946ed88 in RegexMatcher::match () from /opt/splunk/lib/libsplunk.so
#1  0x00007fab613fe21a in LineBreaker::split () from /opt/splunk/lib/libsplunk.so
#2  0x00007fecea48eb49 in IndexWriter::processData () from /opt/splunk/lib/libsplunk.so
#3  0x00007f2db49ceff1 in IndexWriter::run () from /opt/splunk/lib/libsplunk.so
#4  0x00007f584e28bc27 in ThreadPool::dispatch () from /opt/splunk/lib/libsplunk.so
#5  0x00007f14a5d3a56f in Splunkd::run () from /opt/splunk/lib/libsplunk.so
#6  0x00007fc00cff9189 in main () from /opt/splunk/lib/libsplunk.so

Thread 10 (Thread 0x7fbe19e9f541 (LWP 37510)):
#0  0x00007fad0ad9037b in write () from /lib64/libc.so.6
#1  0x00007ff2809630c2 in TCPClient::send () from /opt/splunk/lib/libsplunk.so
#2  0x00007f4ff0c052c3 in ReplicationManager::replicate () from /opt/splunk/lib/libsplunk.so
#3  0x00007fa4e62f5e7b in ClusterMaster::run () from /opt/splunk/lib/libsplunk.so
#4  0x00007f9c802cd71b in ThreadPool::dispatch () from /opt/splunk/lib/libsplunk.so
#5  0x00007f9503135442 in Splunkd::run () from /opt/splunk/lib/libsplunk.so
#6  0x00007fbba6d569f2 in main () from /opt/splunk/lib/libsplunk.so

Thread 11 (Thread 0x7f21ab07296b (LWP 37511)):
#0  0x00007fb7b923bc28 in SAML::validateToken () from /opt/splunk/lib/libsplunk.so
#1  0x00007f182b00752b in AuthManager::authenticate () from /opt/splunk/lib/libsplunk.so
#2  0x00007fff0e73d06c in RESTHandler::handlePOST () from /opt/splunk/lib/libsplunk.so
#3  0x00007f4a690f8c47 in RESTHandler::dispatch () from /opt/splunk/lib/libsplunk.so
#4  0x00007fad88769d93 in HTTPServer::handleRequest () from /opt/splunk/lib/libsplunk.so
#5  0x00007f0cb9900d0b in HTTPServer::acceptLoop () from /opt/splunk/lib/libsplunk.so
#6  0x00007f3972882f42 in Splunkd::run () from /opt/splunk/lib/libsplunk.so
#7  0x00007f9dffb012e5 in main () from /opt/splunk/lib/libsplunk.so
