Thread 1 (Thread 0x7ff4bb18a19c (LWP 57501)):
#0  0x00007fb39d1eeca3 in zlib::compress () from /opt/splunk/lib/libsplunk.so
#1  0x00007f3fcb413b66 in BucketWriter::write () from /opt/splunk/lib/libsplunk.so
#2  0x00007fa88c5b138a in IndexWriter::writeBlock () from /opt/splunk/lib/libsplunk.so
#3  0x00007f07094a9df0 in IndexWriter::processData () from /opt/splunk/lib/libsplunk.so
#4  0x00007fb9a65259bd in IndexWriter::run () from /opt/splunk/lib/libsplunk.so
#5  0x00007f2974aae7d5 in ThreadPool::dispatch () from /opt/splunk/lib/libsplunk.so
#6  0x00007fd7c4a1b270 in Splunkd::run () from /opt/splunk/lib/libsplunk.so
#7  0x00007f0fdafbf303 in main () from /opt/splunk/lib/libsplunk.so

Thread 2 (Thread 0x7f813a9b0cb9 (LWP 57502)):
#0  0x00007f426480a056 in FileSystem::copy () from /opt/splunk/lib/libsplunk.so
#1  0x00007f0b2dc5dfcf in BucketSync::syncBucket () from /opt/splunk/lib/libsplunk.so
#2  0x00007fc64c9e10cb in ReplicationManager::replicate () from /opt/splunk/lib/libsplunk.so
#3  0x00007fb0e03b232c in ClusterMaster::run () from /opt/splunk/lib/libsplunk.so
#4  0x00007ff9ad61cfa8 in ThreadPool::dispatch () from /opt/splunk/lib/libsplunk.so
#5  0x00007fb4d7b16e88 in Splunkd::run () from /opt/splunk/lib/libsplunk.so
#6  0x00007fce176a9658 in main () from /opt/splunk/lib/libsplunk.so

Thread 3 (Thread 0x7f1b4589f099 (LWP 57503)):
#0  0x00007f8c380cde13 in DateParser::parse () from /opt/splunk/lib/libsplunk.so
#1  0x00007fcfb159d1aa in TimestampExtractor::extract () from /opt/splunk/lib/libsplunk.so
#2  0x00007f3c02666908 in IndexWriter::processData () from /opt/splunk/lib/libsplunk.so
#3  0x00007f858c3582f7 in IndexWriter::run () from /opt/splunk/lib/libsplunk.so
#4  0x00007fa0e74157f3 in ThreadPool::dispatch () from /opt/splunk/lib/libsplunk.so
#5  0x00007fe327bffc2c in Splunkd::run () from /opt/splunk/lib/libsplunk.so
#6  0x00007f592e1c6eb4 in main () from /opt/splunk/lib/libsplunk.so

Thread 4 (Thread 0x7fb090470630 (LWP 57504)):
#0  0x00007fa2efda8f03 in malloc () from /lib64/libc.so.6
#1  0x00007fb8d5c6ec9f in BTreeWriter::insert () from /opt/splunk/lib/libsplunk.so
#2  0x00007fb528ddbd98 in WiredTiger::cursor_insert () from /opt/splunk/lib/libsplunk.so
#3  0x00007f695ef67512 in MongoDB::insert () from /opt/splunk/lib/libsplunk.so
#4  0x00007f9f438ed873 in KVStoreHandler::run () from /opt/splunk/lib/libsplunk.so
#5  0x00007faa106da72b in ThreadPool::dispatch () from /opt/splunk/lib/libsplunk.so
#6  0x00007fcbfe6d89ee in Splunkd::run () from /opt/splunk/lib/libsplunk.so
#7  0x00007f87ea257d66 in main () from /opt/splunk/lib/libsplunk.so

Thread 5 (Thread 0x7f8ccef2132d (LWP 57505)):
#0  0x00007f6cbc8e3fcc in inotify_read () from /lib64/libc.so.6
#1  0x00007f24ddd19c9d in FileMonitor::waitForChange () from /opt/splunk/lib/libsplunk.so
#2  0x00007fd1e9f597bf in FileMonitor::run () from /opt/splunk/lib/libsplunk.so
#3  0x00007f849f2d0c13 in ThreadPool::dispatch () from /opt/splunk/lib/libsplunk.so
#4  0x00007f2df7d0c81a in Splunkd::run () from /opt/splunk/lib/libsplunk.so
#5  0x00007f6b3b3deb1d in main () from /opt/splunk/lib/libsplunk.so

Thread 6 (Thread 0x7f23b0dcaf47 (LWP 57506)):
#0  0x00007fbbb8e7abae in pthread_cond_timedwait () from /lib64/libpthread.so.0
#1  0x00007f18de7aa8f8 in ReplicationManager::waitForAck () from /opt/splunk/lib/libsplunk.so
#2  0x00007f4869377daa in ClusterMaster::run () from /opt/splunk/lib/libsplunk.so
#3  0x00007fad019fde69 in ThreadPool::dispatch () from /opt/splunk/lib/libsplunk.so
#4  0x00007f9c14cea071 in Splunkd::run () from /opt/splunk/lib/libsplunk.so
#5  0x00007f868a46d26f in main () from /opt/splunk/lib/libsplunk.so

Thread 7 (Thread 0x7fcacbf86f03 (LWP 57507)):
#0  0x00007fd35db5efa9 in std::__introsort_loop () from /opt/splunk/lib/libsplunk.so
#1  0x00007fe5cf0aa960 in std::sort () from /opt/splunk/lib/libsplunk.so
#2  0x00007f234321ce12 in SortProcessor::sort () from /opt/splunk/lib/libsplunk.so
#3  0x00007fef7b57f792 in SearchEvaluator::eval () from /opt/splunk/lib/libsplunk.so
#4  0x00007f50fc81622e in SearchProcessor::executeSearch () from /opt/splunk/lib/libsplunk.so
#5  0x00007f83f0932410 in SearchProcessor::run () from /opt/splunk/lib/libsplunk.so
#6  0x00007ffea095a7b8 in ThreadPool::dispatch () from /opt/splunk/lib/libsplunk.so
#7  0x00007f2c51053667 in Splunkd::run () from /opt/splunk/lib/libsplunk.so
#8  0x00007f4120eabed3 in main () from /opt/splunk/lib/libsplunk.so

Thread 8 (Thread 0x7f9f55e46bbb (LWP 57508)):
#0  0x00007f6c46aeef10 in std::__introsort_loop () from /opt/splunk/lib/libsplunk.so
#1  0x00007fbc1fcd24c4 in std::sort () from /opt/splunk/lib/libsplunk.so
#2  0x00007fceabd25bce in SortProcessor::sort () from /opt/splunk/lib/libsplunk.so
#3  0x00007f83bf664a6f in SearchEvaluator::eval () from /opt/splunk/lib/libsplunk.so
#4  0x00007f897fbd0320 in SearchProcessor::executeSearch () from /opt/splunk/lib/libsplunk.so
#5  0x00007f00c32d25ca in SearchProcessor::run () from /opt/splunk/lib/libsplunk.so
#6  0x00007fa4a750eb26 in ThreadPool::dispatch () from /opt/splunk/lib/libsplunk.so
#7  0x00007faaf99a0472 in Splunkd::run () from /opt/splunk/lib/libsplunk.so
#8  0x00007f62427c47d1 in main () from /opt/splunk/lib/libsplunk.so

Thread 9 (Thread 0x7fc23a50b144 (LWP 57509)):
#0  0x00007f0631bead2c in FileSystem::fsync () from /opt/splunk/lib/libsplunk.so
#1  0x00007faefbd70ffe in BucketWriter::write () from /opt/splunk/lib/libsplunk.so
#2  0x00007fe1d4205f53 in IndexWriter::writeBlock () from /opt/splunk/lib/libsplunk.so
#3  0x00007fc8d1d079e8 in IndexWriter::processData () from /opt/splunk/lib/libsplunk.so
#4  0x00007f41aca47cfe in IndexWriter::run () from /opt/splunk/lib/libsplunk.so
#5  0x00007f215cb1cf87 in ThreadPool::dispatch () from /opt/splunk/lib/libsplunk.so
#6  0x00007f82449c6672 in Splunkd::run () from /opt/splunk/lib/libsplunk.so
#7  0x00007f06f2e4d9e9 in main () from /opt/splunk/lib/libsplunk.so

Thread 10 (Thread 0x7feac4b733d5 (LWP 57510)):
#0  0x00007f1df0bde474 in LexerBase::tokenize () from /opt/splunk/lib/libsplunk.so
#1  0x00007f73da221f2f in SearchParser::parse () from /opt/splunk/lib/libsplunk.so
#2  0x00007fa6dfd38f56 in SearchProcessor::executeSearch () from /opt/splunk/lib/libsplunk.so
#3  0x00007f37e21b130b in SearchProcessor::run () from /opt/splunk/lib/libsplunk.so
#4  0x00007f493e968500 in ThreadPool::dispatch () from /opt/splunk/lib/libsplunk.so
#5  0x00007f611e143de5 in Splunkd::run () from /opt/splunk/lib/libsplunk.so
#6  0x00007faa6c634270 in main () from /opt/splunk/lib/libsplunk.so

Thread 11 (Thread 0x7f4217144312 (LWP 57511)):
#0  0x00007fe3596afcff in recvfrom () from /lib64/libc.so.6
#1  0x00007f5f88e1f6e8 in UDPInputProcessor::readData () from /opt/splunk/lib/libsplunk.so
#2  0x00007fad040bad99 in UDPInputProcessor::run () from /opt/splunk/lib/libsplunk.so
#3  0x00007f8dc30f27b0 in ThreadPool::dispatch () from /opt/splunk/lib/libsplunk.so
#4  0x00007fa188ac9d49 in Splunkd::run () from /opt/splunk/lib/libsplunk.so
#5  0x00007fdbb94bee0c in main () from /opt/splunk/lib/libsplunk.so

Thread 12 (Thread 0x7f84a7af4e94 (LWP 57512)):
#0  0x00007fe71c217e62 in DateParser::parse () from /opt/splunk/lib/libsplunk.so
#1  0x00007ff310ceaf00 in TimestampExtractor::extract () from /opt/splunk/lib/libsplunk.so
#2  0x00007f2b00773174 in IndexWriter::processData () from /opt/splunk/lib/libsplunk.so
#3  0x00007f45e20d008c in IndexWriter::run () from /opt/splunk/lib/libsplunk.so
#4  0x00007fbbc849053e in ThreadPool::dispatch () from /opt/splunk/lib/libsplunk.so
#5  0x00007fb42d40409b in Splunkd::run () from /opt/splunk/lib/libsplunk.so
#6  0x00007fabc5f2f776 in main () from /opt/splunk/lib/libsplunk.so

Thread 13 (Thread 0x7f99056710cd (LWP 57513)):
#0  0x00007fa2f6540b09 in FileSystem::unlink () from /opt/splunk/lib/libsplunk.so
#1  0x00007f5e59b068f6 in BucketManager::evictBucket () from /opt/splunk/lib/libsplunk.so
#2  0x00007f42a23ef635 in MemoryManager::garbageCollect () from /opt/splunk/lib/libsplunk.so
#3  0x00007f008f70e211 in MemoryManager::run () from /opt/splunk/lib/libsplunk.so
#4  0x00007f440b17381d in Splunkd::run () from /opt/splunk/lib/libsplunk.so
#5  0x00007f2460d0603d in main () from /opt/splunk/lib/libsplunk.so

Thread 14 (Thread 0x7f68a603fb69 (LWP 57514)):
#0  0x00007f6def515a3c in std::__introsort_loop () from /opt/splunk/lib/libsplunk.so
#1  0x00007f601a52aa0c in std::sort () from /opt/splunk/lib/libsplunk.so
#2  0x00007f28080f8489 in SortProcessor::sort () from /opt/splunk/lib/libsplunk.so
#3  0x00007f0d06b6ad65 in SearchEvaluator::eval () from /opt/splunk/lib/libsplunk.so
#4  0x00007ffa1108b192 in SearchProcessor::executeSearch () from /opt/splunk/lib/libsplunk.so
#5  0x00007f193d0c8082 in SearchProcessor::run () from /opt/splunk/lib/libsplunk.so
#6  0x00007f708c379d88 in ThreadPool::dispatch () from /opt/splunk/lib/libsplunk.so
#7  0x00007f8de281e15e in Splunkd::run () from /opt/splunk/lib/libsplunk.so
#8  0x00007f1671454866 in main () from /opt/splunk/lib/libsplunk.so

Thread 15 (Thread 0x7fb705a35ddd (LWP 57515)):
#0  0x00007f7120f617bc in HashTable::insert () from /opt/splunk/lib/libsplunk.so
#1  0x00007f136d90f36d in StatsProcessor::aggregate () from /opt/splunk/lib/libsplunk.so
#2  0x00007f6a5685e94e in SearchEvaluator::eval () from /opt/splunk/lib/libsplunk.so
#3  0x00007f83f33179e7 in SearchProcessor::executeSearch () from /opt/splunk/lib/libsplunk.so
#4  0x00007fbf860ff148 in SearchProcessor::run () from /opt/splunk/lib/libsplunk.so
#5  0x00007f4ad215188d in ThreadPool::dispatch () from /opt/splunk/lib/libsplunk.so
#6  0x00007fd0f70e1f5d in Splunkd::run () from /opt/splunk/lib/libsplunk.so
#7  0x00007f4fb7d0dba0 in main () from /opt/splunk/lib/libsplunk.so

Thread 16 (Thread 0x7f0952ed0c1f (LWP 57516)):
#0  0x00007f99315d5b23 in std::__introsort_loop () from /opt/splunk/lib/libsplunk.so
#1  0x00007ffbbf0d0265 in std::sort () from /opt/splunk/lib/libsplunk.so
#2  0x00007f34e4ceec8e in SortProcessor::sort () from /opt/splunk/lib/libsplunk.so
#3  0x00007ff9a01d8a5f in SearchEvaluator::eval () from /opt/splunk/lib/libsplunk.so
#4  0x00007fd45b823b05 in SearchProcessor::executeSearch () from /opt/splunk/lib/libsplunk.so
#5  0x00007f3547beb868 in SearchProcessor::run () from /opt/splunk/lib/libsplunk.so
#6  0x00007fd73d90ee50 in ThreadPool::dispatch () from /opt/splunk/lib/libsplunk.so
#7  0x00007f100801fbce in Splunkd::run () from /opt/splunk/lib/libsplunk.so
#8  0x00007fbce7373968 in main () from /opt/splunk/lib/libsplunk.so

Thread 17 (Thread 0x7f9847c072bd (LWP 57517)):
#0  0x00007f69d7042234 in WiredTiger::cursor_update () from /opt/splunk/lib/libsplunk.so
#1  0x00007f4b1001d057 in MongoDB::update () from /opt/splunk/lib/libsplunk.so
#2  0x00007f5cae34d790 in KVStoreHandler::run () from /opt/splunk/lib/libsplunk.so
#3  0x00007ff95735383d in ThreadPool::dispatch () from /opt/splunk/lib/libsplunk.so
#4  0x00007f6df6fa265b in Splunkd::run () from /opt/splunk/lib/libsplunk.so
#5  0x00007f25c1972e3b in main () from /opt/splunk/lib/libsplunk.so

Thread 18 (Thread 0x7f79053dc9c6 (LWP 57518)):
#0  0x00007fca0300b00a in DateParser::parse () from /opt/splunk/lib/libsplunk.so
#1  0x00007f959ce46b92 in TimestampExtractor::extract () from /opt/splunk/lib/libsplunk.so
#2  0x00007f3b85eac2e4 in IndexWriter::processData () from /opt/splunk/lib/libsplunk.so
#3  0x00007fe834e90c37 in IndexWriter::run () from /opt/splunk/lib/libsplunk.so
#4  0x00007f9114d21eb8 in ThreadPool::dispatch () from /opt/splunk/lib/libsplunk.so
#5  0x00007f7cf00410b5 in Splunkd::run () from /opt/splunk/lib/libsplunk.so
#6  0x00007fd86d69e25c in main () from /opt/splunk/lib/libsplunk.so
