Thread 1 (Thread 0x7f72388c5866 (LWP 51301)):
#0  0x00007fca54c82bab in PCRE::match () from /opt/splunk/lib/libsplunk.so
#1  0x00007f4d6a179d52 in FieldExtractor::extract () from /opt/splunk/lib/libsplunk.so
#2  0x00007f93e954c4db in SearchEvaluator::eval () from /opt/splunk/lib/libsplunk.so
#3  0x00007fe1ebff6a7e in SearchProcessor::executeSearch () from /opt/splunk/lib/libsplunk.so
#4  0x00007f655886af7e in SearchProcessor::run () from /opt/splunk/lib/libsplunk.so
#5  0x00007f2623851240 in ThreadPool::dispatch () from /opt/splunk/lib/libsplunk.so
#6  0x00007f6d4e7bc70b in Splunkd::run () from /opt/splunk/lib/libsplunk.so
#7  0x00007ffd93d6d976 in main () from /opt/splunk/lib/libsplunk.so

Thread 2 (Thread 0x7feed3e03814 (LWP 51302)):
#0  0x00007f78ec9998d9 in AlertManager::fireAction () from /opt/splunk/lib/libsplunk.so
#1  0x00007f1289ab2034 in AlertManager::checkTriggers () from /opt/splunk/lib/libsplunk.so
#2  0x00007f3eb331022c in Scheduler::dispatchJob () from /opt/splunk/lib/libsplunk.so
#3  0x00007f9d5bacf9b7 in Scheduler::run () from /opt/splunk/lib/libsplunk.so
#4  0x00007f45c572d6da in Splunkd::run () from /opt/splunk/lib/libsplunk.so
#5  0x00007f8c2fb57868 in main () from /opt/splunk/lib/libsplunk.so

Thread 3 (Thread 0x7ff24524be2f (LWP 51303)):
#0  0x00007fdcafb14f3a in pthread_cond_wait () from /lib64/libpthread.so.0
#1  0x00007f953b3696d8 in MongoDB::waitForOplog () from /opt/splunk/lib/libsplunk.so
#2  0x00007f5837da2645 in KVStoreHandler::run () from /opt/splunk/lib/libsplunk.so
#3  0x00007fe0c7174ed4 in ThreadPool::dispatch () from /opt/splunk/lib/libsplunk.so
#4  0x00007fc49d3636f6 in Splunkd::run () from /opt/splunk/lib/libsplunk.so
#5  0x00007ff56d2d4ac8 in main () from /opt/splunk/lib/libsplunk.so

Thread 4 (Thread 0x7f421150f1f2 (LWP 51304)):
#0  0x00007f981877ae3e in epoll_wait () from /lib64/libc.so.6
#1  0x00007f13d40b1fa4 in HTTPServer::acceptLoop () from /opt/splunk/lib/libsplunk.so
#2  0x00007f39e51daf9e in Splunkd::run () from /opt/splunk/lib/libsplunk.so
#3  0x00007fb5062cb35c in main () from /opt/splunk/lib/libsplunk.so

Thread 5 (Thread 0x7f511f195dc0 (LWP 51305)):
#0  0x00007f5a443201bc in read () from /lib64/libc.so.6
#1  0x00007ff523a4f0e3 in FileReader::read () from /opt/splunk/lib/libsplunk.so
#2  0x00007fb8f92906d5 in FileMonitor::checkFiles () from /opt/splunk/lib/libsplunk.so
#3  0x00007f0fb51bd14a in FileMonitor::run () from /opt/splunk/lib/libsplunk.so
#4  0x00007f77e97ba679 in ThreadPool::dispatch () from /opt/splunk/lib/libsplunk.so
#5  0x00007fe8caec530a in Splunkd::run () from /opt/splunk/lib/libsplunk.so
#6  0x00007f89bf79d8f0 in main () from /opt/splunk/lib/libsplunk.so

Thread 6 (Thread 0x7f53360f255e (LWP 51306)):
#0  0x00007f0dd5e3fde4 in LexerBase::tokenize () from /opt/splunk/lib/libsplunk.so
#1  0x00007f0099aaef6f in SearchParser::parse () from /opt/splunk/lib/libsplunk.so
#2  0x00007fd5b7a678d2 in SearchProcessor::executeSearch () from /opt/splunk/lib/libsplunk.so
#3  0x00007fe6b70b49cf in SearchProcessor::run () from /opt/splunk/lib/libsplunk.so
#4  0x00007f3d3f3ed622 in ThreadPool::dispatch () from /opt/splunk/lib/libsplunk.so
#5  0x00007fc74d165741 in Splunkd::run () from /opt/splunk/lib/libsplunk.so
#6  0x00007f10623d6c65 in main () from /opt/splunk/lib/libsplunk.so

Thread 7 (Thread 0x7f072bd29bff (LWP 51307)):
#0  0x00007fc5ccf092fa in FileSystem::copy () from /opt/splunk/lib/libsplunk.so
#1  0x00007ff2a2b7cf4b in BucketSync::syncBucket () from /opt/splunk/lib/libsplunk.so
#2  0x00007f2a018b95f5 in ReplicationManager::replicate () from /opt/splunk/lib/libsplunk.so
#3  0x00007f28edaf909d in ClusterMaster::run () from /opt/splunk/lib/libsplunk.so
#4  0x00007f5a136ae5a3 in ThreadPool::dispatch () from /opt/splunk/lib/libsplunk.so
#5  0x00007f565e350fae in Splunkd::run () from /opt/splunk/lib/libsplunk.so
#6  0x00007fa440791d6f in main () from /opt/splunk/lib/libsplunk.so

Thread 8 (Thread 0x7f1102bd8274 (LWP 51308)):
#0  0x00007f6a5dfcfc50 in std::__introsort_loop () from /opt/splunk/lib/libsplunk.so
#1  0x00007fcd5bc720d1 in std::sort () from /opt/splunk/lib/libsplunk.so
#2  0x00007f7512687dd4 in SortProcessor::sort () from /opt/splunk/lib/libsplunk.so
#3  0x00007feb6570f754 in SearchEvaluator::eval () from /opt/splunk/lib/libsplunk.so
#4  0x00007fbc3ddd3512 in SearchProcessor::executeSearch () from /opt/splunk/lib/libsplunk.so
#5  0x00007fef0f1fd966 in SearchProcessor::run () from /opt/splunk/lib/libsplunk.so
#6  0x00007f3cb469afda in ThreadPool::dispatch () from /opt/splunk/lib/libsplunk.so
#7  0x00007f1c6b05e053 in Splunkd::run () from /opt/splunk/lib/libsplunk.so
#8  0x00007f1ec8889a13 in main () from /opt/splunk/lib/libsplunk.so

Thread 9 (Thread 0x7f350972574d (LWP 51309)):
#0  0x00007f192a650e9b in read () from /lib64/libc.so.6
#1  0x00007f1943ea21cf in OpenSSL::SSL_read () from /opt/splunk/lib/libsplunk.so
#2  0x00007f49c49ba07a in SSLEngine::read () from /opt/splunk/lib/libsplunk.so
#3  0x00007f8c758c86e2 in TcpInputProcessor::readData () from /opt/splunk/lib/libsplunk.so
#4  0x00007f52b4675180 in TcpInputProcessor::run () from /opt/splunk/lib/libsplunk.so
#5  0x00007fce68eb7634 in ThreadPool::dispatch () from /opt/splunk/lib/libsplunk.so
#6  0x00007f3cada5a5f7 in Splunkd::run () from /opt/splunk/lib/libsplunk.so
#7  0x00007fceb6c822e7 in main () from /opt/splunk/lib/libsplunk.so

Thread 10 (Thread 0x7f6b89ed42d9 (LWP 51310)):
#0  0x00007f012dd9f988 in epoll_wait () from /lib64/libc.so.6
#1  0x00007f88223804a3 in HTTPServer::acceptLoop () from /opt/splunk/lib/libsplunk.so
#2  0x00007faf13fb0fcf in Splunkd::run () from /opt/splunk/lib/libsplunk.so
#3  0x00007f3c6893956f in main () from /opt/splunk/lib/libsplunk.so

Thread 11 (Thread 0x7fcc20f39ebd (LWP 51311)):
#0  0x00007f513256ab1c in pthread_cond_wait () from /lib64/libpthread.so.0
#1  0x00007f1315d7f368 in IndexWriter::waitForData () from /opt/splunk/lib/libsplunk.so
#2  0x00007f8179846b9a in IndexWriter::run () from /opt/splunk/lib/libsplunk.so
#3  0x00007fd68d4b2cb3 in ThreadPool::dispatch () from /opt/splunk/lib/libsplunk.so
#4  0x00007fac49022123 in Splunkd::run () from /opt/splunk/lib/libsplunk.so
#5  0x00007f16cbc3179b in main () from /opt/splunk/lib/libsplunk.so

Thread 12 (Thread 0x7f053e605603 (LWP 51312)):
#0  0x00007fceddd1671e in std::__introsort_loop () from /opt/splunk/lib/libsplunk.so
#1  0x00007f2a14ec4672 in std::sort () from /opt/splunk/lib/libsplunk.so
#2  0x00007f029bd4daa2 in SortProcessor::sort () from /opt/splunk/lib/libsplunk.so
#3  0x00007f03bcb7d574 in SearchEvaluator::eval () from /opt/splunk/lib/libsplunk.so
#4  0x00007ff0ac4786b8 in SearchProcessor::executeSearch () from /opt/splunk/lib/libsplunk.so
#5  0x00007fe77441ea2d in SearchProcessor::run () from /opt/splunk/lib/libsplunk.so
#6  0x00007f0756765e8b in ThreadPool::dispatch () from /opt/splunk/lib/libsplunk.so
#7  0x00007f00d1822f14 in Splunkd::run () from /opt/splunk/lib/libsplunk.so
#8  0x00007fecdb6e804d in main () from /opt/splunk/lib/libsplunk.so

Thread 13 (Thread 0x7f233568653f (LWP 51313)):
#0  0x00007faf43a07498 in std::__introsort_loop () from /opt/splunk/lib/libsplunk.so
#1  0x00007f87c47f4dd2 in std::sort () from /opt/splunk/lib/libsplunk.so
#2  0x00007f2132efb18b in SortProcessor::sort () from /opt/splunk/lib/libsplunk.so
#3  0x00007f380c99ac78 in SearchEvaluator::eval () from /opt/splunk/lib/libsplunk.so
#4  0x00007f83e27592a8 in SearchProcessor::executeSearch () from /opt/splunk/lib/libsplunk.so
#5  0x00007ff7cb00857f in SearchProcessor::run () from /opt/splunk/lib/libsplunk.so
#6  0x00007fd94dcc8d8e in ThreadPool::dispatch () from /opt/splunk/lib/libsplunk.so
#7  0x00007fde174f7e48 in Splunkd::run () from /opt/splunk/lib/libsplunk.so
#8  0x00007ff4d85687ef in main () from /opt/splunk/lib/libsplunk.so

Thread 14 (Thread 0x7ff34dee5d99 (LWP 51314)):
#0  0x00007f957abdafbe in BTreeReader::search () from /opt/splunk/lib/libsplunk.so
#1  0x00007fe715b105ab in WiredTiger::cursor_search () from /opt/splunk/lib/libsplunk.so
#2  0x00007f45a7752293 in MongoDB::find () from /opt/splunk/lib/libsplunk.so
#3  0x00007fbe4e7de89d in KVStoreHandler::run () from /opt/splunk/lib/libsplunk.so
#4  0x00007fe50b5e432b in ThreadPool::dispatch () from /opt/splunk/lib/libsplunk.so
#5  0x00007f1551b871b6 in Splunkd::run () from /opt/splunk/lib/libsplunk.so
#6  0x00007f3cbe73ec1d in main () from /opt/splunk/lib/libsplunk.so
