Thread 1 (Thread 0x7f77764df58e (LWP 23001)):
#0  0x00007f191f5f12cd in DateParser::parse () from /opt/splunk/lib/libsplunk.so
#1  0x00007fab5a76abcd in TimestampExtractor::extract () from /opt/splunk/lib/libsplunk.so
#2  0x00007f8f91672d0b in IndexWriter::processData () from /opt/splunk/lib/libsplunk.so
#3  0x00007f64163ab0bb in IndexWriter::run () from /opt/splunk/lib/libsplunk.so
#4  0x00007fa20298fbd7 in ThreadPool::dispatch () from /opt/splunk/lib/libsplunk.so
#5  0x00007ff323318015 in Splunkd::run () from /opt/splunk/lib/libsplunk.so
#6  0x00007f4cfa3103a7 in main () from /opt/splunk/lib/libsplunk.so

Thread 2 (Thread 0x7f4b954b70dd (LWP 23002)):
#0  0x00007f7d5f5fead1 in poll () from /lib64/libc.so.6
#1  0x00007f3e9263d764 in TCPClient::connect () from /opt/splunk/lib/libsplunk.so
#2  0x00007fc9afd766ca in ReplicationManager::checkHealth () from /opt/splunk/lib/libsplunk.so
#3  0x00007f5a0065a536 in ClusterMaster::run () from /opt/splunk/lib/libsplunk.so
#4  0x00007f00cd6140b1 in ThreadPool::dispatch () from /opt/splunk/lib/libsplunk.so
#5  0x00007f5303d95b50 in Splunkd::run () from /opt/splunk/lib/libsplunk.so
#6  0x00007f6dea3bdc5d in main () from /opt/splunk/lib/libsplunk.so

Thread 3 (Thread 0x7f6bef466053 (LWP 23003)):
#0  0x00007fa8e2e4c0c5 in pthread_cond_wait () from /lib64/libpthread.so.0
#1  0x00007fa4d1ab4a04 in SearchProcessor::waitForWork () from /opt/splunk/lib/libsplunk.so
#2  0x00007f6a772e0c42 in SearchProcessor::run () from /opt/splunk/lib/libsplunk.so
#3  0x00007f8b5ca088d5 in ThreadPool::dispatch () from /opt/splunk/lib/libsplunk.so
#4  0x00007fe9cdf77aa1 in Splunkd::run () from /opt/splunk/lib/libsplunk.so
#5  0x00007fddca6b4d16 in main () from /opt/splunk/lib/libsplunk.so

Thread 4 (Thread 0x7f45a9193e80 (LWP 23004)):
#0  0x00007f3a358e7a57 in pthread_cond_wait () from /lib64/libpthread.so.0
#1  0x00007f4c448b8e1a in IndexWriter::waitForData () from /opt/splunk/lib/libsplunk.so
#2  0x00007f5d778df577 in IndexWriter::run () from /opt/splunk/lib/libsplunk.so
#3  0x00007f23a90710d0 in ThreadPool::dispatch () from /opt/splunk/lib/libsplunk.so
#4  0x00007f28d5fb44c8 in Splunkd::run () from /opt/splunk/lib/libsplunk.so
#5  0x00007f1fd1c717b3 in main () from /opt/splunk/lib/libsplunk.so

Thread 5 (Thread 0x7fa753c8b2d2 (LWP 23005)):
#0  0x00007f081426a966 in pthread_cond_timedwait () from /lib64/libpthread.so.0
#1  0x00007fe3a0c8041d in Scheduler::waitForNextJob () from /opt/splunk/lib/libsplunk.so
#2  0x00007fe29ce09b5e in Scheduler::run () from /opt/splunk/lib/libsplunk.so
#3  0x00007f767f9509e0 in Splunkd::run () from /opt/splunk/lib/libsplunk.so
#4  0x00007f0af17a682d in main () from /opt/splunk/lib/libsplunk.so

Thread 6 (Thread 0x7f37d46f42f8 (LWP 23006)):
#0  0x00007f7f84b43679 in malloc_trim () from /lib64/libc.so.6
#1  0x00007fc353ea5e1a in MemoryManager::compactHeap () from /opt/splunk/lib/libsplunk.so
#2  0x00007fd55c271914 in MemoryManager::run () from /opt/splunk/lib/libsplunk.so
#3  0x00007fb8fad0a892 in Splunkd::run () from /opt/splunk/lib/libsplunk.so
#4  0x00007f8168e9a0ed in main () from /opt/splunk/lib/libsplunk.so

Thread 7 (Thread 0x7fdcd8845a85 (LWP 23007)):
#0  0x00007f934271a4f5 in write () from /lib64/libc.so.6
#1  0x00007fddcae1b712 in TCPClient::send () from /opt/splunk/lib/libsplunk.so
#2  0x00007f525e6763e5 in ReplicationManager::replicate () from /opt/splunk/lib/libsplunk.so
#3  0x00007fe494938308 in ClusterMaster::run () from /opt/splunk/lib/libsplunk.so
#4  0x00007f4eb2637246 in ThreadPool::dispatch () from /opt/splunk/lib/libsplunk.so
#5  0x00007f84494a636c in Splunkd::run () from /opt/splunk/lib/libsplunk.so
#6  0x00007f31acb9dc03 in main () from /opt/splunk/lib/libsplunk.so

Thread 8 (Thread 0x7f9fc2607c6c (LWP 23008)):
#0  0x00007fbfa420987d in pthread_cond_wait () from /lib64/libpthread.so.0
#1  0x00007fe7772446fa in SearchProcessor::waitForWork () from /opt/splunk/lib/libsplunk.so
#2  0x00007f53e034aee3 in SearchProcessor::run () from /opt/splunk/lib/libsplunk.so
#3  0x00007f9817f6774f in ThreadPool::dispatch () from /opt/splunk/lib/libsplunk.so
#4  0x00007f2419324487 in Splunkd::run () from /opt/splunk/lib/libsplunk.so
#5  0x00007f20b04dc4cc in main () from /opt/splunk/lib/libsplunk.so

Thread 9 (Thread 0x7f1b4e178ee5 (LWP 23009)):
#0  0x00007ff0eb621a7c in LexerBase::tokenize () from /opt/splunk/lib/libsplunk.so
#1  0x00007fc58f22b2e3 in SearchParser::parse () from /opt/splunk/lib/libsplunk.so
#2  0x00007fad2af00e15 in SearchProcessor::executeSearch () from /opt/splunk/lib/libsplunk.so
#3  0x00007ff405b78f0c in SearchProcessor::run () from /opt/splunk/lib/libsplunk.so
#4  0x00007fee3341e995 in ThreadPool::dispatch () from /opt/splunk/lib/libsplunk.so
#5  0x00007f33a7fa5ad6 in Splunkd::run () from /opt/splunk/lib/libsplunk.so
#6  0x00007f9d7c86c02e in main () from /opt/splunk/lib/libsplunk.so

Thread 10 (Thread 0x7f55a3e051e1 (LWP 23010)):
#0  0x00007ffc952f7f7b in LDAP::bind () from /opt/splunk/lib/libsplunk.so
#1  0x00007fee94905663 in AuthManager::authenticate () from /opt/splunk/lib/libsplunk.so
#2  0x00007f182735ac75 in RESTHandler::handlePOST () from /opt/splunk/lib/libsplunk.so
#3  0x00007fd5da0110fb in RESTHandler::dispatch () from /opt/splunk/lib/libsplunk.so
#4  0x00007fb1ebb53126 in HTTPServer::handleRequest () from /opt/splunk/lib/libsplunk.so
#5  0x00007f6002717c26 in HTTPServer::acceptLoop () from /opt/splunk/lib/libsplunk.so
#6  0x00007f649c7b6702 in Splunkd::run () from /opt/splunk/lib/libsplunk.so
#7  0x00007fbe0441660e in main () from /opt/splunk/lib/libsplunk.so

Thread 11 (Thread 0x7f51e823f9ee (LWP 23011)):
#0  0x00007fa158ec3296 in pthread_cond_wait () from /lib64/libpthread.so.0
#1  0x00007f3ae89aaa5d in SearchProcessor::waitForWork () from /opt/splunk/lib/libsplunk.so
#2  0x00007ff5d2e5d9e2 in SearchProcessor::run () from /opt/splunk/lib/libsplunk.so
#3  0x00007f7f84d7c77c in ThreadPool::dispatch () from /opt/splunk/lib/libsplunk.so
#4  0x00007f0afdd201d4 in Splunkd::run () from /opt/splunk/lib/libsplunk.so
#5  0x00007f2469c497fb in main () from /opt/splunk/lib/libsplunk.so

Thread 12 (Thread 0x7f2ed65d6e89 (LWP 23012)):
#0  0x00007f392c2fed56 in PCRE::match () from /opt/splunk/lib/libsplunk.so
#1  0x00007fdeef7889be in FieldExtractor::extract () from /opt/splunk/lib/libsplunk.so
#2  0x00007f8b3b57324a in SearchEvaluator::eval () from /opt/splunk/lib/libsplunk.so
#3  0x00007f957c37ac61 in SearchProcessor::executeSearch () from /opt/splunk/lib/libsplunk.so
#4  0x00007fdd58b906d7 in SearchProcessor::run () from /opt/splunk/lib/libsplunk.so
#5  0x00007fa6714967d5 in ThreadPool::dispatch () from /opt/splunk/lib/libsplunk.so
#6  0x00007f1fe348e686 in Splunkd::run () from /opt/splunk/lib/libsplunk.so
#7  0x00007fbb2c2548cf in main () from /opt/splunk/lib/libsplunk.so

Thread 13 (Thread 0x7f0c1ec6fc1e (LWP 23013)):
#0  0x00007f9419195ea2 in inotify_read () from /lib64/libc.so.6
#1  0x00007fad67809110 in FileMonitor::waitForChange () from /opt/splunk/lib/libsplunk.so
#2  0x00007f640469a2b5 in FileMonitor::run () from /opt/splunk/lib/libsplunk.so
#3  0x00007f596c379eef in ThreadPool::dispatch () from /opt/splunk/lib/libsplunk.so
#4  0x00007ffa1eebdf71 in Splunkd::run () from /opt/splunk/lib/libsplunk.so
#5  0x00007f8daa044d11 in main () from /opt/splunk/lib/libsplunk.so

Thread 14 (Thread 0x7f43d5eca588 (LWP 23014)):
#0  0x00007f25ee13d056 in SAML::validateToken () from /opt/splunk/lib/libsplunk.so
#1  0x00007f75159d7442 in AuthManager::authenticate () from /opt/splunk/lib/libsplunk.so
#2  0x00007f0bd1343a87 in RESTHandler::handlePOST () from /opt/splunk/lib/libsplunk.so
#3  0x00007fff8f8efdf5 in RESTHandler::dispatch () from /opt/splunk/lib/libsplunk.so
#4  0x00007fc2bcbf9dd0 in HTTPServer::handleRequest () from /opt/splunk/lib/libsplunk.so
#5  0x00007ff3a0e5fb16 in HTTPServer::acceptLoop () from /opt/splunk/lib/libsplunk.so
#6  0x00007ff281354c82 in Splunkd::run () from /opt/splunk/lib/libsplunk.so
#7  0x00007f3f1b27241e in main () from /opt/splunk/lib/libsplunk.so

Thread 15 (Thread 0x7f1d4d0c4218 (LWP 23015)):
#0  0x00007fbe405c18c0 in BTreeReader::search () from /opt/splunk/lib/libsplunk.so
#1  0x00007ffc0b6b051d in WiredTiger::cursor_search () from /opt/splunk/lib/libsplunk.so
#2  0x00007fc2d45afe33 in MongoDB::find () from /opt/splunk/lib/libsplunk.so
#3  0x00007f11d4ff297d in KVStoreHandler::run () from /opt/splunk/lib/libsplunk.so
#4  0x00007f4f06acc98f in ThreadPool::dispatch () from /opt/splunk/lib/libsplunk.so
#5  0x00007f94a45a5df3 in Splunkd::run () from /opt/splunk/lib/libsplunk.so
#6  0x00007f0bc154a080 in main () from /opt/splunk/lib/libsplunk.so

Thread 16 (Thread 0x7fc497e48243 (LWP 23016)):
#0  0x00007f8cfd846d83 in FileSystem::fsync () from /opt/splunk/lib/libsplunk.so
#1  0x00007feaef9706a3 in BucketWriter::write () from /opt/splunk/lib/libsplunk.so
#2  0x00007ff5bfa534d1 in IndexWriter::writeBlock () from /opt/splunk/lib/libsplunk.so
#3  0x00007f9d09dc58bd in IndexWriter::processData () from /opt/splunk/lib/libsplunk.so
#4  0x00007f1b2d8d3822 in IndexWriter::run () from /opt/splunk/lib/libsplunk.so
#5  0x00007f7f63af3c21 in ThreadPool::dispatch () from /opt/splunk/lib/libsplunk.so
#6  0x00007fdfe1d4205a in Splunkd::run () from /opt/splunk/lib/libsplunk.so
#7  0x00007f384fc0c57d in main () from /opt/splunk/lib/libsplunk.so
