Thread 1 (Thread 0x7f07a793a7d1 (LWP 24301)):
#0  0x00007f5d72a2e437 in pthread_cond_wait () from /lib64/libpthread.so.0
#1  0x00007f9fdce26d1f in MemoryManager::waitForThreshold () from /opt/splunk/lib/libsplunk.so
#2  0x00007fb6a2a9a045 in MemoryManager::run () from /opt/splunk/lib/libsplunk.so
#3  0x00007fb85145b184 in Splunkd::run () from /opt/splunk/lib/libsplunk.so
#4  0x00007f5650282913 in main () from /opt/splunk/lib/libsplunk.so

Thread 2 (Thread 0x7feb9fb36e1e (LWP 24302)):
#0  0x00007f0489297b5d in PCRE::match () from /opt/splunk/lib/libsplunk.so
#1  0x00007f12bfb6c192 in FieldExtractor::extract () from /opt/splunk/lib/libsplunk.so
#2  0x00007fc8dc48bfdc in SearchEvaluator::eval () from /opt/splunk/lib/libsplunk.so
#3  0x00007fca91e5db70 in SearchProcessor::executeSearch () from /opt/splunk/lib/libsplunk.so
#4  0x00007fe08a00e1b4 in SearchProcessor::run () from /opt/splunk/lib/libsplunk.so
#5  0x00007f4617a8b7ed in ThreadPool::dispatch () from /opt/splunk/lib/libsplunk.so
#6  0x00007fba5c5fffeb in Splunkd::run () from /opt/splunk/lib/libsplunk.so
#7  0x00007f52e796455e in main () from /opt/splunk/lib/libsplunk.so

Thread 3 (Thread 0x7ffb649a74e6 (LWP 24303)):
#0  0x00007f89e13ffead in DateParser::parse () from /opt/splunk/lib/libsplunk.so
#1  0x00007f7c33486c04 in TimestampExtractor::extract () from /opt/splunk/lib/libsplunk.so
#2  0x00007f87bfb873de in IndexWriter::processData () from /opt/splunk/lib/libsplunk.so
#3  0x00007f75c4afbc2e in IndexWriter::run () from /opt/splunk/lib/libsplunk.so
#4  0x00007ffe8b6f17b5 in ThreadPool::dispatch () from /opt/splunk/lib/libsplunk.so
#5  0x00007f03dd361eaf in Splunkd::run () from /opt/splunk/lib/libsplunk.so
#6  0x00007fc01e5efd8a in main () from /opt/splunk/lib/libsplunk.so

Thread 4 (Thread 0x7f1cad4ec8ea (LWP 24304)):
#0  0x00007f8bdf355210 in recvfrom () from /lib64/libc.so.6
#1  0x00007f9c51420c5f in UDPInputProcessor::readData () from /opt/splunk/lib/libsplunk.so
#2  0x00007f829321de34 in UDPInputProcessor::run () from /opt/splunk/lib/libsplunk.so
#3  0x00007fc9810b12b0 in ThreadPool::dispatch () from /opt/splunk/lib/libsplunk.so
#4  0x00007f541a7f0d87 in Splunkd::run () from /opt/splunk/lib/libsplunk.so
#5  0x00007fa10042baeb in main () from /opt/splunk/lib/libsplunk.so

Thread 5 (Thread 0x7f925869e2eb (LWP 24305)):
#0  0x00007f6523467b98 in std::__introsort_loop () from /opt/splunk/lib/libsplunk.so
#1  0x00007fc96fef80db in std::sort () from /opt/splunk/lib/libsplunk.so
#2  0x00007fa729d4fb93 in SortProcessor::sort () from /opt/splunk/lib/libsplunk.so
#3  0x00007f09fd5d0801 in SearchEvaluator::eval () from /opt/splunk/lib/libsplunk.so
#4  0x00007f7e7ef4c8b7 in SearchProcessor::executeSearch () from /opt/splunk/lib/libsplunk.so
#5  0x00007fb8f049ef78 in SearchProcessor::run () from /opt/splunk/lib/libsplunk.so
#6  0x00007fcda3e18ef3 in ThreadPool::dispatch () from /opt/splunk/lib/libsplunk.so
#7  0x00007f61579e7326 in Splunkd::run () from /opt/splunk/lib/libsplunk.so
#8  0x00007fd5d5fe285f in main () from /opt/splunk/lib/libsplunk.so

Thread 6 (Thread 0x7f37397520b8 (LWP 24306)):
#0  0x00007f8461acff65 in pthread_cond_timedwait () from /lib64/libpthread.so.0
#1  0x00007f249e961256 in Scheduler::waitForNextJob () from /opt/splunk/lib/libsplunk.so
#2  0x00007f689df41270 in Scheduler::run () from /opt/splunk/lib/libsplunk.so
#3  0x00007fb1c2f4c4df in Splunkd::run () from /opt/splunk/lib/libsplunk.so
#4  0x00007f2e975d0934 in main () from /opt/splunk/lib/libsplunk.so

Thread 7 (Thread 0x7f33c2714ef6 (LWP 24307)):
#0  0x00007fc2a88b2fa3 in read () from /lib64/libc.so.6
#1  0x00007f7a6f66a14b in OpenSSL::SSL_read () from /opt/splunk/lib/libsplunk.so
#2  0x00007ffb8b7b420a in SSLEngine::read () from /opt/splunk/lib/libsplunk.so
#3  0x00007f40f1ec7336 in TcpInputProcessor::readData () from /opt/splunk/lib/libsplunk.so
#4  0x00007f92deb855f5 in TcpInputProcessor::run () from /opt/splunk/lib/libsplunk.so
#5  0x00007f728dcf01e4 in ThreadPool::dispatch () from /opt/splunk/lib/libsplunk.so
#6  0x00007fbdc7d6da91 in Splunkd::run () from /opt/splunk/lib/libsplunk.so
#7  0x00007fdb195b10fd in main () from /opt/splunk/lib/libsplunk.so

Thread 8 (Thread 0x7f41548139cd (LWP 24308)):
#0  0x00007f8016cbab9e in malloc () from /lib64/libc.so.6
#1  0x00007fb0598ec84b in SearchProcessor::createSearch () from /opt/splunk/lib/libsplunk.so
#2  0x00007f25f4caf4f7 in Scheduler::dispatchJob () from /opt/splunk/lib/libsplunk.so
#3  0x00007f1198660dfe in Scheduler::run () from /opt/splunk/lib/libsplunk.so
#4  0x00007f4cc28d52dd in Splunkd::run () from /opt/splunk/lib/libsplunk.so
#5  0x00007f55b4227117 in main () from /opt/splunk/lib/libsplunk.so

Thread 9 (Thread 0x7f25275df291 (LWP 24309)):
#0  0x00007f8fa22bc7c5 in JSONSerializer::serialize () from /opt/splunk/lib/libsplunk.so
#1  0x00007fd414b50483 in RESTHandler::handleGET () from /opt/splunk/lib/libsplunk.so
#2  0x00007f274e4b4f69 in RESTHandler::dispatch () from /opt/splunk/lib/libsplunk.so
#3  0x00007fd95ec54493 in HTTPServer::handleRequest () from /opt/splunk/lib/libsplunk.so
#4  0x00007fd89a3c0d8f in HTTPServer::acceptLoop () from /opt/splunk/lib/libsplunk.so
#5  0x00007fda6339b8f3 in Splunkd::run () from /opt/splunk/lib/libsplunk.so
#6  0x00007fc0f81f9edc in main () from /opt/splunk/lib/libsplunk.so

Thread 10 (Thread 0x7f1879c7952c (LWP 24310)):
#0  0x00007f3592c13996 in FileSystem::fsync () from /opt/splunk/lib/libsplunk.so
#1  0x00007fac1dc08cd8 in BucketWriter::write () from /opt/splunk/lib/libsplunk.so
#2  0x00007f9f3cbfffb8 in IndexWriter::writeBlock () from /opt/splunk/lib/libsplunk.so
#3  0x00007f2eb82700fc in IndexWriter::processData () from /opt/splunk/lib/libsplunk.so
#4  0x00007f3fb76b3550 in IndexWriter::run () from /opt/splunk/lib/libsplunk.so
#5  0x00007f15c630e2c6 in ThreadPool::dispatch () from /opt/splunk/lib/libsplunk.so
#6  0x00007f7575684f88 in Splunkd::run () from /opt/splunk/lib/libsplunk.so
#7  0x00007fcd01b01482 in main () from /opt/splunk/lib/libsplunk.so

Thread 11 (Thread 0x7f7be3aaaf80 (LWP 24311)):
#0  0x00007ff8e72b20c1 in pthread_cond_wait () from /lib64/libpthread.so.0
#1  0x00007f74c24078a4 in SearchProcessor::waitForWork () from /opt/splunk/lib/libsplunk.so
#2  0x00007f554378a39e in SearchProcessor::run () from /opt/splunk/lib/libsplunk.so
#3  0x00007f167c3e0960 in ThreadPool::dispatch () from /opt/splunk/lib/libsplunk.so
#4  0x00007f1e2894daf4 in Splunkd::run () from /opt/splunk/lib/libsplunk.so
#5  0x00007f2a80126518 in main () from /opt/splunk/lib/libsplunk.so

Thread 12 (Thread 0x7f19d1af33d0 (LWP 24312)):
#0  0x00007fff2e8c3ab0 in PCRE::match () from /opt/splunk/lib/libsplunk.so
#1  0x00007f947144f0b5 in FieldExtractor::extract () from /opt/splunk/lib/libsplunk.so
#2  0x00007fbedfac238c in SearchEvaluator::eval () from /opt/splunk/lib/libsplunk.so
#3  0x00007f9d6d37b445 in SearchProcessor::executeSearch () from /opt/splunk/lib/libsplunk.so
#4  0x00007f74d2ecb104 in SearchProcessor::run () from /opt/splunk/lib/libsplunk.so
#5  0x00007f1e2ba0c154 in ThreadPool::dispatch () from /opt/splunk/lib/libsplunk.so
#6  0x00007f3dab94e3d0 in Splunkd::run () from /opt/splunk/lib/libsplunk.so
#7  0x00007fa3c3270b9d in main () from /opt/splunk/lib/libsplunk.so
