Thread 1 (Thread 0x7f148aaa662b (LWP 57401)):
#0  0x00007fd92f906f8a in pthread_cond_wait () from /lib64/libpthread.so.0
#1  0x00007f9d1e398730 in SearchProcessor::waitForWork () from /opt/splunk/lib/libsplunk.so
#2  0x00007f270f9a769a in SearchProcessor::run () from /opt/splunk/lib/libsplunk.so
#3  0x00007f455882254a in ThreadPool::dispatch () from /opt/splunk/lib/libsplunk.so
#4  0x00007f2c804124ac in Splunkd::run () from /opt/splunk/lib/libsplunk.so
#5  0x00007f4c1fe3e5d1 in main () from /opt/splunk/lib/libsplunk.so

Thread 2 (Thread 0x7fc90f76bf87 (LWP 57402)):
#0  0x00007f34aa1cee4e in BTreeReader::search () from /opt/splunk/lib/libsplunk.so
#1  0x00007f4911d753e6 in WiredTiger::cursor_search () from /opt/splunk/lib/libsplunk.so
#2  0x00007fb0f2a5b6d4 in MongoDB::find () from /opt/splunk/lib/libsplunk.so
#3  0x00007f1e3cca9566 in KVStoreHandler::run () from /opt/splunk/lib/libsplunk.so
#4  0x00007f98da8335e5 in ThreadPool::dispatch () from /opt/splunk/lib/libsplunk.so
#5  0x00007f7b81222775 in Splunkd::run () from /opt/splunk/lib/libsplunk.so
#6  0x00007f3b5269d7da in main () from /opt/splunk/lib/libsplunk.so

Thread 3 (Thread 0x7f322a2a8584 (LWP 57403)):
#0  0x00007f44135a83c5 in LDAP::bind () from /opt/splunk/lib/libsplunk.so
#1  0x00007fa5de7cda67 in AuthManager::authenticate () from /opt/splunk/lib/libsplunk.so
#2  0x00007fe978e00bde in RESTHandler::handlePOST () from /opt/splunk/lib/libsplunk.so
#3  0x00007fbb9cb22439 in RESTHandler::dispatch () from /opt/splunk/lib/libsplunk.so
#4  0x00007fcfccb1c250 in HTTPServer::handleRequest () from /opt/splunk/lib/libsplunk.so
#5  0x00007fe641607b6a in HTTPServer::acceptLoop () from /opt/splunk/lib/libsplunk.so
#6  0x00007f785436dcb9 in Splunkd::run () from /opt/splunk/lib/libsplunk.so
#7  0x00007f6002d37e0f in main () from /opt/splunk/lib/libsplunk.so

Thread 4 (Thread 0x7f06c9907f67 (LWP 57404)):
#0  0x00007f84da6622a8 in OpenSSL::SSL_read () from /opt/splunk/lib/libsplunk.so
#1  0x00007f1c2607f2bd in SSLEngine::read () from /opt/splunk/lib/libsplunk.so
#2  0x00007fd3276455e5 in HTTPServer::handleRequest () from /opt/splunk/lib/libsplunk.so
#3  0x00007f2396505a02 in HTTPServer::acceptLoop () from /opt/splunk/lib/libsplunk.so
#4  0x00007fefe748ff12 in Splunkd::run () from /opt/splunk/lib/libsplunk.so
#5  0x00007fc9fd1ce298 in main () from /opt/splunk/lib/libsplunk.so

Thread 5 (Thread 0x7f55229aa01d (LWP 57405)):
#0  0x00007fdaf30205f1 in DateParser::parse () from /opt/splunk/lib/libsplunk.so
#1  0x00007f1399e21ea9 in TimestampExtractor::extract () from /opt/splunk/lib/libsplunk.so
#2  0x00007f414a72eb3f in IndexWriter::processData () from /opt/splunk/lib/libsplunk.so
#3  0x00007fa4963a2084 in IndexWriter::run () from /opt/splunk/lib/libsplunk.so
#4  0x00007ff4f0c1946f in ThreadPool::dispatch () from /opt/splunk/lib/libsplunk.so
#5  0x00007f5ebbd6fd31 in Splunkd::run () from /opt/splunk/lib/libsplunk.so
#6  0x00007ffd82cee8b2 in main () from /opt/splunk/lib/libsplunk.so

Thread 6 (Thread 0x7f01ab1ad63d (LWP 57406)):
#0  0x00007f794f0663fc in OpenSSL::SSL_read () from /opt/splunk/lib/libsplunk.so
#1  0x00007f41b7bbebc1 in SSLEngine::read () from /opt/splunk/lib/libsplunk.so
#2  0x00007f32559877c5 in HTTPServer::handleRequest () from /opt/splunk/lib/libsplunk.so
#3  0x00007fb345268609 in HTTPServer::acceptLoop () from /opt/splunk/lib/libsplunk.so
#4  0x00007ff5c71cf715 in Splunkd::run () from /opt/splunk/lib/libsplunk.so
#5  0x00007f65a7747e79 in main () from /opt/splunk/lib/libsplunk.so

Thread 7 (Thread 0x7fd7a65a6d55 (LWP 57407)):
#0  0x00007facc8a26530 in DateParser::parse () from /opt/splunk/lib/libsplunk.so
#1  0x00007f4d610673d8 in TimestampExtractor::extract () from /opt/splunk/lib/libsplunk.so
#2  0x00007f11410988ad in IndexWriter::processData () from /opt/splunk/lib/libsplunk.so
#3  0x00007f45bba5aa36 in IndexWriter::run () from /opt/splunk/lib/libsplunk.so
#4  0x00007f7d0bd5af67 in ThreadPool::dispatch () from /opt/splunk/lib/libsplunk.so
#5  0x00007f1e1ade45f6 in Splunkd::run () from /opt/splunk/lib/libsplunk.so
#6  0x00007fcdbaf1bb00 in main () from /opt/splunk/lib/libsplunk.so

Thread 8 (Thread 0x7f573775adf7 (LWP 57408)):
#0  0x00007fd0c018fc2e in LexerBase::tokenize () from /opt/splunk/lib/libsplunk.so
#1  0x00007fa6db35bc7c in SearchParser::parse () from /opt/splunk/lib/libsplunk.so
#2  0x00007f305bf3e4f3 in SearchProcessor::executeSearch () from /opt/splunk/lib/libsplunk.so
#3  0x00007f19ea1bed7c in SearchProcessor::run () from /opt/splunk/lib/libsplunk.so
#4  0x00007f79cf85c547 in ThreadPool::dispatch () from /opt/splunk/lib/libsplunk.so
#5  0x00007f7f354f79f0 in Splunkd::run () from /opt/splunk/lib/libsplunk.so
#6  0x00007f72da65fc82 in main () from /opt/splunk/lib/libsplunk.so
