Thread 1 (Thread 0x7f8ab8284416 (LWP 35601)):
#0  0x00007f94cf9e3411 in recv () from /lib64/libc.so.6
#1  0x00007fc60a2a17be in TcpInputProcessor::readData () from /opt/splunk/lib/libsplunk.so
#2  0x00007f16131837c9 in TcpInputProcessor::run () from /opt/splunk/lib/libsplunk.so
#3  0x00007f029e739c12 in ThreadPool::dispatch () from /opt/splunk/lib/libsplunk.so
#4  0x00007f537c476e3d in Splunkd::run () from /opt/splunk/lib/libsplunk.so
#5  0x00007fd50d4abf15 in main () from /opt/splunk/lib/libsplunk.so

Thread 2 (Thread 0x7f0bf9d0ac8c (LWP 35602)):
#0  0x00007f1181a57b3d in PCRE::match () from /opt/splunk/lib/libsplunk.so
#1  0x00007f24fdcd30b6 in FieldExtractor::extract () from /opt/splunk/lib/libsplunk.so
#2  0x00007fb16076d219 in SearchEvaluator::eval () from /opt/splunk/lib/libsplunk.so
#3  0x00007fc99696aa22 in SearchProcessor::executeSearch () from /opt/splunk/lib/libsplunk.so
#4  0x00007fa907a3b3a4 in SearchProcessor::run () from /opt/splunk/lib/libsplunk.so
#5  0x00007f2b1915b9f9 in ThreadPool::dispatch () from /opt/splunk/lib/libsplunk.so
#6  0x00007f9a019f3a1b in Splunkd::run () from /opt/splunk/lib/libsplunk.so
#7  0x00007febbcc98872 in main () from /opt/splunk/lib/libsplunk.so

Thread 3 (Thread 0x7f5274007da5 (LWP 35603)):
#0  0x00007fa51e609b0c in pthread_cond_wait () from /lib64/libpthread.so.0
#1  0x00007faf01d1eb88 in MemoryManager::waitForThreshold () from /opt/splunk/lib/libsplunk.so
#2  0x00007fb24ff2491d in MemoryManager::run () from /opt/splunk/lib/libsplunk.so
#3  0x00007f79e5e51345 in Splunkd::run () from /opt/splunk/lib/libsplunk.so
#4  0x00007fea8382c297 in main () from /opt/splunk/lib/libsplunk.so

Thread 4 (Thread 0x7f963fba5da8 (LWP 35604)):
#0  0x00007f033cf64e99 in zlib::compress () from /opt/splunk/lib/libsplunk.so
#1  0x00007f6752f4be9b in BucketWriter::write () from /opt/splunk/lib/libsplunk.so
#2  0x00007fa019dc262d in IndexWriter::writeBlock () from /opt/splunk/lib/libsplunk.so
#3  0x00007f4dd4730b36 in IndexWriter::processData () from /opt/splunk/lib/libsplunk.so
#4  0x00007fa9aab94841 in IndexWriter::run () from /opt/splunk/lib/libsplunk.so
#5  0x00007f4b9833ced1 in ThreadPool::dispatch () from /opt/splunk/lib/libsplunk.so
#6  0x00007f8821336471 in Splunkd::run () from /opt/splunk/lib/libsplunk.so
#7  0x00007fb639c07030 in main () from /opt/splunk/lib/libsplunk.so

Thread 5 (Thread 0x7f74da0c0e4c (LWP 35605)):
#0  0x00007f0ed197173b in JSONSerializer::serialize () from /opt/splunk/lib/libsplunk.so
#1  0x00007f62fc9d84e4 in RESTHandler::handleGET () from /opt/splunk/lib/libsplunk.so
#2  0x00007f1ca683d6b6 in RESTHandler::dispatch () from /opt/splunk/lib/libsplunk.so
#3  0x00007fb4d22d92b7 in HTTPServer::handleRequest () from /opt/splunk/lib/libsplunk.so
#4  0x00007f98312e708d in HTTPServer::acceptLoop () from /opt/splunk/lib/libsplunk.so
#5  0x00007f58d8ae8842 in Splunkd::run () from /opt/splunk/lib/libsplunk.so
#6  0x00007fbab38f886f in main () from /opt/splunk/lib/libsplunk.so

Thread 6 (Thread 0x7f21d2252721 (LWP 35606)):
#0  0x00007fab0f6cc2b0 in zlib::compress () from /opt/splunk/lib/libsplunk.so
#1  0x00007fbb4e76ce4e in BucketWriter::write () from /opt/splunk/lib/libsplunk.so
#2  0x00007f75e81e460d in IndexWriter::writeBlock () from /opt/splunk/lib/libsplunk.so
#3  0x00007f7732d8fb93 in IndexWriter::processData () from /opt/splunk/lib/libsplunk.so
#4  0x00007f64f92e21da in IndexWriter::run () from /opt/splunk/lib/libsplunk.so
#5  0x00007f17dbc1b65b in ThreadPool::dispatch () from /opt/splunk/lib/libsplunk.so
#6  0x00007f6b483eb072 in Splunkd::run () from /opt/splunk/lib/libsplunk.so
#7  0x00007f1fc7103a3b in main () from /opt/splunk/lib/libsplunk.so

Thread 7 (Thread 0x7f7000471f89 (LWP 35607)):
#0  0x00007fbcd2f9674b in write () from /lib64/libc.so.6
#1  0x00007f75964ee740 in TCPClient::send () from /opt/splunk/lib/libsplunk.so
#2  0x00007f39d0ae4cc1 in ReplicationManager::replicate () from /opt/splunk/lib/libsplunk.so
#3  0x00007fe7cd0ed3e3 in ClusterMaster::run () from /opt/splunk/lib/libsplunk.so
#4  0x00007fa0e911579e in ThreadPool::dispatch () from /opt/splunk/lib/libsplunk.so
#5  0x00007f49f27bf992 in Splunkd::run () from /opt/splunk/lib/libsplunk.so
#6  0x00007fca9da1a3c2 in main () from /opt/splunk/lib/libsplunk.so

Thread 8 (Thread 0x7f7d763b7c7d (LWP 35608)):
#0  0x00007fac9c60ac8b in zlib::compress () from /opt/splunk/lib/libsplunk.so
#1  0x00007f773344f339 in BucketWriter::write () from /opt/splunk/lib/libsplunk.so
#2  0x00007f8cd4864546 in IndexWriter::writeBlock () from /opt/splunk/lib/libsplunk.so
#3  0x00007f6f391f26b2 in IndexWriter::processData () from /opt/splunk/lib/libsplunk.so
#4  0x00007f962d8628b0 in IndexWriter::run () from /opt/splunk/lib/libsplunk.so
#5  0x00007f196e4d25a6 in ThreadPool::dispatch () from /opt/splunk/lib/libsplunk.so
#6  0x00007f3a11bfb9aa in Splunkd::run () from /opt/splunk/lib/libsplunk.so
#7  0x00007f81da4dc041 in main () from /opt/splunk/lib/libsplunk.so

Thread 9 (Thread 0x7f325d252e38 (LWP 35609)):
#0  0x00007f2797524393 in AlertManager::fireAction () from /opt/splunk/lib/libsplunk.so
#1  0x00007f67e900c9e1 in AlertManager::checkTriggers () from /opt/splunk/lib/libsplunk.so
#2  0x00007ff4bb3abd2a in Scheduler::dispatchJob () from /opt/splunk/lib/libsplunk.so
#3  0x00007f38cb1eebce in Scheduler::run () from /opt/splunk/lib/libsplunk.so
#4  0x00007fbb69288caa in Splunkd::run () from /opt/splunk/lib/libsplunk.so
#5  0x00007f8bcc75c0c5 in main () from /opt/splunk/lib/libsplunk.so

Thread 10 (Thread 0x7f7572757ea9 (LWP 35610)):
#0  0x00007ffcbb79ea4e in PCRE::match () from /opt/splunk/lib/libsplunk.so
#1  0x00007f4b339035d6 in FieldExtractor::extract () from /opt/splunk/lib/libsplunk.so
#2  0x00007fa282bf5a48 in SearchEvaluator::eval () from /opt/splunk/lib/libsplunk.so
#3  0x00007fc3ab334c3a in SearchProcessor::executeSearch () from /opt/splunk/lib/libsplunk.so
#4  0x00007f76aca75a9a in SearchProcessor::run () from /opt/splunk/lib/libsplunk.so
#5  0x00007fb14d58f503 in ThreadPool::dispatch () from /opt/splunk/lib/libsplunk.so
#6  0x00007f19bf7e79c9 in Splunkd::run () from /opt/splunk/lib/libsplunk.so
#7  0x00007f99d8467ec9 in main () from /opt/splunk/lib/libsplunk.so

Thread 11 (Thread 0x7f455758b29b (LWP 35611)):
#0  0x00007f2bd9ce8eb3 in pthread_cond_wait () from /lib64/libpthread.so.0
#1  0x00007f38efbf92f3 in SearchProcessor::waitForWork () from /opt/splunk/lib/libsplunk.so
#2  0x00007f7dabd83fe4 in SearchProcessor::run () from /opt/splunk/lib/libsplunk.so
#3  0x00007f55092f038c in ThreadPool::dispatch () from /opt/splunk/lib/libsplunk.so
#4  0x00007fc7e1f47c84 in Splunkd::run () from /opt/splunk/lib/libsplunk.so
#5  0x00007fd06eca4609 in main () from /opt/splunk/lib/libsplunk.so

Thread 12 (Thread 0x7fcce4482e69 (LWP 35612)):
#0  0x00007f66b5f5ac4d in pthread_cond_wait () from /lib64/libpthread.so.0
#1  0x00007fb1eaa341bd in MongoDB::waitForOplog () from /opt/splunk/lib/libsplunk.so
#2  0x00007ffc3c12634f in KVStoreHandler::run () from /opt/splunk/lib/libsplunk.so
#3  0x00007f2495e62a46 in ThreadPool::dispatch () from /opt/splunk/lib/libsplunk.so
#4  0x00007f86b7d61c60 in Splunkd::run () from /opt/splunk/lib/libsplunk.so
#5  0x00007fe9f31681c9 in main () from /opt/splunk/lib/libsplunk.so

Thread 13 (Thread 0x7f5eb6f16503 (LWP 35613)):
#0  0x00007f3d2205d8e5 in epoll_wait () from /lib64/libc.so.6
#1  0x00007f49108690c0 in HTTPServer::acceptLoop () from /opt/splunk/lib/libsplunk.so
#2  0x00007f7fed981e0f in Splunkd::run () from /opt/splunk/lib/libsplunk.so
#3  0x00007f1cd4110748 in main () from /opt/splunk/lib/libsplunk.so

Thread 14 (Thread 0x7fad3694725b (LWP 35614)):
#0  0x00007fff187a02e6 in SAML::validateToken () from /opt/splunk/lib/libsplunk.so
#1  0x00007f4f558ba31e in AuthManager::authenticate () from /opt/splunk/lib/libsplunk.so
#2  0x00007f87318bd5d7 in RESTHandler::handlePOST () from /opt/splunk/lib/libsplunk.so
#3  0x00007f20ba5c4fbb in RESTHandler::dispatch () from /opt/splunk/lib/libsplunk.so
#4  0x00007f3ccdfa7b28 in HTTPServer::handleRequest () from /opt/splunk/lib/libsplunk.so
#5  0x00007f1e37f52b9b in HTTPServer::acceptLoop () from /opt/splunk/lib/libsplunk.so
#6  0x00007f9e23a4aadb in Splunkd::run () from /opt/splunk/lib/libsplunk.so
#7  0x00007fecc012c77f in main () from /opt/splunk/lib/libsplunk.so

Thread 15 (Thread 0x7fa82eaee905 (LWP 35615)):
#0  0x00007ff0396c42ed in JSONSerializer::serialize () from /opt/splunk/lib/libsplunk.so
#1  0x00007f1d7ee7766d in RESTHandler::handleGET () from /opt/splunk/lib/libsplunk.so
#2  0x00007f7a78d28034 in RESTHandler::dispatch () from /opt/splunk/lib/libsplunk.so
#3  0x00007fbc23b3e521 in HTTPServer::handleRequest () from /opt/splunk/lib/libsplunk.so
#4  0x00007ff17be8865e in HTTPServer::acceptLoop () from /opt/splunk/lib/libsplunk.so
#5  0x00007ffc35677f22 in Splunkd::run () from /opt/splunk/lib/libsplunk.so
#6  0x00007f398f7d1c76 in main () from /opt/splunk/lib/libsplunk.so

Thread 16 (Thread 0x7f831f4c5b61 (LWP 35616)):
#0  0x00007f9d2dc82d5f in JSONSerializer::serialize () from /opt/splunk/lib/libsplunk.so
#1  0x00007f185829d9e4 in RESTHandler::handleGET () from /opt/splunk/lib/libsplunk.so
#2  0x00007ff267726a6b in RESTHandler::dispatch () from /opt/splunk/lib/libsplunk.so
#3  0x00007f2ced2c0663 in HTTPServer::handleRequest () from /opt/splunk/lib/libsplunk.so
#4  0x00007f3c6386d869 in HTTPServer::acceptLoop () from /opt/splunk/lib/libsplunk.so
#5  0x00007f55d85a3ab1 in Splunkd::run () from /opt/splunk/lib/libsplunk.so
#6  0x00007f91b9eb9379 in main () from /opt/splunk/lib/libsplunk.so

Thread 17 (Thread 0x7f8def5fc6c6 (LWP 35617)):
#0  0x00007f3731d3b310 in zlib::compress () from /opt/splunk/lib/libsplunk.so
#1  0x00007fdc10621e39 in BucketWriter::write () from /opt/splunk/lib/libsplunk.so
#2  0x00007f42399fded6 in IndexWriter::writeBlock () from /opt/splunk/lib/libsplunk.so
#3  0x00007f1d94f6b582 in IndexWriter::processData () from /opt/splunk/lib/libsplunk.so
#4  0x00007f798b10eeee in IndexWriter::run () from /opt/splunk/lib/libsplunk.so
#5  0x00007f053b0094f2 in ThreadPool::dispatch () from /opt/splunk/lib/libsplunk.so
#6  0x00007f2badc8faf0 in Splunkd::run () from /opt/splunk/lib/libsplunk.so
#7  0x00007f77e1af7b60 in main () from /opt/splunk/lib/libsplunk.so

Thread 18 (Thread 0x7f5f49e24772 (LWP 35618)):
#0  0x00007f7585c39e4c in epoll_wait () from /lib64/libc.so.6
#1  0x00007f648043438b in HTTPServer::acceptLoop () from /opt/splunk/lib/libsplunk.so
#2  0x00007f36d1761fd9 in Splunkd::run () from /opt/splunk/lib/libsplunk.so
#3  0x00007fb69f1b3904 in main () from /opt/splunk/lib/libsplunk.so

Thread 19 (Thread 0x7f8b56f0c220 (LWP 35619)):
#0  0x00007f4c14650bd0 in FileSystem::fsync () from /opt/splunk/lib/libsplunk.so
#1  0x00007febe181455b in BucketWriter::write () from /opt/splunk/lib/libsplunk.so
#2  0x00007f05a1f7ad2a in IndexWriter::writeBlock () from /opt/splunk/lib/libsplunk.so
#3  0x00007fe7c3948e08 in IndexWriter::processData () from /opt/splunk/lib/libsplunk.so
#4  0x00007fd2c954ab9b in IndexWriter::run () from /opt/splunk/lib/libsplunk.so
#5  0x00007f8520a86f3d in ThreadPool::dispatch () from /opt/splunk/lib/libsplunk.so
#6  0x00007fc2b05c58a0 in Splunkd::run () from /opt/splunk/lib/libsplunk.so
#7  0x00007f55bf7494f8 in main () from /opt/splunk/lib/libsplunk.so

Thread 20 (Thread 0x7fb061024a26 (LWP 35620)):
#0  0x00007f08585186fc in std::__introsort_loop () from /opt/splunk/lib/libsplunk.so
#1  0x00007fcdef5a7efb in std::sort () from /opt/splunk/lib/libsplunk.so
#2  0x00007f257b7a566a in SortProcessor::sort () from /opt/splunk/lib/libsplunk.so
#3  0x00007f157653b4a0 in SearchEvaluator::eval () from /opt/splunk/lib/libsplunk.so
#4  0x00007f69033b2945 in SearchProcessor::executeSearch () from /opt/splunk/lib/libsplunk.so
#5  0x00007fd94380fb7e in SearchProcessor::run () from /opt/splunk/lib/libsplunk.so
#6  0x00007fdd2d0ee95c in ThreadPool::dispatch () from /opt/splunk/lib/libsplunk.so
#7  0x00007f4982755a5b in Splunkd::run () from /opt/splunk/lib/libsplunk.so
#8  0x00007f99edf4d455 in main () from /opt/splunk/lib/libsplunk.so
