Thread 1 (Thread 0x7fa322bb58b6 (LWP 47901)):
#0  0x00007f915b1e3d10 in malloc () from /lib64/libc.so.6
#1  0x00007f0ec612ba5e in SearchProcessor::createSearch () from /opt/splunk/lib/libsplunk.so
#2  0x00007f8102aa6c78 in Scheduler::dispatchJob () from /opt/splunk/lib/libsplunk.so
#3  0x00007fba6dc27159 in Scheduler::run () from /opt/splunk/lib/libsplunk.so
#4  0x00007fbc70240c1f in Splunkd::run () from /opt/splunk/lib/libsplunk.so
#5  0x00007f5b06aeb9d2 in main () from /opt/splunk/lib/libsplunk.so

Thread 2 (Thread 0x7fce97f62821 (LWP 47902)):
#0  0x00007f5cccf2e514 in std::__introsort_loop () from /opt/splunk/lib/libsplunk.so
#1  0x00007f6e63aea9f6 in std::sort () from /opt/splunk/lib/libsplunk.so
#2  0x00007f5a5cde6d48 in SortProcessor::sort () from /opt/splunk/lib/libsplunk.so
#3  0x00007f60125c04d6 in SearchEvaluator::eval () from /opt/splunk/lib/libsplunk.so
#4  0x00007f36cc6b67d1 in SearchProcessor::executeSearch () from /opt/splunk/lib/libsplunk.so
#5  0x00007f7700177d3f in SearchProcessor::run () from /opt/splunk/lib/libsplunk.so
#6  0x00007ff6a162c1db in ThreadPool::dispatch () from /opt/splunk/lib/libsplunk.so
#7  0x00007f69a2154992 in Splunkd::run () from /opt/splunk/lib/libsplunk.so
#8  0x00007f4042398bbd in main () from /opt/splunk/lib/libsplunk.so

Thread 3 (Thread 0x7fcadf93c410 (LWP 47903)):
#0  0x00007f100930cdb9 in pthread_cond_wait () from /lib64/libpthread.so.0
#1  0x00007f124fe7ed58 in IndexWriter::waitForData () from /opt/splunk/lib/libsplunk.so
#2  0x00007fe2bcaf8524 in IndexWriter::run () from /opt/splunk/lib/libsplunk.so
#3  0x00007f781b899679 in ThreadPool::dispatch () from /opt/splunk/lib/libsplunk.so
#4  0x00007f95e038ce40 in Splunkd::run () from /opt/splunk/lib/libsplunk.so
#5  0x00007f11e74e4669 in main () from /opt/splunk/lib/libsplunk.so

Thread 4 (Thread 0x7fbf41da6deb (LWP 47904)):
#0  0x00007f4c6516f018 in LexerBase::tokenize () from /opt/splunk/lib/libsplunk.so
#1  0x00007fac0e2b7aa8 in SearchParser::parse () from /opt/splunk/lib/libsplunk.so
#2  0x00007fea16ed975f in SearchProcessor::executeSearch () from /opt/splunk/lib/libsplunk.so
#3  0x00007f1351ec663b in SearchProcessor::run () from /opt/splunk/lib/libsplunk.so
#4  0x00007f9d20ca91a0 in ThreadPool::dispatch () from /opt/splunk/lib/libsplunk.so
#5  0x00007f9f1c76acf8 in Splunkd::run () from /opt/splunk/lib/libsplunk.so
#6  0x00007f27622577f8 in main () from /opt/splunk/lib/libsplunk.so

Thread 5 (Thread 0x7f0cd61b8fd4 (LWP 47905)):
#0  0x00007faf3ef603cd in poll () from /lib64/libc.so.6
#1  0x00007f33aed42207 in TCPClient::connect () from /opt/splunk/lib/libsplunk.so
#2  0x00007f8cc4d86b66 in ReplicationManager::checkHealth () from /opt/splunk/lib/libsplunk.so
#3  0x00007f472c39a527 in ClusterMaster::run () from /opt/splunk/lib/libsplunk.so
#4  0x00007fce278ae982 in ThreadPool::dispatch () from /opt/splunk/lib/libsplunk.so
#5  0x00007f460df5688e in Splunkd::run () from /opt/splunk/lib/libsplunk.so
#6  0x00007f9056673321 in main () from /opt/splunk/lib/libsplunk.so

Thread 6 (Thread 0x7f1acffbbc3a (LWP 47906)):
#0  0x00007f92c5cc8d27 in std::__introsort_loop () from /opt/splunk/lib/libsplunk.so
#1  0x00007f07ea40b9e9 in std::sort () from /opt/splunk/lib/libsplunk.so
#2  0x00007f87ade852b2 in SortProcessor::sort () from /opt/splunk/lib/libsplunk.so
#3  0x00007f03a23e698d in SearchEvaluator::eval () from /opt/splunk/lib/libsplunk.so
#4  0x00007fbf0615b103 in SearchProcessor::executeSearch () from /opt/splunk/lib/libsplunk.so
#5  0x00007f1503f171b2 in SearchProcessor::run () from /opt/splunk/lib/libsplunk.so
#6  0x00007ffdcdd25acf in ThreadPool::dispatch () from /opt/splunk/lib/libsplunk.so
#7  0x00007f1770ead6e9 in Splunkd::run () from /opt/splunk/lib/libsplunk.so
#8  0x00007f790ac08604 in main () from /opt/splunk/lib/libsplunk.so

Thread 7 (Thread 0x7fe156d27d37 (LWP 47907)):
#0  0x00007f049a32d876 in std::__introsort_loop () from /opt/splunk/lib/libsplunk.so
#1  0x00007f5fed69d70b in std::sort () from /opt/splunk/lib/libsplunk.so
#2  0x00007ffda8cff248 in SortProcessor::sort () from /opt/splunk/lib/libsplunk.so
#3  0x00007f0478c4c265 in SearchEvaluator::eval () from /opt/splunk/lib/libsplunk.so
#4  0x00007f26d232baf2 in SearchProcessor::executeSearch () from /opt/splunk/lib/libsplunk.so
#5  0x00007ff4805e4d51 in SearchProcessor::run () from /opt/splunk/lib/libsplunk.so
#6  0x00007f4b07d81efc in ThreadPool::dispatch () from /opt/splunk/lib/libsplunk.so
#7  0x00007fb2be032cf9 in Splunkd::run () from /opt/splunk/lib/libsplunk.so
#8  0x00007fac765c96dc in main () from /opt/splunk/lib/libsplunk.so

Thread 8 (Thread 0x7fba051e14fc (LWP 47908)):
#0  0x00007fd3800ec5c4 in pthread_cond_wait () from /lib64/libpthread.so.0
#1  0x00007faaf3099f0c in SearchProcessor::waitForWork () from /opt/splunk/lib/libsplunk.so
#2  0x00007fb62711b217 in SearchProcessor::run () from /opt/splunk/lib/libsplunk.so
#3  0x00007f988db2f130 in ThreadPool::dispatch () from /opt/splunk/lib/libsplunk.so
#4  0x00007fadf02f01ed in Splunkd::run () from /opt/splunk/lib/libsplunk.so
#5  0x00007f436f465716 in main () from /opt/splunk/lib/libsplunk.so

Thread 9 (Thread 0x7f5935a745cd (LWP 47909)):
#0  0x00007fa8a71a1a74 in FileSystem::fsync () from /opt/splunk/lib/libsplunk.so
#1  0x00007f25f6cf9569 in BucketWriter::write () from /opt/splunk/lib/libsplunk.so
#2  0x00007f062b7e042b in IndexWriter::writeBlock () from /opt/splunk/lib/libsplunk.so
#3  0x00007f1c3e17e83c in IndexWriter::processData () from /opt/splunk/lib/libsplunk.so
#4  0x00007f8df63f8516 in IndexWriter::run () from /opt/splunk/lib/libsplunk.so
#5  0x00007f5ddea1814c in ThreadPool::dispatch () from /opt/splunk/lib/libsplunk.so
#6  0x00007ffac1e4332b in Splunkd::run () from /opt/splunk/lib/libsplunk.so
#7  0x00007f4d3a87ff1c in main () from /opt/splunk/lib/libsplunk.so

Thread 10 (Thread 0x7fcfc4351698 (LWP 47910)):
#0  0x00007f821c935e72 in write () from /lib64/libc.so.6
#1  0x00007f586d1ec5e4 in TCPClient::send () from /opt/splunk/lib/libsplunk.so
#2  0x00007fc5004bca6e in ReplicationManager::replicate () from /opt/splunk/lib/libsplunk.so
#3  0x00007f115b7656cb in ClusterMaster::run () from /opt/splunk/lib/libsplunk.so
#4  0x00007ff3cf7e5420 in ThreadPool::dispatch () from /opt/splunk/lib/libsplunk.so
#5  0x00007fe5f8951962 in Splunkd::run () from /opt/splunk/lib/libsplunk.so
#6  0x00007f71434c8c90 in main () from /opt/splunk/lib/libsplunk.so

Thread 11 (Thread 0x7f3cdd1d2126 (LWP 47911)):
#0  0x00007fafc8e230ea in AlertManager::fireAction () from /opt/splunk/lib/libsplunk.so
#1  0x00007f2d5c6cb71b in AlertManager::checkTriggers () from /opt/splunk/lib/libsplunk.so
#2  0x00007f3d25ceb30f in Scheduler::dispatchJob () from /opt/splunk/lib/libsplunk.so
#3  0x00007fa9e52fe991 in Scheduler::run () from /opt/splunk/lib/libsplunk.so
#4  0x00007f6575fcc6a7 in Splunkd::run () from /opt/splunk/lib/libsplunk.so
#5  0x00007fc9602be692 in main () from /opt/splunk/lib/libsplunk.so

Thread 12 (Thread 0x7f4e44c4fbf6 (LWP 47912)):
#0  0x00007f454feda6d9 in WiredTiger::cursor_update () from /opt/splunk/lib/libsplunk.so
#1  0x00007f85d542bbb9 in MongoDB::update () from /opt/splunk/lib/libsplunk.so
#2  0x00007f8e22dc92fd in KVStoreHandler::run () from /opt/splunk/lib/libsplunk.so
#3  0x00007f8c3830c812 in ThreadPool::dispatch () from /opt/splunk/lib/libsplunk.so
#4  0x00007f3b3b303488 in Splunkd::run () from /opt/splunk/lib/libsplunk.so
#5  0x00007fcbe62c15a2 in main () from /opt/splunk/lib/libsplunk.so

Thread 13 (Thread 0x7f08b28f3b11 (LWP 47913)):
#0  0x00007f6e63a1fa37 in WiredTiger::cursor_update () from /opt/splunk/lib/libsplunk.so
#1  0x00007fc74ad50929 in MongoDB::update () from /opt/splunk/lib/libsplunk.so
#2  0x00007fcaad95cec0 in KVStoreHandler::run () from /opt/splunk/lib/libsplunk.so
#3  0x00007f9ec5caec4f in ThreadPool::dispatch () from /opt/splunk/lib/libsplunk.so
#4  0x00007fa5146e613e in Splunkd::run () from /opt/splunk/lib/libsplunk.so
#5  0x00007ff8b612d725 in main () from /opt/splunk/lib/libsplunk.so

Thread 14 (Thread 0x7f8aff34a631 (LWP 47914)):
#0  0x00007f8f84c87f12 in RegexMatcher::match () from /opt/splunk/lib/libsplunk.so
#1  0x00007ff1211d822f in LineBreaker::split () from /opt/splunk/lib/libsplunk.so
#2  0x00007f256ee07958 in IndexWriter::processData () from /opt/splunk/lib/libsplunk.so
#3  0x00007f404234445b in IndexWriter::run () from /opt/splunk/lib/libsplunk.so
#4  0x00007f26c6604bd6 in ThreadPool::dispatch () from /opt/splunk/lib/libsplunk.so
#5  0x00007f8c93e6eb9d in Splunkd::run () from /opt/splunk/lib/libsplunk.so
#6  0x00007f29ad08709e in main () from /opt/splunk/lib/libsplunk.so
