Thread 1 (Thread 0x7f286045604d (LWP 26001)):
#0  0x00007f79e10d20a4 in LDAP::bind () from /opt/splunk/lib/libsplunk.so
#1  0x00007f4205cd3302 in AuthManager::authenticate () from /opt/splunk/lib/libsplunk.so
#2  0x00007f7693135de9 in RESTHandler::handlePOST () from /opt/splunk/lib/libsplunk.so
#3  0x00007fb888dbeaf0 in RESTHandler::dispatch () from /opt/splunk/lib/libsplunk.so
#4  0x00007f6fdb95b95b in HTTPServer::handleRequest () from /opt/splunk/lib/libsplunk.so
#5  0x00007f6cb362279f in HTTPServer::acceptLoop () from /opt/splunk/lib/libsplunk.so
#6  0x00007f068b405fc9 in Splunkd::run () from /opt/splunk/lib/libsplunk.so
#7  0x00007f2fccced645 in main () from /opt/splunk/lib/libsplunk.so

Thread 2 (Thread 0x7f5a8fbee710 (LWP 26002)):
#0  0x00007fd555d8e200 in LDAP::bind () from /opt/splunk/lib/libsplunk.so
#1  0x00007fcc60dfedf3 in AuthManager::authenticate () from /opt/splunk/lib/libsplunk.so
#2  0x00007f34e0d3f47c in RESTHandler::handlePOST () from /opt/splunk/lib/libsplunk.so
#3  0x00007f07430572b0 in RESTHandler::dispatch () from /opt/splunk/lib/libsplunk.so
#4  0x00007ffc74db09dd in HTTPServer::handleRequest () from /opt/splunk/lib/libsplunk.so
#5  0x00007f058b142335 in HTTPServer::acceptLoop () from /opt/splunk/lib/libsplunk.so
#6  0x00007f808d12a905 in Splunkd::run () from /opt/splunk/lib/libsplunk.so
#7  0x00007f078c187bd0 in main () from /opt/splunk/lib/libsplunk.so

Thread 3 (Thread 0x7f4fee05036a (LWP 26003)):
#0  0x00007f1dd840e8c4 in HashTable::insert () from /opt/splunk/lib/libsplunk.so
#1  0x00007f5a033cd20b in StatsProcessor::aggregate () from /opt/splunk/lib/libsplunk.so
#2  0x00007fe7be8bdef5 in SearchEvaluator::eval () from /opt/splunk/lib/libsplunk.so
#3  0x00007f630dbfc195 in SearchProcessor::executeSearch () from /opt/splunk/lib/libsplunk.so
#4  0x00007f93ff6c2ec2 in SearchProcessor::run () from /opt/splunk/lib/libsplunk.so
#5  0x00007f5bb5d436a1 in ThreadPool::dispatch () from /opt/splunk/lib/libsplunk.so
#6  0x00007f2fc9896300 in Splunkd::run () from /opt/splunk/lib/libsplunk.so
#7  0x00007f1b196e5bb7 in main () from /opt/splunk/lib/libsplunk.so

Thread 4 (Thread 0x7fe5f98bf931 (LWP 26004)):
#0  0x00007f399651bc75 in DateParser::parse () from /opt/splunk/lib/libsplunk.so
#1  0x00007f32c786dc94 in TimestampExtractor::extract () from /opt/splunk/lib/libsplunk.so
#2  0x00007ff2b2068a3c in IndexWriter::processData () from /opt/splunk/lib/libsplunk.so
#3  0x00007fd809da8c3d in IndexWriter::run () from /opt/splunk/lib/libsplunk.so
#4  0x00007f803bee70ea in ThreadPool::dispatch () from /opt/splunk/lib/libsplunk.so
#5  0x00007f823b00637d in Splunkd::run () from /opt/splunk/lib/libsplunk.so
#6  0x00007f652c5f49a1 in main () from /opt/splunk/lib/libsplunk.so

Thread 5 (Thread 0x7f6b69aa4e4e (LWP 26005)):
#0  0x00007f4ad89e1f67 in HashTable::insert () from /opt/splunk/lib/libsplunk.so
#1  0x00007f8e9dcb73cc in StatsProcessor::aggregate () from /opt/splunk/lib/libsplunk.so
#2  0x00007f5642ec10e8 in SearchEvaluator::eval () from /opt/splunk/lib/libsplunk.so
#3  0x00007f71a0edaf70 in SearchProcessor::executeSearch () from /opt/splunk/lib/libsplunk.so
#4  0x00007f45f81bb6d7 in SearchProcessor::run () from /opt/splunk/lib/libsplunk.so
#5  0x00007f0d6b6b4d63 in ThreadPool::dispatch () from /opt/splunk/lib/libsplunk.so
#6  0x00007f1f372c502a in Splunkd::run () from /opt/splunk/lib/libsplunk.so
#7  0x00007f0448b701a4 in main () from /opt/splunk/lib/libsplunk.so

Thread 6 (Thread 0x7fc27724cfea (LWP 26006)):
#0  0x00007fa9779ffb17 in recvfrom () from /lib64/libc.so.6
#1  0x00007fd4e577fe93 in UDPInputProcessor::readData () from /opt/splunk/lib/libsplunk.so
#2  0x00007f51efb8712a in UDPInputProcessor::run () from /opt/splunk/lib/libsplunk.so
#3  0x00007f7776dd802d in ThreadPool::dispatch () from /opt/splunk/lib/libsplunk.so
#4  0x00007ff8fd5ebdb8 in Splunkd::run () from /opt/splunk/lib/libsplunk.so
#5  0x00007f56083b717c in main () from /opt/splunk/lib/libsplunk.so

Thread 7 (Thread 0x7f0d16348b6a (LWP 26007)):
#0  0x00007f09409836dd in pthread_cond_wait () from /lib64/libpthread.so.0
#1  0x00007f301734a3e8 in MongoDB::waitForOplog () from /opt/splunk/lib/libsplunk.so
#2  0x00007f11b87e392d in KVStoreHandler::run () from /opt/splunk/lib/libsplunk.so
#3  0x00007f6ac0a0a774 in ThreadPool::dispatch () from /opt/splunk/lib/libsplunk.so
#4  0x00007f15e2878e86 in Splunkd::run () from /opt/splunk/lib/libsplunk.so
#5  0x00007fbca80e3542 in main () from /opt/splunk/lib/libsplunk.so

Thread 8 (Thread 0x7fda6de4de15 (LWP 26008)):
#0  0x00007fb4d77bd194 in RegexMatcher::match () from /opt/splunk/lib/libsplunk.so
#1  0x00007fa3484ee7c6 in LineBreaker::split () from /opt/splunk/lib/libsplunk.so
#2  0x00007f221915fdae in IndexWriter::processData () from /opt/splunk/lib/libsplunk.so
#3  0x00007fd1cbaa711e in IndexWriter::run () from /opt/splunk/lib/libsplunk.so
#4  0x00007f8c028df18f in ThreadPool::dispatch () from /opt/splunk/lib/libsplunk.so
#5  0x00007f5aa96f40b2 in Splunkd::run () from /opt/splunk/lib/libsplunk.so
#6  0x00007f662f208640 in main () from /opt/splunk/lib/libsplunk.so

Thread 9 (Thread 0x7fdd25deb89f (LWP 26009)):
#0  0x00007f0d327d55d1 in PCRE::match () from /opt/splunk/lib/libsplunk.so
#1  0x00007f5043fcba9e in FieldExtractor::extract () from /opt/splunk/lib/libsplunk.so
#2  0x00007f029c99c353 in SearchEvaluator::eval () from /opt/splunk/lib/libsplunk.so
#3  0x00007f081dacd990 in SearchProcessor::executeSearch () from /opt/splunk/lib/libsplunk.so
#4  0x00007fce70e57a4e in SearchProcessor::run () from /opt/splunk/lib/libsplunk.so
#5  0x00007f0c6b9b15e7 in ThreadPool::dispatch () from /opt/splunk/lib/libsplunk.so
#6  0x00007f04dfa3fa5d in Splunkd::run () from /opt/splunk/lib/libsplunk.so
#7  0x00007f2620ffa544 in main () from /opt/splunk/lib/libsplunk.so

Thread 10 (Thread 0x7fa67d4e7feb (LWP 26010)):
#0  0x00007f2e90d5acb0 in pthread_cond_wait () from /lib64/libpthread.so.0
#1  0x00007faec4d8aed5 in IndexWriter::waitForData () from /opt/splunk/lib/libsplunk.so
#2  0x00007fc35bd3cf2f in IndexWriter::run () from /opt/splunk/lib/libsplunk.so
#3  0x00007f27aa87454b in ThreadPool::dispatch () from /opt/splunk/lib/libsplunk.so
#4  0x00007f1af15db5ea in Splunkd::run () from /opt/splunk/lib/libsplunk.so
#5  0x00007f4739ec0d73 in main () from /opt/splunk/lib/libsplunk.so

Thread 11 (Thread 0x7f40746cc296 (LWP 26011)):
#0  0x00007f3b859f9922 in malloc () from /lib64/libc.so.6
#1  0x00007fcdf7d98f2f in BTreeWriter::insert () from /opt/splunk/lib/libsplunk.so
#2  0x00007fc9ea5d060f in WiredTiger::cursor_insert () from /opt/splunk/lib/libsplunk.so
#3  0x00007f9550feb03f in MongoDB::insert () from /opt/splunk/lib/libsplunk.so
#4  0x00007fad775aee8b in KVStoreHandler::run () from /opt/splunk/lib/libsplunk.so
#5  0x00007f46ebce0c91 in ThreadPool::dispatch () from /opt/splunk/lib/libsplunk.so
#6  0x00007f6109d5e155 in Splunkd::run () from /opt/splunk/lib/libsplunk.so
#7  0x00007f166265d50e in main () from /opt/splunk/lib/libsplunk.so

Thread 12 (Thread 0x7f5699d34bf2 (LWP 26012)):
#0  0x00007fffe4a1b2e2 in malloc_trim () from /lib64/libc.so.6
#1  0x00007f7d622eb038 in MemoryManager::compactHeap () from /opt/splunk/lib/libsplunk.so
#2  0x00007fae5d2bcf53 in MemoryManager::run () from /opt/splunk/lib/libsplunk.so
#3  0x00007f502c2f61ab in Splunkd::run () from /opt/splunk/lib/libsplunk.so
#4  0x00007f7e50685cd0 in main () from /opt/splunk/lib/libsplunk.so

Thread 13 (Thread 0x7f6ec6ed428e (LWP 26013)):
#0  0x00007f3f88ab5f61 in LexerBase::tokenize () from /opt/splunk/lib/libsplunk.so
#1  0x00007f22398dcaff in SearchParser::parse () from /opt/splunk/lib/libsplunk.so
#2  0x00007f843da24d81 in SearchProcessor::executeSearch () from /opt/splunk/lib/libsplunk.so
#3  0x00007fb6f0e22536 in SearchProcessor::run () from /opt/splunk/lib/libsplunk.so
#4  0x00007f7a7e8ee715 in ThreadPool::dispatch () from /opt/splunk/lib/libsplunk.so
#5  0x00007f1d463828dd in Splunkd::run () from /opt/splunk/lib/libsplunk.so
#6  0x00007fa36905b34c in main () from /opt/splunk/lib/libsplunk.so
