Thread 1 (Thread 0x7f099eb001b8 (LWP 23601)):
#0  0x00007f759499b1d0 in PCRE::match () from /opt/splunk/lib/libsplunk.so
#1  0x00007fc9560ab893 in FieldExtractor::extract () from /opt/splunk/lib/libsplunk.so
#2  0x00007f8a05f49ce1 in SearchEvaluator::eval () from /opt/splunk/lib/libsplunk.so
#3  0x00007f3b57103365 in SearchProcessor::executeSearch () from /opt/splunk/lib/libsplunk.so
#4  0x00007f55cddda8c3 in SearchProcessor::run () from /opt/splunk/lib/libsplunk.so
#5  0x00007f83fd88666f in ThreadPool::dispatch () from /opt/splunk/lib/libsplunk.so
#6  0x00007fa9d4c42b58 in Splunkd::run () from /opt/splunk/lib/libsplunk.so
#7  0x00007fb88e52ca23 in main () from /opt/splunk/lib/libsplunk.so

Thread 2 (Thread 0x7f7f2bc60362 (LWP 23602)):
#0  0x00007fa3bc467eac in std::__introsort_loop () from /opt/splunk/lib/libsplunk.so
#1  0x00007f272f87eb7a in std::sort () from /opt/splunk/lib/libsplunk.so
#2  0x00007fa7f2016cad in SortProcessor::sort () from /opt/splunk/lib/libsplunk.so
#3  0x00007f39a4a50b29 in SearchEvaluator::eval () from /opt/splunk/lib/libsplunk.so
#4  0x00007f9ca9472384 in SearchProcessor::executeSearch () from /opt/splunk/lib/libsplunk.so
#5  0x00007fc6963d00b1 in SearchProcessor::run () from /opt/splunk/lib/libsplunk.so
#6  0x00007f7a9c775e48 in ThreadPool::dispatch () from /opt/splunk/lib/libsplunk.so
#7  0x00007fb717f0b2b7 in Splunkd::run () from /opt/splunk/lib/libsplunk.so
#8  0x00007fc0e7849182 in main () from /opt/splunk/lib/libsplunk.so

Thread 3 (Thread 0x7fe52b64ea5d (LWP 23603)):
#0  0x00007fb9f9c239b8 in LexerBase::tokenize () from /opt/splunk/lib/libsplunk.so
#1  0x00007f36de02de55 in SearchParser::parse () from /opt/splunk/lib/libsplunk.so
#2  0x00007f67eff5e991 in SearchProcessor::executeSearch () from /opt/splunk/lib/libsplunk.so
#3  0x00007f4caabe7680 in SearchProcessor::run () from /opt/splunk/lib/libsplunk.so
#4  0x00007fc65f3abc96 in ThreadPool::dispatch () from /opt/splunk/lib/libsplunk.so
#5  0x00007fef3a1e0749 in Splunkd::run () from /opt/splunk/lib/libsplunk.so
#6  0x00007fc92eaf0fa1 in main () from /opt/splunk/lib/libsplunk.so

Thread 4 (Thread 0x7f41bc29a363 (LWP 23604)):
#0  0x00007f44b959189f in BTreeReader::search () from /opt/splunk/lib/libsplunk.so
#1  0x00007f4d81355608 in WiredTiger::cursor_search () from /opt/splunk/lib/libsplunk.so
#2  0x00007f57302179e1 in MongoDB::find () from /opt/splunk/lib/libsplunk.so
#3  0x00007fa18ed8da43 in KVStoreHandler::run () from /opt/splunk/lib/libsplunk.so
#4  0x00007ffa1001fd2f in ThreadPool::dispatch () from /opt/splunk/lib/libsplunk.so
#5  0x00007f79e4825855 in Splunkd::run () from /opt/splunk/lib/libsplunk.so
#6  0x00007f8726170155 in main () from /opt/splunk/lib/libsplunk.so

Thread 5 (Thread 0x7f71133a750b (LWP 23605)):
#0  0x00007fd8cac4169e in AlertManager::fireAction () from /opt/splunk/lib/libsplunk.so
#1  0x00007ff41a98f3c3 in AlertManager::checkTriggers () from /opt/splunk/lib/libsplunk.so
#2  0x00007ffde66265c5 in Scheduler::dispatchJob () from /opt/splunk/lib/libsplunk.so
#3  0x00007fc8f0393c63 in Scheduler::run () from /opt/splunk/lib/libsplunk.so
#4  0x00007fd30f40124d in Splunkd::run () from /opt/splunk/lib/libsplunk.so
#5  0x00007f2140fa8ea5 in main () from /opt/splunk/lib/libsplunk.so

Thread 6 (Thread 0x7f633a4d5812 (LWP 23606)):
#0  0x00007fc4111e75f6 in HashTable::insert () from /opt/splunk/lib/libsplunk.so
#1  0x00007f0f5de69770 in StatsProcessor::aggregate () from /opt/splunk/lib/libsplunk.so
#2  0x00007f157e1f9e41 in SearchEvaluator::eval () from /opt/splunk/lib/libsplunk.so
#3  0x00007f5bebaf793e in SearchProcessor::executeSearch () from /opt/splunk/lib/libsplunk.so
#4  0x00007fce3eee27c5 in SearchProcessor::run () from /opt/splunk/lib/libsplunk.so
#5  0x00007f715b5bd986 in ThreadPool::dispatch () from /opt/splunk/lib/libsplunk.so
#6  0x00007f652d918854 in Splunkd::run () from /opt/splunk/lib/libsplunk.so
#7  0x00007f8658de6fea in main () from /opt/splunk/lib/libsplunk.so

Thread 7 (Thread 0x7fe33b945c09 (LWP 23607)):
#0  0x00007f338aab42e2 in FileSystem::fsync () from /opt/splunk/lib/libsplunk.so
#1  0x00007fc893f1b173 in BucketWriter::write () from /opt/splunk/lib/libsplunk.so
#2  0x00007f318023293e in IndexWriter::writeBlock () from /opt/splunk/lib/libsplunk.so
#3  0x00007f4cc28df70c in IndexWriter::processData () from /opt/splunk/lib/libsplunk.so
#4  0x00007fa1c2320467 in IndexWriter::run () from /opt/splunk/lib/libsplunk.so
#5  0x00007fdd7ed84baa in ThreadPool::dispatch () from /opt/splunk/lib/libsplunk.so
#6  0x00007fa8ff2792b8 in Splunkd::run () from /opt/splunk/lib/libsplunk.so
#7  0x00007f7f7fbd4b8f in main () from /opt/splunk/lib/libsplunk.so

Thread 8 (Thread 0x7fbbcf036200 (LWP 23608)):
#0  0x00007f0e3786278c in pthread_cond_wait () from /lib64/libpthread.so.0
#1  0x00007f13cadb038a in SearchProcessor::waitForWork () from /opt/splunk/lib/libsplunk.so
#2  0x00007fe7a6e59655 in SearchProcessor::run () from /opt/splunk/lib/libsplunk.so
#3  0x00007f8f192f9aa0 in ThreadPool::dispatch () from /opt/splunk/lib/libsplunk.so
#4  0x00007fe64b944ff2 in Splunkd::run () from /opt/splunk/lib/libsplunk.so
#5  0x00007f676b6af058 in main () from /opt/splunk/lib/libsplunk.so
