Thread 1 (Thread 0x7f84fe112553 (LWP 45701)):
#0  0x00007f7e5a30d2e3 in LexerBase::tokenize () from /opt/splunk/lib/libsplunk.so
#1  0x00007f3daf6a9c92 in SearchParser::parse () from /opt/splunk/lib/libsplunk.so
#2  0x00007fc7a5c4a4b6 in SearchProcessor::executeSearch () from /opt/splunk/lib/libsplunk.so
#3  0x00007fec89c2a9cf in SearchProcessor::run () from /opt/splunk/lib/libsplunk.so
#4  0x00007fcc09324943 in ThreadPool::dispatch () from /opt/splunk/lib/libsplunk.so
#5  0x00007fa4560a9652 in Splunkd::run () from /opt/splunk/lib/libsplunk.so
#6  0x00007f8c83b006a6 in main () from /opt/splunk/lib/libsplunk.so

Thread 2 (Thread 0x7ffb586b49af (LWP 45702)):
#0  0x00007fe8785a3641 in inotify_read () from /lib64/libc.so.6
#1  0x00007facc120b543 in FileMonitor::waitForChange () from /opt/splunk/lib/libsplunk.so
#2  0x00007f2c0d8edb61 in FileMonitor::run () from /opt/splunk/lib/libsplunk.so
#3  0x00007f0c293b2313 in ThreadPool::dispatch () from /opt/splunk/lib/libsplunk.so
#4  0x00007fd590a6daa4 in Splunkd::run () from /opt/splunk/lib/libsplunk.so
#5  0x00007fa1928ac25d in main () from /opt/splunk/lib/libsplunk.so

Thread 3 (Thread 0x7fb8deff1843 (LWP 45703)):
#0  0x00007f0445942ce3 in pthread_cond_timedwait () from /lib64/libpthread.so.0
#1  0x00007fdcf6c99fea in ReplicationManager::waitForAck () from /opt/splunk/lib/libsplunk.so
#2  0x00007f7b3d1e77a5 in ClusterMaster::run () from /opt/splunk/lib/libsplunk.so
#3  0x00007fc17483635d in ThreadPool::dispatch () from /opt/splunk/lib/libsplunk.so
#4  0x00007fa9141bc3be in Splunkd::run () from /opt/splunk/lib/libsplunk.so
#5  0x00007fd47c153afa in main () from /opt/splunk/lib/libsplunk.so

Thread 4 (Thread 0x7f586767f3a4 (LWP 45704)):
#0  0x00007fbbab58041e in JSONSerializer::serialize () from /opt/splunk/lib/libsplunk.so
#1  0x00007f36daa2a70a in RESTHandler::handleGET () from /opt/splunk/lib/libsplunk.so
#2  0x00007f7f8c332e23 in RESTHandler::dispatch () from /opt/splunk/lib/libsplunk.so
#3  0x00007f82cec179da in HTTPServer::handleRequest () from /opt/splunk/lib/libsplunk.so
#4  0x00007fd4488052d2 in HTTPServer::acceptLoop () from /opt/splunk/lib/libsplunk.so
#5  0x00007ff9d54534bf in Splunkd::run () from /opt/splunk/lib/libsplunk.so
#6  0x00007f9b7909cb79 in main () from /opt/splunk/lib/libsplunk.so

Thread 5 (Thread 0x7fdafb543480 (LWP 45705)):
#0  0x00007f1d04fd46ea in pthread_cond_wait () from /lib64/libpthread.so.0
#1  0x00007f5ce1c8428e in SearchProcessor::waitForWork () from /opt/splunk/lib/libsplunk.so
#2  0x00007fb3413f3aad in SearchProcessor::run () from /opt/splunk/lib/libsplunk.so
#3  0x00007fce13898c60 in ThreadPool::dispatch () from /opt/splunk/lib/libsplunk.so
#4  0x00007f6c33677f72 in Splunkd::run () from /opt/splunk/lib/libsplunk.so
#5  0x00007f27132aac68 in main () from /opt/splunk/lib/libsplunk.so

Thread 6 (Thread 0x7f45aa44e599 (LWP 45706)):
#0  0x00007f9c52356bdb in pthread_cond_wait () from /lib64/libpthread.so.0
#1  0x00007f29a1bdc283 in SearchProcessor::waitForWork () from /opt/splunk/lib/libsplunk.so
#2  0x00007f71b2c37502 in SearchProcessor::run () from /opt/splunk/lib/libsplunk.so
#3  0x00007fb70ec4fc13 in ThreadPool::dispatch () from /opt/splunk/lib/libsplunk.so
#4  0x00007fd0c1b9e331 in Splunkd::run () from /opt/splunk/lib/libsplunk.so
#5  0x00007ff8e1747563 in main () from /opt/splunk/lib/libsplunk.so

Thread 7 (Thread 0x7ff69d12d2db (LWP 45707)):
#0  0x00007ff326fd3641 in pthread_cond_wait () from /lib64/libpthread.so.0
#1  0x00007f89a2252b3e in MemoryManager::waitForThreshold () from /opt/splunk/lib/libsplunk.so
#2  0x00007fe86c54aee8 in MemoryManager::run () from /opt/splunk/lib/libsplunk.so
#3  0x00007f24df203292 in Splunkd::run () from /opt/splunk/lib/libsplunk.so
#4  0x00007f4f83281edf in main () from /opt/splunk/lib/libsplunk.so

Thread 8 (Thread 0x7f1e75467752 (LWP 45708)):
#0  0x00007f60cefc3402 in FileSystem::copy () from /opt/splunk/lib/libsplunk.so
#1  0x00007fb1e478b8a1 in BucketSync::syncBucket () from /opt/splunk/lib/libsplunk.so
#2  0x00007fe612a3131d in ReplicationManager::replicate () from /opt/splunk/lib/libsplunk.so
#3  0x00007f2e80d6e12e in ClusterMaster::run () from /opt/splunk/lib/libsplunk.so
#4  0x00007fbe89135ce5 in ThreadPool::dispatch () from /opt/splunk/lib/libsplunk.so
#5  0x00007f3a77d79b0d in Splunkd::run () from /opt/splunk/lib/libsplunk.so
#6  0x00007fb528d5ab79 in main () from /opt/splunk/lib/libsplunk.so

Thread 9 (Thread 0x7fcc13ebc22f (LWP 45709)):
#0  0x00007f38f5ac6e73 in BTreeReader::search () from /opt/splunk/lib/libsplunk.so
#1  0x00007ff472f02063 in WiredTiger::cursor_search () from /opt/splunk/lib/libsplunk.so
#2  0x00007f98493e0c68 in MongoDB::find () from /opt/splunk/lib/libsplunk.so
#3  0x00007fd0e3b77b19 in KVStoreHandler::run () from /opt/splunk/lib/libsplunk.so
#4  0x00007f9b13425bc0 in ThreadPool::dispatch () from /opt/splunk/lib/libsplunk.so
#5  0x00007ffc4917806a in Splunkd::run () from /opt/splunk/lib/libsplunk.so
#6  0x00007f2cde0d4fb2 in main () from /opt/splunk/lib/libsplunk.so

Thread 10 (Thread 0x7f76f1d8fa12 (LWP 45710)):
#0  0x00007f76b96f84bb in pthread_cond_wait () from /lib64/libpthread.so.0
#1  0x00007fa0e8516a0f in MongoDB::waitForOplog () from /opt/splunk/lib/libsplunk.so
#2  0x00007fcd6610fa9e in KVStoreHandler::run () from /opt/splunk/lib/libsplunk.so
#3  0x00007fc4c98736be in ThreadPool::dispatch () from /opt/splunk/lib/libsplunk.so
#4  0x00007f5f0fb0ce94 in Splunkd::run () from /opt/splunk/lib/libsplunk.so
#5  0x00007f161899a4e5 in main () from /opt/splunk/lib/libsplunk.so

Thread 11 (Thread 0x7f50ea064115 (LWP 45711)):
#0  0x00007fde11cf4318 in AlertManager::fireAction () from /opt/splunk/lib/libsplunk.so
#1  0x00007fdf227ece0c in AlertManager::checkTriggers () from /opt/splunk/lib/libsplunk.so
#2  0x00007fe0691bb27e in Scheduler::dispatchJob () from /opt/splunk/lib/libsplunk.so
#3  0x00007f01e660dbe8 in Scheduler::run () from /opt/splunk/lib/libsplunk.so
#4  0x00007f64ab2ff7e7 in Splunkd::run () from /opt/splunk/lib/libsplunk.so
#5  0x00007f9361d28a01 in main () from /opt/splunk/lib/libsplunk.so

Thread 12 (Thread 0x7faf9177a9f4 (LWP 45712)):
#0  0x00007faffdc6cd6b in std::__introsort_loop () from /opt/splunk/lib/libsplunk.so
#1  0x00007f5c15555d44 in std::sort () from /opt/splunk/lib/libsplunk.so
#2  0x00007f3b30256da6 in SortProcessor::sort () from /opt/splunk/lib/libsplunk.so
#3  0x00007fbd484b8244 in SearchEvaluator::eval () from /opt/splunk/lib/libsplunk.so
#4  0x00007f5d0df016ae in SearchProcessor::executeSearch () from /opt/splunk/lib/libsplunk.so
#5  0x00007f3afd5a3156 in SearchProcessor::run () from /opt/splunk/lib/libsplunk.so
#6  0x00007f700b2b1e43 in ThreadPool::dispatch () from /opt/splunk/lib/libsplunk.so
#7  0x00007f0936dacafe in Splunkd::run () from /opt/splunk/lib/libsplunk.so
#8  0x00007f05ba3d5611 in main () from /opt/splunk/lib/libsplunk.so

Thread 13 (Thread 0x7f2c9d9c4909 (LWP 45713)):
#0  0x00007f6c257148c0 in HashTable::insert () from /opt/splunk/lib/libsplunk.so
#1  0x00007f2a27a199a7 in StatsProcessor::aggregate () from /opt/splunk/lib/libsplunk.so
#2  0x00007f3b776549d0 in SearchEvaluator::eval () from /opt/splunk/lib/libsplunk.so
#3  0x00007f18f174e3c2 in SearchProcessor::executeSearch () from /opt/splunk/lib/libsplunk.so
#4  0x00007fdd01ec6472 in SearchProcessor::run () from /opt/splunk/lib/libsplunk.so
#5  0x00007f27daec7a80 in ThreadPool::dispatch () from /opt/splunk/lib/libsplunk.so
#6  0x00007f3537cebb7a in Splunkd::run () from /opt/splunk/lib/libsplunk.so
#7  0x00007f8325b80b31 in main () from /opt/splunk/lib/libsplunk.so

Thread 14 (Thread 0x7fb8397c8fb9 (LWP 45714)):
#0  0x00007f0363c5efee in DateParser::parse () from /opt/splunk/lib/libsplunk.so
#1  0x00007fa282dc3804 in TimestampExtractor::extract () from /opt/splunk/lib/libsplunk.so
#2  0x00007fc89fc45145 in IndexWriter::processData () from /opt/splunk/lib/libsplunk.so
#3  0x00007fdb6e1a62a3 in IndexWriter::run () from /opt/splunk/lib/libsplunk.so
#4  0x00007feb5ccff09f in ThreadPool::dispatch () from /opt/splunk/lib/libsplunk.so
#5  0x00007fdc0a5a81f5 in Splunkd::run () from /opt/splunk/lib/libsplunk.so
#6  0x00007f3e939ef2e9 in main () from /opt/splunk/lib/libsplunk.so

Thread 15 (Thread 0x7fb749a7de6a (LWP 45715)):
#0  0x00007f836ea3b10b in std::__introsort_loop () from /opt/splunk/lib/libsplunk.so
#1  0x00007f9c78fec906 in std::sort () from /opt/splunk/lib/libsplunk.so
#2  0x00007fb0a661c57d in SortProcessor::sort () from /opt/splunk/lib/libsplunk.so
#3  0x00007fabaca30644 in SearchEvaluator::eval () from /opt/splunk/lib/libsplunk.so
#4  0x00007f207b27fec6 in SearchProcessor::executeSearch () from /opt/splunk/lib/libsplunk.so
#5  0x00007f6b1dd2a629 in SearchProcessor::run () from /opt/splunk/lib/libsplunk.so
#6  0x00007fb2e8c39362 in ThreadPool::dispatch () from /opt/splunk/lib/libsplunk.so
#7  0x00007ffa039aed48 in Splunkd::run () from /opt/splunk/lib/libsplunk.so
#8  0x00007f64f49dbea0 in main () from /opt/splunk/lib/libsplunk.so

Thread 16 (Thread 0x7fa8314ec1fa (LWP 45716)):
#0  0x00007f3cc5a1b901 in LexerBase::tokenize () from /opt/splunk/lib/libsplunk.so
#1  0x00007fd4a01cc902 in SearchParser::parse () from /opt/splunk/lib/libsplunk.so
#2  0x00007f61c115e018 in SearchProcessor::executeSearch () from /opt/splunk/lib/libsplunk.so
#3  0x00007f323ca67557 in SearchProcessor::run () from /opt/splunk/lib/libsplunk.so
#4  0x00007f88c3a603cd in ThreadPool::dispatch () from /opt/splunk/lib/libsplunk.so
#5  0x00007fcba94f3b14 in Splunkd::run () from /opt/splunk/lib/libsplunk.so
#6  0x00007fcafe978199 in main () from /opt/splunk/lib/libsplunk.so

Thread 17 (Thread 0x7f4f5e4c71a1 (LWP 45717)):
#0  0x00007fb6a9965be7 in pthread_cond_wait () from /lib64/libpthread.so.0
#1  0x00007fed095dd0cd in IndexWriter::waitForData () from /opt/splunk/lib/libsplunk.so
#2  0x00007f466f2e9e16 in IndexWriter::run () from /opt/splunk/lib/libsplunk.so
#3  0x00007fcb3cff8c0f in ThreadPool::dispatch () from /opt/splunk/lib/libsplunk.so
#4  0x00007f8e13e849e5 in Splunkd::run () from /opt/splunk/lib/libsplunk.so
#5  0x00007f5b3a30afe7 in main () from /opt/splunk/lib/libsplunk.so
