Thread 1 (Thread 0x7fda9b4f45e3 (LWP 53101)):
#0  0x00007fa39565db3e in malloc () from /lib64/libc.so.6
#1  0x00007f5f7e32dff4 in SearchProcessor::createSearch () from /opt/splunk/lib/libsplunk.so
#2  0x00007fca0a5b0bb9 in Scheduler::dispatchJob () from /opt/splunk/lib/libsplunk.so
#3  0x00007f6b6542f68a in Scheduler::run () from /opt/splunk/lib/libsplunk.so
#4  0x00007f6999f3f99d in Splunkd::run () from /opt/splunk/lib/libsplunk.so
#5  0x00007fcc17a7e599 in main () from /opt/splunk/lib/libsplunk.so

Thread 2 (Thread 0x7fb5a49eb998 (LWP 53102)):
#0  0x00007fa4a436a7d0 in malloc_trim () from /lib64/libc.so.6
#1  0x00007f9177fb92a2 in MemoryManager::compactHeap () from /opt/splunk/lib/libsplunk.so
#2  0x00007fd2a557da13 in MemoryManager::run () from /opt/splunk/lib/libsplunk.so
#3  0x00007fcea850a704 in Splunkd::run () from /opt/splunk/lib/libsplunk.so
#4  0x00007f7788323509 in main () from /opt/splunk/lib/libsplunk.so

Thread 3 (Thread 0x7f760a6b1eb5 (LWP 53103)):
#0  0x00007fc5319c8c2b in recvfrom () from /lib64/libc.so.6
#1  0x00007ffb1bc2433f in UDPInputProcessor::readData () from /opt/splunk/lib/libsplunk.so
#2  0x00007ff7de7d8208 in UDPInputProcessor::run () from /opt/splunk/lib/libsplunk.so
#3  0x00007fc9cb9c1d47 in ThreadPool::dispatch () from /opt/splunk/lib/libsplunk.so
#4  0x00007f3309195ee7 in Splunkd::run () from /opt/splunk/lib/libsplunk.so
#5  0x00007fd82ba32416 in main () from /opt/splunk/lib/libsplunk.so

Thread 4 (Thread 0x7f3299d89991 (LWP 53104)):
#0  0x00007f114e4353df in malloc () from /lib64/libc.so.6
#1  0x00007f1e78dd7938 in SearchProcessor::createSearch () from /opt/splunk/lib/libsplunk.so
#2  0x00007fd8d339aa4f in Scheduler::dispatchJob () from /opt/splunk/lib/libsplunk.so
#3  0x00007ff1b622d918 in Scheduler::run () from /opt/splunk/lib/libsplunk.so
#4  0x00007f84964eea6d in Splunkd::run () from /opt/splunk/lib/libsplunk.so
#5  0x00007f6ec3529f17 in main () from /opt/splunk/lib/libsplunk.so

Thread 5 (Thread 0x7f5f5dbb5461 (LWP 53105)):
#0  0x00007fb2910bb3b6 in RegexMatcher::match () from /opt/splunk/lib/libsplunk.so
#1  0x00007f4d55f9f5ba in LineBreaker::split () from /opt/splunk/lib/libsplunk.so
#2  0x00007f792cfa0d70 in IndexWriter::processData () from /opt/splunk/lib/libsplunk.so
#3  0x00007fa74977c536 in IndexWriter::run () from /opt/splunk/lib/libsplunk.so
#4  0x00007fe53ecd02a9 in ThreadPool::dispatch () from /opt/splunk/lib/libsplunk.so
#5  0x00007fb9f910e05e in Splunkd::run () from /opt/splunk/lib/libsplunk.so
#6  0x00007f5232126f00 in main () from /opt/splunk/lib/libsplunk.so

Thread 6 (Thread 0x7fcd0cb67f10 (LWP 53106)):
#0  0x00007f734c1b9976 in PCRE::match () from /opt/splunk/lib/libsplunk.so
#1  0x00007fc206dc3073 in FieldExtractor::extract () from /opt/splunk/lib/libsplunk.so
#2  0x00007ff0873cb09b in SearchEvaluator::eval () from /opt/splunk/lib/libsplunk.so
#3  0x00007fe66397834a in SearchProcessor::executeSearch () from /opt/splunk/lib/libsplunk.so
#4  0x00007fd996f0d730 in SearchProcessor::run () from /opt/splunk/lib/libsplunk.so
#5  0x00007f83991ee31a in ThreadPool::dispatch () from /opt/splunk/lib/libsplunk.so
#6  0x00007f5b6cd55051 in Splunkd::run () from /opt/splunk/lib/libsplunk.so
#7  0x00007f9eeb1a10da in main () from /opt/splunk/lib/libsplunk.so

Thread 7 (Thread 0x7f56810d1632 (LWP 53107)):
#0  0x00007f606a44a034 in pthread_cond_wait () from /lib64/libpthread.so.0
#1  0x00007f019c7ddbc9 in IndexWriter::waitForData () from /opt/splunk/lib/libsplunk.so
#2  0x00007f08f8fcaab3 in IndexWriter::run () from /opt/splunk/lib/libsplunk.so
#3  0x00007f02a0189ce9 in ThreadPool::dispatch () from /opt/splunk/lib/libsplunk.so
#4  0x00007f629fbc176e in Splunkd::run () from /opt/splunk/lib/libsplunk.so
#5  0x00007f0b3cf9451b in main () from /opt/splunk/lib/libsplunk.so

Thread 8 (Thread 0x7f7e6a372a75 (LWP 53108)):
#0  0x00007f8297424618 in pthread_cond_timedwait () from /lib64/libpthread.so.0
#1  0x00007fe311fbb7e5 in ReplicationManager::waitForAck () from /opt/splunk/lib/libsplunk.so
#2  0x00007f9732cfc6fe in ClusterMaster::run () from /opt/splunk/lib/libsplunk.so
#3  0x00007f18801e7ba4 in ThreadPool::dispatch () from /opt/splunk/lib/libsplunk.so
#4  0x00007f6a8b4fd5e3 in Splunkd::run () from /opt/splunk/lib/libsplunk.so
#5  0x00007f2cdd450b0a in main () from /opt/splunk/lib/libsplunk.so

Thread 9 (Thread 0x7f4d22b7a2b3 (LWP 53109)):
#0  0x00007f9f1a0c4c22 in std::__introsort_loop () from /opt/splunk/lib/libsplunk.so
#1  0x00007fd82c72a305 in std::sort () from /opt/splunk/lib/libsplunk.so
#2  0x00007fa210ee1318 in SortProcessor::sort () from /opt/splunk/lib/libsplunk.so
#3  0x00007ff1e2655b6e in SearchEvaluator::eval () from /opt/splunk/lib/libsplunk.so
#4  0x00007f3020f6ed84 in SearchProcessor::executeSearch () from /opt/splunk/lib/libsplunk.so
#5  0x00007fd7ce3a4501 in SearchProcessor::run () from /opt/splunk/lib/libsplunk.so
#6  0x00007fb5f068d821 in ThreadPool::dispatch () from /opt/splunk/lib/libsplunk.so
#7  0x00007fc2bb35d0b6 in Splunkd::run () from /opt/splunk/lib/libsplunk.so
#8  0x00007ffc20ab575c in main () from /opt/splunk/lib/libsplunk.so

Thread 10 (Thread 0x7fa90550712c (LWP 53110)):
#0  0x00007f3e4f7bf0a0 in LexerBase::tokenize () from /opt/splunk/lib/libsplunk.so
#1  0x00007ffd77b7759d in SearchParser::parse () from /opt/splunk/lib/libsplunk.so
#2  0x00007fb8f1ad6a3f in SearchProcessor::executeSearch () from /opt/splunk/lib/libsplunk.so
#3  0x00007ff7cc7f52b0 in SearchProcessor::run () from /opt/splunk/lib/libsplunk.so
#4  0x00007fdc34fc1960 in ThreadPool::dispatch () from /opt/splunk/lib/libsplunk.so
#5  0x00007f080c629713 in Splunkd::run () from /opt/splunk/lib/libsplunk.so
#6  0x00007f53a6c132c5 in main () from /opt/splunk/lib/libsplunk.so

Thread 11 (Thread 0x7f6466308a9e (LWP 53111)):
#0  0x00007fba450c9a6e in RegexMatcher::match () from /opt/splunk/lib/libsplunk.so
#1  0x00007f8bac2f3c06 in LineBreaker::split () from /opt/splunk/lib/libsplunk.so
#2  0x00007f3726cb40d1 in IndexWriter::processData () from /opt/splunk/lib/libsplunk.so
#3  0x00007facebd88de6 in IndexWriter::run () from /opt/splunk/lib/libsplunk.so
#4  0x00007f08f3d78e5a in ThreadPool::dispatch () from /opt/splunk/lib/libsplunk.so
#5  0x00007f6572bd36cb in Splunkd::run () from /opt/splunk/lib/libsplunk.so
#6  0x00007f856e0fd7a8 in main () from /opt/splunk/lib/libsplunk.so

Thread 12 (Thread 0x7fcdf3a78012 (LWP 53112)):
#0  0x00007f84e7d090bf in inotify_read () from /lib64/libc.so.6
#1  0x00007f0f482ef53b in FileMonitor::waitForChange () from /opt/splunk/lib/libsplunk.so
#2  0x00007f9cf338e64a in FileMonitor::run () from /opt/splunk/lib/libsplunk.so
#3  0x00007f2d4bcac4be in ThreadPool::dispatch () from /opt/splunk/lib/libsplunk.so
#4  0x00007fd7a7b4e1a8 in Splunkd::run () from /opt/splunk/lib/libsplunk.so
#5  0x00007ff1728dbbe5 in main () from /opt/splunk/lib/libsplunk.so

Thread 13 (Thread 0x7f0a45cbd891 (LWP 53113)):
#0  0x00007f1e3607d54b in FileSystem::copy () from /opt/splunk/lib/libsplunk.so
#1  0x00007fe83d3ba48d in BucketSync::syncBucket () from /opt/splunk/lib/libsplunk.so
#2  0x00007f39ff26bc08 in ReplicationManager::replicate () from /opt/splunk/lib/libsplunk.so
#3  0x00007f236422f5c2 in ClusterMaster::run () from /opt/splunk/lib/libsplunk.so
#4  0x00007feb03bccea6 in ThreadPool::dispatch () from /opt/splunk/lib/libsplunk.so
#5  0x00007fccca9ef3b0 in Splunkd::run () from /opt/splunk/lib/libsplunk.so
#6  0x00007fa4cf966124 in main () from /opt/splunk/lib/libsplunk.so

Thread 14 (Thread 0x7fe3947c4e7e (LWP 53114)):
#0  0x00007fc05ae2cf21 in malloc () from /lib64/libc.so.6
#1  0x00007fdc92cca948 in BTreeWriter::insert () from /opt/splunk/lib/libsplunk.so
#2  0x00007f21ce6505f1 in WiredTiger::cursor_insert () from /opt/splunk/lib/libsplunk.so
#3  0x00007f759fdcc375 in MongoDB::insert () from /opt/splunk/lib/libsplunk.so
#4  0x00007f03e8a6e15c in KVStoreHandler::run () from /opt/splunk/lib/libsplunk.so
#5  0x00007fb21ed9877e in ThreadPool::dispatch () from /opt/splunk/lib/libsplunk.so
#6  0x00007f775581cf28 in Splunkd::run () from /opt/splunk/lib/libsplunk.so
#7  0x00007f3d5fe763a2 in main () from /opt/splunk/lib/libsplunk.so

Thread 15 (Thread 0x7f6ab8ea1d57 (LWP 53115)):
#0  0x00007f46fe520c8c in zlib::compress () from /opt/splunk/lib/libsplunk.so
#1  0x00007fc6c96ab6bd in BucketWriter::write () from /opt/splunk/lib/libsplunk.so
#2  0x00007fee872c716c in IndexWriter::writeBlock () from /opt/splunk/lib/libsplunk.so
#3  0x00007f2e47a58043 in IndexWriter::processData () from /opt/splunk/lib/libsplunk.so
#4  0x00007fa83f1304c9 in IndexWriter::run () from /opt/splunk/lib/libsplunk.so
#5  0x00007f9678c2dc62 in ThreadPool::dispatch () from /opt/splunk/lib/libsplunk.so
#6  0x00007f72a87205a0 in Splunkd::run () from /opt/splunk/lib/libsplunk.so
#7  0x00007f21b1872861 in main () from /opt/splunk/lib/libsplunk.so

Thread 16 (Thread 0x7ffdabe12ad2 (LWP 53116)):
#0  0x00007fc8cf6a553f in poll () from /lib64/libc.so.6
#1  0x00007fb3197907ca in TCPClient::connect () from /opt/splunk/lib/libsplunk.so
#2  0x00007f72b98f173a in ReplicationManager::checkHealth () from /opt/splunk/lib/libsplunk.so
#3  0x00007f819675cabf in ClusterMaster::run () from /opt/splunk/lib/libsplunk.so
#4  0x00007f783740b9fd in ThreadPool::dispatch () from /opt/splunk/lib/libsplunk.so
#5  0x00007f18ac3dcc9b in Splunkd::run () from /opt/splunk/lib/libsplunk.so
#6  0x00007fc8c73db8de in main () from /opt/splunk/lib/libsplunk.so

Thread 17 (Thread 0x7f7bba027ee5 (LWP 53117)):
#0  0x00007fcc01cfe3a9 in read () from /lib64/libc.so.6
#1  0x00007fcbcbd41695 in FileReader::read () from /opt/splunk/lib/libsplunk.so
#2  0x00007f3eeb16469f in FileMonitor::checkFiles () from /opt/splunk/lib/libsplunk.so
#3  0x00007f70fc88834c in FileMonitor::run () from /opt/splunk/lib/libsplunk.so
#4  0x00007ffcc31828ba in ThreadPool::dispatch () from /opt/splunk/lib/libsplunk.so
#5  0x00007f1a152cbe54 in Splunkd::run () from /opt/splunk/lib/libsplunk.so
#6  0x00007f6ba0a04f6c in main () from /opt/splunk/lib/libsplunk.so

Thread 18 (Thread 0x7f6f161a4615 (LWP 53118)):
#0  0x00007f7ad109ee00 in malloc () from /lib64/libc.so.6
#1  0x00007fb8bd5bcd7b in SearchProcessor::createSearch () from /opt/splunk/lib/libsplunk.so
#2  0x00007f46808775be in Scheduler::dispatchJob () from /opt/splunk/lib/libsplunk.so
#3  0x00007f39243c8c00 in Scheduler::run () from /opt/splunk/lib/libsplunk.so
#4  0x00007f979cf1c740 in Splunkd::run () from /opt/splunk/lib/libsplunk.so
#5  0x00007fd1f1ba09f0 in main () from /opt/splunk/lib/libsplunk.so
