Thread 1 (Thread 0x7f48f5c67b64 (LWP 24401)):
#0  0x00007f18783f33c2 in BTreeReader::search () from /opt/splunk/lib/libsplunk.so
#1  0x00007f0be85de175 in WiredTiger::cursor_search () from /opt/splunk/lib/libsplunk.so
#2  0x00007f8f5e81a1e2 in MongoDB::find () from /opt/splunk/lib/libsplunk.so
#3  0x00007ffd30617c40 in KVStoreHandler::run () from /opt/splunk/lib/libsplunk.so
#4  0x00007fb8e955f92b in ThreadPool::dispatch () from /opt/splunk/lib/libsplunk.so
#5  0x00007fbabae63559 in Splunkd::run () from /opt/splunk/lib/libsplunk.so
#6  0x00007f81f74422a5 in main () from /opt/splunk/lib/libsplunk.so

Thread 2 (Thread 0x7f3cf6e58f54 (LWP 24402)):
#0  0x00007fafe23e091f in HashTable::insert () from /opt/splunk/lib/libsplunk.so
#1  0x00007f52b6213ab5 in StatsProcessor::aggregate () from /opt/splunk/lib/libsplunk.so
#2  0x00007fdf341bd577 in SearchEvaluator::eval () from /opt/splunk/lib/libsplunk.so
#3  0x00007ffeb12b01b9 in SearchProcessor::executeSearch () from /opt/splunk/lib/libsplunk.so
#4  0x00007f7bddd9e2fc in SearchProcessor::run () from /opt/splunk/lib/libsplunk.so
#5  0x00007f3619efa7a5 in ThreadPool::dispatch () from /opt/splunk/lib/libsplunk.so
#6  0x00007f5c37324554 in Splunkd::run () from /opt/splunk/lib/libsplunk.so
#7  0x00007f283a3e1f38 in main () from /opt/splunk/lib/libsplunk.so

Thread 3 (Thread 0x7f652c8d930c (LWP 24403)):
#0  0x00007fc6eedc0091 in AlertManager::fireAction () from /opt/splunk/lib/libsplunk.so
#1  0x00007fe3a902ffa4 in AlertManager::checkTriggers () from /opt/splunk/lib/libsplunk.so
#2  0x00007f3f35d1c1f2 in Scheduler::dispatchJob () from /opt/splunk/lib/libsplunk.so
#3  0x00007f01d9f68c60 in Scheduler::run () from /opt/splunk/lib/libsplunk.so
#4  0x00007f6787df287f in Splunkd::run () from /opt/splunk/lib/libsplunk.so
#5  0x00007ffaec476271 in main () from /opt/splunk/lib/libsplunk.so

Thread 4 (Thread 0x7f7d8d23028f (LWP 24404)):
#0  0x00007fd045910a15 in malloc_trim () from /lib64/libc.so.6
#1  0x00007fc474428d2a in MemoryManager::compactHeap () from /opt/splunk/lib/libsplunk.so
#2  0x00007f1f850442ae in MemoryManager::run () from /opt/splunk/lib/libsplunk.so
#3  0x00007f743345f6f6 in Splunkd::run () from /opt/splunk/lib/libsplunk.so
#4  0x00007fd911f8d691 in main () from /opt/splunk/lib/libsplunk.so

Thread 5 (Thread 0x7f5df7148c09 (LWP 24405)):
#0  0x00007fe062c911b1 in JSONSerializer::serialize () from /opt/splunk/lib/libsplunk.so
#1  0x00007fb4b8a3b1d2 in RESTHandler::handleGET () from /opt/splunk/lib/libsplunk.so
#2  0x00007f477b85e12f in RESTHandler::dispatch () from /opt/splunk/lib/libsplunk.so
#3  0x00007fba38825bd5 in HTTPServer::handleRequest () from /opt/splunk/lib/libsplunk.so
#4  0x00007f61979bcca5 in HTTPServer::acceptLoop () from /opt/splunk/lib/libsplunk.so
#5  0x00007fdb71d5741a in Splunkd::run () from /opt/splunk/lib/libsplunk.so
#6  0x00007f02ee3c5c6f in main () from /opt/splunk/lib/libsplunk.so

Thread 6 (Thread 0x7fa26f7acb46 (LWP 24406)):
#0  0x00007f32a2b1e6af in FileSystem::fsync () from /opt/splunk/lib/libsplunk.so
#1  0x00007fa5646d19ec in BucketWriter::write () from /opt/splunk/lib/libsplunk.so
#2  0x00007f2021c83c05 in IndexWriter::writeBlock () from /opt/splunk/lib/libsplunk.so
#3  0x00007fff4ed38c62 in IndexWriter::processData () from /opt/splunk/lib/libsplunk.so
#4  0x00007f993a79fc97 in IndexWriter::run () from /opt/splunk/lib/libsplunk.so
#5  0x00007f876812fde7 in ThreadPool::dispatch () from /opt/splunk/lib/libsplunk.so
#6  0x00007fdd634e702e in Splunkd::run () from /opt/splunk/lib/libsplunk.so
#7  0x00007faca79f472e in main () from /opt/splunk/lib/libsplunk.so

Thread 7 (Thread 0x7fb7f5b80a1f (LWP 24407)):
#0  0x00007f226bc69565 in PCRE::match () from /opt/splunk/lib/libsplunk.so
#1  0x00007fd68994f148 in FieldExtractor::extract () from /opt/splunk/lib/libsplunk.so
#2  0x00007f861ea2a6a4 in SearchEvaluator::eval () from /opt/splunk/lib/libsplunk.so
#3  0x00007fe900b503e4 in SearchProcessor::executeSearch () from /opt/splunk/lib/libsplunk.so
#4  0x00007f5cc20a332c in SearchProcessor::run () from /opt/splunk/lib/libsplunk.so
#5  0x00007f8bccc3416a in ThreadPool::dispatch () from /opt/splunk/lib/libsplunk.so
#6  0x00007fabee03e89d in Splunkd::run () from /opt/splunk/lib/libsplunk.so
#7  0x00007f35884f88ca in main () from /opt/splunk/lib/libsplunk.so

Thread 8 (Thread 0x7f3b7df51b6a (LWP 24408)):
#0  0x00007ffcdce36232 in RegexMatcher::match () from /opt/splunk/lib/libsplunk.so
#1  0x00007feb230bff52 in LineBreaker::split () from /opt/splunk/lib/libsplunk.so
#2  0x00007f26f6a6d489 in IndexWriter::processData () from /opt/splunk/lib/libsplunk.so
#3  0x00007fa896f15c58 in IndexWriter::run () from /opt/splunk/lib/libsplunk.so
#4  0x00007fa9e31247b8 in ThreadPool::dispatch () from /opt/splunk/lib/libsplunk.so
#5  0x00007f687bb6b900 in Splunkd::run () from /opt/splunk/lib/libsplunk.so
#6  0x00007fb57b077f46 in main () from /opt/splunk/lib/libsplunk.so

Thread 9 (Thread 0x7f29b504931a (LWP 24409)):
#0  0x00007f9a99d9071d in LDAP::bind () from /opt/splunk/lib/libsplunk.so
#1  0x00007fbf81d32339 in AuthManager::authenticate () from /opt/splunk/lib/libsplunk.so
#2  0x00007fa9599ee52e in RESTHandler::handlePOST () from /opt/splunk/lib/libsplunk.so
#3  0x00007f95854a4438 in RESTHandler::dispatch () from /opt/splunk/lib/libsplunk.so
#4  0x00007f8b0449224c in HTTPServer::handleRequest () from /opt/splunk/lib/libsplunk.so
#5  0x00007f67eb41a193 in HTTPServer::acceptLoop () from /opt/splunk/lib/libsplunk.so
#6  0x00007fbedbe23b9c in Splunkd::run () from /opt/splunk/lib/libsplunk.so
#7  0x00007f5519549cde in main () from /opt/splunk/lib/libsplunk.so
