Thread 1 (Thread 0x7f52ce327df1 (LWP 55001)):
#0  0x00007fd04f9ebd8e in RegexMatcher::match () from /opt/splunk/lib/libsplunk.so
#1  0x00007f4aad5e20ad in LineBreaker::split () from /opt/splunk/lib/libsplunk.so
#2  0x00007f5ddf148593 in IndexWriter::processData () from /opt/splunk/lib/libsplunk.so
#3  0x00007ff6159c7fb7 in IndexWriter::run () from /opt/splunk/lib/libsplunk.so
#4  0x00007fa531528ae3 in ThreadPool::dispatch () from /opt/splunk/lib/libsplunk.so
#5  0x00007fdd71804324 in Splunkd::run () from /opt/splunk/lib/libsplunk.so
#6  0x00007f09d212d359 in main () from /opt/splunk/lib/libsplunk.so

Thread 2 (Thread 0x7fa0007e002e (LWP 55002)):
#0  0x00007f5661621b57 in pthread_cond_wait () from /lib64/libpthread.so.0
#1  0x00007f3786003c03 in MemoryManager::waitForThreshold () from /opt/splunk/lib/libsplunk.so
#2  0x00007faee8291695 in MemoryManager::run () from /opt/splunk/lib/libsplunk.so
#3  0x00007f5f2648a14c in Splunkd::run () from /opt/splunk/lib/libsplunk.so
#4  0x00007f3b51f34f6c in main () from /opt/splunk/lib/libsplunk.so

Thread 3 (Thread 0x7f82c7cc45b7 (LWP 55003)):
#0  0x00007f0e61b9f32d in read () from /lib64/libc.so.6
#1  0x00007fd3b85f54dc in OpenSSL::SSL_read () from /opt/splunk/lib/libsplunk.so
#2  0x00007f4de0c197da in SSLEngine::read () from /opt/splunk/lib/libsplunk.so
#3  0x00007fe5074767b7 in TcpInputProcessor::readData () from /opt/splunk/lib/libsplunk.so
#4  0x00007fb55bef6ed4 in TcpInputProcessor::run () from /opt/splunk/lib/libsplunk.so
#5  0x00007fed42418b90 in ThreadPool::dispatch () from /opt/splunk/lib/libsplunk.so
#6  0x00007f8a5a794614 in Splunkd::run () from /opt/splunk/lib/libsplunk.so
#7  0x00007f60fe1f62af in main () from /opt/splunk/lib/libsplunk.so

Thread 4 (Thread 0x7fd9aed5d683 (LWP 55004)):
#0  0x00007f45a545e9fb in OpenSSL::SSL_read () from /opt/splunk/lib/libsplunk.so
#1  0x00007f320c2fa19c in SSLEngine::read () from /opt/splunk/lib/libsplunk.so
#2  0x00007f50858db3e3 in HTTPServer::handleRequest () from /opt/splunk/lib/libsplunk.so
#3  0x00007f28e86c436a in HTTPServer::acceptLoop () from /opt/splunk/lib/libsplunk.so
#4  0x00007f2d884d2abe in Splunkd::run () from /opt/splunk/lib/libsplunk.so
#5  0x00007fb92d8c4f14 in main () from /opt/splunk/lib/libsplunk.so

Thread 5 (Thread 0x7f1acc66445b (LWP 55005)):
#0  0x00007f0bc8e212f8 in OpenSSL::SSL_read () from /opt/splunk/lib/libsplunk.so
#1  0x00007fa7b59e2edd in SSLEngine::read () from /opt/splunk/lib/libsplunk.so
#2  0x00007f8bce813a80 in HTTPServer::handleRequest () from /opt/splunk/lib/libsplunk.so
#3  0x00007f7b84b585de in HTTPServer::acceptLoop () from /opt/splunk/lib/libsplunk.so
#4  0x00007f1d90cfa5ea in Splunkd::run () from /opt/splunk/lib/libsplunk.so
#5  0x00007fdea01f625a in main () from /opt/splunk/lib/libsplunk.so

Thread 6 (Thread 0x7fe404740c5f (LWP 55006)):
#0  0x00007fae50292561 in LexerBase::tokenize () from /opt/splunk/lib/libsplunk.so
#1  0x00007fb8bf3b6440 in SearchParser::parse () from /opt/splunk/lib/libsplunk.so
#2  0x00007f38d29ca2ff in SearchProcessor::executeSearch () from /opt/splunk/lib/libsplunk.so
#3  0x00007f1adc02e7b1 in SearchProcessor::run () from /opt/splunk/lib/libsplunk.so
#4  0x00007f3515f2cae2 in ThreadPool::dispatch () from /opt/splunk/lib/libsplunk.so
#5  0x00007faf2543acec in Splunkd::run () from /opt/splunk/lib/libsplunk.so
#6  0x00007fc9c7801e6f in main () from /opt/splunk/lib/libsplunk.so

Thread 7 (Thread 0x7f72173139a1 (LWP 55007)):
#0  0x00007fadd277351d in FileSystem::copy () from /opt/splunk/lib/libsplunk.so
#1  0x00007f05e8095692 in BucketSync::syncBucket () from /opt/splunk/lib/libsplunk.so
#2  0x00007f60744407de in ReplicationManager::replicate () from /opt/splunk/lib/libsplunk.so
#3  0x00007fca0077e1d9 in ClusterMaster::run () from /opt/splunk/lib/libsplunk.so
#4  0x00007f61c1f4038b in ThreadPool::dispatch () from /opt/splunk/lib/libsplunk.so
#5  0x00007ffcb16a8957 in Splunkd::run () from /opt/splunk/lib/libsplunk.so
#6  0x00007fdeb6b509d2 in main () from /opt/splunk/lib/libsplunk.so

Thread 8 (Thread 0x7fd9f7f3f5bc (LWP 55008)):
#0  0x00007f74caaf5f6c in DateParser::parse () from /opt/splunk/lib/libsplunk.so
#1  0x00007fffa084f140 in TimestampExtractor::extract () from /opt/splunk/lib/libsplunk.so
#2  0x00007f1c486cf0fa in IndexWriter::processData () from /opt/splunk/lib/libsplunk.so
#3  0x00007f9df38452b8 in IndexWriter::run () from /opt/splunk/lib/libsplunk.so
#4  0x00007f28b5733fbb in ThreadPool::dispatch () from /opt/splunk/lib/libsplunk.so
#5  0x00007fd6b441db5e in Splunkd::run () from /opt/splunk/lib/libsplunk.so
#6  0x00007ff3fb964930 in main () from /opt/splunk/lib/libsplunk.so

Thread 9 (Thread 0x7fd2bbd88d07 (LWP 55009)):
#0  0x00007f1c0faa8c71 in zlib::compress () from /opt/splunk/lib/libsplunk.so
#1  0x00007f4d91213750 in BucketWriter::write () from /opt/splunk/lib/libsplunk.so
#2  0x00007f40f77b0dae in IndexWriter::writeBlock () from /opt/splunk/lib/libsplunk.so
#3  0x00007f470154ccf9 in IndexWriter::processData () from /opt/splunk/lib/libsplunk.so
#4  0x00007fc20954b479 in IndexWriter::run () from /opt/splunk/lib/libsplunk.so
#5  0x00007fe13e69fa1e in ThreadPool::dispatch () from /opt/splunk/lib/libsplunk.so
#6  0x00007fcb278555dd in Splunkd::run () from /opt/splunk/lib/libsplunk.so
#7  0x00007f7248b4653b in main () from /opt/splunk/lib/libsplunk.so

Thread 10 (Thread 0x7f7e2669483a (LWP 55010)):
#0  0x00007fb4cce3ba4f in poll () from /lib64/libc.so.6
#1  0x00007fa844c0a7df in TCPClient::connect () from /opt/splunk/lib/libsplunk.so
#2  0x00007fccca63327e in ReplicationManager::checkHealth () from /opt/splunk/lib/libsplunk.so
#3  0x00007f1d7de68b3b in ClusterMaster::run () from /opt/splunk/lib/libsplunk.so
#4  0x00007f8e51f75498 in ThreadPool::dispatch () from /opt/splunk/lib/libsplunk.so
#5  0x00007fbebd71555b in Splunkd::run () from /opt/splunk/lib/libsplunk.so
#6  0x00007f34c8108c30 in main () from /opt/splunk/lib/libsplunk.so

Thread 11 (Thread 0x7feb8f8676f5 (LWP 55011)):
#0  0x00007fcab0843fc5 in DateParser::parse () from /opt/splunk/lib/libsplunk.so
#1  0x00007ff72f08cfb5 in TimestampExtractor::extract () from /opt/splunk/lib/libsplunk.so
#2  0x00007f9099c97c07 in IndexWriter::processData () from /opt/splunk/lib/libsplunk.so
#3  0x00007f388690c84b in IndexWriter::run () from /opt/splunk/lib/libsplunk.so
#4  0x00007f671a9d4a41 in ThreadPool::dispatch () from /opt/splunk/lib/libsplunk.so
#5  0x00007f86c9fe8350 in Splunkd::run () from /opt/splunk/lib/libsplunk.so
#6  0x00007f05592c338b in main () from /opt/splunk/lib/libsplunk.so

Thread 12 (Thread 0x7f3276a63302 (LWP 55012)):
#0  0x00007fd081f4d15b in read () from /lib64/libc.so.6
#1  0x00007f728760e1a7 in OpenSSL::SSL_read () from /opt/splunk/lib/libsplunk.so
#2  0x00007fd9b6735390 in SSLEngine::read () from /opt/splunk/lib/libsplunk.so
#3  0x00007fc893db0f8d in TcpInputProcessor::readData () from /opt/splunk/lib/libsplunk.so
#4  0x00007ff46d668dfe in TcpInputProcessor::run () from /opt/splunk/lib/libsplunk.so
#5  0x00007fb725287302 in ThreadPool::dispatch () from /opt/splunk/lib/libsplunk.so
#6  0x00007fb5b09a9719 in Splunkd::run () from /opt/splunk/lib/libsplunk.so
#7  0x00007ff0d1418c9a in main () from /opt/splunk/lib/libsplunk.so

Thread 13 (Thread 0x7f1eef015906 (LWP 55013)):
#0  0x00007f004dbe5cb7 in pthread_cond_wait () from /lib64/libpthread.so.0
#1  0x00007f93798e7f41 in SearchProcessor::waitForWork () from /opt/splunk/lib/libsplunk.so
#2  0x00007f76cf4afd44 in SearchProcessor::run () from /opt/splunk/lib/libsplunk.so
#3  0x00007fbed88ed478 in ThreadPool::dispatch () from /opt/splunk/lib/libsplunk.so
#4  0x00007f0ee992d3d2 in Splunkd::run () from /opt/splunk/lib/libsplunk.so
#5  0x00007f015b30a812 in main () from /opt/splunk/lib/libsplunk.so

Thread 14 (Thread 0x7fad4dab2d0f (LWP 55014)):
#0  0x00007f5a426ff189 in inotify_read () from /lib64/libc.so.6
#1  0x00007fbfda50d57c in FileMonitor::waitForChange () from /opt/splunk/lib/libsplunk.so
#2  0x00007f58d165ea30 in FileMonitor::run () from /opt/splunk/lib/libsplunk.so
#3  0x00007fb26d25c4d6 in ThreadPool::dispatch () from /opt/splunk/lib/libsplunk.so
#4  0x00007f10c09a7710 in Splunkd::run () from /opt/splunk/lib/libsplunk.so
#5  0x00007ff1c89ca061 in main () from /opt/splunk/lib/libsplunk.so

Thread 15 (Thread 0x7f0e7fbeab5e (LWP 55015)):
#0  0x00007f07a201b5d5 in inotify_read () from /lib64/libc.so.6
#1  0x00007fd195404f29 in FileMonitor::waitForChange () from /opt/splunk/lib/libsplunk.so
#2  0x00007f21d602ea71 in FileMonitor::run () from /opt/splunk/lib/libsplunk.so
#3  0x00007f3c344dd695 in ThreadPool::dispatch () from /opt/splunk/lib/libsplunk.so
#4  0x00007fc3da5aba40 in Splunkd::run () from /opt/splunk/lib/libsplunk.so
#5  0x00007f679519c37b in main () from /opt/splunk/lib/libsplunk.so

Thread 16 (Thread 0x7f0245088518 (LWP 55016)):
#0  0x00007f514c9e470a in FileSystem::fsync () from /opt/splunk/lib/libsplunk.so
#1  0x00007ffee21d7a31 in BucketWriter::write () from /opt/splunk/lib/libsplunk.so
#2  0x00007f8c5d228313 in IndexWriter::writeBlock () from /opt/splunk/lib/libsplunk.so
#3  0x00007f80775348cc in IndexWriter::processData () from /opt/splunk/lib/libsplunk.so
#4  0x00007fc14b42482e in IndexWriter::run () from /opt/splunk/lib/libsplunk.so
#5  0x00007f89333b9c38 in ThreadPool::dispatch () from /opt/splunk/lib/libsplunk.so
#6  0x00007f02934676f2 in Splunkd::run () from /opt/splunk/lib/libsplunk.so
#7  0x00007f53d4ac3237 in main () from /opt/splunk/lib/libsplunk.so
