Thread 1 (Thread 0x7fce279adb96 (LWP 10001)):
#0  0x00007ff018696e0c in pthread_cond_timedwait () from /lib64/libpthread.so.0
#1  0x00007f0a80b6886d in ReplicationManager::waitForAck () from /opt/splunk/lib/libsplunk.so
#2  0x00007f1042d26e42 in ClusterMaster::run () from /opt/splunk/lib/libsplunk.so
#3  0x00007f2be6dd7a86 in ThreadPool::dispatch () from /opt/splunk/lib/libsplunk.so
#4  0x00007fffdc1ed781 in Splunkd::run () from /opt/splunk/lib/libsplunk.so
#5  0x00007f88d24d084c in main () from /opt/splunk/lib/libsplunk.so

Thread 2 (Thread 0x7f791bf32110 (LWP 10002)):
#0  0x00007f3227c947cd in LDAP::bind () from /opt/splunk/lib/libsplunk.so
#1  0x00007f96600df113 in AuthManager::authenticate () from /opt/splunk/lib/libsplunk.so
#2  0x00007f2cfb416f80 in RESTHandler::handlePOST () from /opt/splunk/lib/libsplunk.so
#3  0x00007f73f0bf706b in RESTHandler::dispatch () from /opt/splunk/lib/libsplunk.so
#4  0x00007f09fba0c8cb in HTTPServer::handleRequest () from /opt/splunk/lib/libsplunk.so
#5  0x00007f9d1b6c792b in HTTPServer::acceptLoop () from /opt/splunk/lib/libsplunk.so
#6  0x00007f787de55d80 in Splunkd::run () from /opt/splunk/lib/libsplunk.so
#7  0x00007fb6c7132b81 in main () from /opt/splunk/lib/libsplunk.so

Thread 3 (Thread 0x7f7b3cb52759 (LWP 10003)):
#0  0x00007fec52e30c6c in FileSystem::copy () from /opt/splunk/lib/libsplunk.so
#1  0x00007fcdbddcf613 in BucketSync::syncBucket () from /opt/splunk/lib/libsplunk.so
#2  0x00007f48e251b4a0 in ReplicationManager::replicate () from /opt/splunk/lib/libsplunk.so
#3  0x00007f6f61dc8dfd in ClusterMaster::run () from /opt/splunk/lib/libsplunk.so
#4  0x00007f054cacfd63 in ThreadPool::dispatch () from /opt/splunk/lib/libsplunk.so
#5  0x00007f6d64d8d888 in Splunkd::run () from /opt/splunk/lib/libsplunk.so
#6  0x00007fe70f4b45d6 in main () from /opt/splunk/lib/libsplunk.so

Thread 4 (Thread 0x7fa033c40804 (LWP 10004)):
#0  0x00007fc5dc428404 in pthread_cond_timedwait () from /lib64/libpthread.so.0
#1  0x00007fc598ee5212 in Scheduler::waitForNextJob () from /opt/splunk/lib/libsplunk.so
#2  0x00007fe30611d573 in Scheduler::run () from /opt/splunk/lib/libsplunk.so
#3  0x00007f51c821cd0a in Splunkd::run () from /opt/splunk/lib/libsplunk.so
#4  0x00007f93633f8c8f in main () from /opt/splunk/lib/libsplunk.so

Thread 5 (Thread 0x7f8330a1c1d9 (LWP 10005)):
#0  0x00007f93413fea63 in recvfrom () from /lib64/libc.so.6
#1  0x00007f32d2cacd8c in UDPInputProcessor::readData () from /opt/splunk/lib/libsplunk.so
#2  0x00007f2aa5b10daa in UDPInputProcessor::run () from /opt/splunk/lib/libsplunk.so
#3  0x00007fde5bdee20b in ThreadPool::dispatch () from /opt/splunk/lib/libsplunk.so
#4  0x00007f74cbcbff33 in Splunkd::run () from /opt/splunk/lib/libsplunk.so
#5  0x00007fcef9e0805f in main () from /opt/splunk/lib/libsplunk.so

Thread 6 (Thread 0x7ff5d13624c4 (LWP 10006)):
#0  0x00007f9f8fd7c28c in malloc () from /lib64/libc.so.6
#1  0x00007fd81e13227f in SearchProcessor::createSearch () from /opt/splunk/lib/libsplunk.so
#2  0x00007f840e49704e in Scheduler::dispatchJob () from /opt/splunk/lib/libsplunk.so
#3  0x00007fa108e836b2 in Scheduler::run () from /opt/splunk/lib/libsplunk.so
#4  0x00007f1f1fbd5b00 in Splunkd::run () from /opt/splunk/lib/libsplunk.so
#5  0x00007ff99e7aeaeb in main () from /opt/splunk/lib/libsplunk.so

Thread 7 (Thread 0x7f425af7f3a6 (LWP 10007)):
#0  0x00007fb086d3b4a4 in FileSystem::copy () from /opt/splunk/lib/libsplunk.so
#1  0x00007fbad571db0f in BucketSync::syncBucket () from /opt/splunk/lib/libsplunk.so
#2  0x00007f6630c7b18a in ReplicationManager::replicate () from /opt/splunk/lib/libsplunk.so
#3  0x00007fcdf15e193f in ClusterMaster::run () from /opt/splunk/lib/libsplunk.so
#4  0x00007fa13404bee0 in ThreadPool::dispatch () from /opt/splunk/lib/libsplunk.so
#5  0x00007febd3dcef52 in Splunkd::run () from /opt/splunk/lib/libsplunk.so
#6  0x00007f215286e3ef in main () from /opt/splunk/lib/libsplunk.so

Thread 8 (Thread 0x7f1718632062 (LWP 10008)):
#0  0x00007f02c3d57279 in RegexMatcher::match () from /opt/splunk/lib/libsplunk.so
#1  0x00007fdedca352d8 in LineBreaker::split () from /opt/splunk/lib/libsplunk.so
#2  0x00007f27c4c11651 in IndexWriter::processData () from /opt/splunk/lib/libsplunk.so
#3  0x00007f0b667ade71 in IndexWriter::run () from /opt/splunk/lib/libsplunk.so
#4  0x00007ffcefc05871 in ThreadPool::dispatch () from /opt/splunk/lib/libsplunk.so
#5  0x00007f6b6dd92355 in Splunkd::run () from /opt/splunk/lib/libsplunk.so
#6  0x00007ff968c976a7 in main () from /opt/splunk/lib/libsplunk.so
