Thread 1 (Thread 0x7f4635e1a30d (LWP 37301)):
#0  0x00007fa68a2b1fae in FileSystem::fsync () from /opt/splunk/lib/libsplunk.so
#1  0x00007f3a19904f93 in BucketWriter::write () from /opt/splunk/lib/libsplunk.so
#2  0x00007f67d899ac2e in IndexWriter::writeBlock () from /opt/splunk/lib/libsplunk.so
#3  0x00007fa18c013624 in IndexWriter::processData () from /opt/splunk/lib/libsplunk.so
#4  0x00007fe782ef7b2d in IndexWriter::run () from /opt/splunk/lib/libsplunk.so
#5  0x00007fe8e15ccf04 in ThreadPool::dispatch () from /opt/splunk/lib/libsplunk.so
#6  0x00007f7b71813595 in Splunkd::run () from /opt/splunk/lib/libsplunk.so
#7  0x00007fa5c4294272 in main () from /opt/splunk/lib/libsplunk.so

Thread 2 (Thread 0x7fd444a5e448 (LWP 37302)):
#0  0x00007f0cd506272c in pthread_cond_timedwait () from /lib64/libpthread.so.0
#1  0x00007fcd88cf9e40 in ReplicationManager::waitForAck () from /opt/splunk/lib/libsplunk.so
#2  0x00007f30b282a31a in ClusterMaster::run () from /opt/splunk/lib/libsplunk.so
#3  0x00007f6b85b37242 in ThreadPool::dispatch () from /opt/splunk/lib/libsplunk.so
#4  0x00007fe771772770 in Splunkd::run () from /opt/splunk/lib/libsplunk.so
#5  0x00007f77b0c6592e in main () from /opt/splunk/lib/libsplunk.so

Thread 3 (Thread 0x7f70dcfabd70 (LWP 37303)):
#0  0x00007fb92044b3a7 in recvfrom () from /lib64/libc.so.6
#1  0x00007f641a733c5d in UDPInputProcessor::readData () from /opt/splunk/lib/libsplunk.so
#2  0x00007f073b848c16 in UDPInputProcessor::run () from /opt/splunk/lib/libsplunk.so
#3  0x00007f858c359a9f in ThreadPool::dispatch () from /opt/splunk/lib/libsplunk.so
#4  0x00007f1d2d03db60 in Splunkd::run () from /opt/splunk/lib/libsplunk.so
#5  0x00007f22138715cd in main () from /opt/splunk/lib/libsplunk.so

Thread 4 (Thread 0x7f0836f91821 (LWP 37304)):
#0  0x00007f3448c09d34 in SAML::validateToken () from /opt/splunk/lib/libsplunk.so
#1  0x00007f4a861e7a2d in AuthManager::authenticate () from /opt/splunk/lib/libsplunk.so
#2  0x00007f3b30cf8c0d in RESTHandler::handlePOST () from /opt/splunk/lib/libsplunk.so
#3  0x00007f096f5ad956 in RESTHandler::dispatch () from /opt/splunk/lib/libsplunk.so
#4  0x00007f19747745cd in HTTPServer::handleRequest () from /opt/splunk/lib/libsplunk.so
#5  0x00007f12302e66cc in HTTPServer::acceptLoop () from /opt/splunk/lib/libsplunk.so
#6  0x00007ff00e854222 in Splunkd::run () from /opt/splunk/lib/libsplunk.so
#7  0x00007f893e035aaa in main () from /opt/splunk/lib/libsplunk.so

Thread 5 (Thread 0x7f0832945e54 (LWP 37305)):
#0  0x00007fd86d67811d in std::__introsort_loop () from /opt/splunk/lib/libsplunk.so
#1  0x00007f28bc455525 in std::sort () from /opt/splunk/lib/libsplunk.so
#2  0x00007fdd05469475 in SortProcessor::sort () from /opt/splunk/lib/libsplunk.so
#3  0x00007fc1a76edeec in SearchEvaluator::eval () from /opt/splunk/lib/libsplunk.so
#4  0x00007f8faa82d4c5 in SearchProcessor::executeSearch () from /opt/splunk/lib/libsplunk.so
#5  0x00007f423bf0514a in SearchProcessor::run () from /opt/splunk/lib/libsplunk.so
#6  0x00007fe87f15908b in ThreadPool::dispatch () from /opt/splunk/lib/libsplunk.so
#7  0x00007fa8204a4f3e in Splunkd::run () from /opt/splunk/lib/libsplunk.so
#8  0x00007f887271f7c3 in main () from /opt/splunk/lib/libsplunk.so

Thread 6 (Thread 0x7f0a95ff8905 (LWP 37306)):
#0  0x00007fc5116811eb in zlib::compress () from /opt/splunk/lib/libsplunk.so
#1  0x00007f4ed74dde8d in BucketWriter::write () from /opt/splunk/lib/libsplunk.so
#2  0x00007fa5582ac2ed in IndexWriter::writeBlock () from /opt/splunk/lib/libsplunk.so
#3  0x00007fb62ec31dbf in IndexWriter::processData () from /opt/splunk/lib/libsplunk.so
#4  0x00007f8db610e7c6 in IndexWriter::run () from /opt/splunk/lib/libsplunk.so
#5  0x00007f93bd3736f9 in ThreadPool::dispatch () from /opt/splunk/lib/libsplunk.so
#6  0x00007ffbe08809a8 in Splunkd::run () from /opt/splunk/lib/libsplunk.so
#7  0x00007fccbf630567 in main () from /opt/splunk/lib/libsplunk.so

Thread 7 (Thread 0x7f590df14ccd (LWP 37307)):
#0  0x00007f905556f914 in malloc () from /lib64/libc.so.6
#1  0x00007f6451a37459 in SearchProcessor::createSearch () from /opt/splunk/lib/libsplunk.so
#2  0x00007f20722f9c41 in Scheduler::dispatchJob () from /opt/splunk/lib/libsplunk.so
#3  0x00007fdc995cbde2 in Scheduler::run () from /opt/splunk/lib/libsplunk.so
#4  0x00007f913347b6df in Splunkd::run () from /opt/splunk/lib/libsplunk.so
#5  0x00007f5b740f5bef in main () from /opt/splunk/lib/libsplunk.so

Thread 8 (Thread 0x7ffdb2fa8f72 (LWP 37308)):
#0  0x00007f77267b05bc in RegexMatcher::match () from /opt/splunk/lib/libsplunk.so
#1  0x00007f3b64b7eb66 in LineBreaker::split () from /opt/splunk/lib/libsplunk.so
#2  0x00007fa3fc0ba075 in IndexWriter::processData () from /opt/splunk/lib/libsplunk.so
#3  0x00007f92ba6450e6 in IndexWriter::run () from /opt/splunk/lib/libsplunk.so
#4  0x00007f9f11f305cb in ThreadPool::dispatch () from /opt/splunk/lib/libsplunk.so
#5  0x00007f7b2683df44 in Splunkd::run () from /opt/splunk/lib/libsplunk.so
#6  0x00007f7ed02b62e4 in main () from /opt/splunk/lib/libsplunk.so

Thread 9 (Thread 0x7f60a22f2fb6 (LWP 37309)):
#0  0x00007f91d91dd6df in HashTable::insert () from /opt/splunk/lib/libsplunk.so
#1  0x00007f3744e60712 in StatsProcessor::aggregate () from /opt/splunk/lib/libsplunk.so
#2  0x00007f697cd5fdd8 in SearchEvaluator::eval () from /opt/splunk/lib/libsplunk.so
#3  0x00007f850f38f475 in SearchProcessor::executeSearch () from /opt/splunk/lib/libsplunk.so
#4  0x00007fecf7911476 in SearchProcessor::run () from /opt/splunk/lib/libsplunk.so
#5  0x00007f7af7af81db in ThreadPool::dispatch () from /opt/splunk/lib/libsplunk.so
#6  0x00007f354450b3e4 in Splunkd::run () from /opt/splunk/lib/libsplunk.so
#7  0x00007f7949471a0f in main () from /opt/splunk/lib/libsplunk.so

Thread 10 (Thread 0x7f83958a2bf4 (LWP 37310)):
#0  0x00007f8fc48eab53 in malloc_trim () from /lib64/libc.so.6
#1  0x00007ff3b0b3757d in MemoryManager::compactHeap () from /opt/splunk/lib/libsplunk.so
#2  0x00007f29fd7549e9 in MemoryManager::run () from /opt/splunk/lib/libsplunk.so
#3  0x00007ff42d5c24dc in Splunkd::run () from /opt/splunk/lib/libsplunk.so
#4  0x00007f31af02714e in main () from /opt/splunk/lib/libsplunk.so

Thread 11 (Thread 0x7f18aabf72d2 (LWP 37311)):
#0  0x00007f063ac15129 in LDAP::bind () from /opt/splunk/lib/libsplunk.so
#1  0x00007f2b54a910fe in AuthManager::authenticate () from /opt/splunk/lib/libsplunk.so
#2  0x00007fabf1c36f00 in RESTHandler::handlePOST () from /opt/splunk/lib/libsplunk.so
#3  0x00007f6e5b020e2c in RESTHandler::dispatch () from /opt/splunk/lib/libsplunk.so
#4  0x00007fac76767e12 in HTTPServer::handleRequest () from /opt/splunk/lib/libsplunk.so
#5  0x00007f9816c06656 in HTTPServer::acceptLoop () from /opt/splunk/lib/libsplunk.so
#6  0x00007f39a81ab3b7 in Splunkd::run () from /opt/splunk/lib/libsplunk.so
#7  0x00007f5ed8f80ac7 in main () from /opt/splunk/lib/libsplunk.so

Thread 12 (Thread 0x7f2c9acb5ee5 (LWP 37312)):
#0  0x00007f8aa397754b in PCRE::match () from /opt/splunk/lib/libsplunk.so
#1  0x00007f3a3e3e236d in FieldExtractor::extract () from /opt/splunk/lib/libsplunk.so
#2  0x00007f0e799cda6c in SearchEvaluator::eval () from /opt/splunk/lib/libsplunk.so
#3  0x00007f48ff6374d6 in SearchProcessor::executeSearch () from /opt/splunk/lib/libsplunk.so
#4  0x00007fca885d4e20 in SearchProcessor::run () from /opt/splunk/lib/libsplunk.so
#5  0x00007fc112b5c63e in ThreadPool::dispatch () from /opt/splunk/lib/libsplunk.so
#6  0x00007ff762a0e1b7 in Splunkd::run () from /opt/splunk/lib/libsplunk.so
#7  0x00007feb805e5308 in main () from /opt/splunk/lib/libsplunk.so

Thread 13 (Thread 0x7f6e13f3d6a5 (LWP 37313)):
#0  0x00007f696936fbf9 in LexerBase::tokenize () from /opt/splunk/lib/libsplunk.so
#1  0x00007f0d3e8c08c3 in SearchParser::parse () from /opt/splunk/lib/libsplunk.so
#2  0x00007f855ffdccf7 in SearchProcessor::executeSearch () from /opt/splunk/lib/libsplunk.so
#3  0x00007f9cc73623fa in SearchProcessor::run () from /opt/splunk/lib/libsplunk.so
#4  0x00007fc9176b9b5b in ThreadPool::dispatch () from /opt/splunk/lib/libsplunk.so
#5  0x00007f9703361e06 in Splunkd::run () from /opt/splunk/lib/libsplunk.so
#6  0x00007f82ee133b9d in main () from /opt/splunk/lib/libsplunk.so

Thread 14 (Thread 0x7f65cac6b804 (LWP 37314)):
#0  0x00007ff71cd4c63b in BTreeReader::search () from /opt/splunk/lib/libsplunk.so
#1  0x00007f913f332ece in WiredTiger::cursor_search () from /opt/splunk/lib/libsplunk.so
#2  0x00007fa6d7473207 in MongoDB::find () from /opt/splunk/lib/libsplunk.so
#3  0x00007f60688c229f in KVStoreHandler::run () from /opt/splunk/lib/libsplunk.so
#4  0x00007f96e95a8143 in ThreadPool::dispatch () from /opt/splunk/lib/libsplunk.so
#5  0x00007f4418836bdb in Splunkd::run () from /opt/splunk/lib/libsplunk.so
#6  0x00007f02156435bb in main () from /opt/splunk/lib/libsplunk.so
