Thread 1 (Thread 0x7fe4104f7b7c (LWP 19701)):
#0  0x00007fcf5e152adf in pthread_cond_wait () from /lib64/libpthread.so.0
#1  0x00007f24e3f1daf3 in SearchProcessor::waitForWork () from /opt/splunk/lib/libsplunk.so
#2  0x00007f3c642e63c2 in SearchProcessor::run () from /opt/splunk/lib/libsplunk.so
#3  0x00007f1548de3236 in ThreadPool::dispatch () from /opt/splunk/lib/libsplunk.so
#4  0x00007f1734dc6f6f in Splunkd::run () from /opt/splunk/lib/libsplunk.so
#5  0x00007f7300f1ceca in main () from /opt/splunk/lib/libsplunk.so

Thread 2 (Thread 0x7f43d8fde2de (LWP 19702)):
#0  0x00007f75e920b77f in malloc () from /lib64/libc.so.6
#1  0x00007f17aaeebf36 in SearchProcessor::createSearch () from /opt/splunk/lib/libsplunk.so
#2  0x00007fa6dae690c7 in Scheduler::dispatchJob () from /opt/splunk/lib/libsplunk.so
#3  0x00007f979531446e in Scheduler::run () from /opt/splunk/lib/libsplunk.so
#4  0x00007f43051d0fb1 in Splunkd::run () from /opt/splunk/lib/libsplunk.so
#5  0x00007fe86fe09177 in main () from /opt/splunk/lib/libsplunk.so

Thread 3 (Thread 0x7f2a68349ea2 (LWP 19703)):
#0  0x00007f3b63177aab in zlib::compress () from /opt/splunk/lib/libsplunk.so
#1  0x00007fbbe25913b4 in BucketWriter::write () from /opt/splunk/lib/libsplunk.so
#2  0x00007f35237be2b4 in IndexWriter::writeBlock () from /opt/splunk/lib/libsplunk.so
#3  0x00007fea3c226c4c in IndexWriter::processData () from /opt/splunk/lib/libsplunk.so
#4  0x00007ff79f83e327 in IndexWriter::run () from /opt/splunk/lib/libsplunk.so
#5  0x00007fd5cd0b562c in ThreadPool::dispatch () from /opt/splunk/lib/libsplunk.so
#6  0x00007f998a7e5f67 in Splunkd::run () from /opt/splunk/lib/libsplunk.so
#7  0x00007fe74f9b4ce5 in main () from /opt/splunk/lib/libsplunk.so

Thread 4 (Thread 0x7f5089b8991f (LWP 19704)):
#0  0x00007f153c0edce8 in PCRE::match () from /opt/splunk/lib/libsplunk.so
#1  0x00007f7d1c6b57c9 in FieldExtractor::extract () from /opt/splunk/lib/libsplunk.so
#2  0x00007fe46b0299ce in SearchEvaluator::eval () from /opt/splunk/lib/libsplunk.so
#3  0x00007f76eb1ea704 in SearchProcessor::executeSearch () from /opt/splunk/lib/libsplunk.so
#4  0x00007fb7ac45bf65 in SearchProcessor::run () from /opt/splunk/lib/libsplunk.so
#5  0x00007f29fb777e0a in ThreadPool::dispatch () from /opt/splunk/lib/libsplunk.so
#6  0x00007f06905766fa in Splunkd::run () from /opt/splunk/lib/libsplunk.so
#7  0x00007f0fb373833a in main () from /opt/splunk/lib/libsplunk.so

Thread 5 (Thread 0x7fa26e9758ba (LWP 19705)):
#0  0x00007f5e3f2c7503 in LexerBase::tokenize () from /opt/splunk/lib/libsplunk.so
#1  0x00007f54027acbb6 in SearchParser::parse () from /opt/splunk/lib/libsplunk.so
#2  0x00007fdd953378fe in SearchProcessor::executeSearch () from /opt/splunk/lib/libsplunk.so
#3  0x00007ff35dc02d74 in SearchProcessor::run () from /opt/splunk/lib/libsplunk.so
#4  0x00007f308c46c0ed in ThreadPool::dispatch () from /opt/splunk/lib/libsplunk.so
#5  0x00007f3d294589b0 in Splunkd::run () from /opt/splunk/lib/libsplunk.so
#6  0x00007fc214091c8d in main () from /opt/splunk/lib/libsplunk.so

Thread 6 (Thread 0x7f0a797e9b62 (LWP 19706)):
#0  0x00007ffd432e325c in DateParser::parse () from /opt/splunk/lib/libsplunk.so
#1  0x00007f20265900e3 in TimestampExtractor::extract () from /opt/splunk/lib/libsplunk.so
#2  0x00007fccc457de45 in IndexWriter::processData () from /opt/splunk/lib/libsplunk.so
#3  0x00007f793690926c in IndexWriter::run () from /opt/splunk/lib/libsplunk.so
#4  0x00007f7876f0cb80 in ThreadPool::dispatch () from /opt/splunk/lib/libsplunk.so
#5  0x00007f758f008614 in Splunkd::run () from /opt/splunk/lib/libsplunk.so
#6  0x00007f1805dd7e97 in main () from /opt/splunk/lib/libsplunk.so

Thread 7 (Thread 0x7f10b8592af0 (LWP 19707)):
#0  0x00007f1bac527109 in recvfrom () from /lib64/libc.so.6
#1  0x00007f73211e0597 in UDPInputProcessor::readData () from /opt/splunk/lib/libsplunk.so
#2  0x00007f26249ada34 in UDPInputProcessor::run () from /opt/splunk/lib/libsplunk.so
#3  0x00007fecf817c95e in ThreadPool::dispatch () from /opt/splunk/lib/libsplunk.so
#4  0x00007f5e83ac7041 in Splunkd::run () from /opt/splunk/lib/libsplunk.so
#5  0x00007f501d052e85 in main () from /opt/splunk/lib/libsplunk.so

Thread 8 (Thread 0x7f224eb93de8 (LWP 19708)):
#0  0x00007f9fa9018226 in poll () from /lib64/libc.so.6
#1  0x00007f13fc0eca68 in TCPClient::connect () from /opt/splunk/lib/libsplunk.so
#2  0x00007f7d47c07954 in ReplicationManager::checkHealth () from /opt/splunk/lib/libsplunk.so
#3  0x00007f70fd485633 in ClusterMaster::run () from /opt/splunk/lib/libsplunk.so
#4  0x00007fee920a377a in ThreadPool::dispatch () from /opt/splunk/lib/libsplunk.so
#5  0x00007fb6ff2d3dbe in Splunkd::run () from /opt/splunk/lib/libsplunk.so
#6  0x00007fa910fde648 in main () from /opt/splunk/lib/libsplunk.so

Thread 9 (Thread 0x7fbd229fbec6 (LWP 19709)):
#0  0x00007fd2235254ec in malloc () from /lib64/libc.so.6
#1  0x00007f0138dc6d5c in SearchProcessor::createSearch () from /opt/splunk/lib/libsplunk.so
#2  0x00007f1ef854f22b in Scheduler::dispatchJob () from /opt/splunk/lib/libsplunk.so
#3  0x00007fadbf6ce0e3 in Scheduler::run () from /opt/splunk/lib/libsplunk.so
#4  0x00007fd3729e41e0 in Splunkd::run () from /opt/splunk/lib/libsplunk.so
#5  0x00007f388ac22d84 in main () from /opt/splunk/lib/libsplunk.so

Thread 10 (Thread 0x7f1a3c6d2ec5 (LWP 19710)):
#0  0x00007f031f54adab in pthread_cond_wait () from /lib64/libpthread.so.0
#1  0x00007f0f22c4ccda in SearchProcessor::waitForWork () from /opt/splunk/lib/libsplunk.so
#2  0x00007f56127f0ba5 in SearchProcessor::run () from /opt/splunk/lib/libsplunk.so
#3  0x00007fad0dee8f0c in ThreadPool::dispatch () from /opt/splunk/lib/libsplunk.so
#4  0x00007f846c54e9ee in Splunkd::run () from /opt/splunk/lib/libsplunk.so
#5  0x00007f1bea714b57 in main () from /opt/splunk/lib/libsplunk.so

Thread 11 (Thread 0x7f3dcfd72453 (LWP 19711)):
#0  0x00007f56424d0a4c in FileSystem::fsync () from /opt/splunk/lib/libsplunk.so
#1  0x00007f880606b5ab in BucketWriter::write () from /opt/splunk/lib/libsplunk.so
#2  0x00007f18c6d11c80 in IndexWriter::writeBlock () from /opt/splunk/lib/libsplunk.so
#3  0x00007f82067c36b6 in IndexWriter::processData () from /opt/splunk/lib/libsplunk.so
#4  0x00007f8efec5313d in IndexWriter::run () from /opt/splunk/lib/libsplunk.so
#5  0x00007f58d00e8f37 in ThreadPool::dispatch () from /opt/splunk/lib/libsplunk.so
#6  0x00007ff51f4fdd59 in Splunkd::run () from /opt/splunk/lib/libsplunk.so
#7  0x00007f9d950abf82 in main () from /opt/splunk/lib/libsplunk.so

Thread 12 (Thread 0x7f9d2f60b410 (LWP 19712)):
#0  0x00007fc9a2f7861b in epoll_wait () from /lib64/libc.so.6
#1  0x00007fd9785db443 in HTTPServer::acceptLoop () from /opt/splunk/lib/libsplunk.so
#2  0x00007f10c2e8d14b in Splunkd::run () from /opt/splunk/lib/libsplunk.so
#3  0x00007fe951f415bd in main () from /opt/splunk/lib/libsplunk.so

Thread 13 (Thread 0x7f60466e9eb3 (LWP 19713)):
#0  0x00007f17ffad9ec0 in pthread_cond_wait () from /lib64/libpthread.so.0
#1  0x00007f3176ed7718 in MongoDB::waitForOplog () from /opt/splunk/lib/libsplunk.so
#2  0x00007feb77d01ba6 in KVStoreHandler::run () from /opt/splunk/lib/libsplunk.so
#3  0x00007f7973b9032b in ThreadPool::dispatch () from /opt/splunk/lib/libsplunk.so
#4  0x00007f576bace829 in Splunkd::run () from /opt/splunk/lib/libsplunk.so
#5  0x00007f9a90482c96 in main () from /opt/splunk/lib/libsplunk.so

Thread 14 (Thread 0x7f2a35e5c6b2 (LWP 19714)):
#0  0x00007fbce2c37262 in FileSystem::copy () from /opt/splunk/lib/libsplunk.so
#1  0x00007ff3495faf39 in BucketSync::syncBucket () from /opt/splunk/lib/libsplunk.so
#2  0x00007fe8796862b8 in ReplicationManager::replicate () from /opt/splunk/lib/libsplunk.so
#3  0x00007f87a55fce7b in ClusterMaster::run () from /opt/splunk/lib/libsplunk.so
#4  0x00007fc2be33a2c8 in ThreadPool::dispatch () from /opt/splunk/lib/libsplunk.so
#5  0x00007fd3df77a713 in Splunkd::run () from /opt/splunk/lib/libsplunk.so
#6  0x00007f48c18bc264 in main () from /opt/splunk/lib/libsplunk.so

Thread 15 (Thread 0x7f06b64e5a21 (LWP 19715)):
#0  0x00007f1d67128962 in FileSystem::fsync () from /opt/splunk/lib/libsplunk.so
#1  0x00007f263e726814 in BucketWriter::write () from /opt/splunk/lib/libsplunk.so
#2  0x00007f8c94a6cde3 in IndexWriter::writeBlock () from /opt/splunk/lib/libsplunk.so
#3  0x00007f382cf581f2 in IndexWriter::processData () from /opt/splunk/lib/libsplunk.so
#4  0x00007fe9692f269b in IndexWriter::run () from /opt/splunk/lib/libsplunk.so
#5  0x00007feda00badb8 in ThreadPool::dispatch () from /opt/splunk/lib/libsplunk.so
#6  0x00007fc87da4be2c in Splunkd::run () from /opt/splunk/lib/libsplunk.so
#7  0x00007f788c15c44d in main () from /opt/splunk/lib/libsplunk.so
