Thread 1 (Thread 0x7f4ab122848f (LWP 34501)):
#0  0x00007f8b6831ccc1 in AlertManager::fireAction () from /opt/splunk/lib/libsplunk.so
#1  0x00007f2818c176c0 in AlertManager::checkTriggers () from /opt/splunk/lib/libsplunk.so
#2  0x00007ff875636415 in Scheduler::dispatchJob () from /opt/splunk/lib/libsplunk.so
#3  0x00007fd5a0f2e97b in Scheduler::run () from /opt/splunk/lib/libsplunk.so
#4  0x00007f0eae68d1d0 in Splunkd::run () from /opt/splunk/lib/libsplunk.so
#5  0x00007f00efcb9d86 in main () from /opt/splunk/lib/libsplunk.so

Thread 2 (Thread 0x7f4085e9db22 (LWP 34502)):
#0  0x00007faf84c359a8 in DateParser::parse () from /opt/splunk/lib/libsplunk.so
#1  0x00007f014e2a6c97 in TimestampExtractor::extract () from /opt/splunk/lib/libsplunk.so
#2  0x00007f2d84496827 in IndexWriter::processData () from /opt/splunk/lib/libsplunk.so
#3  0x00007f250de6ffba in IndexWriter::run () from /opt/splunk/lib/libsplunk.so
#4  0x00007fd0630b6451 in ThreadPool::dispatch () from /opt/splunk/lib/libsplunk.so
#5  0x00007ff3e9d62550 in Splunkd::run () from /opt/splunk/lib/libsplunk.so
#6  0x00007f82cfa986ee in main () from /opt/splunk/lib/libsplunk.so

Thread 3 (Thread 0x7fdd3a64f062 (LWP 34503)):
#0  0x00007f7ea0a5cbbf in FileSystem::copy () from /opt/splunk/lib/libsplunk.so
#1  0x00007f151650bbf6 in BucketSync::syncBucket () from /opt/splunk/lib/libsplunk.so
#2  0x00007f888aa2b951 in ReplicationManager::replicate () from /opt/splunk/lib/libsplunk.so
#3  0x00007f210e574276 in ClusterMaster::run () from /opt/splunk/lib/libsplunk.so
#4  0x00007f94db39989b in ThreadPool::dispatch () from /opt/splunk/lib/libsplunk.so
#5  0x00007fe7171396f3 in Splunkd::run () from /opt/splunk/lib/libsplunk.so
#6  0x00007f5f87110d87 in main () from /opt/splunk/lib/libsplunk.so

Thread 4 (Thread 0x7f3119c86545 (LWP 34504)):
#0  0x00007f84ecd54cb8 in FileSystem::copy () from /opt/splunk/lib/libsplunk.so
#1  0x00007ff7daf2079d in BucketSync::syncBucket () from /opt/splunk/lib/libsplunk.so
#2  0x00007f90fe661595 in ReplicationManager::replicate () from /opt/splunk/lib/libsplunk.so
#3  0x00007f46cdeb9675 in ClusterMaster::run () from /opt/splunk/lib/libsplunk.so
#4  0x00007fd0b79b6f74 in ThreadPool::dispatch () from /opt/splunk/lib/libsplunk.so
#5  0x00007f86c79dac28 in Splunkd::run () from /opt/splunk/lib/libsplunk.so
#6  0x00007f0b5db15512 in main () from /opt/splunk/lib/libsplunk.so

Thread 5 (Thread 0x7f6172bb5549 (LWP 34505)):
#0  0x00007f10651c6aed in LexerBase::tokenize () from /opt/splunk/lib/libsplunk.so
#1  0x00007f797d63aa3d in SearchParser::parse () from /opt/splunk/lib/libsplunk.so
#2  0x00007fb4e8104ffc in SearchProcessor::executeSearch () from /opt/splunk/lib/libsplunk.so
#3  0x00007f76303fa5af in SearchProcessor::run () from /opt/splunk/lib/libsplunk.so
#4  0x00007f069b1cf8dd in ThreadPool::dispatch () from /opt/splunk/lib/libsplunk.so
#5  0x00007fcf8533a3ae in Splunkd::run () from /opt/splunk/lib/libsplunk.so
#6  0x00007fe60aa74ee9 in main () from /opt/splunk/lib/libsplunk.so

Thread 6 (Thread 0x7f03fcc147cb (LWP 34506)):
#0  0x00007fa5c3f785a8 in LexerBase::tokenize () from /opt/splunk/lib/libsplunk.so
#1  0x00007fa95d2d0ac2 in SearchParser::parse () from /opt/splunk/lib/libsplunk.so
#2  0x00007fdab463523d in SearchProcessor::executeSearch () from /opt/splunk/lib/libsplunk.so
#3  0x00007fc8a27ca1a1 in SearchProcessor::run () from /opt/splunk/lib/libsplunk.so
#4  0x00007f5f84f50b09 in ThreadPool::dispatch () from /opt/splunk/lib/libsplunk.so
#5  0x00007f3e6bedf70e in Splunkd::run () from /opt/splunk/lib/libsplunk.so
#6  0x00007f547e2c3455 in main () from /opt/splunk/lib/libsplunk.so

Thread 7 (Thread 0x7fc176a258cd (LWP 34507)):
#0  0x00007fa55e5fc9f7 in AlertManager::fireAction () from /opt/splunk/lib/libsplunk.so
#1  0x00007f0fa9622127 in AlertManager::checkTriggers () from /opt/splunk/lib/libsplunk.so
#2  0x00007fffa7fc9c81 in Scheduler::dispatchJob () from /opt/splunk/lib/libsplunk.so
#3  0x00007f44d86b764d in Scheduler::run () from /opt/splunk/lib/libsplunk.so
#4  0x00007fc6ca362da9 in Splunkd::run () from /opt/splunk/lib/libsplunk.so
#5  0x00007f996479a336 in main () from /opt/splunk/lib/libsplunk.so

Thread 8 (Thread 0x7f881a4d301d (LWP 34508)):
#0  0x00007fb9c7acee0a in FileSystem::fsync () from /opt/splunk/lib/libsplunk.so
#1  0x00007fc02db36f86 in BucketWriter::write () from /opt/splunk/lib/libsplunk.so
#2  0x00007fca42580dcc in IndexWriter::writeBlock () from /opt/splunk/lib/libsplunk.so
#3  0x00007f825260747a in IndexWriter::processData () from /opt/splunk/lib/libsplunk.so
#4  0x00007fe64bacd0d1 in IndexWriter::run () from /opt/splunk/lib/libsplunk.so
#5  0x00007fa7966f96c2 in ThreadPool::dispatch () from /opt/splunk/lib/libsplunk.so
#6  0x00007f8c2583179e in Splunkd::run () from /opt/splunk/lib/libsplunk.so
#7  0x00007ff269c9665f in main () from /opt/splunk/lib/libsplunk.so

Thread 9 (Thread 0x7f5c797e55e1 (LWP 34509)):
#0  0x00007fe0ab3f02d6 in HashTable::insert () from /opt/splunk/lib/libsplunk.so
#1  0x00007fb4327d6f1f in StatsProcessor::aggregate () from /opt/splunk/lib/libsplunk.so
#2  0x00007f1b7c3600f1 in SearchEvaluator::eval () from /opt/splunk/lib/libsplunk.so
#3  0x00007fe0ac735cf2 in SearchProcessor::executeSearch () from /opt/splunk/lib/libsplunk.so
#4  0x00007f89780e8ac2 in SearchProcessor::run () from /opt/splunk/lib/libsplunk.so
#5  0x00007f7bd1e9e303 in ThreadPool::dispatch () from /opt/splunk/lib/libsplunk.so
#6  0x00007f254d1e155e in Splunkd::run () from /opt/splunk/lib/libsplunk.so
#7  0x00007f53327ba9b9 in main () from /opt/splunk/lib/libsplunk.so

Thread 10 (Thread 0x7f0db815ad45 (LWP 34510)):
#0  0x00007f810f6c805c in LDAP::bind () from /opt/splunk/lib/libsplunk.so
#1  0x00007fa3b3636fd6 in AuthManager::authenticate () from /opt/splunk/lib/libsplunk.so
#2  0x00007ffbcc860e48 in RESTHandler::handlePOST () from /opt/splunk/lib/libsplunk.so
#3  0x00007fca0e5c602a in RESTHandler::dispatch () from /opt/splunk/lib/libsplunk.so
#4  0x00007fc0be19668d in HTTPServer::handleRequest () from /opt/splunk/lib/libsplunk.so
#5  0x00007fcad62975cc in HTTPServer::acceptLoop () from /opt/splunk/lib/libsplunk.so
#6  0x00007f4cc8606c76 in Splunkd::run () from /opt/splunk/lib/libsplunk.so
#7  0x00007f75fedd1da5 in main () from /opt/splunk/lib/libsplunk.so

Thread 11 (Thread 0x7fe032723692 (LWP 34511)):
#0  0x00007f6bf243bcc2 in HashTable::insert () from /opt/splunk/lib/libsplunk.so
#1  0x00007f600b35c6cb in StatsProcessor::aggregate () from /opt/splunk/lib/libsplunk.so
#2  0x00007fad69bfe63b in SearchEvaluator::eval () from /opt/splunk/lib/libsplunk.so
#3  0x00007f7940e61bd3 in SearchProcessor::executeSearch () from /opt/splunk/lib/libsplunk.so
#4  0x00007f3d460663ac in SearchProcessor::run () from /opt/splunk/lib/libsplunk.so
#5  0x00007f3f01263771 in ThreadPool::dispatch () from /opt/splunk/lib/libsplunk.so
#6  0x00007f4fd589ee1d in Splunkd::run () from /opt/splunk/lib/libsplunk.so
#7  0x00007fa0044c778a in main () from /opt/splunk/lib/libsplunk.so
