Thread 1 (Thread 0x7f67948460fb (LWP 37001)):
#0  0x00007fbce65ebff0 in recvfrom () from /lib64/libc.so.6
#1  0x00007f56d285a556 in UDPInputProcessor::readData () from /opt/splunk/lib/libsplunk.so
#2  0x00007f16ec74ff67 in UDPInputProcessor::run () from /opt/splunk/lib/libsplunk.so
#3  0x00007fa55c660911 in ThreadPool::dispatch () from /opt/splunk/lib/libsplunk.so
#4  0x00007f0f4dbec182 in Splunkd::run () from /opt/splunk/lib/libsplunk.so
#5  0x00007ffc8159b50f in main () from /opt/splunk/lib/libsplunk.so

Thread 2 (Thread 0x7f960dec3072 (LWP 37002)):
#0  0x00007f695399b110 in write () from /lib64/libc.so.6
#1  0x00007fcae827b49a in TCPClient::send () from /opt/splunk/lib/libsplunk.so
#2  0x00007fe721a972e6 in ReplicationManager::replicate () from /opt/splunk/lib/libsplunk.so
#3  0x00007f5da64015d5 in ClusterMaster::run () from /opt/splunk/lib/libsplunk.so
#4  0x00007fff34975d1b in ThreadPool::dispatch () from /opt/splunk/lib/libsplunk.so
#5  0x00007f6fbba2f967 in Splunkd::run () from /opt/splunk/lib/libsplunk.so
#6  0x00007f866b3a6366 in main () from /opt/splunk/lib/libsplunk.so

Thread 3 (Thread 0x7fd448d24519 (LWP 37003)):
#0  0x00007f933e820084 in FileSystem::unlink () from /opt/splunk/lib/libsplunk.so
#1  0x00007fab2ff0ff05 in BucketManager::evictBucket () from /opt/splunk/lib/libsplunk.so
#2  0x00007f9b02d481fa in MemoryManager::garbageCollect () from /opt/splunk/lib/libsplunk.so
#3  0x00007f72b18b17b9 in MemoryManager::run () from /opt/splunk/lib/libsplunk.so
#4  0x00007fbabb431ff0 in Splunkd::run () from /opt/splunk/lib/libsplunk.so
#5  0x00007f03fce7d825 in main () from /opt/splunk/lib/libsplunk.so

Thread 4 (Thread 0x7f6d21f8d8f2 (LWP 37004)):
#0  0x00007fc417d229fc in malloc () from /lib64/libc.so.6
#1  0x00007f9e5033ea52 in SearchProcessor::createSearch () from /opt/splunk/lib/libsplunk.so
#2  0x00007f428fd0b083 in Scheduler::dispatchJob () from /opt/splunk/lib/libsplunk.so
#3  0x00007fc661ab7586 in Scheduler::run () from /opt/splunk/lib/libsplunk.so
#4  0x00007fa46d139b6b in Splunkd::run () from /opt/splunk/lib/libsplunk.so
#5  0x00007f8dbd47ba23 in main () from /opt/splunk/lib/libsplunk.so

Thread 5 (Thread 0x7fe5b4e213fb (LWP 37005)):
#0  0x00007f4e85cf3147 in LexerBase::tokenize () from /opt/splunk/lib/libsplunk.so
#1  0x00007fff3bd14b5e in SearchParser::parse () from /opt/splunk/lib/libsplunk.so
#2  0x00007f2bfd5e26ec in SearchProcessor::executeSearch () from /opt/splunk/lib/libsplunk.so
#3  0x00007fbc3a9cf320 in SearchProcessor::run () from /opt/splunk/lib/libsplunk.so
#4  0x00007f4b7650f2ac in ThreadPool::dispatch () from /opt/splunk/lib/libsplunk.so
#5  0x00007f58d70a84e6 in Splunkd::run () from /opt/splunk/lib/libsplunk.so
#6  0x00007f00a39a4e74 in main () from /opt/splunk/lib/libsplunk.so

Thread 6 (Thread 0x7f7d7d88bd59 (LWP 37006)):
#0  0x00007feae13308fb in pthread_cond_timedwait () from /lib64/libpthread.so.0
#1  0x00007fe560f4c23b in Scheduler::waitForNextJob () from /opt/splunk/lib/libsplunk.so
#2  0x00007f60dfc3874a in Scheduler::run () from /opt/splunk/lib/libsplunk.so
#3  0x00007f49a129d734 in Splunkd::run () from /opt/splunk/lib/libsplunk.so
#4  0x00007f1d3579edca in main () from /opt/splunk/lib/libsplunk.so

Thread 7 (Thread 0x7f1c49792ce2 (LWP 37007)):
#0  0x00007fc91e5ad346 in FileSystem::fsync () from /opt/splunk/lib/libsplunk.so
#1  0x00007f88fc592d53 in BucketWriter::write () from /opt/splunk/lib/libsplunk.so
#2  0x00007f8657ae549e in IndexWriter::writeBlock () from /opt/splunk/lib/libsplunk.so
#3  0x00007f9cc535e7b0 in IndexWriter::processData () from /opt/splunk/lib/libsplunk.so
#4  0x00007f1c4eea8df7 in IndexWriter::run () from /opt/splunk/lib/libsplunk.so
#5  0x00007f7595a8f86b in ThreadPool::dispatch () from /opt/splunk/lib/libsplunk.so
#6  0x00007ffac3e893eb in Splunkd::run () from /opt/splunk/lib/libsplunk.so
#7  0x00007f6cc3e8f5d1 in main () from /opt/splunk/lib/libsplunk.so

Thread 8 (Thread 0x7fed05365427 (LWP 37008)):
#0  0x00007f641e01412d in pthread_cond_wait () from /lib64/libpthread.so.0
#1  0x00007f35204473ec in MemoryManager::waitForThreshold () from /opt/splunk/lib/libsplunk.so
#2  0x00007fb2da08b0df in MemoryManager::run () from /opt/splunk/lib/libsplunk.so
#3  0x00007ff26b1c6620 in Splunkd::run () from /opt/splunk/lib/libsplunk.so
#4  0x00007f4aa94fbab3 in main () from /opt/splunk/lib/libsplunk.so

Thread 9 (Thread 0x7ff6a8710972 (LWP 37009)):
#0  0x00007f528ca40151 in DateParser::parse () from /opt/splunk/lib/libsplunk.so
#1  0x00007ff6e6527553 in TimestampExtractor::extract () from /opt/splunk/lib/libsplunk.so
#2  0x00007f84641ea63d in IndexWriter::processData () from /opt/splunk/lib/libsplunk.so
#3  0x00007f45454ee510 in IndexWriter::run () from /opt/splunk/lib/libsplunk.so
#4  0x00007fadb83cbd96 in ThreadPool::dispatch () from /opt/splunk/lib/libsplunk.so
#5  0x00007f90bbed217c in Splunkd::run () from /opt/splunk/lib/libsplunk.so
#6  0x00007f13b5030cf6 in main () from /opt/splunk/lib/libsplunk.so

Thread 10 (Thread 0x7feb398e18e1 (LWP 37010)):
#0  0x00007f9a7de5e202 in recvfrom () from /lib64/libc.so.6
#1  0x00007feadb2d2257 in UDPInputProcessor::readData () from /opt/splunk/lib/libsplunk.so
#2  0x00007f5171c00c7e in UDPInputProcessor::run () from /opt/splunk/lib/libsplunk.so
#3  0x00007f93d3ec17fc in ThreadPool::dispatch () from /opt/splunk/lib/libsplunk.so
#4  0x00007fef647a26cc in Splunkd::run () from /opt/splunk/lib/libsplunk.so
#5  0x00007f8df89d2e85 in main () from /opt/splunk/lib/libsplunk.so

Thread 11 (Thread 0x7fc4ebc7842c (LWP 37011)):
#0  0x00007f087413f5a1 in BTreeReader::search () from /opt/splunk/lib/libsplunk.so
#1  0x00007fb1b1578db0 in WiredTiger::cursor_search () from /opt/splunk/lib/libsplunk.so
#2  0x00007f4143ee03a0 in MongoDB::find () from /opt/splunk/lib/libsplunk.so
#3  0x00007f5e841fbdca in KVStoreHandler::run () from /opt/splunk/lib/libsplunk.so
#4  0x00007f71db223da5 in ThreadPool::dispatch () from /opt/splunk/lib/libsplunk.so
#5  0x00007f60902f19a5 in Splunkd::run () from /opt/splunk/lib/libsplunk.so
#6  0x00007f50558e6fb8 in main () from /opt/splunk/lib/libsplunk.so

Thread 12 (Thread 0x7f570bd02b6c (LWP 37012)):
#0  0x00007f255319676e in pthread_cond_wait () from /lib64/libpthread.so.0
#1  0x00007f76a93b1ec1 in SearchProcessor::waitForWork () from /opt/splunk/lib/libsplunk.so
#2  0x00007fcacacd3fed in SearchProcessor::run () from /opt/splunk/lib/libsplunk.so
#3  0x00007ffc70411c5a in ThreadPool::dispatch () from /opt/splunk/lib/libsplunk.so
#4  0x00007ff9b05f2a12 in Splunkd::run () from /opt/splunk/lib/libsplunk.so
#5  0x00007f67f2f8ad26 in main () from /opt/splunk/lib/libsplunk.so

Thread 13 (Thread 0x7f8b767a8b28 (LWP 37013)):
#0  0x00007fd461ed3188 in pthread_cond_wait () from /lib64/libpthread.so.0
#1  0x00007f062593ca12 in SearchProcessor::waitForWork () from /opt/splunk/lib/libsplunk.so
#2  0x00007f1133ae5951 in SearchProcessor::run () from /opt/splunk/lib/libsplunk.so
#3  0x00007fa6a63f880e in ThreadPool::dispatch () from /opt/splunk/lib/libsplunk.so
#4  0x00007f6e60d3134b in Splunkd::run () from /opt/splunk/lib/libsplunk.so
#5  0x00007f1a0a1fbf3b in main () from /opt/splunk/lib/libsplunk.so

Thread 14 (Thread 0x7f35ae40d81a (LWP 37014)):
#0  0x00007f72048e7427 in epoll_wait () from /lib64/libc.so.6
#1  0x00007f136a32d38c in HTTPServer::acceptLoop () from /opt/splunk/lib/libsplunk.so
#2  0x00007f8c0619f717 in Splunkd::run () from /opt/splunk/lib/libsplunk.so
#3  0x00007fd5c3fab971 in main () from /opt/splunk/lib/libsplunk.so

Thread 15 (Thread 0x7f58285fb091 (LWP 37015)):
#0  0x00007f9619c4757a in read () from /lib64/libc.so.6
#1  0x00007ffbae24f937 in OpenSSL::SSL_read () from /opt/splunk/lib/libsplunk.so
#2  0x00007f26a461ab31 in SSLEngine::read () from /opt/splunk/lib/libsplunk.so
#3  0x00007fc7f15438ad in TcpInputProcessor::readData () from /opt/splunk/lib/libsplunk.so
#4  0x00007f08f3e93e54 in TcpInputProcessor::run () from /opt/splunk/lib/libsplunk.so
#5  0x00007f04811876c0 in ThreadPool::dispatch () from /opt/splunk/lib/libsplunk.so
#6  0x00007f1cd1779b1f in Splunkd::run () from /opt/splunk/lib/libsplunk.so
#7  0x00007f7eea541f9a in main () from /opt/splunk/lib/libsplunk.so

Thread 16 (Thread 0x7f04082906f8 (LWP 37016)):
#0  0x00007f5d6c63abd6 in epoll_wait () from /lib64/libc.so.6
#1  0x00007f7c979b3d2e in HTTPServer::acceptLoop () from /opt/splunk/lib/libsplunk.so
#2  0x00007fb394949933 in Splunkd::run () from /opt/splunk/lib/libsplunk.so
#3  0x00007f00c869a2a8 in main () from /opt/splunk/lib/libsplunk.so

Thread 17 (Thread 0x7f1a96015979 (LWP 37017)):
#0  0x00007f2fbecb4b2c in pthread_cond_wait () from /lib64/libpthread.so.0
#1  0x00007f93f3db29a5 in SearchProcessor::waitForWork () from /opt/splunk/lib/libsplunk.so
#2  0x00007f2c48b2ac40 in SearchProcessor::run () from /opt/splunk/lib/libsplunk.so
#3  0x00007f3b98c5360c in ThreadPool::dispatch () from /opt/splunk/lib/libsplunk.so
#4  0x00007fa58828147b in Splunkd::run () from /opt/splunk/lib/libsplunk.so
#5  0x00007f6464452692 in main () from /opt/splunk/lib/libsplunk.so

Thread 18 (Thread 0x7fdf67a0d2ee (LWP 37018)):
#0  0x00007f2bfe38d1fe in malloc () from /lib64/libc.so.6
#1  0x00007fb9d33b0d62 in SearchProcessor::createSearch () from /opt/splunk/lib/libsplunk.so
#2  0x00007fdc0b4044aa in Scheduler::dispatchJob () from /opt/splunk/lib/libsplunk.so
#3  0x00007fea1dd30137 in Scheduler::run () from /opt/splunk/lib/libsplunk.so
#4  0x00007f39a86e4fca in Splunkd::run () from /opt/splunk/lib/libsplunk.so
#5  0x00007f8659c28af2 in main () from /opt/splunk/lib/libsplunk.so

Thread 19 (Thread 0x7f725c97b27b (LWP 37019)):
#0  0x00007f1cd681cbc2 in OpenSSL::SSL_read () from /opt/splunk/lib/libsplunk.so
#1  0x00007fe84b092417 in SSLEngine::read () from /opt/splunk/lib/libsplunk.so
#2  0x00007fe4b04df443 in HTTPServer::handleRequest () from /opt/splunk/lib/libsplunk.so
#3  0x00007fb8ffd16a8b in HTTPServer::acceptLoop () from /opt/splunk/lib/libsplunk.so
#4  0x00007f0c141aaa9a in Splunkd::run () from /opt/splunk/lib/libsplunk.so
#5  0x00007f39555193a1 in main () from /opt/splunk/lib/libsplunk.so

Thread 20 (Thread 0x7fb2e63239c7 (LWP 37020)):
#0  0x00007f2ab40da59a in PCRE::match () from /opt/splunk/lib/libsplunk.so
#1  0x00007f9040fe8ad9 in FieldExtractor::extract () from /opt/splunk/lib/libsplunk.so
#2  0x00007fb8b3ce66b1 in SearchEvaluator::eval () from /opt/splunk/lib/libsplunk.so
#3  0x00007f57bff7e0f1 in SearchProcessor::executeSearch () from /opt/splunk/lib/libsplunk.so
#4  0x00007fccbc6e43c6 in SearchProcessor::run () from /opt/splunk/lib/libsplunk.so
#5  0x00007fe673b5742c in ThreadPool::dispatch () from /opt/splunk/lib/libsplunk.so
#6  0x00007f12d419dc72 in Splunkd::run () from /opt/splunk/lib/libsplunk.so
#7  0x00007fbddea05c1b in main () from /opt/splunk/lib/libsplunk.so
