Thread 1 (Thread 0x7fb242e125d9 (LWP 16501)):
#0  0x00007f4009d6bbe8 in recv () from /lib64/libc.so.6
#1  0x00007f9aaa4bf3e9 in TcpInputProcessor::readData () from /opt/splunk/lib/libsplunk.so
#2  0x00007ff4588b876b in TcpInputProcessor::run () from /opt/splunk/lib/libsplunk.so
#3  0x00007fb467c9ab71 in ThreadPool::dispatch () from /opt/splunk/lib/libsplunk.so
#4  0x00007f8a7b061770 in Splunkd::run () from /opt/splunk/lib/libsplunk.so
#5  0x00007fab8ecb9bce in main () from /opt/splunk/lib/libsplunk.so

Thread 2 (Thread 0x7f546e5230fe (LWP 16502)):
#0  0x00007fc1b7ec75d6 in WiredTiger::cursor_update () from /opt/splunk/lib/libsplunk.so
#1  0x00007fdb59b22d9a in MongoDB::update () from /opt/splunk/lib/libsplunk.so
#2  0x00007f69725b3de8 in KVStoreHandler::run () from /opt/splunk/lib/libsplunk.so
#3  0x00007fc333db5d9a in ThreadPool::dispatch () from /opt/splunk/lib/libsplunk.so
#4  0x00007f3d2d693e20 in Splunkd::run () from /opt/splunk/lib/libsplunk.so
#5  0x00007f915b1377a0 in main () from /opt/splunk/lib/libsplunk.so

Thread 3 (Thread 0x7fe5cbdf5034 (LWP 16503)):
#0  0x00007f3d38e732be in LexerBase::tokenize () from /opt/splunk/lib/libsplunk.so
#1  0x00007f4d445b3369 in SearchParser::parse () from /opt/splunk/lib/libsplunk.so
#2  0x00007f9a6bce3a54 in SearchProcessor::executeSearch () from /opt/splunk/lib/libsplunk.so
#3  0x00007f2748a29c0c in SearchProcessor::run () from /opt/splunk/lib/libsplunk.so
#4  0x00007f8a37055a31 in ThreadPool::dispatch () from /opt/splunk/lib/libsplunk.so
#5  0x00007f9f235cffc2 in Splunkd::run () from /opt/splunk/lib/libsplunk.so
#6  0x00007fc17e7257c9 in main () from /opt/splunk/lib/libsplunk.so

Thread 4 (Thread 0x7fa0c5b6215e (LWP 16504)):
#0  0x00007f826a8e3be7 in malloc_trim () from /lib64/libc.so.6
#1  0x00007f14b78f47f9 in MemoryManager::compactHeap () from /opt/splunk/lib/libsplunk.so
#2  0x00007f7757ed116a in MemoryManager::run () from /opt/splunk/lib/libsplunk.so
#3  0x00007f63e48f24c9 in Splunkd::run () from /opt/splunk/lib/libsplunk.so
#4  0x00007f867ed2a338 in main () from /opt/splunk/lib/libsplunk.so

Thread 5 (Thread 0x7f9736e20150 (LWP 16505)):
#0  0x00007f5afa0675d7 in HashTable::insert () from /opt/splunk/lib/libsplunk.so
#1  0x00007f5972ab68ce in StatsProcessor::aggregate () from /opt/splunk/lib/libsplunk.so
#2  0x00007f0eb97cefc3 in SearchEvaluator::eval () from /opt/splunk/lib/libsplunk.so
#3  0x00007f29c59d7735 in SearchProcessor::executeSearch () from /opt/splunk/lib/libsplunk.so
#4  0x00007fa019eee3b7 in SearchProcessor::run () from /opt/splunk/lib/libsplunk.so
#5  0x00007f90eac0bc73 in ThreadPool::dispatch () from /opt/splunk/lib/libsplunk.so
#6  0x00007ff87367fc1a in Splunkd::run () from /opt/splunk/lib/libsplunk.so
#7  0x00007fb2a4df49b5 in main () from /opt/splunk/lib/libsplunk.so

Thread 6 (Thread 0x7f2dba422245 (LWP 16506)):
#0  0x00007f82d716dfa6 in LDAP::bind () from /opt/splunk/lib/libsplunk.so
#1  0x00007f59e0f20dfc in AuthManager::authenticate () from /opt/splunk/lib/libsplunk.so
#2  0x00007fb9b3df4da0 in RESTHandler::handlePOST () from /opt/splunk/lib/libsplunk.so
#3  0x00007fe25e466d42 in RESTHandler::dispatch () from /opt/splunk/lib/libsplunk.so
#4  0x00007f4b35075a83 in HTTPServer::handleRequest () from /opt/splunk/lib/libsplunk.so
#5  0x00007fea034e48f2 in HTTPServer::acceptLoop () from /opt/splunk/lib/libsplunk.so
#6  0x00007f3f012f82c3 in Splunkd::run () from /opt/splunk/lib/libsplunk.so
#7  0x00007fc7dcfe26eb in main () from /opt/splunk/lib/libsplunk.so

Thread 7 (Thread 0x7f2a3c96eac3 (LWP 16507)):
#0  0x00007f1b5923d83d in malloc () from /lib64/libc.so.6
#1  0x00007fd15b02f6fb in SearchProcessor::createSearch () from /opt/splunk/lib/libsplunk.so
#2  0x00007f356983c4d8 in Scheduler::dispatchJob () from /opt/splunk/lib/libsplunk.so
#3  0x00007ffcb2cb2082 in Scheduler::run () from /opt/splunk/lib/libsplunk.so
#4  0x00007fe7caa60c0d in Splunkd::run () from /opt/splunk/lib/libsplunk.so
#5  0x00007fed3ff3236d in main () from /opt/splunk/lib/libsplunk.so

Thread 8 (Thread 0x7f158c871a50 (LWP 16508)):
#0  0x00007f52ba3dfa20 in pthread_cond_wait () from /lib64/libpthread.so.0
#1  0x00007fb57e23fb9e in SearchProcessor::waitForWork () from /opt/splunk/lib/libsplunk.so
#2  0x00007fb75544c394 in SearchProcessor::run () from /opt/splunk/lib/libsplunk.so
#3  0x00007f8e5589c949 in ThreadPool::dispatch () from /opt/splunk/lib/libsplunk.so
#4  0x00007ffa3a032240 in Splunkd::run () from /opt/splunk/lib/libsplunk.so
#5  0x00007fccea0a9935 in main () from /opt/splunk/lib/libsplunk.so

Thread 9 (Thread 0x7fcf13aa89b8 (LWP 16509)):
#0  0x00007f88c76907e8 in HashTable::insert () from /opt/splunk/lib/libsplunk.so
#1  0x00007f8bcf66b0b8 in StatsProcessor::aggregate () from /opt/splunk/lib/libsplunk.so
#2  0x00007f4389c64086 in SearchEvaluator::eval () from /opt/splunk/lib/libsplunk.so
#3  0x00007fd3a876b839 in SearchProcessor::executeSearch () from /opt/splunk/lib/libsplunk.so
#4  0x00007fe77ef22312 in SearchProcessor::run () from /opt/splunk/lib/libsplunk.so
#5  0x00007f2699ae7aa6 in ThreadPool::dispatch () from /opt/splunk/lib/libsplunk.so
#6  0x00007f27b16592a6 in Splunkd::run () from /opt/splunk/lib/libsplunk.so
#7  0x00007f0b0e57d359 in main () from /opt/splunk/lib/libsplunk.so

Thread 10 (Thread 0x7f682d0fcc0f (LWP 16510)):
#0  0x00007ff5ed8e14d9 in SAML::validateToken () from /opt/splunk/lib/libsplunk.so
#1  0x00007fdeeb777eb6 in AuthManager::authenticate () from /opt/splunk/lib/libsplunk.so
#2  0x00007f2358d3c66a in RESTHandler::handlePOST () from /opt/splunk/lib/libsplunk.so
#3  0x00007fb69b00479e in RESTHandler::dispatch () from /opt/splunk/lib/libsplunk.so
#4  0x00007f2b346386d9 in HTTPServer::handleRequest () from /opt/splunk/lib/libsplunk.so
#5  0x00007faab55c2b62 in HTTPServer::acceptLoop () from /opt/splunk/lib/libsplunk.so
#6  0x00007fc194c3202b in Splunkd::run () from /opt/splunk/lib/libsplunk.so
#7  0x00007f3452f01869 in main () from /opt/splunk/lib/libsplunk.so

Thread 11 (Thread 0x7f1349fc87c9 (LWP 16511)):
#0  0x00007f1463e4d7ab in BTreeReader::search () from /opt/splunk/lib/libsplunk.so
#1  0x00007f818ebf82df in WiredTiger::cursor_search () from /opt/splunk/lib/libsplunk.so
#2  0x00007fd185c84a13 in MongoDB::find () from /opt/splunk/lib/libsplunk.so
#3  0x00007fefe0ab132c in KVStoreHandler::run () from /opt/splunk/lib/libsplunk.so
#4  0x00007ffa4487a711 in ThreadPool::dispatch () from /opt/splunk/lib/libsplunk.so
#5  0x00007f2613663b53 in Splunkd::run () from /opt/splunk/lib/libsplunk.so
#6  0x00007f9a9dc4eefb in main () from /opt/splunk/lib/libsplunk.so

Thread 12 (Thread 0x7f398c4358c2 (LWP 16512)):
#0  0x00007f688f084316 in pthread_cond_wait () from /lib64/libpthread.so.0
#1  0x00007f1cce43ec68 in IndexWriter::waitForData () from /opt/splunk/lib/libsplunk.so
#2  0x00007fa44381aff7 in IndexWriter::run () from /opt/splunk/lib/libsplunk.so
#3  0x00007f8499d42344 in ThreadPool::dispatch () from /opt/splunk/lib/libsplunk.so
#4  0x00007fb8075b6c73 in Splunkd::run () from /opt/splunk/lib/libsplunk.so
#5  0x00007fe103c71745 in main () from /opt/splunk/lib/libsplunk.so

Thread 13 (Thread 0x7f5696aa7264 (LWP 16513)):
#0  0x00007f70645edc31 in std::__introsort_loop () from /opt/splunk/lib/libsplunk.so
#1  0x00007fded7518825 in std::sort () from /opt/splunk/lib/libsplunk.so
#2  0x00007fc6e498e593 in SortProcessor::sort () from /opt/splunk/lib/libsplunk.so
#3  0x00007f1d456a3a25 in SearchEvaluator::eval () from /opt/splunk/lib/libsplunk.so
#4  0x00007f858336b6b0 in SearchProcessor::executeSearch () from /opt/splunk/lib/libsplunk.so
#5  0x00007f0562a2f202 in SearchProcessor::run () from /opt/splunk/lib/libsplunk.so
#6  0x00007f95d182c260 in ThreadPool::dispatch () from /opt/splunk/lib/libsplunk.so
#7  0x00007fbdbbe46771 in Splunkd::run () from /opt/splunk/lib/libsplunk.so
#8  0x00007f63d6d3472a in main () from /opt/splunk/lib/libsplunk.so

Thread 14 (Thread 0x7f46405494b4 (LWP 16514)):
#0  0x00007f86f5f09dfd in FileSystem::unlink () from /opt/splunk/lib/libsplunk.so
#1  0x00007f3905dc5efb in BucketManager::evictBucket () from /opt/splunk/lib/libsplunk.so
#2  0x00007ff1a3b8d313 in MemoryManager::garbageCollect () from /opt/splunk/lib/libsplunk.so
#3  0x00007f32ab1598e3 in MemoryManager::run () from /opt/splunk/lib/libsplunk.so
#4  0x00007f9343a6e4b4 in Splunkd::run () from /opt/splunk/lib/libsplunk.so
#5  0x00007f4eab831de1 in main () from /opt/splunk/lib/libsplunk.so

Thread 15 (Thread 0x7f2a23685282 (LWP 16515)):
#0  0x00007fbf35a6b270 in LexerBase::tokenize () from /opt/splunk/lib/libsplunk.so
#1  0x00007f98f96a2d9a in SearchParser::parse () from /opt/splunk/lib/libsplunk.so
#2  0x00007fd4ed29d42b in SearchProcessor::executeSearch () from /opt/splunk/lib/libsplunk.so
#3  0x00007f5b56029d18 in SearchProcessor::run () from /opt/splunk/lib/libsplunk.so
#4  0x00007fee6d6278eb in ThreadPool::dispatch () from /opt/splunk/lib/libsplunk.so
#5  0x00007f1c5a98563e in Splunkd::run () from /opt/splunk/lib/libsplunk.so
#6  0x00007f345c040b71 in main () from /opt/splunk/lib/libsplunk.so

Thread 16 (Thread 0x7fc911f9e7ae (LWP 16516)):
#0  0x00007f3ef4e8142b in read () from /lib64/libc.so.6
#1  0x00007f62f7de6f9e in OpenSSL::SSL_read () from /opt/splunk/lib/libsplunk.so
#2  0x00007f3eb50e6458 in SSLEngine::read () from /opt/splunk/lib/libsplunk.so
#3  0x00007f4cedefcedc in TcpInputProcessor::readData () from /opt/splunk/lib/libsplunk.so
#4  0x00007fee8dead39a in TcpInputProcessor::run () from /opt/splunk/lib/libsplunk.so
#5  0x00007fa15be50755 in ThreadPool::dispatch () from /opt/splunk/lib/libsplunk.so
#6  0x00007f82f10ae6cc in Splunkd::run () from /opt/splunk/lib/libsplunk.so
#7  0x00007f8e405b11cb in main () from /opt/splunk/lib/libsplunk.so

Thread 17 (Thread 0x7feefc146545 (LWP 16517)):
#0  0x00007fc90011200e in FileSystem::unlink () from /opt/splunk/lib/libsplunk.so
#1  0x00007f4c61ee7100 in BucketManager::evictBucket () from /opt/splunk/lib/libsplunk.so
#2  0x00007fd4813f2a31 in MemoryManager::garbageCollect () from /opt/splunk/lib/libsplunk.so
#3  0x00007fe60f417df5 in MemoryManager::run () from /opt/splunk/lib/libsplunk.so
#4  0x00007f935050b5eb in Splunkd::run () from /opt/splunk/lib/libsplunk.so
#5  0x00007fd1698979b1 in main () from /opt/splunk/lib/libsplunk.so

Thread 18 (Thread 0x7f46fcadf46e (LWP 16518)):
#0  0x00007f461467c002 in recv () from /lib64/libc.so.6
#1  0x00007f7ba77747de in TcpInputProcessor::readData () from /opt/splunk/lib/libsplunk.so
#2  0x00007f30a2fc174f in TcpInputProcessor::run () from /opt/splunk/lib/libsplunk.so
#3  0x00007f515cc0147c in ThreadPool::dispatch () from /opt/splunk/lib/libsplunk.so
#4  0x00007f22e662e0a1 in Splunkd::run () from /opt/splunk/lib/libsplunk.so
#5  0x00007fcb1621c1b2 in main () from /opt/splunk/lib/libsplunk.so
