Thread 1 (Thread 0x7f0139bc084b (LWP 53701)):
#0  0x00007f431c1c2bf0 in SAML::validateToken () from /opt/splunk/lib/libsplunk.so
#1  0x00007fface8d31fd in AuthManager::authenticate () from /opt/splunk/lib/libsplunk.so
#2  0x00007f9763899868 in RESTHandler::handlePOST () from /opt/splunk/lib/libsplunk.so
#3  0x00007fc039912dfd in RESTHandler::dispatch () from /opt/splunk/lib/libsplunk.so
#4  0x00007f80bad6b0f5 in HTTPServer::handleRequest () from /opt/splunk/lib/libsplunk.so
#5  0x00007f399aaac58f in HTTPServer::acceptLoop () from /opt/splunk/lib/libsplunk.so
#6  0x00007f25e1824f05 in Splunkd::run () from /opt/splunk/lib/libsplunk.so
#7  0x00007fe7bd1cd470 in main () from /opt/splunk/lib/libsplunk.so

Thread 2 (Thread 0x7f7488ebcfb6 (LWP 53702)):
#0  0x00007f9c3fc596b2 in FileSystem::copy () from /opt/splunk/lib/libsplunk.so
#1  0x00007f06fda22861 in BucketSync::syncBucket () from /opt/splunk/lib/libsplunk.so
#2  0x00007fdeef3e958a in ReplicationManager::replicate () from /opt/splunk/lib/libsplunk.so
#3  0x00007f3b1cdf8c34 in ClusterMaster::run () from /opt/splunk/lib/libsplunk.so
#4  0x00007f59225c5ba8 in ThreadPool::dispatch () from /opt/splunk/lib/libsplunk.so
#5  0x00007fd234368fe2 in Splunkd::run () from /opt/splunk/lib/libsplunk.so
#6  0x00007f316a7a1190 in main () from /opt/splunk/lib/libsplunk.so

Thread 3 (Thread 0x7fc16c5bd80e (LWP 53703)):
#0  0x00007fd9d24ac113 in DateParser::parse () from /opt/splunk/lib/libsplunk.so
#1  0x00007fb5cd8b0485 in TimestampExtractor::extract () from /opt/splunk/lib/libsplunk.so
#2  0x00007fdcfc932030 in IndexWriter::processData () from /opt/splunk/lib/libsplunk.so
#3  0x00007facaea7aca8 in IndexWriter::run () from /opt/splunk/lib/libsplunk.so
#4  0x00007faaf7b457ac in ThreadPool::dispatch () from /opt/splunk/lib/libsplunk.so
#5  0x00007ff1bf34c1ef in Splunkd::run () from /opt/splunk/lib/libsplunk.so
#6  0x00007f83100c831b in main () from /opt/splunk/lib/libsplunk.so

Thread 4 (Thread 0x7f0be33ba7c8 (LWP 53704)):
#0  0x00007f24530371d2 in pthread_cond_wait () from /lib64/libpthread.so.0
#1  0x00007f646599c0b5 in SearchProcessor::waitForWork () from /opt/splunk/lib/libsplunk.so
#2  0x00007ff2130b10bc in SearchProcessor::run () from /opt/splunk/lib/libsplunk.so
#3  0x00007f0a26b63680 in ThreadPool::dispatch () from /opt/splunk/lib/libsplunk.so
#4  0x00007f4f3f5dad4b in Splunkd::run () from /opt/splunk/lib/libsplunk.so
#5  0x00007f02d49d9316 in main () from /opt/splunk/lib/libsplunk.so

Thread 5 (Thread 0x7f9030624e1e (LWP 53705)):
#0  0x00007fa749ed3600 in RegexMatcher::match () from /opt/splunk/lib/libsplunk.so
#1  0x00007fb05545e8b4 in LineBreaker::split () from /opt/splunk/lib/libsplunk.so
#2  0x00007fbac86e53fa in IndexWriter::processData () from /opt/splunk/lib/libsplunk.so
#3  0x00007fa4cc878db3 in IndexWriter::run () from /opt/splunk/lib/libsplunk.so
#4  0x00007f771461ce08 in ThreadPool::dispatch () from /opt/splunk/lib/libsplunk.so
#5  0x00007f755dd95fad in Splunkd::run () from /opt/splunk/lib/libsplunk.so
#6  0x00007f28de03db0e in main () from /opt/splunk/lib/libsplunk.so

Thread 6 (Thread 0x7f481c15d0cc (LWP 53706)):
#0  0x00007f672df6af27 in std::__introsort_loop () from /opt/splunk/lib/libsplunk.so
#1  0x00007f00f80ebd80 in std::sort () from /opt/splunk/lib/libsplunk.so
#2  0x00007f29febb5727 in SortProcessor::sort () from /opt/splunk/lib/libsplunk.so
#3  0x00007f7ea4400cc2 in SearchEvaluator::eval () from /opt/splunk/lib/libsplunk.so
#4  0x00007f551c937127 in SearchProcessor::executeSearch () from /opt/splunk/lib/libsplunk.so
#5  0x00007fed43b1b69c in SearchProcessor::run () from /opt/splunk/lib/libsplunk.so
#6  0x00007fdb6fff0b76 in ThreadPool::dispatch () from /opt/splunk/lib/libsplunk.so
#7  0x00007f56e7c540e1 in Splunkd::run () from /opt/splunk/lib/libsplunk.so
#8  0x00007f76a68f91af in main () from /opt/splunk/lib/libsplunk.so

Thread 7 (Thread 0x7fadd8d35979 (LWP 53707)):
#0  0x00007f6e7fbdc8f7 in malloc_trim () from /lib64/libc.so.6
#1  0x00007fb9a6db1493 in MemoryManager::compactHeap () from /opt/splunk/lib/libsplunk.so
#2  0x00007ff716fb598a in MemoryManager::run () from /opt/splunk/lib/libsplunk.so
#3  0x00007fe5baf23a0e in Splunkd::run () from /opt/splunk/lib/libsplunk.so
#4  0x00007f8625a839f7 in main () from /opt/splunk/lib/libsplunk.so

Thread 8 (Thread 0x7fb378ae6d33 (LWP 53708)):
#0  0x00007fd3351fe38e in pthread_cond_timedwait () from /lib64/libpthread.so.0
#1  0x00007fd907591618 in Scheduler::waitForNextJob () from /opt/splunk/lib/libsplunk.so
#2  0x00007f1af3a62052 in Scheduler::run () from /opt/splunk/lib/libsplunk.so
#3  0x00007f885da6440f in Splunkd::run () from /opt/splunk/lib/libsplunk.so
#4  0x00007fa39b02d9ad in main () from /opt/splunk/lib/libsplunk.so

Thread 9 (Thread 0x7fc5e019e08e (LWP 53709)):
#0  0x00007ff1707994e7 in LexerBase::tokenize () from /opt/splunk/lib/libsplunk.so
#1  0x00007f1259ebf8e4 in SearchParser::parse () from /opt/splunk/lib/libsplunk.so
#2  0x00007fa92cc05a47 in SearchProcessor::executeSearch () from /opt/splunk/lib/libsplunk.so
#3  0x00007fa028fce318 in SearchProcessor::run () from /opt/splunk/lib/libsplunk.so
#4  0x00007fdb8e7573e3 in ThreadPool::dispatch () from /opt/splunk/lib/libsplunk.so
#5  0x00007f894dd55e50 in Splunkd::run () from /opt/splunk/lib/libsplunk.so
#6  0x00007fd120a1b74a in main () from /opt/splunk/lib/libsplunk.so

Thread 10 (Thread 0x7f8ec8da83ea (LWP 53710)):
#0  0x00007f46c6643e97 in malloc () from /lib64/libc.so.6
#1  0x00007fde0cd941a8 in SearchProcessor::createSearch () from /opt/splunk/lib/libsplunk.so
#2  0x00007f0fefad96c4 in Scheduler::dispatchJob () from /opt/splunk/lib/libsplunk.so
#3  0x00007f1cffa9689c in Scheduler::run () from /opt/splunk/lib/libsplunk.so
#4  0x00007f189c12571f in Splunkd::run () from /opt/splunk/lib/libsplunk.so
#5  0x00007f5682cc0a98 in main () from /opt/splunk/lib/libsplunk.so

Thread 11 (Thread 0x7f331671d33c (LWP 53711)):
#0  0x00007f3878a28fe5 in FileSystem::copy () from /opt/splunk/lib/libsplunk.so
#1  0x00007f42070c2144 in BucketSync::syncBucket () from /opt/splunk/lib/libsplunk.so
#2  0x00007f81e99214e3 in ReplicationManager::replicate () from /opt/splunk/lib/libsplunk.so
#3  0x00007fb87384f3f8 in ClusterMaster::run () from /opt/splunk/lib/libsplunk.so
#4  0x00007f3cab78e9c2 in ThreadPool::dispatch () from /opt/splunk/lib/libsplunk.so
#5  0x00007fef53abcdab in Splunkd::run () from /opt/splunk/lib/libsplunk.so
#6  0x00007f31ce98708a in main () from /opt/splunk/lib/libsplunk.so

Thread 12 (Thread 0x7ffc8cb892df (LWP 53712)):
#0  0x00007f4e8f9732ae in pthread_cond_timedwait () from /lib64/libpthread.so.0
#1  0x00007f955c12d42b in ReplicationManager::waitForAck () from /opt/splunk/lib/libsplunk.so
#2  0x00007ff6858ae106 in ClusterMaster::run () from /opt/splunk/lib/libsplunk.so
#3  0x00007fecd1336032 in ThreadPool::dispatch () from /opt/splunk/lib/libsplunk.so
#4  0x00007f5eb0c6ec27 in Splunkd::run () from /opt/splunk/lib/libsplunk.so
#5  0x00007f1318b8da2b in main () from /opt/splunk/lib/libsplunk.so

Thread 13 (Thread 0x7f857e13df17 (LWP 53713)):
#0  0x00007fb4b244a424 in recvfrom () from /lib64/libc.so.6
#1  0x00007fbac79c47cf in UDPInputProcessor::readData () from /opt/splunk/lib/libsplunk.so
#2  0x00007f2fb76d8213 in UDPInputProcessor::run () from /opt/splunk/lib/libsplunk.so
#3  0x00007fdf58934742 in ThreadPool::dispatch () from /opt/splunk/lib/libsplunk.so
#4  0x00007fe0d68c0c0f in Splunkd::run () from /opt/splunk/lib/libsplunk.so
#5  0x00007f346d3678a0 in main () from /opt/splunk/lib/libsplunk.so

Thread 14 (Thread 0x7f4346107b44 (LWP 53714)):
#0  0x00007fdd895f6fda in LDAP::bind () from /opt/splunk/lib/libsplunk.so
#1  0x00007f3146f0b1c4 in AuthManager::authenticate () from /opt/splunk/lib/libsplunk.so
#2  0x00007fda86858f11 in RESTHandler::handlePOST () from /opt/splunk/lib/libsplunk.so
#3  0x00007faeadd046c1 in RESTHandler::dispatch () from /opt/splunk/lib/libsplunk.so
#4  0x00007f4b81ab7ca2 in HTTPServer::handleRequest () from /opt/splunk/lib/libsplunk.so
#5  0x00007f8329669f5b in HTTPServer::acceptLoop () from /opt/splunk/lib/libsplunk.so
#6  0x00007fb945c5e982 in Splunkd::run () from /opt/splunk/lib/libsplunk.so
#7  0x00007f8f278432c6 in main () from /opt/splunk/lib/libsplunk.so

Thread 15 (Thread 0x7f0fb7830810 (LWP 53715)):
#0  0x00007f01511258b0 in pthread_cond_wait () from /lib64/libpthread.so.0
#1  0x00007fa08252caba in SearchProcessor::waitForWork () from /opt/splunk/lib/libsplunk.so
#2  0x00007fc56ec949fe in SearchProcessor::run () from /opt/splunk/lib/libsplunk.so
#3  0x00007fe127b52ee0 in ThreadPool::dispatch () from /opt/splunk/lib/libsplunk.so
#4  0x00007fcb11e18b0e in Splunkd::run () from /opt/splunk/lib/libsplunk.so
#5  0x00007f9f522c7883 in main () from /opt/splunk/lib/libsplunk.so
