Thread 1 (Thread 0x7faaece30840 (LWP 43801)):
#0  0x00007fec447143c4 in std::__introsort_loop () from /opt/splunk/lib/libsplunk.so
#1  0x00007fca0319da7c in std::sort () from /opt/splunk/lib/libsplunk.so
#2  0x00007ff3dfff4995 in SortProcessor::sort () from /opt/splunk/lib/libsplunk.so
#3  0x00007f3d0fc2ff0a in SearchEvaluator::eval () from /opt/splunk/lib/libsplunk.so
#4  0x00007f4c1575bc19 in SearchProcessor::executeSearch () from /opt/splunk/lib/libsplunk.so
#5  0x00007f6c5d13ca8f in SearchProcessor::run () from /opt/splunk/lib/libsplunk.so
#6  0x00007f46402a0640 in ThreadPool::dispatch () from /opt/splunk/lib/libsplunk.so
#7  0x00007ff852d245d2 in Splunkd::run () from /opt/splunk/lib/libsplunk.so
#8  0x00007f8b82501edc in main () from /opt/splunk/lib/libsplunk.so

Thread 2 (Thread 0x7f9c7f248060 (LWP 43802)):
#0  0x00007fc283d7586b in pthread_cond_wait () from /lib64/libpthread.so.0
#1  0x00007fdb37881492 in SearchProcessor::waitForWork () from /opt/splunk/lib/libsplunk.so
#2  0x00007f70415ad41b in SearchProcessor::run () from /opt/splunk/lib/libsplunk.so
#3  0x00007f4db939427f in ThreadPool::dispatch () from /opt/splunk/lib/libsplunk.so
#4  0x00007fa9a0f6b323 in Splunkd::run () from /opt/splunk/lib/libsplunk.so
#5  0x00007fe91f07f448 in main () from /opt/splunk/lib/libsplunk.so

Thread 3 (Thread 0x7faed7d33991 (LWP 43803)):
#0  0x00007f746a30bb20 in pthread_cond_wait () from /lib64/libpthread.so.0
#1  0x00007fe4596edbe9 in SearchProcessor::waitForWork () from /opt/splunk/lib/libsplunk.so
#2  0x00007f460113b210 in SearchProcessor::run () from /opt/splunk/lib/libsplunk.so
#3  0x00007f8d6f23e235 in ThreadPool::dispatch () from /opt/splunk/lib/libsplunk.so
#4  0x00007f13308ded5c in Splunkd::run () from /opt/splunk/lib/libsplunk.so
#5  0x00007f362503a5cc in main () from /opt/splunk/lib/libsplunk.so

Thread 4 (Thread 0x7f1f8ad9ce41 (LWP 43804)):
#0  0x00007f03ccc030ba in LexerBase::tokenize () from /opt/splunk/lib/libsplunk.so
#1  0x00007f1d294464fa in SearchParser::parse () from /opt/splunk/lib/libsplunk.so
#2  0x00007f6b240218e2 in SearchProcessor::executeSearch () from /opt/splunk/lib/libsplunk.so
#3  0x00007f99c2a477a1 in SearchProcessor::run () from /opt/splunk/lib/libsplunk.so
#4  0x00007f762e83df2a in ThreadPool::dispatch () from /opt/splunk/lib/libsplunk.so
#5  0x00007f2e0c120c73 in Splunkd::run () from /opt/splunk/lib/libsplunk.so
#6  0x00007f9860cccc24 in main () from /opt/splunk/lib/libsplunk.so

Thread 5 (Thread 0x7fc6ed751c98 (LWP 43805)):
#0  0x00007fa678c5dcdc in PCRE::match () from /opt/splunk/lib/libsplunk.so
#1  0x00007ff050975989 in FieldExtractor::extract () from /opt/splunk/lib/libsplunk.so
#2  0x00007fb83196da43 in SearchEvaluator::eval () from /opt/splunk/lib/libsplunk.so
#3  0x00007f66c9c1a85f in SearchProcessor::executeSearch () from /opt/splunk/lib/libsplunk.so
#4  0x00007fe7bc03f104 in SearchProcessor::run () from /opt/splunk/lib/libsplunk.so
#5  0x00007ffdbc91ae3b in ThreadPool::dispatch () from /opt/splunk/lib/libsplunk.so
#6  0x00007f5794895d27 in Splunkd::run () from /opt/splunk/lib/libsplunk.so
#7  0x00007f15e739ea37 in main () from /opt/splunk/lib/libsplunk.so

Thread 6 (Thread 0x7f06cac43029 (LWP 43806)):
#0  0x00007f3fd5f6bd7a in FileSystem::fsync () from /opt/splunk/lib/libsplunk.so
#1  0x00007f85ac56fd9d in BucketWriter::write () from /opt/splunk/lib/libsplunk.so
#2  0x00007f0153c7b132 in IndexWriter::writeBlock () from /opt/splunk/lib/libsplunk.so
#3  0x00007fda20e9f18f in IndexWriter::processData () from /opt/splunk/lib/libsplunk.so
#4  0x00007ff8eab9ed74 in IndexWriter::run () from /opt/splunk/lib/libsplunk.so
#5  0x00007f8fc0b5e755 in ThreadPool::dispatch () from /opt/splunk/lib/libsplunk.so
#6  0x00007fbf8e7aaf6d in Splunkd::run () from /opt/splunk/lib/libsplunk.so
#7  0x00007f814c79eea4 in main () from /opt/splunk/lib/libsplunk.so

Thread 7 (Thread 0x7f8a522bfc56 (LWP 43807)):
#0  0x00007fac594942b7 in LDAP::bind () from /opt/splunk/lib/libsplunk.so
#1  0x00007fbeba1a2de9 in AuthManager::authenticate () from /opt/splunk/lib/libsplunk.so
#2  0x00007f7df484b517 in RESTHandler::handlePOST () from /opt/splunk/lib/libsplunk.so
#3  0x00007f84f7368714 in RESTHandler::dispatch () from /opt/splunk/lib/libsplunk.so
#4  0x00007f9c079409c6 in HTTPServer::handleRequest () from /opt/splunk/lib/libsplunk.so
#5  0x00007f6f072c5413 in HTTPServer::acceptLoop () from /opt/splunk/lib/libsplunk.so
#6  0x00007f7291ae18ba in Splunkd::run () from /opt/splunk/lib/libsplunk.so
#7  0x00007f35ddc1b3e8 in main () from /opt/splunk/lib/libsplunk.so

Thread 8 (Thread 0x7ff79a98dc17 (LWP 43808)):
#0  0x00007f1812eaff14 in epoll_wait () from /lib64/libc.so.6
#1  0x00007f343725340a in HTTPServer::acceptLoop () from /opt/splunk/lib/libsplunk.so
#2  0x00007f3ac411617f in Splunkd::run () from /opt/splunk/lib/libsplunk.so
#3  0x00007fed76826015 in main () from /opt/splunk/lib/libsplunk.so

Thread 9 (Thread 0x7f9928f01e28 (LWP 43809)):
#0  0x00007ffbc3ceab4f in read () from /lib64/libc.so.6
#1  0x00007fcbe728f0b0 in OpenSSL::SSL_read () from /opt/splunk/lib/libsplunk.so
#2  0x00007f856a0a148f in SSLEngine::read () from /opt/splunk/lib/libsplunk.so
#3  0x00007f02f2e8a1ba in TcpInputProcessor::readData () from /opt/splunk/lib/libsplunk.so
#4  0x00007f334e5095e3 in TcpInputProcessor::run () from /opt/splunk/lib/libsplunk.so
#5  0x00007f631ba39d72 in ThreadPool::dispatch () from /opt/splunk/lib/libsplunk.so
#6  0x00007f14d34c38e6 in Splunkd::run () from /opt/splunk/lib/libsplunk.so
#7  0x00007f4a2e486034 in main () from /opt/splunk/lib/libsplunk.so

Thread 10 (Thread 0x7f2fe2421253 (LWP 43810)):
#0  0x00007f9fffc1ff4a in recv () from /lib64/libc.so.6
#1  0x00007f15a0af294c in TcpInputProcessor::readData () from /opt/splunk/lib/libsplunk.so
#2  0x00007f1e3769e595 in TcpInputProcessor::run () from /opt/splunk/lib/libsplunk.so
#3  0x00007fd299d9b3c9 in ThreadPool::dispatch () from /opt/splunk/lib/libsplunk.so
#4  0x00007f0c15808164 in Splunkd::run () from /opt/splunk/lib/libsplunk.so
#5  0x00007f687e4ae696 in main () from /opt/splunk/lib/libsplunk.so

Thread 11 (Thread 0x7f3f46ca8e0c (LWP 43811)):
#0  0x00007f42f0a0d652 in read () from /lib64/libc.so.6
#1  0x00007f1f6bfd0212 in OpenSSL::SSL_read () from /opt/splunk/lib/libsplunk.so
#2  0x00007f16cb68ba67 in SSLEngine::read () from /opt/splunk/lib/libsplunk.so
#3  0x00007f9728f5f71a in TcpInputProcessor::readData () from /opt/splunk/lib/libsplunk.so
#4  0x00007fdf1c2c7401 in TcpInputProcessor::run () from /opt/splunk/lib/libsplunk.so
#5  0x00007f4cfb9ac607 in ThreadPool::dispatch () from /opt/splunk/lib/libsplunk.so
#6  0x00007f446a8fef49 in Splunkd::run () from /opt/splunk/lib/libsplunk.so
#7  0x00007fde353796e9 in main () from /opt/splunk/lib/libsplunk.so

Thread 12 (Thread 0x7ff9be493cda (LWP 43812)):
#0  0x00007fbbac0f4664 in BTreeReader::search () from /opt/splunk/lib/libsplunk.so
#1  0x00007f730748cdd7 in WiredTiger::cursor_search () from /opt/splunk/lib/libsplunk.so
#2  0x00007fe1054df112 in MongoDB::find () from /opt/splunk/lib/libsplunk.so
#3  0x00007fa2163c967f in KVStoreHandler::run () from /opt/splunk/lib/libsplunk.so
#4  0x00007f114975ae49 in ThreadPool::dispatch () from /opt/splunk/lib/libsplunk.so
#5  0x00007fae35a424b1 in Splunkd::run () from /opt/splunk/lib/libsplunk.so
#6  0x00007fece50adb31 in main () from /opt/splunk/lib/libsplunk.so

Thread 13 (Thread 0x7f83afded2e8 (LWP 43813)):
#0  0x00007f9cf8a0952f in OpenSSL::SSL_read () from /opt/splunk/lib/libsplunk.so
#1  0x00007f68ff027e2f in SSLEngine::read () from /opt/splunk/lib/libsplunk.so
#2  0x00007f3663eb3efe in HTTPServer::handleRequest () from /opt/splunk/lib/libsplunk.so
#3  0x00007f913c00a729 in HTTPServer::acceptLoop () from /opt/splunk/lib/libsplunk.so
#4  0x00007f866a3e2577 in Splunkd::run () from /opt/splunk/lib/libsplunk.so
#5  0x00007f48767cfdec in main () from /opt/splunk/lib/libsplunk.so

Thread 14 (Thread 0x7f4a4c4d8c7d (LWP 43814)):
#0  0x00007f8f5d911918 in FileSystem::fsync () from /opt/splunk/lib/libsplunk.so
#1  0x00007f603f40d589 in BucketWriter::write () from /opt/splunk/lib/libsplunk.so
#2  0x00007f3fc1e5656f in IndexWriter::writeBlock () from /opt/splunk/lib/libsplunk.so
#3  0x00007f2d6dae39cd in IndexWriter::processData () from /opt/splunk/lib/libsplunk.so
#4  0x00007f9e5e06fae2 in IndexWriter::run () from /opt/splunk/lib/libsplunk.so
#5  0x00007fb8f9b791c3 in ThreadPool::dispatch () from /opt/splunk/lib/libsplunk.so
#6  0x00007f9164b6697a in Splunkd::run () from /opt/splunk/lib/libsplunk.so
#7  0x00007f9fcb2b0616 in main () from /opt/splunk/lib/libsplunk.so
